# JRE version: Java(TM) SE Runtime Environment (8.0_151-b12) (build 1.8.0_151-b12)
# Java VM: Java HotSpot(TM) 64-Bit Server VM (25.151-b12 mixed mode windows-amd64 compressed oops)
Heap:
 PSYoungGen      total 297984K, used 103534K [0x00000000eab00000, 0x00000000fff80000, 0x0000000100000000)
  eden space 253440K, 37% used [0x00000000eab00000,0x00000000f07775f0,0x00000000fa280000)
  from space 44544K, 19% used [0x00000000fa280000,0x00000000fab243b0,0x00000000fce00000)
  to   space 43008K, 0% used [0x00000000fd580000,0x00000000fd580000,0x00000000fff80000)
 ParOldGen       total 189952K, used 117465K [0x00000000c0000000, 0x00000000cb980000, 0x00000000eab00000)
  object space 189952K, 61% used [0x00000000c0000000,0x00000000c72b65f0,0x00000000cb980000)
 Metaspace       used 73616K, capacity 78800K, committed 79128K, reserved 1118208K
  class space    used 9335K, capacity 10432K, committed 10544K, reserved 1048576K
GC Heap History (10 events):
Event: 1858.537 GC heap before
{Heap before GC invocations=24 (full 3):
 PSYoungGen      total 297984K, used 247936K [0x00000000eab00000, 0x0000000100000000, 0x0000000100000000)
  eden space 247808K, 100% used [0x00000000eab00000,0x00000000f9d00000,0x00000000f9d00000)
  from space 50176K, 0% used [0x00000000fcf00000,0x00000000fcf20000,0x0000000100000000)
  to   space 50688K, 0% used [0x00000000f9d00000,0x00000000f9d00000,0x00000000fce80000)
 ParOldGen       total 189952K, used 114121K [0x00000000c0000000, 0x00000000cb980000, 0x00000000eab00000)
  object space 189952K, 60% used [0x00000000c0000000,0x00000000c6f72408,0x00000000cb980000)
 Metaspace       used 71608K, capacity 76518K, committed 76824K, reserved 1116160K
  class space    used 9153K, capacity 10165K, committed 10288K, reserved 1048576K
Event: 1858.545 GC heap after
Heap after GC invocations=24 (full 3):
 PSYoungGen      total 298496K, used 4743K [0x00000000eab00000, 0x00000000fff80000, 0x0000000100000000)
  eden space 247808K, 0% used [0x00000000eab00000,0x00000000eab00000,0x00000000f9d00000)
  from space 50688K, 9% used [0x00000000f9d00000,0x00000000fa1a1ed0,0x00000000fce80000)
  to   space 50176K, 0% used [0x00000000fce80000,0x00000000fce80000,0x00000000fff80000)
 ParOldGen       total 189952K, used 114169K [0x00000000c0000000, 0x00000000cb980000, 0x00000000eab00000)
  object space 189952K, 60% used [0x00000000c0000000,0x00000000c6f7e408,0x00000000cb980000)
 Metaspace       used 71608K, capacity 76518K, committed 76824K, reserved 1116160K
  class space    used 9153K, capacity 10165K, committed 10288K, reserved 1048576K
}
Event: 1860.185 GC heap before
{Heap before GC invocations=25 (full 3):
 PSYoungGen      total 298496K, used 252551K [0x00000000eab00000, 0x00000000fff80000, 0x0000000100000000)
  eden space 247808K, 100% used [0x00000000eab00000,0x00000000f9d00000,0x00000000f9d00000)
  from space 50688K, 9% used [0x00000000f9d00000,0x00000000fa1a1ed0,0x00000000fce80000)
  to   space 50176K, 0% used [0x00000000fce80000,0x00000000fce80000,0x00000000fff80000)
 ParOldGen       total 189952K, used 114169K [0x00000000c0000000, 0x00000000cb980000, 0x00000000eab00000)
  object space 189952K, 60% used [0x00000000c0000000,0x00000000c6f7e408,0x00000000cb980000)
 Metaspace       used 72669K, capacity 77634K, committed 77848K, reserved 1116160K
  class space    used 9227K, capacity 10276K, committed 10288K, reserved 1048576K
Event: 1860.198 GC heap after
Heap after GC invocations=25 (full 3):
 PSYoungGen      total 295424K, used 7737K [0x00000000eab00000, 0x00000000ffc80000, 0x0000000100000000)
  eden space 248320K, 0% used [0x00000000eab00000,0x00000000eab00000,0x00000000f9d80000)
  from space 47104K, 16% used [0x00000000fce80000,0x00000000fd60e768,0x00000000ffc80000)
  to   space 48640K, 0% used [0x00000000f9d80000,0x00000000f9d80000,0x00000000fcd00000)
 ParOldGen       total 189952K, used 116521K [0x00000000c0000000, 0x00000000cb980000, 0x00000000eab00000)
  object space 189952K, 61% used [0x00000000c0000000,0x00000000c71ca590,0x00000000cb980000)
 Metaspace       used 72669K, capacity 77634K, committed 77848K, reserved 1116160K
  class space    used 9227K, capacity 10276K, committed 10288K, reserved 1048576K
}
Event: 1861.228 GC heap before
{Heap before GC invocations=26 (full 3):
 PSYoungGen      total 295424K, used 256057K [0x00000000eab00000, 0x00000000ffc80000, 0x0000000100000000)
  eden space 248320K, 100% used [0x00000000eab00000,0x00000000f9d80000,0x00000000f9d80000)
  from space 47104K, 16% used [0x00000000fce80000,0x00000000fd60e768,0x00000000ffc80000)
  to   space 48640K, 0% used [0x00000000f9d80000,0x00000000f9d80000,0x00000000fcd00000)
 ParOldGen       total 189952K, used 116521K [0x00000000c0000000, 0x00000000cb980000, 0x00000000eab00000)
  object space 189952K, 61% used [0x00000000c0000000,0x00000000c71ca590,0x00000000cb980000)
 Metaspace       used 72742K, capacity 77732K, committed 77976K, reserved 1116160K
  class space    used 9234K, capacity 10310K, committed 10416K, reserved 1048576K
Event: 1861.250 GC heap after
Heap after GC invocations=26 (full 3):
 PSYoungGen      total 296960K, used 6536K [0x00000000eab00000, 0x00000000ffe80000, 0x0000000100000000)
  eden space 248320K, 0% used [0x00000000eab00000,0x00000000eab00000,0x00000000f9d80000)
  from space 48640K, 13% used [0x00000000f9d80000,0x00000000fa3e2118,0x00000000fcd00000)
  to   space 47104K, 0% used [0x00000000fd080000,0x00000000fd080000,0x00000000ffe80000)
 ParOldGen       total 189952K, used 117209K [0x00000000c0000000, 0x00000000cb980000, 0x00000000eab00000)
  object space 189952K, 61% used [0x00000000c0000000,0x00000000c72765b0,0x00000000cb980000)
 Metaspace       used 72742K, capacity 77732K, committed 77976K, reserved 1116160K
  class space    used 9234K, capacity 10310K, committed 10416K, reserved 1048576K
}
Event: 1862.023 GC heap before
{Heap before GC invocations=27 (full 3):
 PSYoungGen      total 296960K, used 254856K [0x00000000eab00000, 0x00000000ffe80000, 0x0000000100000000)
  eden space 248320K, 100% used [0x00000000eab00000,0x00000000f9d80000,0x00000000f9d80000)
  from space 48640K, 13% used [0x00000000f9d80000,0x00000000fa3e2118,0x00000000fcd00000)
  to   space 47104K, 0% used [0x00000000fd080000,0x00000000fd080000,0x00000000ffe80000)
 ParOldGen       total 189952K, used 117209K [0x00000000c0000000, 0x00000000cb980000, 0x00000000eab00000)
  object space 189952K, 61% used [0x00000000c0000000,0x00000000c72765b0,0x00000000cb980000)
 Metaspace       used 72917K, capacity 77924K, committed 78232K, reserved 1118208K
  class space    used 9245K, capacity 10310K, committed 10416K, reserved 1048576K
Event: 1862.030 GC heap after
Heap after GC invocations=27 (full 3):
 PSYoungGen      total 295424K, used 10114K [0x00000000eab00000, 0x00000000ff980000, 0x0000000100000000)
  eden space 253440K, 0% used [0x00000000eab00000,0x00000000eab00000,0x00000000fa280000)
  from space 41984K, 24% used [0x00000000fd080000,0x00000000fda609f0,0x00000000ff980000)
  to   space 44544K, 0% used [0x00000000fa280000,0x00000000fa280000,0x00000000fce00000)
 ParOldGen       total 189952K, used 117265K [0x00000000c0000000, 0x00000000cb980000, 0x00000000eab00000)
  object space 189952K, 61% used [0x00000000c0000000,0x00000000c72845b0,0x00000000cb980000)
 Metaspace       used 72917K, capacity 77924K, committed 78232K, reserved 1118208K
  class space    used 9245K, capacity 10310K, committed 10416K, reserved 1048576K
}
Event: 1884.314 GC heap before
{Heap before GC invocations=28 (full 3):
 PSYoungGen      total 295424K, used 263554K [0x00000000eab00000, 0x00000000ff980000, 0x0000000100000000)
  eden space 253440K, 100% used [0x00000000eab00000,0x00000000fa280000,0x00000000fa280000)
  from space 41984K, 24% used [0x00000000fd080000,0x00000000fda609f0,0x00000000ff980000)
  to   space 44544K, 0% used [0x00000000fa280000,0x00000000fa280000,0x00000000fce00000)
 ParOldGen       total 189952K, used 117265K [0x00000000c0000000, 0x00000000cb980000, 0x00000000eab00000)
  object space 189952K, 61% used [0x00000000c0000000,0x00000000c72845b0,0x00000000cb980000)
 Metaspace       used 73416K, capacity 78534K, committed 78744K, reserved 1118208K
  class space    used 9321K, capacity 10389K, committed 10416K, reserved 1048576K
Event: 1884.385 GC heap after
Heap after GC invocations=28 (full 3):
 PSYoungGen      total 297984K, used 8848K [0x00000000eab00000, 0x00000000fff80000, 0x0000000100000000)
  eden space 253440K, 0% used [0x00000000eab00000,0x00000000eab00000,0x00000000fa280000)
  from space 44544K, 19% used [0x00000000fa280000,0x00000000fab243b0,0x00000000fce00000)
  to   space 43008K, 0% used [0x00000000fd580000,0x00000000fd580000,0x00000000fff80000)
 ParOldGen       total 189952K, used 117465K [0x00000000c0000000, 0x00000000cb980000, 0x00000000eab00000)
  object space 189952K, 61% used [0x00000000c0000000,0x00000000c72b65f0,0x00000000cb980000)
 Metaspace       used 73416K, capacity 78534K, committed 78744K, reserved 1118208K
  class space    used 9321K, capacity 10389K, committed 10416K, reserved 1048576K
}

