# JRE version: Java(TM) SE Runtime Environment (8.0_151-b12) (build 1.8.0_151-b12)
# Java VM: Java HotSpot(TM) 64-Bit Server VM (25.151-b12 mixed mode windows-amd64 compressed oops)
Heap:
 PSYoungGen      total 229888K, used 102904K [0x00000000eab00000, 0x00000000ff500000, 0x0000000100000000)
  eden space 122880K, 30% used [0x00000000eab00000,0x00000000ecf0ef60,0x00000000f2300000)
  from space 107008K, 61% used [0x00000000f8c80000,0x00000000fccef248,0x00000000ff500000)
  to   space 107520K, 0% used [0x00000000f2300000,0x00000000f2300000,0x00000000f8c00000)
 ParOldGen       total 573440K, used 497784K [0x00000000c0000000, 0x00000000e3000000, 0x00000000eab00000)
  object space 573440K, 86% used [0x00000000c0000000,0x00000000de61e110,0x00000000e3000000)
 Metaspace       used 135087K, capacity 147302K, committed 147500K, reserved 1177600K
  class space    used 16977K, capacity 19639K, committed 19756K, reserved 1048576K
GC Heap History (10 events):
Event: 5053.139 GC heap before
{Heap before GC invocations=101 (full 7):
 PSYoungGen      total 232448K, used 207913K [0x00000000eab00000, 0x0000000100000000, 0x0000000100000000)
  eden space 121856K, 100% used [0x00000000eab00000,0x00000000f2200000,0x00000000f2200000)
  from space 110592K, 77% used [0x00000000f2200000,0x00000000f760a490,0x00000000f8e00000)
  to   space 116224K, 0% used [0x00000000f8e80000,0x00000000f8e80000,0x0000000100000000)
 ParOldGen       total 573440K, used 454874K [0x00000000c0000000, 0x00000000e3000000, 0x00000000eab00000)
  object space 573440K, 79% used [0x00000000c0000000,0x00000000dbc36988,0x00000000e3000000)
 Metaspace       used 134649K, capacity 146614K, committed 146860K, reserved 1177600K
  class space    used 16916K, capacity 19501K, committed 19628K, reserved 1048576K
Event: 5053.201 GC heap after
Heap after GC invocations=101 (full 7):
 PSYoungGen      total 232960K, used 83211K [0x00000000eab00000, 0x0000000100000000, 0x0000000100000000)
  eden space 116736K, 0% used [0x00000000eab00000,0x00000000eab00000,0x00000000f1d00000)
  from space 116224K, 71% used [0x00000000f8e80000,0x00000000fdfc2df0,0x0000000100000000)
  to   space 116224K, 0% used [0x00000000f1d00000,0x00000000f1d00000,0x00000000f8e80000)
 ParOldGen       total 573440K, used 471913K [0x00000000c0000000, 0x00000000e3000000, 0x00000000eab00000)
  object space 573440K, 82% used [0x00000000c0000000,0x00000000dccda718,0x00000000e3000000)
 Metaspace       used 134649K, capacity 146614K, committed 146860K, reserved 1177600K
  class space    used 16916K, capacity 19501K, committed 19628K, reserved 1048576K
}
Event: 5086.220 GC heap before
{Heap before GC invocations=102 (full 7):
 PSYoungGen      total 232960K, used 199947K [0x00000000eab00000, 0x0000000100000000, 0x0000000100000000)
  eden space 116736K, 100% used [0x00000000eab00000,0x00000000f1d00000,0x00000000f1d00000)
  from space 116224K, 71% used [0x00000000f8e80000,0x00000000fdfc2df0,0x0000000100000000)
  to   space 116224K, 0% used [0x00000000f1d00000,0x00000000f1d00000,0x00000000f8e80000)
 ParOldGen       total 573440K, used 471913K [0x00000000c0000000, 0x00000000e3000000, 0x00000000eab00000)
  object space 573440K, 82% used [0x00000000c0000000,0x00000000dccda718,0x00000000e3000000)
 Metaspace       used 134895K, capacity 147034K, committed 147116K, reserved 1177600K
  class space    used 16958K, capacity 19607K, committed 19628K, reserved 1048576K
Event: 5086.272 GC heap after
Heap after GC invocations=102 (full 7):
 PSYoungGen      total 232960K, used 42357K [0x00000000eab00000, 0x0000000100000000, 0x0000000100000000)
  eden space 116736K, 0% used [0x00000000eab00000,0x00000000eab00000,0x00000000f1d00000)
  from space 116224K, 36% used [0x00000000f1d00000,0x00000000f465d7f8,0x00000000f8e80000)
  to   space 116224K, 0% used [0x00000000f8e80000,0x00000000f8e80000,0x0000000100000000)
 ParOldGen       total 573440K, used 492884K [0x00000000c0000000, 0x00000000e3000000, 0x00000000eab00000)
  object space 573440K, 85% used [0x00000000c0000000,0x00000000de1552c8,0x00000000e3000000)
 Metaspace       used 134895K, capacity 147034K, committed 147116K, reserved 1177600K
  class space    used 16958K, capacity 19607K, committed 19628K, reserved 1048576K
}
Event: 5096.068 GC heap before
{Heap before GC invocations=103 (full 7):
 PSYoungGen      total 232960K, used 159093K [0x00000000eab00000, 0x0000000100000000, 0x0000000100000000)
  eden space 116736K, 100% used [0x00000000eab00000,0x00000000f1d00000,0x00000000f1d00000)
  from space 116224K, 36% used [0x00000000f1d00000,0x00000000f465d7f8,0x00000000f8e80000)
  to   space 116224K, 0% used [0x00000000f8e80000,0x00000000f8e80000,0x0000000100000000)
 ParOldGen       total 573440K, used 492884K [0x00000000c0000000, 0x00000000e3000000, 0x00000000eab00000)
  object space 573440K, 85% used [0x00000000c0000000,0x00000000de1552c8,0x00000000e3000000)
 Metaspace       used 134906K, capacity 147038K, committed 147116K, reserved 1177600K
  class space    used 16959K, capacity 19607K, committed 19628K, reserved 1048576K
Event: 5096.115 GC heap after
Heap after GC invocations=103 (full 7):
 PSYoungGen      total 227840K, used 44722K [0x00000000eab00000, 0x00000000ffb00000, 0x0000000100000000)
  eden space 116736K, 0% used [0x00000000eab00000,0x00000000eab00000,0x00000000f1d00000)
  from space 111104K, 40% used [0x00000000f8e80000,0x00000000fba2cbd0,0x00000000ffb00000)
  to   space 113664K, 0% used [0x00000000f1d00000,0x00000000f1d00000,0x00000000f8c00000)
 ParOldGen       total 573440K, used 497776K [0x00000000c0000000, 0x00000000e3000000, 0x00000000eab00000)
  object space 573440K, 86% used [0x00000000c0000000,0x00000000de61c110,0x00000000e3000000)
 Metaspace       used 134906K, capacity 147038K, committed 147116K, reserved 1177600K
  class space    used 16959K, capacity 19607K, committed 19628K, reserved 1048576K
}
Event: 5101.238 GC heap before
{Heap before GC invocations=104 (full 7):
 PSYoungGen      total 227840K, used 161458K [0x00000000eab00000, 0x00000000ffb00000, 0x0000000100000000)
  eden space 116736K, 100% used [0x00000000eab00000,0x00000000f1d00000,0x00000000f1d00000)
  from space 111104K, 40% used [0x00000000f8e80000,0x00000000fba2cbd0,0x00000000ffb00000)
  to   space 113664K, 0% used [0x00000000f1d00000,0x00000000f1d00000,0x00000000f8c00000)
 ParOldGen       total 573440K, used 497776K [0x00000000c0000000, 0x00000000e3000000, 0x00000000eab00000)
  object space 573440K, 86% used [0x00000000c0000000,0x00000000de61c110,0x00000000e3000000)
 Metaspace       used 134961K, capacity 147156K, committed 147372K, reserved 1177600K
  class space    used 16969K, capacity 19626K, committed 19628K, reserved 1048576K
Event: 5101.270 GC heap after
Heap after GC invocations=104 (full 7):
 PSYoungGen      total 230400K, used 54779K [0x00000000eab00000, 0x00000000ff600000, 0x0000000100000000)
  eden space 116736K, 0% used [0x00000000eab00000,0x00000000eab00000,0x00000000f1d00000)
  from space 113664K, 48% used [0x00000000f1d00000,0x00000000f527ee88,0x00000000f8c00000)
  to   space 108032K, 0% used [0x00000000f8c80000,0x00000000f8c80000,0x00000000ff600000)
 ParOldGen       total 573440K, used 497776K [0x00000000c0000000, 0x00000000e3000000, 0x00000000eab00000)
  object space 573440K, 86% used [0x00000000c0000000,0x00000000de61c110,0x00000000e3000000)
 Metaspace       used 134961K, capacity 147156K, committed 147372K, reserved 1177600K
  class space    used 16969K, capacity 19626K, committed 19628K, reserved 1048576K
}
Event: 5115.186 GC heap before
{Heap before GC invocations=105 (full 7):
 PSYoungGen      total 230400K, used 171515K [0x00000000eab00000, 0x00000000ff600000, 0x0000000100000000)
  eden space 116736K, 100% used [0x00000000eab00000,0x00000000f1d00000,0x00000000f1d00000)
  from space 113664K, 48% used [0x00000000f1d00000,0x00000000f527ee88,0x00000000f8c00000)
  to   space 108032K, 0% used [0x00000000f8c80000,0x00000000f8c80000,0x00000000ff600000)
 ParOldGen       total 573440K, used 497776K [0x00000000c0000000, 0x00000000e3000000, 0x00000000eab00000)
  object space 573440K, 86% used [0x00000000c0000000,0x00000000de61c110,0x00000000e3000000)
 Metaspace       used 135048K, capacity 147248K, committed 147500K, reserved 1177600K
  class space    used 16971K, capacity 19630K, committed 19756K, reserved 1048576K
Event: 5115.257 GC heap after
Heap after GC invocations=105 (full 7):
 PSYoungGen      total 229888K, used 65980K [0x00000000eab00000, 0x00000000ff500000, 0x0000000100000000)
  eden space 122880K, 0% used [0x00000000eab00000,0x00000000eab00000,0x00000000f2300000)
  from space 107008K, 61% used [0x00000000f8c80000,0x00000000fccef248,0x00000000ff500000)
  to   space 107520K, 0% used [0x00000000f2300000,0x00000000f2300000,0x00000000f8c00000)
 ParOldGen       total 573440K, used 497784K [0x00000000c0000000, 0x00000000e3000000, 0x00000000eab00000)
  object space 573440K, 86% used [0x00000000c0000000,0x00000000de61e110,0x00000000e3000000)
 Metaspace       used 135048K, capacity 147248K, committed 147500K, reserved 1177600K
  class space    used 16971K, capacity 19630K, committed 19756K, reserved 1048576K
}

