# JRE version: OpenJDK Runtime Environment (8.0_152-b01) (build 1.8.0_152-release-915-b01)
# Java VM: OpenJDK 64-Bit Server VM (25.152-b01 mixed mode windows-amd64 compressed oops)
Heap:
 PSYoungGen      total 232960K, used 222883K [0x00000000eab00000, 0x0000000100000000, 0x0000000100000000)
  eden space 116736K, 91% used [0x00000000eab00000,0x00000000f1331d90,0x00000000f1d00000)
  from space 116224K, 99% used [0x00000000f8e80000,0x00000000ffff8088,0x0000000100000000)
  to   space 116224K, 0% used [0x00000000f1d00000,0x00000000f1d00000,0x00000000f8e80000)
 ParOldGen       total 699392K, used 404000K [0x00000000c0000000, 0x00000000eab00000, 0x00000000eab00000)
  object space 699392K, 57% used [0x00000000c0000000,0x00000000d8a88138,0x00000000eab00000)
 Metaspace       used 103123K, capacity 109066K, committed 116312K, reserved 1150976K
  class space    used 12469K, capacity 13812K, committed 15232K, reserved 1048576K
GC Heap History (10 events):
Event: 6004.890 GC heap before
{Heap before GC invocations=488 (full 405):
 PSYoungGen      total 232960K, used 116735K [0x00000000eab00000, 0x0000000100000000, 0x0000000100000000)
  eden space 116736K, 99% used [0x00000000eab00000,0x00000000f1cffff8,0x00000000f1d00000)
  from space 116224K, 0% used [0x00000000f1d00000,0x00000000f1d00000,0x00000000f8e80000)
  to   space 116224K, 0% used [0x00000000f8e80000,0x00000000f8e80000,0x0000000100000000)
 ParOldGen       total 403456K, used 403142K [0x00000000c0000000, 0x00000000d8a00000, 0x00000000eab00000)
  object space 403456K, 99% used [0x00000000c0000000,0x00000000d89b1ba8,0x00000000d8a00000)
 Metaspace       used 102922K, capacity 108842K, committed 116312K, reserved 1150976K
  class space    used 12439K, capacity 13780K, committed 15232K, reserved 1048576K
Event: 6005.332 GC heap after
Heap after GC invocations=488 (full 405):
 PSYoungGen      total 232960K, used 116735K [0x00000000eab00000, 0x0000000100000000, 0x0000000100000000)
  eden space 116736K, 99% used [0x00000000eab00000,0x00000000f1cffff8,0x00000000f1d00000)
  from space 116224K, 0% used [0x00000000f1d00000,0x00000000f1d00000,0x00000000f8e80000)
  to   space 116224K, 0% used [0x00000000f8e80000,0x00000000f8e80000,0x0000000100000000)
 ParOldGen       total 403456K, used 403140K [0x00000000c0000000, 0x00000000d8a00000, 0x00000000eab00000)
  object space 403456K, 99% used [0x00000000c0000000,0x00000000d89b1168,0x00000000d8a00000)
 Metaspace       used 102922K, capacity 108842K, committed 116312K, reserved 1150976K
  class space    used 12439K, capacity 13780K, committed 15232K, reserved 1048576K
}
Event: 6005.332 GC heap before
{Heap before GC invocations=489 (full 406):
 PSYoungGen      total 232960K, used 116735K [0x00000000eab00000, 0x0000000100000000, 0x0000000100000000)
  eden space 116736K, 99% used [0x00000000eab00000,0x00000000f1cffff8,0x00000000f1d00000)
  from space 116224K, 0% used [0x00000000f1d00000,0x00000000f1d00000,0x00000000f8e80000)
  to   space 116224K, 0% used [0x00000000f8e80000,0x00000000f8e80000,0x0000000100000000)
 ParOldGen       total 403456K, used 403143K [0x00000000c0000000, 0x00000000d8a00000, 0x00000000eab00000)
  object space 403456K, 99% used [0x00000000c0000000,0x00000000d89b1ca0,0x00000000d8a00000)
 Metaspace       used 102922K, capacity 108842K, committed 116312K, reserved 1150976K
  class space    used 12439K, capacity 13780K, committed 15232K, reserved 1048576K
Event: 6005.791 GC heap after
Heap after GC invocations=489 (full 406):
 PSYoungGen      total 232960K, used 116735K [0x00000000eab00000, 0x0000000100000000, 0x0000000100000000)
  eden space 116736K, 99% used [0x00000000eab00000,0x00000000f1cffff8,0x00000000f1d00000)
  from space 116224K, 0% used [0x00000000f1d00000,0x00000000f1d00000,0x00000000f8e80000)
  to   space 116224K, 0% used [0x00000000f8e80000,0x00000000f8e80000,0x0000000100000000)
 ParOldGen       total 403456K, used 403142K [0x00000000c0000000, 0x00000000d8a00000, 0x00000000eab00000)
  object space 403456K, 99% used [0x00000000c0000000,0x00000000d89b1890,0x00000000d8a00000)
 Metaspace       used 102922K, capacity 108842K, committed 116312K, reserved 1150976K
  class space    used 12439K, capacity 13780K, committed 15232K, reserved 1048576K
}
Event: 6005.791 GC heap before
{Heap before GC invocations=490 (full 407):
 PSYoungGen      total 232960K, used 116735K [0x00000000eab00000, 0x0000000100000000, 0x0000000100000000)
  eden space 116736K, 99% used [0x00000000eab00000,0x00000000f1cffff8,0x00000000f1d00000)
  from space 116224K, 0% used [0x00000000f1d00000,0x00000000f1d00000,0x00000000f8e80000)
  to   space 116224K, 0% used [0x00000000f8e80000,0x00000000f8e80000,0x0000000100000000)
 ParOldGen       total 403456K, used 403144K [0x00000000c0000000, 0x00000000d8a00000, 0x00000000eab00000)
  object space 403456K, 99% used [0x00000000c0000000,0x00000000d89b2078,0x00000000d8a00000)
 Metaspace       used 102922K, capacity 108842K, committed 116312K, reserved 1150976K
  class space    used 12439K, capacity 13780K, committed 15232K, reserved 1048576K
Event: 6006.590 GC heap after
Heap after GC invocations=490 (full 407):
 PSYoungGen      total 232960K, used 116735K [0x00000000eab00000, 0x0000000100000000, 0x0000000100000000)
  eden space 116736K, 99% used [0x00000000eab00000,0x00000000f1cffff8,0x00000000f1d00000)
  from space 116224K, 0% used [0x00000000f1d00000,0x00000000f1d00000,0x00000000f8e80000)
  to   space 116224K, 0% used [0x00000000f8e80000,0x00000000f8e80000,0x0000000100000000)
 ParOldGen       total 403456K, used 403144K [0x00000000c0000000, 0x00000000d8a00000, 0x00000000eab00000)
  object space 403456K, 99% used [0x00000000c0000000,0x00000000d89b2038,0x00000000d8a00000)
 Metaspace       used 102922K, capacity 108842K, committed 116312K, reserved 1150976K
  class space    used 12439K, capacity 13780K, committed 15232K, reserved 1048576K
}
Event: 6006.590 GC heap before
{Heap before GC invocations=491 (full 408):
 PSYoungGen      total 232960K, used 116735K [0x00000000eab00000, 0x0000000100000000, 0x0000000100000000)
  eden space 116736K, 99% used [0x00000000eab00000,0x00000000f1cffff8,0x00000000f1d00000)
  from space 116224K, 0% used [0x00000000f1d00000,0x00000000f1d00000,0x00000000f8e80000)
  to   space 116224K, 0% used [0x00000000f8e80000,0x00000000f8e80000,0x0000000100000000)
 ParOldGen       total 403456K, used 403146K [0x00000000c0000000, 0x00000000d8a00000, 0x00000000eab00000)
  object space 403456K, 99% used [0x00000000c0000000,0x00000000d89b28b8,0x00000000d8a00000)
 Metaspace       used 102922K, capacity 108842K, committed 116312K, reserved 1150976K
  class space    used 12439K, capacity 13780K, committed 15232K, reserved 1048576K
Event: 6007.037 GC heap after
Heap after GC invocations=491 (full 408):
 PSYoungGen      total 232960K, used 116735K [0x00000000eab00000, 0x0000000100000000, 0x0000000100000000)
  eden space 116736K, 99% used [0x00000000eab00000,0x00000000f1cffff8,0x00000000f1d00000)
  from space 116224K, 0% used [0x00000000f1d00000,0x00000000f1d00000,0x00000000f8e80000)
  to   space 116224K, 0% used [0x00000000f8e80000,0x00000000f8e80000,0x0000000100000000)
 ParOldGen       total 699392K, used 403145K [0x00000000c0000000, 0x00000000eab00000, 0x00000000eab00000)
  object space 699392K, 57% used [0x00000000c0000000,0x00000000d89b25d8,0x00000000eab00000)
 Metaspace       used 102922K, capacity 108842K, committed 116312K, reserved 1150976K
  class space    used 12439K, capacity 13780K, committed 15232K, reserved 1048576K
}
Event: 6007.037 GC heap before
{Heap before GC invocations=492 (full 408):
 PSYoungGen      total 232960K, used 116735K [0x00000000eab00000, 0x0000000100000000, 0x0000000100000000)
  eden space 116736K, 99% used [0x00000000eab00000,0x00000000f1cffff8,0x00000000f1d00000)
  from space 116224K, 0% used [0x00000000f1d00000,0x00000000f1d00000,0x00000000f8e80000)
  to   space 116224K, 0% used [0x00000000f8e80000,0x00000000f8e80000,0x0000000100000000)
 ParOldGen       total 699392K, used 403147K [0x00000000c0000000, 0x00000000eab00000, 0x00000000eab00000)
  object space 699392K, 57% used [0x00000000c0000000,0x00000000d89b2d90,0x00000000eab00000)
 Metaspace       used 102922K, capacity 108842K, committed 116312K, reserved 1150976K
  class space    used 12439K, capacity 13780K, committed 15232K, reserved 1048576K
Event: 6007.132 GC heap after
Heap after GC invocations=492 (full 408):
 PSYoungGen      total 232960K, used 116192K [0x00000000eab00000, 0x0000000100000000, 0x0000000100000000)
  eden space 116736K, 0% used [0x00000000eab00000,0x00000000eab00000,0x00000000f1d00000)
  from space 116224K, 99% used [0x00000000f8e80000,0x00000000ffff8088,0x0000000100000000)
  to   space 116224K, 0% used [0x00000000f1d00000,0x00000000f1d00000,0x00000000f8e80000)
 ParOldGen       total 699392K, used 404000K [0x00000000c0000000, 0x00000000eab00000, 0x00000000eab00000)
  object space 699392K, 57% used [0x00000000c0000000,0x00000000d8a88138,0x00000000eab00000)
 Metaspace       used 102922K, capacity 108842K, committed 116312K, reserved 1150976K
  class space    used 12439K, capacity 13780K, committed 15232K, reserved 1048576K
}

