# JRE version: Java(TM) SE Runtime Environment (8.0_151-b12) (build 1.8.0_151-b12)
# Java VM: Java HotSpot(TM) 64-Bit Server VM (25.151-b12 mixed mode windows-amd64 compressed oops)
Heap:
 PSYoungGen      total 923136K, used 443557K [0x000000076ab00000, 0x00000007bf980000, 0x00000007c0000000)
  eden space 715264K, 62% used [0x000000076ab00000,0x0000000785c296b0,0x0000000796580000)
  from space 207872K, 0% used [0x0000000796580000,0x0000000796580000,0x00000007a3080000)
  to   space 272384K, 0% used [0x00000007aef80000,0x00000007aef80000,0x00000007bf980000)
 ParOldGen       total 494080K, used 368167K [0x00000006c0000000, 0x00000006de280000, 0x000000076ab00000)
  object space 494080K, 74% used [0x00000006c0000000,0x00000006d6789f90,0x00000006de280000)
 Metaspace       used 7622K, capacity 7960K, committed 8192K, reserved 1056768K
  class space    used 696K, capacity 720K, committed 768K, reserved 1048576K
GC Heap History (10 events):
Event: 22.174 GC heap before
{Heap before GC invocations=23 (full 8):
 PSYoungGen      total 923136K, used 715264K [0x000000076ab00000, 0x00000007bf980000, 0x00000007c0000000)
  eden space 715264K, 100% used [0x000000076ab00000,0x0000000796580000,0x0000000796580000)
  from space 207872K, 0% used [0x0000000796580000,0x0000000796580000,0x00000007a3080000)
  to   space 272384K, 0% used [0x00000007aef80000,0x00000007aef80000,0x00000007bf980000)
 ParOldGen       total 494080K, used 493718K [0x00000006c0000000, 0x00000006de280000, 0x000000076ab00000)
  object space 494080K, 99% used [0x00000006c0000000,0x00000006de225b20,0x00000006de280000)
 Metaspace       used 6973K, capacity 7544K, committed 7680K, reserved 1056768K
  class space    used 651K, capacity 688K, committed 768K, reserved 1048576K
Event: 28.226 GC heap after
Heap after GC invocations=23 (full 8):
 PSYoungGen      total 923136K, used 428795K [0x000000076ab00000, 0x00000007bf980000, 0x00000007c0000000)
  eden space 715264K, 59% used [0x000000076ab00000,0x0000000784dbec98,0x0000000796580000)
  from space 207872K, 0% used [0x0000000796580000,0x0000000796580000,0x00000007a3080000)
  to   space 272384K, 0% used [0x00000007aef80000,0x00000007aef80000,0x00000007bf980000)
 ParOldGen       total 494080K, used 493665K [0x00000006c0000000, 0x00000006de280000, 0x000000076ab00000)
  object space 494080K, 99% used [0x00000006c0000000,0x00000006de2186f8,0x00000006de280000)
 Metaspace       used 6973K, capacity 7544K, committed 7680K, reserved 1056768K
  class space    used 651K, capacity 688K, committed 768K, reserved 1048576K
}
Event: 28.746 GC heap before
{Heap before GC invocations=24 (full 9):
 PSYoungGen      total 923136K, used 715264K [0x000000076ab00000, 0x00000007bf980000, 0x00000007c0000000)
  eden space 715264K, 100% used [0x000000076ab00000,0x0000000796580000,0x0000000796580000)
  from space 207872K, 0% used [0x0000000796580000,0x0000000796580000,0x00000007a3080000)
  to   space 272384K, 0% used [0x00000007aef80000,0x00000007aef80000,0x00000007bf980000)
 ParOldGen       total 494080K, used 493665K [0x00000006c0000000, 0x00000006de280000, 0x000000076ab00000)
  object space 494080K, 99% used [0x00000006c0000000,0x00000006de2186f8,0x00000006de280000)
 Metaspace       used 7205K, capacity 7736K, committed 7936K, reserved 1056768K
  class space    used 663K, capacity 688K, committed 768K, reserved 1048576K
Event: 30.669 GC heap after
Heap after GC invocations=24 (full 9):
 PSYoungGen      total 923136K, used 415732K [0x000000076ab00000, 0x00000007bf980000, 0x00000007c0000000)
  eden space 715264K, 58% used [0x000000076ab00000,0x00000007840fd340,0x0000000796580000)
  from space 207872K, 0% used [0x0000000796580000,0x0000000796580000,0x00000007a3080000)
  to   space 272384K, 0% used [0x00000007aef80000,0x00000007aef80000,0x00000007bf980000)
 ParOldGen       total 494080K, used 493606K [0x00000006c0000000, 0x00000006de280000, 0x000000076ab00000)
  object space 494080K, 99% used [0x00000006c0000000,0x00000006de209960,0x00000006de280000)
 Metaspace       used 7205K, capacity 7736K, committed 7936K, reserved 1056768K
  class space    used 663K, capacity 688K, committed 768K, reserved 1048576K
}
Event: 31.216 GC heap before
{Heap before GC invocations=25 (full 10):
 PSYoungGen      total 923136K, used 715264K [0x000000076ab00000, 0x00000007bf980000, 0x00000007c0000000)
  eden space 715264K, 100% used [0x000000076ab00000,0x0000000796580000,0x0000000796580000)
  from space 207872K, 0% used [0x0000000796580000,0x0000000796580000,0x00000007a3080000)
  to   space 272384K, 0% used [0x00000007aef80000,0x00000007aef80000,0x00000007bf980000)
 ParOldGen       total 494080K, used 493606K [0x00000006c0000000, 0x00000006de280000, 0x000000076ab00000)
  object space 494080K, 99% used [0x00000006c0000000,0x00000006de209960,0x00000006de280000)
 Metaspace       used 7208K, capacity 7736K, committed 7936K, reserved 1056768K
  class space    used 663K, capacity 688K, committed 768K, reserved 1048576K
Event: 33.027 GC heap after
Heap after GC invocations=25 (full 10):
 PSYoungGen      total 923136K, used 361974K [0x000000076ab00000, 0x00000007bf980000, 0x00000007c0000000)
  eden space 715264K, 50% used [0x000000076ab00000,0x0000000780c7da90,0x0000000796580000)
  from space 207872K, 0% used [0x0000000796580000,0x0000000796580000,0x00000007a3080000)
  to   space 272384K, 0% used [0x00000007aef80000,0x00000007aef80000,0x00000007bf980000)
 ParOldGen       total 494080K, used 493622K [0x00000006c0000000, 0x00000006de280000, 0x000000076ab00000)
  object space 494080K, 99% used [0x00000006c0000000,0x00000006de20dbd8,0x00000006de280000)
 Metaspace       used 7208K, capacity 7736K, committed 7936K, reserved 1056768K
  class space    used 663K, capacity 688K, committed 768K, reserved 1048576K
}
Event: 34.444 GC heap before
{Heap before GC invocations=26 (full 11):
 PSYoungGen      total 923136K, used 712084K [0x000000076ab00000, 0x00000007bf980000, 0x00000007c0000000)
  eden space 715264K, 99% used [0x000000076ab00000,0x0000000796265288,0x0000000796580000)
  from space 207872K, 0% used [0x0000000796580000,0x0000000796580000,0x00000007a3080000)
  to   space 272384K, 0% used [0x00000007aef80000,0x00000007aef80000,0x00000007bf980000)
 ParOldGen       total 494080K, used 493622K [0x00000006c0000000, 0x00000006de280000, 0x000000076ab00000)
  object space 494080K, 99% used [0x00000006c0000000,0x00000006de20dbd8,0x00000006de280000)
 Metaspace       used 7311K, capacity 7864K, committed 8192K, reserved 1056768K
  class space    used 666K, capacity 688K, committed 768K, reserved 1048576K
Event: 35.985 GC heap after
Heap after GC invocations=26 (full 11):
 PSYoungGen      total 923136K, used 161295K [0x000000076ab00000, 0x00000007bf980000, 0x00000007c0000000)
  eden space 715264K, 22% used [0x000000076ab00000,0x0000000774883fb8,0x0000000796580000)
  from space 207872K, 0% used [0x0000000796580000,0x0000000796580000,0x00000007a3080000)
  to   space 272384K, 0% used [0x00000007aef80000,0x00000007aef80000,0x00000007bf980000)
 ParOldGen       total 494080K, used 493670K [0x00000006c0000000, 0x00000006de280000, 0x000000076ab00000)
  object space 494080K, 99% used [0x00000006c0000000,0x00000006de219970,0x00000006de280000)
 Metaspace       used 7311K, capacity 7864K, committed 8192K, reserved 1056768K
  class space    used 666K, capacity 688K, committed 768K, reserved 1048576K
}
Event: 36.775 GC heap before
{Heap before GC invocations=27 (full 12):
 PSYoungGen      total 923136K, used 715264K [0x000000076ab00000, 0x00000007bf980000, 0x00000007c0000000)
  eden space 715264K, 100% used [0x000000076ab00000,0x0000000796580000,0x0000000796580000)
  from space 207872K, 0% used [0x0000000796580000,0x0000000796580000,0x00000007a3080000)
  to   space 272384K, 0% used [0x00000007aef80000,0x00000007aef80000,0x00000007bf980000)
 ParOldGen       total 494080K, used 493670K [0x00000006c0000000, 0x00000006de280000, 0x000000076ab00000)
  object space 494080K, 99% used [0x00000006c0000000,0x00000006de219970,0x00000006de280000)
 Metaspace       used 7622K, capacity 7960K, committed 8192K, reserved 1056768K
  class space    used 696K, capacity 720K, committed 768K, reserved 1048576K
Event: 37.724 GC heap after
Heap after GC invocations=27 (full 12):
 PSYoungGen      total 923136K, used 0K [0x000000076ab00000, 0x00000007bf980000, 0x00000007c0000000)
  eden space 715264K, 0% used [0x000000076ab00000,0x000000076ab00000,0x0000000796580000)
  from space 207872K, 0% used [0x0000000796580000,0x0000000796580000,0x00000007a3080000)
  to   space 272384K, 0% used [0x00000007aef80000,0x00000007aef80000,0x00000007bf980000)
 ParOldGen       total 494080K, used 368167K [0x00000006c0000000, 0x00000006de280000, 0x000000076ab00000)
  object space 494080K, 74% used [0x00000006c0000000,0x00000006d6789f90,0x00000006de280000)
 Metaspace       used 7622K, capacity 7960K, committed 8192K, reserved 1056768K
  class space    used 696K, capacity 720K, committed 768K, reserved 1048576K
}

