# JRE version: Java(TM) SE Runtime Environment (8.0_151-b12) (build 1.8.0_151-b12)
# Java VM: Java HotSpot(TM) 64-Bit Server VM (25.151-b12 mixed mode windows-amd64 compressed oops)
Heap:
 PSYoungGen      total 877056K, used 548405K [0x000000076ab00000, 0x00000007c0000000, 0x00000007c0000000)
  eden space 652288K, 84% used [0x000000076ab00000,0x000000078c28d690,0x0000000792800000)
  from space 224768K, 0% used [0x00000007a5780000,0x00000007a5780000,0x00000007b3300000)
  to   space 310784K, 0% used [0x0000000792800000,0x0000000792800000,0x00000007a5780000)
 ParOldGen       total 763904K, used 763803K [0x00000006c0000000, 0x00000006eea00000, 0x000000076ab00000)
  object space 763904K, 99% used [0x00000006c0000000,0x00000006ee9e6e88,0x00000006eea00000)
 Metaspace       used 7151K, capacity 7672K, committed 7936K, reserved 1056768K
  class space    used 659K, capacity 688K, committed 768K, reserved 1048576K
GC Heap History (10 events):
Event: 11.769 GC heap before
{Heap before GC invocations=20 (full 4):
 PSYoungGen      total 938496K, used 186537K [0x000000076ab00000, 0x00000007b7180000, 0x00000007c0000000)
  eden space 713728K, 0% used [0x000000076ab00000,0x000000076ab00000,0x0000000796400000)
  from space 224768K, 82% used [0x00000007a5780000,0x00000007b0daa400,0x00000007b3300000)
  to   space 249344K, 0% used [0x0000000796400000,0x0000000796400000,0x00000007a5780000)
 ParOldGen       total 499712K, used 478871K [0x00000006c0000000, 0x00000006de800000, 0x000000076ab00000)
  object space 499712K, 95% used [0x00000006c0000000,0x00000006dd3a5e10,0x00000006de800000)
 Metaspace       used 6767K, capacity 7384K, committed 7680K, reserved 1056768K
  class space    used 638K, capacity 656K, committed 768K, reserved 1048576K
Event: 13.476 GC heap after
Heap after GC invocations=20 (full 4):
 PSYoungGen      total 938496K, used 149899K [0x000000076ab00000, 0x00000007b7180000, 0x00000007c0000000)
  eden space 713728K, 0% used [0x000000076ab00000,0x000000076ab00000,0x0000000796400000)
  from space 224768K, 66% used [0x00000007a5780000,0x00000007ae9e2f88,0x00000007b3300000)
  to   space 249344K, 0% used [0x0000000796400000,0x0000000796400000,0x00000007a5780000)
 ParOldGen       total 763904K, used 499428K [0x00000006c0000000, 0x00000006eea00000, 0x000000076ab00000)
  object space 763904K, 65% used [0x00000006c0000000,0x00000006de7b93e8,0x00000006eea00000)
 Metaspace       used 6767K, capacity 7384K, committed 7680K, reserved 1056768K
  class space    used 638K, capacity 656K, committed 768K, reserved 1048576K
}
Event: 14.372 GC heap before
{Heap before GC invocations=21 (full 4):
 PSYoungGen      total 938496K, used 863627K [0x000000076ab00000, 0x00000007b7180000, 0x00000007c0000000)
  eden space 713728K, 100% used [0x000000076ab00000,0x0000000796400000,0x0000000796400000)
  from space 224768K, 66% used [0x00000007a5780000,0x00000007ae9e2f88,0x00000007b3300000)
  to   space 249344K, 0% used [0x0000000796400000,0x0000000796400000,0x00000007a5780000)
 ParOldGen       total 763904K, used 499428K [0x00000006c0000000, 0x00000006eea00000, 0x000000076ab00000)
  object space 763904K, 65% used [0x00000006c0000000,0x00000006de7b93e8,0x00000006eea00000)
 Metaspace       used 6771K, capacity 7384K, committed 7680K, reserved 1056768K
  class space    used 639K, capacity 656K, committed 768K, reserved 1048576K
Event: 14.583 GC heap after
Heap after GC invocations=21 (full 4):
 PSYoungGen      total 963072K, used 249324K [0x000000076ab00000, 0x00000007b7180000, 0x00000007c0000000)
  eden space 713728K, 0% used [0x000000076ab00000,0x000000076ab00000,0x0000000796400000)
  from space 249344K, 99% used [0x0000000796400000,0x00000007a577b090,0x00000007a5780000)
  to   space 224768K, 0% used [0x00000007a5780000,0x00000007a5780000,0x00000007b3300000)
 ParOldGen       total 763904K, used 500718K [0x00000006c0000000, 0x00000006eea00000, 0x000000076ab00000)
  object space 763904K, 65% used [0x00000006c0000000,0x00000006de8fba68,0x00000006eea00000)
 Metaspace       used 6771K, capacity 7384K, committed 7680K, reserved 1056768K
  class space    used 639K, capacity 656K, committed 768K, reserved 1048576K
}
Event: 15.698 GC heap before
{Heap before GC invocations=22 (full 4):
 PSYoungGen      total 963072K, used 963052K [0x000000076ab00000, 0x00000007b7180000, 0x00000007c0000000)
  eden space 713728K, 100% used [0x000000076ab00000,0x0000000796400000,0x0000000796400000)
  from space 249344K, 99% used [0x0000000796400000,0x00000007a577b090,0x00000007a5780000)
  to   space 224768K, 0% used [0x00000007a5780000,0x00000007a5780000,0x00000007b3300000)
 ParOldGen       total 763904K, used 500718K [0x00000006c0000000, 0x00000006eea00000, 0x000000076ab00000)
  object space 763904K, 65% used [0x00000006c0000000,0x00000006de8fba68,0x00000006eea00000)
 Metaspace       used 6877K, capacity 7448K, committed 7680K, reserved 1056768K
  class space    used 645K, capacity 656K, committed 768K, reserved 1048576K
Event: 15.943 GC heap after
Heap after GC invocations=22 (full 4):
 PSYoungGen      total 877056K, used 209788K [0x000000076ab00000, 0x00000007c0000000, 0x00000007c0000000)
  eden space 652288K, 0% used [0x000000076ab00000,0x000000076ab00000,0x0000000792800000)
  from space 224768K, 93% used [0x00000007a5780000,0x00000007b245f360,0x00000007b3300000)
  to   space 310784K, 0% used [0x0000000792800000,0x0000000792800000,0x00000007a5780000)
 ParOldGen       total 763904K, used 646224K [0x00000006c0000000, 0x00000006eea00000, 0x000000076ab00000)
  object space 763904K, 84% used [0x00000006c0000000,0x00000006e7714218,0x00000006eea00000)
 Metaspace       used 6877K, capacity 7448K, committed 7680K, reserved 1056768K
  class space    used 645K, capacity 656K, committed 768K, reserved 1048576K
}
Event: 15.943 GC heap before
{Heap before GC invocations=23 (full 5):
 PSYoungGen      total 877056K, used 209788K [0x000000076ab00000, 0x00000007c0000000, 0x00000007c0000000)
  eden space 652288K, 0% used [0x000000076ab00000,0x000000076ab00000,0x0000000792800000)
  from space 224768K, 93% used [0x00000007a5780000,0x00000007b245f360,0x00000007b3300000)
  to   space 310784K, 0% used [0x0000000792800000,0x0000000792800000,0x00000007a5780000)
 ParOldGen       total 763904K, used 646224K [0x00000006c0000000, 0x00000006eea00000, 0x000000076ab00000)
  object space 763904K, 84% used [0x00000006c0000000,0x00000006e7714218,0x00000006eea00000)
 Metaspace       used 6877K, capacity 7448K, committed 7680K, reserved 1056768K
  class space    used 645K, capacity 656K, committed 768K, reserved 1048576K
Event: 18.690 GC heap after
Heap after GC invocations=23 (full 5):
 PSYoungGen      total 877056K, used 83158K [0x000000076ab00000, 0x00000007c0000000, 0x00000007c0000000)
  eden space 652288K, 0% used [0x000000076ab00000,0x000000076ab00000,0x0000000792800000)
  from space 224768K, 36% used [0x00000007a5780000,0x00000007aa8b5b20,0x00000007b3300000)
  to   space 310784K, 0% used [0x0000000792800000,0x0000000792800000,0x00000007a5780000)
 ParOldGen       total 763904K, used 763876K [0x00000006c0000000, 0x00000006eea00000, 0x000000076ab00000)
  object space 763904K, 99% used [0x00000006c0000000,0x00000006ee9f93a8,0x00000006eea00000)
 Metaspace       used 6877K, capacity 7448K, committed 7680K, reserved 1056768K
  class space    used 645K, capacity 656K, committed 768K, reserved 1048576K
}
Event: 19.829 GC heap before
{Heap before GC invocations=24 (full 6):
 PSYoungGen      total 877056K, used 735446K [0x000000076ab00000, 0x00000007c0000000, 0x00000007c0000000)
  eden space 652288K, 100% used [0x000000076ab00000,0x0000000792800000,0x0000000792800000)
  from space 224768K, 36% used [0x00000007a5780000,0x00000007aa8b5b20,0x00000007b3300000)
  to   space 310784K, 0% used [0x0000000792800000,0x0000000792800000,0x00000007a5780000)
 ParOldGen       total 763904K, used 763876K [0x00000006c0000000, 0x00000006eea00000, 0x000000076ab00000)
  object space 763904K, 99% used [0x00000006c0000000,0x00000006ee9f93a8,0x00000006eea00000)
 Metaspace       used 7145K, capacity 7672K, committed 7936K, reserved 1056768K
  class space    used 659K, capacity 688K, committed 768K, reserved 1048576K
Event: 22.156 GC heap after
Heap after GC invocations=24 (full 6):
 PSYoungGen      total 877056K, used 122552K [0x000000076ab00000, 0x00000007c0000000, 0x00000007c0000000)
  eden space 652288K, 18% used [0x000000076ab00000,0x00000007722ae1e8,0x0000000792800000)
  from space 224768K, 0% used [0x00000007a5780000,0x00000007a5780000,0x00000007b3300000)
  to   space 310784K, 0% used [0x0000000792800000,0x0000000792800000,0x00000007a5780000)
 ParOldGen       total 763904K, used 763803K [0x00000006c0000000, 0x00000006eea00000, 0x000000076ab00000)
  object space 763904K, 99% used [0x00000006c0000000,0x00000006ee9e6e88,0x00000006eea00000)
 Metaspace       used 7145K, capacity 7672K, committed 7936K, reserved 1056768K
  class space    used 659K, capacity 688K, committed 768K, reserved 1048576K
}

