# JRE version: OpenJDK Runtime Environment (8.0_152-b01) (build 1.8.0_152-release-915-b01)
# Java VM: OpenJDK 64-Bit Server VM (25.152-b01 mixed mode windows-amd64 compressed oops)
Heap:
 PSYoungGen      total 1090048K, used 56834K [0x000000076ab00000, 0x00000007c0000000, 0x00000007c0000000)
  eden space 782336K, 7% used [0x000000076ab00000,0x000000076e280b20,0x000000079a700000)
  from space 307712K, 0% used [0x000000079a700000,0x000000079a700000,0x00000007ad380000)
  to   space 307712K, 0% used [0x00000007ad380000,0x00000007ad380000,0x00000007c0000000)
 ParOldGen       total 1094656K, used 712065K [0x00000006c0000000, 0x0000000702d00000, 0x000000076ab00000)
  object space 1094656K, 65% used [0x00000006c0000000,0x00000006eb760568,0x0000000702d00000)
 Metaspace       used 7165K, capacity 7800K, committed 7936K, reserved 1056768K
  class space    used 629K, capacity 688K, committed 768K, reserved 1048576K
GC Heap History (10 events):
Event: 15.639 GC heap before
{Heap before GC invocations=20 (full 4):
 PSYoungGen      total 915456K, used 764863K [0x000000076ab00000, 0x00000007b6e00000, 0x00000007c0000000)
  eden space 713728K, 100% used [0x000000076ab00000,0x0000000796400000,0x0000000796400000)
  from space 201728K, 25% used [0x0000000796400000,0x00000007995effc8,0x00000007a2900000)
  to   space 200704K, 0% used [0x00000007aaa00000,0x00000007aaa00000,0x00000007b6e00000)
 ParOldGen       total 949248K, used 618234K [0x00000006c0000000, 0x00000006f9f00000, 0x000000076ab00000)
  object space 949248K, 65% used [0x00000006c0000000,0x00000006e5bbe918,0x00000006f9f00000)
 Metaspace       used 6626K, capacity 7286K, committed 7552K, reserved 1056768K
  class space    used 607K, capacity 622K, committed 640K, reserved 1048576K
Event: 15.831 GC heap after
Heap after GC invocations=20 (full 4):
 PSYoungGen      total 1019392K, used 154209K [0x000000076ab00000, 0x00000007b7180000, 0x00000007c0000000)
  eden space 818688K, 0% used [0x000000076ab00000,0x000000076ab00000,0x000000079ca80000)
  from space 200704K, 76% used [0x00000007aaa00000,0x00000007b4098630,0x00000007b6e00000)
  to   space 216576K, 0% used [0x000000079ca80000,0x000000079ca80000,0x00000007a9e00000)
 ParOldGen       total 949248K, used 618234K [0x00000006c0000000, 0x00000006f9f00000, 0x000000076ab00000)
  object space 949248K, 65% used [0x00000006c0000000,0x00000006e5bbe918,0x00000006f9f00000)
 Metaspace       used 6626K, capacity 7286K, committed 7552K, reserved 1056768K
  class space    used 607K, capacity 622K, committed 640K, reserved 1048576K
}
Event: 17.172 GC heap before
{Heap before GC invocations=21 (full 4):
 PSYoungGen      total 1019392K, used 972897K [0x000000076ab00000, 0x00000007b7180000, 0x00000007c0000000)
  eden space 818688K, 100% used [0x000000076ab00000,0x000000079ca80000,0x000000079ca80000)
  from space 200704K, 76% used [0x00000007aaa00000,0x00000007b4098630,0x00000007b6e00000)
  to   space 216576K, 0% used [0x000000079ca80000,0x000000079ca80000,0x00000007a9e00000)
 ParOldGen       total 949248K, used 618234K [0x00000006c0000000, 0x00000006f9f00000, 0x000000076ab00000)
  object space 949248K, 65% used [0x00000006c0000000,0x00000006e5bbe918,0x00000006f9f00000)
 Metaspace       used 6751K, capacity 7384K, committed 7680K, reserved 1056768K
  class space    used 614K, capacity 656K, committed 768K, reserved 1048576K
Event: 17.386 GC heap after
Heap after GC invocations=21 (full 4):
 PSYoungGen      total 1035264K, used 216555K [0x000000076ab00000, 0x00000007c0000000, 0x00000007c0000000)
  eden space 818688K, 0% used [0x000000076ab00000,0x000000076ab00000,0x000000079ca80000)
  from space 216576K, 99% used [0x000000079ca80000,0x00000007a9dfac38,0x00000007a9e00000)
  to   space 272384K, 0% used [0x00000007af600000,0x00000007af600000,0x00000007c0000000)
 ParOldGen       total 949248K, used 672247K [0x00000006c0000000, 0x00000006f9f00000, 0x000000076ab00000)
  object space 949248K, 70% used [0x00000006c0000000,0x00000006e907df90,0x00000006f9f00000)
 Metaspace       used 6751K, capacity 7384K, committed 7680K, reserved 1056768K
  class space    used 614K, capacity 656K, committed 768K, reserved 1048576K
}
Event: 18.605 GC heap before
{Heap before GC invocations=22 (full 4):
 PSYoungGen      total 1035264K, used 1035243K [0x000000076ab00000, 0x00000007c0000000, 0x00000007c0000000)
  eden space 818688K, 100% used [0x000000076ab00000,0x000000079ca80000,0x000000079ca80000)
  from space 216576K, 99% used [0x000000079ca80000,0x00000007a9dfac38,0x00000007a9e00000)
  to   space 272384K, 0% used [0x00000007af600000,0x00000007af600000,0x00000007c0000000)
 ParOldGen       total 949248K, used 672247K [0x00000006c0000000, 0x00000006f9f00000, 0x000000076ab00000)
  object space 949248K, 70% used [0x00000006c0000000,0x00000006e907df90,0x00000006f9f00000)
 Metaspace       used 6987K, capacity 7640K, committed 7936K, reserved 1056768K
  class space    used 626K, capacity 656K, committed 768K, reserved 1048576K
Event: 19.012 GC heap after
Heap after GC invocations=22 (full 4):
 PSYoungGen      total 1054720K, used 244166K [0x000000076ab00000, 0x00000007c0000000, 0x00000007c0000000)
  eden space 782336K, 0% used [0x000000076ab00000,0x000000076ab00000,0x000000079a700000)
  from space 272384K, 89% used [0x00000007af600000,0x00000007be471a10,0x00000007c0000000)
  to   space 307712K, 0% used [0x000000079a700000,0x000000079a700000,0x00000007ad380000)
 ParOldGen       total 949248K, used 777635K [0x00000006c0000000, 0x00000006f9f00000, 0x000000076ab00000)
  object space 949248K, 81% used [0x00000006c0000000,0x00000006ef768ef0,0x00000006f9f00000)
 Metaspace       used 6987K, capacity 7640K, committed 7936K, reserved 1056768K
  class space    used 626K, capacity 656K, committed 768K, reserved 1048576K
}
Event: 20.280 GC heap before
{Heap before GC invocations=23 (full 4):
 PSYoungGen      total 1054720K, used 1026502K [0x000000076ab00000, 0x00000007c0000000, 0x00000007c0000000)
  eden space 782336K, 100% used [0x000000076ab00000,0x000000079a700000,0x000000079a700000)
  from space 272384K, 89% used [0x00000007af600000,0x00000007be471a10,0x00000007c0000000)
  to   space 307712K, 0% used [0x000000079a700000,0x000000079a700000,0x00000007ad380000)
 ParOldGen       total 949248K, used 777635K [0x00000006c0000000, 0x00000006f9f00000, 0x000000076ab00000)
  object space 949248K, 81% used [0x00000006c0000000,0x00000006ef768ef0,0x00000006f9f00000)
 Metaspace       used 7158K, capacity 7800K, committed 7936K, reserved 1056768K
  class space    used 629K, capacity 688K, committed 768K, reserved 1048576K
Event: 20.555 GC heap after
Heap after GC invocations=23 (full 4):
 PSYoungGen      total 1090048K, used 307705K [0x000000076ab00000, 0x00000007c0000000, 0x00000007c0000000)
  eden space 782336K, 0% used [0x000000076ab00000,0x000000076ab00000,0x000000079a700000)
  from space 307712K, 99% used [0x000000079a700000,0x00000007ad37e550,0x00000007ad380000)
  to   space 307712K, 0% used [0x00000007ad380000,0x00000007ad380000,0x00000007c0000000)
 ParOldGen       total 949248K, used 824830K [0x00000006c0000000, 0x00000006f9f00000, 0x000000076ab00000)
  object space 949248K, 86% used [0x00000006c0000000,0x00000006f257f960,0x00000006f9f00000)
 Metaspace       used 7158K, capacity 7800K, committed 7936K, reserved 1056768K
  class space    used 629K, capacity 688K, committed 768K, reserved 1048576K
}
Event: 20.555 GC heap before
{Heap before GC invocations=24 (full 5):
 PSYoungGen      total 1090048K, used 307705K [0x000000076ab00000, 0x00000007c0000000, 0x00000007c0000000)
  eden space 782336K, 0% used [0x000000076ab00000,0x000000076ab00000,0x000000079a700000)
  from space 307712K, 99% used [0x000000079a700000,0x00000007ad37e550,0x00000007ad380000)
  to   space 307712K, 0% used [0x00000007ad380000,0x00000007ad380000,0x00000007c0000000)
 ParOldGen       total 949248K, used 824830K [0x00000006c0000000, 0x00000006f9f00000, 0x000000076ab00000)
  object space 949248K, 86% used [0x00000006c0000000,0x00000006f257f960,0x00000006f9f00000)
 Metaspace       used 7158K, capacity 7800K, committed 7936K, reserved 1056768K
  class space    used 629K, capacity 688K, committed 768K, reserved 1048576K
Event: 23.967 GC heap after
Heap after GC invocations=24 (full 5):
 PSYoungGen      total 1090048K, used 0K [0x000000076ab00000, 0x00000007c0000000, 0x00000007c0000000)
  eden space 782336K, 0% used [0x000000076ab00000,0x000000076ab00000,0x000000079a700000)
  from space 307712K, 0% used [0x000000079a700000,0x000000079a700000,0x00000007ad380000)
  to   space 307712K, 0% used [0x00000007ad380000,0x00000007ad380000,0x00000007c0000000)
 ParOldGen       total 1094656K, used 712065K [0x00000006c0000000, 0x0000000702d00000, 0x000000076ab00000)
  object space 1094656K, 65% used [0x00000006c0000000,0x00000006eb760568,0x0000000702d00000)
 Metaspace       used 7158K, capacity 7800K, committed 7936K, reserved 1056768K
  class space    used 629K, capacity 688K, committed 768K, reserved 1048576K
}

