# JRE version: OpenJDK Runtime Environment (8.0_152-b01) (build 1.8.0_152-release-915-b01)
# Java VM: OpenJDK 64-Bit Server VM (25.152-b01 mixed mode linux-amd64 compressed oops)
Heap:
 PSYoungGen      total 1063936K, used 94923K [0x000000076ab00000, 0x00000007b6580000, 0x00000007c0000000)
  eden space 924160K, 0% used [0x000000076ab00000,0x000000076ab00000,0x00000007a3180000)
  from space 139776K, 67% used [0x00000007ac300000,0x00000007b1fb2fe8,0x00000007b4b80000)
  to   space 148992K, 0% used [0x00000007a3180000,0x00000007a3180000,0x00000007ac300000)
 ParOldGen       total 465408K, used 464963K [0x00000006c0000000, 0x00000006dc680000, 0x000000076ab00000)
  object space 465408K, 99% used [0x00000006c0000000,0x00000006dc610c10,0x00000006dc680000)
 Metaspace       used 6613K, capacity 7344K, committed 7552K, reserved 1056768K
  class space    used 603K, capacity 616K, committed 640K, reserved 1048576K
GC Heap History (10 events):
Event: 25.160 GC heap after
Heap after GC invocations=19 (full 4):
 PSYoungGen      total 582144K, used 54572K [0x000000076ab00000, 0x00000007a3000000, 0x00000007c0000000)
  eden space 513024K, 0% used [0x000000076ab00000,0x000000076ab00000,0x000000078a000000)
  from space 69120K, 78% used [0x000000078a000000,0x000000078d54b380,0x000000078e380000)
  to   space 94720K, 0% used [0x000000079d380000,0x000000079d380000,0x00000007a3000000)
 ParOldGen       total 327168K, used 234726K [0x00000006c0000000, 0x00000006d3f80000, 0x000000076ab00000)
  object space 327168K, 71% used [0x00000006c0000000,0x00000006ce539b28,0x00000006d3f80000)
 Metaspace       used 6569K, capacity 7344K, committed 7552K, reserved 1056768K
  class space    used 602K, capacity 616K, committed 640K, reserved 1048576K
}
Event: 27.476 GC heap before
{Heap before GC invocations=20 (full 4):
 PSYoungGen      total 582144K, used 567596K [0x000000076ab00000, 0x00000007a3000000, 0x00000007c0000000)
  eden space 513024K, 100% used [0x000000076ab00000,0x000000078a000000,0x000000078a000000)
  from space 69120K, 78% used [0x000000078a000000,0x000000078d54b380,0x000000078e380000)
  to   space 94720K, 0% used [0x000000079d380000,0x000000079d380000,0x00000007a3000000)
 ParOldGen       total 327168K, used 234726K [0x00000006c0000000, 0x00000006d3f80000, 0x000000076ab00000)
  object space 327168K, 71% used [0x00000006c0000000,0x00000006ce539b28,0x00000006d3f80000)
 Metaspace       used 6571K, capacity 7344K, committed 7552K, reserved 1056768K
  class space    used 602K, capacity 616K, committed 640K, reserved 1048576K
Event: 30.738 GC heap after
Heap after GC invocations=20 (full 4):
 PSYoungGen      total 815616K, used 83025K [0x000000076ab00000, 0x00000007a5580000, 0x00000007c0000000)
  eden space 720896K, 0% used [0x000000076ab00000,0x000000076ab00000,0x0000000796b00000)
  from space 94720K, 87% used [0x000000079d380000,0x00000007a24947d8,0x00000007a3000000)
  to   space 107008K, 0% used [0x0000000796b00000,0x0000000796b00000,0x000000079d380000)
 ParOldGen       total 327168K, used 289663K [0x00000006c0000000, 0x00000006d3f80000, 0x000000076ab00000)
  object space 327168K, 88% used [0x00000006c0000000,0x00000006d1adffe8,0x00000006d3f80000)
 Metaspace       used 6571K, capacity 7344K, committed 7552K, reserved 1056768K
  class space    used 602K, capacity 616K, committed 640K, reserved 1048576K
}
Event: 30.738 GC heap before
{Heap before GC invocations=21 (full 5):
 PSYoungGen      total 815616K, used 83025K [0x000000076ab00000, 0x00000007a5580000, 0x00000007c0000000)
  eden space 720896K, 0% used [0x000000076ab00000,0x000000076ab00000,0x0000000796b00000)
  from space 94720K, 87% used [0x000000079d380000,0x00000007a24947d8,0x00000007a3000000)
  to   space 107008K, 0% used [0x0000000796b00000,0x0000000796b00000,0x000000079d380000)
 ParOldGen       total 327168K, used 289663K [0x00000006c0000000, 0x00000006d3f80000, 0x000000076ab00000)
  object space 327168K, 88% used [0x00000006c0000000,0x00000006d1adffe8,0x00000006d3f80000)
 Metaspace       used 6571K, capacity 7344K, committed 7552K, reserved 1056768K
  class space    used 602K, capacity 616K, committed 640K, reserved 1048576K
Event: 32.188 GC heap after
Heap after GC invocations=21 (full 5):
 PSYoungGen      total 815616K, used 40666K [0x000000076ab00000, 0x00000007a5580000, 0x00000007c0000000)
  eden space 720896K, 0% used [0x000000076ab00000,0x000000076ab00000,0x0000000796b00000)
  from space 94720K, 42% used [0x000000079d380000,0x000000079fb369c8,0x00000007a3000000)
  to   space 107008K, 0% used [0x0000000796b00000,0x0000000796b00000,0x000000079d380000)
 ParOldGen       total 435712K, used 326762K [0x00000006c0000000, 0x00000006da980000, 0x000000076ab00000)
  object space 435712K, 74% used [0x00000006c0000000,0x00000006d3f1aa88,0x00000006da980000)
 Metaspace       used 6571K, capacity 7344K, committed 7552K, reserved 1056768K
  class space    used 602K, capacity 616K, committed 640K, reserved 1048576K
}
Event: 36.161 GC heap before
{Heap before GC invocations=22 (full 5):
 PSYoungGen      total 815616K, used 761562K [0x000000076ab00000, 0x00000007a5580000, 0x00000007c0000000)
  eden space 720896K, 100% used [0x000000076ab00000,0x0000000796b00000,0x0000000796b00000)
  from space 94720K, 42% used [0x000000079d380000,0x000000079fb369c8,0x00000007a3000000)
  to   space 107008K, 0% used [0x0000000796b00000,0x0000000796b00000,0x000000079d380000)
 ParOldGen       total 435712K, used 326762K [0x00000006c0000000, 0x00000006da980000, 0x000000076ab00000)
  object space 435712K, 74% used [0x00000006c0000000,0x00000006d3f1aa88,0x00000006da980000)
 Metaspace       used 6589K, capacity 7344K, committed 7552K, reserved 1056768K
  class space    used 603K, capacity 616K, committed 640K, reserved 1048576K
Event: 40.637 GC heap after
Heap after GC invocations=22 (full 5):
 PSYoungGen      total 827904K, used 106981K [0x000000076ab00000, 0x00000007b4b80000, 0x00000007c0000000)
  eden space 720896K, 0% used [0x000000076ab00000,0x000000076ab00000,0x0000000796b00000)
  from space 107008K, 99% used [0x0000000796b00000,0x000000079d3795f0,0x000000079d380000)
  to   space 139776K, 0% used [0x00000007ac300000,0x00000007ac300000,0x00000007b4b80000)
 ParOldGen       total 435712K, used 364765K [0x00000006c0000000, 0x00000006da980000, 0x000000076ab00000)
  object space 435712K, 83% used [0x00000006c0000000,0x00000006d6437550,0x00000006da980000)
 Metaspace       used 6589K, capacity 7344K, committed 7552K, reserved 1056768K
  class space    used 603K, capacity 616K, committed 640K, reserved 1048576K
}
Event: 44.348 GC heap before
{Heap before GC invocations=23 (full 5):
 PSYoungGen      total 827904K, used 827877K [0x000000076ab00000, 0x00000007b4b80000, 0x00000007c0000000)
  eden space 720896K, 100% used [0x000000076ab00000,0x0000000796b00000,0x0000000796b00000)
  from space 107008K, 99% used [0x0000000796b00000,0x000000079d3795f0,0x000000079d380000)
  to   space 139776K, 0% used [0x00000007ac300000,0x00000007ac300000,0x00000007b4b80000)
 ParOldGen       total 435712K, used 364765K [0x00000006c0000000, 0x00000006da980000, 0x000000076ab00000)
  object space 435712K, 83% used [0x00000006c0000000,0x00000006d6437550,0x00000006da980000)
 Metaspace       used 6613K, capacity 7344K, committed 7552K, reserved 1056768K
  class space    used 603K, capacity 616K, committed 640K, reserved 1048576K
Event: 50.436 GC heap after
Heap after GC invocations=23 (full 5):
 PSYoungGen      total 1063936K, used 98185K [0x000000076ab00000, 0x00000007b6580000, 0x00000007c0000000)
  eden space 924160K, 0% used [0x000000076ab00000,0x000000076ab00000,0x00000007a3180000)
  from space 139776K, 70% used [0x00000007ac300000,0x00000007b22e24a8,0x00000007b4b80000)
  to   space 148992K, 0% used [0x00000007a3180000,0x00000007a3180000,0x00000007ac300000)
 ParOldGen       total 465408K, used 464234K [0x00000006c0000000, 0x00000006dc680000, 0x000000076ab00000)
  object space 465408K, 99% used [0x00000006c0000000,0x00000006dc55ab88,0x00000006dc680000)
 Metaspace       used 6613K, capacity 7344K, committed 7552K, reserved 1056768K
  class space    used 603K, capacity 616K, committed 640K, reserved 1048576K
}
Event: 51.064 GC heap before
{Heap before GC invocations=24 (full 6):
 PSYoungGen      total 1063936K, used 98185K [0x000000076ab00000, 0x00000007b6580000, 0x00000007c0000000)
  eden space 924160K, 0% used [0x000000076ab00000,0x000000076ab00000,0x00000007a3180000)
  from space 139776K, 70% used [0x00000007ac300000,0x00000007b22e24a8,0x00000007b4b80000)
  to   space 148992K, 0% used [0x00000007a3180000,0x00000007a3180000,0x00000007ac300000)
 ParOldGen       total 465408K, used 464234K [0x00000006c0000000, 0x00000006dc680000, 0x000000076ab00000)
  object space 465408K, 99% used [0x00000006c0000000,0x00000006dc55ab88,0x00000006dc680000)
 Metaspace       used 6613K, capacity 7344K, committed 7552K, reserved 1056768K
  class space    used 603K, capacity 616K, committed 640K, reserved 1048576K

