# JRE version: Java(TM) SE Runtime Environment (8.0_151-b12) (build 1.8.0_151-b12)
# Java VM: Java HotSpot(TM) 64-Bit Server VM (25.151-b12 mixed mode windows-amd64 compressed oops)
Heap:
 PSYoungGen      total 939008K, used 673102K [0x000000076ab00000, 0x00000007b7800000, 0x00000007c0000000)
  eden space 745984K, 64% used [0x000000076ab00000,0x0000000787fd4338,0x0000000798380000)
  from space 193024K, 99% used [0x0000000798380000,0x00000007a3fff7a8,0x00000007a4000000)
  to   space 229376K, 0% used [0x00000007a9800000,0x00000007a9800000,0x00000007b7800000)
 ParOldGen       total 1012224K, used 378569K [0x00000006c0000000, 0x00000006fdc80000, 0x000000076ab00000)
  object space 1012224K, 37% used [0x00000006c0000000,0x00000006d71b2430,0x00000006fdc80000)
 Metaspace       used 7621K, capacity 7960K, committed 8192K, reserved 1056768K
  class space    used 696K, capacity 720K, committed 768K, reserved 1048576K
GC Heap History (10 events):
Event: 25.699 GC heap before
{Heap before GC invocations=26 (full 7):
 PSYoungGen      total 904192K, used 698368K [0x000000076ab00000, 0x00000007b2f80000, 0x00000007c0000000)
  eden space 698368K, 100% used [0x000000076ab00000,0x0000000795500000,0x0000000795500000)
  from space 205824K, 0% used [0x0000000795500000,0x0000000795500000,0x00000007a1e00000)
  to   space 201728K, 0% used [0x00000007a6a80000,0x00000007a6a80000,0x00000007b2f80000)
 ParOldGen       total 778752K, used 778699K [0x00000006c0000000, 0x00000006ef880000, 0x000000076ab00000)
  object space 778752K, 99% used [0x00000006c0000000,0x00000006ef872ce0,0x00000006ef880000)
 Metaspace       used 7178K, capacity 7672K, committed 7936K, reserved 1056768K
  class space    used 661K, capacity 688K, committed 768K, reserved 1048576K
Event: 28.739 GC heap after
Heap after GC invocations=26 (full 7):
 PSYoungGen      total 904192K, used 90209K [0x000000076ab00000, 0x00000007b2f80000, 0x00000007c0000000)
  eden space 698368K, 12% used [0x000000076ab00000,0x0000000770318640,0x0000000795500000)
  from space 205824K, 0% used [0x0000000795500000,0x0000000795500000,0x00000007a1e00000)
  to   space 201728K, 0% used [0x00000007a6a80000,0x00000007a6a80000,0x00000007b2f80000)
 ParOldGen       total 778752K, used 778683K [0x00000006c0000000, 0x00000006ef880000, 0x000000076ab00000)
  object space 778752K, 99% used [0x00000006c0000000,0x00000006ef86ed60,0x00000006ef880000)
 Metaspace       used 7178K, capacity 7672K, committed 7936K, reserved 1056768K
  class space    used 661K, capacity 688K, committed 768K, reserved 1048576K
}
Event: 29.912 GC heap before
{Heap before GC invocations=27 (full 8):
 PSYoungGen      total 904192K, used 698368K [0x000000076ab00000, 0x00000007b2f80000, 0x00000007c0000000)
  eden space 698368K, 100% used [0x000000076ab00000,0x0000000795500000,0x0000000795500000)
  from space 205824K, 0% used [0x0000000795500000,0x0000000795500000,0x00000007a1e00000)
  to   space 201728K, 0% used [0x00000007a6a80000,0x00000007a6a80000,0x00000007b2f80000)
 ParOldGen       total 778752K, used 778683K [0x00000006c0000000, 0x00000006ef880000, 0x000000076ab00000)
  object space 778752K, 99% used [0x00000006c0000000,0x00000006ef86ed60,0x00000006ef880000)
 Metaspace       used 7239K, capacity 7736K, committed 7936K, reserved 1056768K
  class space    used 663K, capacity 688K, committed 768K, reserved 1048576K
Event: 31.537 GC heap after
Heap after GC invocations=27 (full 8):
 PSYoungGen      total 904192K, used 0K [0x000000076ab00000, 0x00000007b2f80000, 0x00000007c0000000)
  eden space 698368K, 0% used [0x000000076ab00000,0x000000076ab00000,0x0000000795500000)
  from space 205824K, 0% used [0x0000000795500000,0x0000000795500000,0x00000007a1e00000)
  to   space 201728K, 0% used [0x00000007a6a80000,0x00000007a6a80000,0x00000007b2f80000)
 ParOldGen       total 778752K, used 645511K [0x00000006c0000000, 0x00000006ef880000, 0x000000076ab00000)
  object space 778752K, 82% used [0x00000006c0000000,0x00000006e7661e58,0x00000006ef880000)
 Metaspace       used 7239K, capacity 7736K, committed 7936K, reserved 1056768K
  class space    used 663K, capacity 688K, committed 768K, reserved 1048576K
}
Event: 32.674 GC heap before
{Heap before GC invocations=28 (full 9):
 PSYoungGen      total 904192K, used 698368K [0x000000076ab00000, 0x00000007b2f80000, 0x00000007c0000000)
  eden space 698368K, 100% used [0x000000076ab00000,0x0000000795500000,0x0000000795500000)
  from space 205824K, 0% used [0x0000000795500000,0x0000000795500000,0x00000007a1e00000)
  to   space 201728K, 0% used [0x00000007a6a80000,0x00000007a6a80000,0x00000007b2f80000)
 ParOldGen       total 778752K, used 645511K [0x00000006c0000000, 0x00000006ef880000, 0x000000076ab00000)
  object space 778752K, 82% used [0x00000006c0000000,0x00000006e7661e58,0x00000006ef880000)
 Metaspace       used 7594K, capacity 7896K, committed 8192K, reserved 1056768K
  class space    used 694K, capacity 720K, committed 768K, reserved 1048576K
Event: 33.831 GC heap after
Heap after GC invocations=28 (full 9):
 PSYoungGen      total 904192K, used 0K [0x000000076ab00000, 0x00000007b2f80000, 0x00000007c0000000)
  eden space 698368K, 0% used [0x000000076ab00000,0x000000076ab00000,0x0000000795500000)
  from space 205824K, 0% used [0x0000000795500000,0x0000000795500000,0x00000007a1e00000)
  to   space 201728K, 0% used [0x00000007a6a80000,0x00000007a6a80000,0x00000007b2f80000)
 ParOldGen       total 1012224K, used 361813K [0x00000006c0000000, 0x00000006fdc80000, 0x000000076ab00000)
  object space 1012224K, 35% used [0x00000006c0000000,0x00000006d61554e8,0x00000006fdc80000)
 Metaspace       used 7594K, capacity 7896K, committed 8192K, reserved 1056768K
  class space    used 694K, capacity 720K, committed 768K, reserved 1048576K
}
Event: 34.408 GC heap before
{Heap before GC invocations=29 (full 9):
 PSYoungGen      total 904192K, used 698368K [0x000000076ab00000, 0x00000007b2f80000, 0x00000007c0000000)
  eden space 698368K, 100% used [0x000000076ab00000,0x0000000795500000,0x0000000795500000)
  from space 205824K, 0% used [0x0000000795500000,0x0000000795500000,0x00000007a1e00000)
  to   space 201728K, 0% used [0x00000007a6a80000,0x00000007a6a80000,0x00000007b2f80000)
 ParOldGen       total 1012224K, used 361813K [0x00000006c0000000, 0x00000006fdc80000, 0x000000076ab00000)
  object space 1012224K, 35% used [0x00000006c0000000,0x00000006d61554e8,0x00000006fdc80000)
 Metaspace       used 7594K, capacity 7896K, committed 8192K, reserved 1056768K
  class space    used 694K, capacity 720K, committed 768K, reserved 1048576K
Event: 34.462 GC heap after
Heap after GC invocations=29 (full 9):
 PSYoungGen      total 895488K, used 88648K [0x000000076ab00000, 0x00000007afc80000, 0x00000007c0000000)
  eden space 745984K, 0% used [0x000000076ab00000,0x000000076ab00000,0x0000000798380000)
  from space 149504K, 59% used [0x00000007a6a80000,0x00000007ac112090,0x00000007afc80000)
  to   space 193024K, 0% used [0x0000000798380000,0x0000000798380000,0x00000007a4000000)
 ParOldGen       total 1012224K, used 361813K [0x00000006c0000000, 0x00000006fdc80000, 0x000000076ab00000)
  object space 1012224K, 35% used [0x00000006c0000000,0x00000006d61554e8,0x00000006fdc80000)
 Metaspace       used 7594K, capacity 7896K, committed 8192K, reserved 1056768K
  class space    used 694K, capacity 720K, committed 768K, reserved 1048576K
}
Event: 35.205 GC heap before
{Heap before GC invocations=30 (full 9):
 PSYoungGen      total 895488K, used 834632K [0x000000076ab00000, 0x00000007afc80000, 0x00000007c0000000)
  eden space 745984K, 100% used [0x000000076ab00000,0x0000000798380000,0x0000000798380000)
  from space 149504K, 59% used [0x00000007a6a80000,0x00000007ac112090,0x00000007afc80000)
  to   space 193024K, 0% used [0x0000000798380000,0x0000000798380000,0x00000007a4000000)
 ParOldGen       total 1012224K, used 361813K [0x00000006c0000000, 0x00000006fdc80000, 0x000000076ab00000)
  object space 1012224K, 35% used [0x00000006c0000000,0x00000006d61554e8,0x00000006fdc80000)
 Metaspace       used 7619K, capacity 7960K, committed 8192K, reserved 1056768K
  class space    used 696K, capacity 720K, committed 768K, reserved 1048576K
Event: 35.326 GC heap after
Heap after GC invocations=30 (full 9):
 PSYoungGen      total 939008K, used 193021K [0x000000076ab00000, 0x00000007b7800000, 0x00000007c0000000)
  eden space 745984K, 0% used [0x000000076ab00000,0x000000076ab00000,0x0000000798380000)
  from space 193024K, 99% used [0x0000000798380000,0x00000007a3fff7a8,0x00000007a4000000)
  to   space 229376K, 0% used [0x00000007a9800000,0x00000007a9800000,0x00000007b7800000)
 ParOldGen       total 1012224K, used 378569K [0x00000006c0000000, 0x00000006fdc80000, 0x000000076ab00000)
  object space 1012224K, 37% used [0x00000006c0000000,0x00000006d71b2430,0x00000006fdc80000)
 Metaspace       used 7619K, capacity 7960K, committed 8192K, reserved 1056768K
  class space    used 696K, capacity 720K, committed 768K, reserved 1048576K
}

