# JRE version: OpenJDK Runtime Environment (8.0_152-b01) (build 1.8.0_152-release-915-b01)
# Java VM: OpenJDK 64-Bit Server VM (25.152-b01 mixed mode windows-amd64 compressed oops)
Heap:
 PSYoungGen      total 760320K, used 431280K [0x000000076ab00000, 0x00000007aeb00000, 0x00000007c0000000)
  eden space 576000K, 42% used [0x000000076ab00000,0x0000000779c32200,0x000000078dd80000)
  from space 184320K, 99% used [0x000000078dd80000,0x000000079917a020,0x0000000799180000)
  to   space 218624K, 0% used [0x00000007a1580000,0x00000007a1580000,0x00000007aeb00000)
 ParOldGen       total 599552K, used 379096K [0x00000006c0000000, 0x00000006e4980000, 0x000000076ab00000)
  object space 599552K, 63% used [0x00000006c0000000,0x00000006d7236020,0x00000006e4980000)
 Metaspace       used 6601K, capacity 7286K, committed 7552K, reserved 1056768K
  class space    used 606K, capacity 622K, committed 640K, reserved 1048576K
GC Heap History (10 events):
Event: 7.425 GC heap before
{Heap before GC invocations=14 (full 2):
 PSYoungGen      total 557568K, used 530223K [0x000000076ab00000, 0x0000000798200000, 0x00000007c0000000)
  eden space 454144K, 100% used [0x000000076ab00000,0x0000000786680000,0x0000000786680000)
  from space 103424K, 73% used [0x0000000786680000,0x000000078b0cbe58,0x000000078cb80000)
  to   space 111616K, 0% used [0x0000000791500000,0x0000000791500000,0x0000000798200000)
 ParOldGen       total 363008K, used 203721K [0x00000006c0000000, 0x00000006d6280000, 0x000000076ab00000)
  object space 363008K, 56% used [0x00000006c0000000,0x00000006cc6f27d0,0x00000006d6280000)
 Metaspace       used 6566K, capacity 7286K, committed 7552K, reserved 1056768K
  class space    used 605K, capacity 622K, committed 640K, reserved 1048576K
Event: 7.527 GC heap after
Heap after GC invocations=14 (full 2):
 PSYoungGen      total 603648K, used 111609K [0x000000076ab00000, 0x000000079c080000, 0x00000007c0000000)
  eden space 492032K, 0% used [0x000000076ab00000,0x000000076ab00000,0x0000000788b80000)
  from space 111616K, 99% used [0x0000000791500000,0x00000007981fe6a0,0x0000000798200000)
  to   space 140800K, 0% used [0x0000000788b80000,0x0000000788b80000,0x0000000791500000)
 ParOldGen       total 363008K, used 231227K [0x00000006c0000000, 0x00000006d6280000, 0x000000076ab00000)
  object space 363008K, 63% used [0x00000006c0000000,0x00000006ce1ceca8,0x00000006d6280000)
 Metaspace       used 6566K, capacity 7286K, committed 7552K, reserved 1056768K
  class space    used 605K, capacity 622K, committed 640K, reserved 1048576K
}
Event: 8.291 GC heap before
{Heap before GC invocations=15 (full 2):
 PSYoungGen      total 603648K, used 603641K [0x000000076ab00000, 0x000000079c080000, 0x00000007c0000000)
  eden space 492032K, 100% used [0x000000076ab00000,0x0000000788b80000,0x0000000788b80000)
  from space 111616K, 99% used [0x0000000791500000,0x00000007981fe6a0,0x0000000798200000)
  to   space 140800K, 0% used [0x0000000788b80000,0x0000000788b80000,0x0000000791500000)
 ParOldGen       total 363008K, used 231227K [0x00000006c0000000, 0x00000006d6280000, 0x000000076ab00000)
  object space 363008K, 63% used [0x00000006c0000000,0x00000006ce1ceca8,0x00000006d6280000)
 Metaspace       used 6578K, capacity 7286K, committed 7552K, reserved 1056768K
  class space    used 606K, capacity 622K, committed 640K, reserved 1048576K
Event: 8.456 GC heap after
Heap after GC invocations=15 (full 2):
 PSYoungGen      total 632832K, used 140769K [0x000000076ab00000, 0x00000007a3f00000, 0x00000007c0000000)
  eden space 492032K, 0% used [0x000000076ab00000,0x000000076ab00000,0x0000000788b80000)
  from space 140800K, 99% used [0x0000000788b80000,0x00000007914f8590,0x0000000791500000)
  to   space 177664K, 0% used [0x0000000799180000,0x0000000799180000,0x00000007a3f00000)
 ParOldGen       total 363008K, used 265102K [0x00000006c0000000, 0x00000006d6280000, 0x000000076ab00000)
  object space 363008K, 73% used [0x00000006c0000000,0x00000006d02e3a40,0x00000006d6280000)
 Metaspace       used 6578K, capacity 7286K, committed 7552K, reserved 1056768K
  class space    used 606K, capacity 622K, committed 640K, reserved 1048576K
}
Event: 9.228 GC heap before
{Heap before GC invocations=16 (full 2):
 PSYoungGen      total 632832K, used 632801K [0x000000076ab00000, 0x00000007a3f00000, 0x00000007c0000000)
  eden space 492032K, 100% used [0x000000076ab00000,0x0000000788b80000,0x0000000788b80000)
  from space 140800K, 99% used [0x0000000788b80000,0x00000007914f8590,0x0000000791500000)
  to   space 177664K, 0% used [0x0000000799180000,0x0000000799180000,0x00000007a3f00000)
 ParOldGen       total 363008K, used 265102K [0x00000006c0000000, 0x00000006d6280000, 0x000000076ab00000)
  object space 363008K, 73% used [0x00000006c0000000,0x00000006d02e3a40,0x00000006d6280000)
 Metaspace       used 6598K, capacity 7286K, committed 7552K, reserved 1056768K
  class space    used 606K, capacity 622K, committed 640K, reserved 1048576K
Event: 9.420 GC heap after
Heap after GC invocations=16 (full 2):
 PSYoungGen      total 753664K, used 112238K [0x000000076ab00000, 0x00000007a5700000, 0x00000007c0000000)
  eden space 576000K, 0% used [0x000000076ab00000,0x000000076ab00000,0x000000078dd80000)
  from space 177664K, 63% used [0x0000000799180000,0x000000079ff1b8b8,0x00000007a3f00000)
  to   space 184320K, 0% used [0x000000078dd80000,0x000000078dd80000,0x0000000799180000)
 ParOldGen       total 371200K, used 371139K [0x00000006c0000000, 0x00000006d6a80000, 0x000000076ab00000)
  object space 371200K, 99% used [0x00000006c0000000,0x00000006d6a70e78,0x00000006d6a80000)
 Metaspace       used 6598K, capacity 7286K, committed 7552K, reserved 1056768K
  class space    used 606K, capacity 622K, committed 640K, reserved 1048576K
}
Event: 9.420 GC heap before
{Heap before GC invocations=17 (full 3):
 PSYoungGen      total 753664K, used 112238K [0x000000076ab00000, 0x00000007a5700000, 0x00000007c0000000)
  eden space 576000K, 0% used [0x000000076ab00000,0x000000076ab00000,0x000000078dd80000)
  from space 177664K, 63% used [0x0000000799180000,0x000000079ff1b8b8,0x00000007a3f00000)
  to   space 184320K, 0% used [0x000000078dd80000,0x000000078dd80000,0x0000000799180000)
 ParOldGen       total 371200K, used 371139K [0x00000006c0000000, 0x00000006d6a80000, 0x000000076ab00000)
  object space 371200K, 99% used [0x00000006c0000000,0x00000006d6a70e78,0x00000006d6a80000)
 Metaspace       used 6598K, capacity 7286K, committed 7552K, reserved 1056768K
  class space    used 606K, capacity 622K, committed 640K, reserved 1048576K
Event: 11.145 GC heap after
Heap after GC invocations=17 (full 3):
 PSYoungGen      total 753664K, used 104875K [0x000000076ab00000, 0x00000007a5700000, 0x00000007c0000000)
  eden space 576000K, 0% used [0x000000076ab00000,0x000000076ab00000,0x000000078dd80000)
  from space 177664K, 59% used [0x0000000799180000,0x000000079f7eaf68,0x00000007a3f00000)
  to   space 184320K, 0% used [0x000000078dd80000,0x000000078dd80000,0x0000000799180000)
 ParOldGen       total 599552K, used 370984K [0x00000006c0000000, 0x00000006e4980000, 0x000000076ab00000)
  object space 599552K, 61% used [0x00000006c0000000,0x00000006d6a4a018,0x00000006e4980000)
 Metaspace       used 6598K, capacity 7286K, committed 7552K, reserved 1056768K
  class space    used 606K, capacity 622K, committed 640K, reserved 1048576K
}
Event: 12.385 GC heap before
{Heap before GC invocations=18 (full 3):
 PSYoungGen      total 753664K, used 680875K [0x000000076ab00000, 0x00000007a5700000, 0x00000007c0000000)
  eden space 576000K, 100% used [0x000000076ab00000,0x000000078dd80000,0x000000078dd80000)
  from space 177664K, 59% used [0x0000000799180000,0x000000079f7eaf68,0x00000007a3f00000)
  to   space 184320K, 0% used [0x000000078dd80000,0x000000078dd80000,0x0000000799180000)
 ParOldGen       total 599552K, used 370984K [0x00000006c0000000, 0x00000006e4980000, 0x000000076ab00000)
  object space 599552K, 61% used [0x00000006c0000000,0x00000006d6a4a018,0x00000006e4980000)
 Metaspace       used 6598K, capacity 7286K, committed 7552K, reserved 1056768K
  class space    used 606K, capacity 622K, committed 640K, reserved 1048576K
Event: 12.547 GC heap after
Heap after GC invocations=18 (full 3):
 PSYoungGen      total 760320K, used 184296K [0x000000076ab00000, 0x00000007aeb00000, 0x00000007c0000000)
  eden space 576000K, 0% used [0x000000076ab00000,0x000000076ab00000,0x000000078dd80000)
  from space 184320K, 99% used [0x000000078dd80000,0x000000079917a020,0x0000000799180000)
  to   space 218624K, 0% used [0x00000007a1580000,0x00000007a1580000,0x00000007aeb00000)
 ParOldGen       total 599552K, used 379096K [0x00000006c0000000, 0x00000006e4980000, 0x000000076ab00000)
  object space 599552K, 63% used [0x00000006c0000000,0x00000006d7236020,0x00000006e4980000)
 Metaspace       used 6598K, capacity 7286K, committed 7552K, reserved 1056768K
  class space    used 606K, capacity 622K, committed 640K, reserved 1048576K
}

