# JRE version: OpenJDK Runtime Environment (8.0_152-b01) (build 1.8.0_152-release-915-b01)
# Java VM: OpenJDK 64-Bit Server VM (25.152-b01 mixed mode linux-amd64 compressed oops)
Heap:
 PSYoungGen      total 840192K, used 108215K [0x000000076ab00000, 0x00000007a6300000, 0x00000007c0000000)
  eden space 727040K, 0% used [0x000000076ab00000,0x000000076ab00000,0x0000000797100000)
  from space 113152K, 95% used [0x0000000797100000,0x000000079daadf68,0x000000079df80000)
  to   space 102912K, 0% used [0x000000079df80000,0x000000079df80000,0x00000007a4400000)
 ParOldGen       total 498688K, used 498579K [0x00000006c0000000, 0x00000006de700000, 0x000000076ab00000)
  object space 498688K, 99% used [0x00000006c0000000,0x00000006de6e4c18,0x00000006de700000)
 Metaspace       used 6605K, capacity 7344K, committed 7552K, reserved 1056768K
  class space    used 603K, capacity 616K, committed 640K, reserved 1048576K
GC Heap History (10 events):
Event: 23.009 GC heap after
Heap after GC invocations=19 (full 4):
 PSYoungGen      total 526336K, used 16703K [0x000000076ab00000, 0x0000000799100000, 0x00000007c0000000)
  eden space 457728K, 0% used [0x000000076ab00000,0x000000076ab00000,0x0000000786a00000)
  from space 68608K, 24% used [0x0000000786a00000,0x0000000787a4ffa0,0x000000078ad00000)
  to   space 77312K, 0% used [0x0000000794580000,0x0000000794580000,0x0000000799100000)
 ParOldGen       total 359936K, used 255159K [0x00000006c0000000, 0x00000006d5f80000, 0x000000076ab00000)
  object space 359936K, 70% used [0x00000006c0000000,0x00000006cf92dc38,0x00000006d5f80000)
 Metaspace       used 6544K, capacity 7280K, committed 7552K, reserved 1056768K
  class space    used 601K, capacity 616K, committed 640K, reserved 1048576K
}
Event: 27.200 GC heap before
{Heap before GC invocations=20 (full 4):
 PSYoungGen      total 526336K, used 474431K [0x000000076ab00000, 0x0000000799100000, 0x00000007c0000000)
  eden space 457728K, 100% used [0x000000076ab00000,0x0000000786a00000,0x0000000786a00000)
  from space 68608K, 24% used [0x0000000786a00000,0x0000000787a4ffa0,0x000000078ad00000)
  to   space 77312K, 0% used [0x0000000794580000,0x0000000794580000,0x0000000799100000)
 ParOldGen       total 359936K, used 255159K [0x00000006c0000000, 0x00000006d5f80000, 0x000000076ab00000)
  object space 359936K, 70% used [0x00000006c0000000,0x00000006cf92dc38,0x00000006d5f80000)
 Metaspace       used 6548K, capacity 7344K, committed 7552K, reserved 1056768K
  class space    used 601K, capacity 616K, committed 640K, reserved 1048576K
Event: 29.727 GC heap after
Heap after GC invocations=20 (full 4):
 PSYoungGen      total 670208K, used 73826K [0x000000076ab00000, 0x000000079aa00000, 0x00000007c0000000)
  eden space 592896K, 0% used [0x000000076ab00000,0x000000076ab00000,0x000000078ee00000)
  from space 77312K, 95% used [0x0000000794580000,0x0000000798d98870,0x0000000799100000)
  to   space 89600K, 0% used [0x000000078ee00000,0x000000078ee00000,0x0000000794580000)
 ParOldGen       total 359936K, used 269748K [0x00000006c0000000, 0x00000006d5f80000, 0x000000076ab00000)
  object space 359936K, 74% used [0x00000006c0000000,0x00000006d076d100,0x00000006d5f80000)
 Metaspace       used 6548K, capacity 7344K, committed 7552K, reserved 1056768K
  class space    used 601K, capacity 616K, committed 640K, reserved 1048576K
}
Event: 33.265 GC heap before
{Heap before GC invocations=21 (full 4):
 PSYoungGen      total 670208K, used 666722K [0x000000076ab00000, 0x000000079aa00000, 0x00000007c0000000)
  eden space 592896K, 100% used [0x000000076ab00000,0x000000078ee00000,0x000000078ee00000)
  from space 77312K, 95% used [0x0000000794580000,0x0000000798d98870,0x0000000799100000)
  to   space 89600K, 0% used [0x000000078ee00000,0x000000078ee00000,0x0000000794580000)
 ParOldGen       total 359936K, used 269748K [0x00000006c0000000, 0x00000006d5f80000, 0x000000076ab00000)
  object space 359936K, 74% used [0x00000006c0000000,0x00000006d076d100,0x00000006d5f80000)
 Metaspace       used 6558K, capacity 7344K, committed 7552K, reserved 1056768K
  class space    used 602K, capacity 616K, committed 640K, reserved 1048576K
Event: 37.638 GC heap after
Heap after GC invocations=21 (full 4):
 PSYoungGen      total 682496K, used 84370K [0x000000076ab00000, 0x00000007a4400000, 0x00000007c0000000)
  eden space 592896K, 0% used [0x000000076ab00000,0x000000076ab00000,0x000000078ee00000)
  from space 89600K, 94% used [0x000000078ee00000,0x0000000794064a00,0x0000000794580000)
  to   space 102912K, 0% used [0x000000079df80000,0x000000079df80000,0x00000007a4400000)
 ParOldGen       total 359936K, used 340503K [0x00000006c0000000, 0x00000006d5f80000, 0x000000076ab00000)
  object space 359936K, 94% used [0x00000006c0000000,0x00000006d4c85e00,0x00000006d5f80000)
 Metaspace       used 6558K, capacity 7344K, committed 7552K, reserved 1056768K
  class space    used 602K, capacity 616K, committed 640K, reserved 1048576K
}
Event: 37.799 GC heap before
{Heap before GC invocations=22 (full 5):
 PSYoungGen      total 682496K, used 84370K [0x000000076ab00000, 0x00000007a4400000, 0x00000007c0000000)
  eden space 592896K, 0% used [0x000000076ab00000,0x000000076ab00000,0x000000078ee00000)
  from space 89600K, 94% used [0x000000078ee00000,0x0000000794064a00,0x0000000794580000)
  to   space 102912K, 0% used [0x000000079df80000,0x000000079df80000,0x00000007a4400000)
 ParOldGen       total 359936K, used 340503K [0x00000006c0000000, 0x00000006d5f80000, 0x000000076ab00000)
  object space 359936K, 94% used [0x00000006c0000000,0x00000006d4c85e00,0x00000006d5f80000)
 Metaspace       used 6558K, capacity 7344K, committed 7552K, reserved 1056768K
  class space    used 602K, capacity 616K, committed 640K, reserved 1048576K
Event: 39.385 GC heap after
Heap after GC invocations=22 (full 5):
 PSYoungGen      total 682496K, used 60361K [0x000000076ab00000, 0x00000007a4400000, 0x00000007c0000000)
  eden space 592896K, 0% used [0x000000076ab00000,0x000000076ab00000,0x000000078ee00000)
  from space 89600K, 67% used [0x000000078ee00000,0x00000007928f24e0,0x0000000794580000)
  to   space 102912K, 0% used [0x000000079df80000,0x000000079df80000,0x00000007a4400000)
 ParOldGen       total 489984K, used 359833K [0x00000006c0000000, 0x00000006dde80000, 0x000000076ab00000)
  object space 489984K, 73% used [0x00000006c0000000,0x00000006d5f666d8,0x00000006dde80000)
 Metaspace       used 6558K, capacity 7344K, committed 7552K, reserved 1056768K
  class space    used 602K, capacity 616K, committed 640K, reserved 1048576K
}
Event: 40.909 GC heap before
{Heap before GC invocations=23 (full 5):
 PSYoungGen      total 682496K, used 653257K [0x000000076ab00000, 0x00000007a4400000, 0x00000007c0000000)
  eden space 592896K, 100% used [0x000000076ab00000,0x000000078ee00000,0x000000078ee00000)
  from space 89600K, 67% used [0x000000078ee00000,0x00000007928f24e0,0x0000000794580000)
  to   space 102912K, 0% used [0x000000079df80000,0x000000079df80000,0x00000007a4400000)
 ParOldGen       total 489984K, used 359833K [0x00000006c0000000, 0x00000006dde80000, 0x000000076ab00000)
  object space 489984K, 73% used [0x00000006c0000000,0x00000006d5f666d8,0x00000006dde80000)
 Metaspace       used 6581K, capacity 7344K, committed 7552K, reserved 1056768K
  class space    used 603K, capacity 616K, committed 640K, reserved 1048576K
Event: 42.936 GC heap after
Heap after GC invocations=23 (full 5):
 PSYoungGen      total 829952K, used 83613K [0x000000076ab00000, 0x00000007a6300000, 0x00000007c0000000)
  eden space 727040K, 0% used [0x000000076ab00000,0x000000076ab00000,0x0000000797100000)
  from space 102912K, 81% used [0x000000079df80000,0x00000007a31274b0,0x00000007a4400000)
  to   space 113152K, 0% used [0x0000000797100000,0x0000000797100000,0x000000079df80000)
 ParOldGen       total 489984K, used 418539K [0x00000006c0000000, 0x00000006dde80000, 0x000000076ab00000)
  object space 489984K, 85% used [0x00000006c0000000,0x00000006d98bad58,0x00000006dde80000)
 Metaspace       used 6581K, capacity 7344K, committed 7552K, reserved 1056768K
  class space    used 603K, capacity 616K, committed 640K, reserved 1048576K
}
Event: 46.726 GC heap before
{Heap before GC invocations=24 (full 5):
 PSYoungGen      total 829952K, used 810653K [0x000000076ab00000, 0x00000007a6300000, 0x00000007c0000000)
  eden space 727040K, 100% used [0x000000076ab00000,0x0000000797100000,0x0000000797100000)
  from space 102912K, 81% used [0x000000079df80000,0x00000007a31274b0,0x00000007a4400000)
  to   space 113152K, 0% used [0x0000000797100000,0x0000000797100000,0x000000079df80000)
 ParOldGen       total 489984K, used 418539K [0x00000006c0000000, 0x00000006dde80000, 0x000000076ab00000)
  object space 489984K, 85% used [0x00000006c0000000,0x00000006d98bad58,0x00000006dde80000)
 Metaspace       used 6605K, capacity 7344K, committed 7552K, reserved 1056768K
  class space    used 603K, capacity 616K, committed 640K, reserved 1048576K

