# JRE version: Java(TM) SE Runtime Environment (8.0_151-b12) (build 1.8.0_151-b12)
# Java VM: Java HotSpot(TM) 64-Bit Server VM (25.151-b12 mixed mode windows-amd64 compressed oops)
Heap:
 PSYoungGen      total 1023488K, used 616589K [0x000000076ab00000, 0x00000007c0000000, 0x00000007c0000000)
  eden space 717824K, 85% used [0x000000076ab00000,0x0000000790523568,0x0000000796800000)
  from space 305664K, 0% used [0x00000007ad580000,0x00000007ad580000,0x00000007c0000000)
  to   space 339968K, 0% used [0x0000000796800000,0x0000000796800000,0x00000007ab400000)
 ParOldGen       total 1293312K, used 889658K [0x00000006c0000000, 0x000000070ef00000, 0x000000076ab00000)
  object space 1293312K, 68% used [0x00000006c0000000,0x00000006f64ce890,0x000000070ef00000)
 Metaspace       used 7168K, capacity 7672K, committed 7936K, reserved 1056768K
  class space    used 659K, capacity 688K, committed 768K, reserved 1048576K
GC Heap History (10 events):
Event: 11.839 GC heap before
{Heap before GC invocations=19 (full 4):
 PSYoungGen      total 909824K, used 111141K [0x000000076ab00000, 0x00000007b7880000, 0x00000007c0000000)
  eden space 707584K, 0% used [0x000000076ab00000,0x000000076ab00000,0x0000000795e00000)
  from space 202240K, 54% used [0x0000000795e00000,0x000000079ca894c0,0x00000007a2380000)
  to   space 203264K, 0% used [0x00000007ab200000,0x00000007ab200000,0x00000007b7880000)
 ParOldGen       total 576000K, used 575580K [0x00000006c0000000, 0x00000006e3280000, 0x000000076ab00000)
  object space 576000K, 99% used [0x00000006c0000000,0x00000006e3217340,0x00000006e3280000)
 Metaspace       used 6768K, capacity 7384K, committed 7680K, reserved 1056768K
  class space    used 639K, capacity 656K, committed 768K, reserved 1048576K
Event: 14.257 GC heap after
Heap after GC invocations=19 (full 4):
 PSYoungGen      total 909824K, used 100637K [0x000000076ab00000, 0x00000007b7880000, 0x00000007c0000000)
  eden space 707584K, 0% used [0x000000076ab00000,0x000000076ab00000,0x0000000795e00000)
  from space 202240K, 49% used [0x0000000795e00000,0x000000079c047668,0x00000007a2380000)
  to   space 203264K, 0% used [0x00000007ab200000,0x00000007ab200000,0x00000007b7880000)
 ParOldGen       total 898048K, used 575852K [0x00000006c0000000, 0x00000006f6d00000, 0x000000076ab00000)
  object space 898048K, 64% used [0x00000006c0000000,0x00000006e325b368,0x00000006f6d00000)
 Metaspace       used 6768K, capacity 7384K, committed 7680K, reserved 1056768K
  class space    used 639K, capacity 656K, committed 768K, reserved 1048576K
}
Event: 15.130 GC heap before
{Heap before GC invocations=20 (full 4):
 PSYoungGen      total 909824K, used 808221K [0x000000076ab00000, 0x00000007b7880000, 0x00000007c0000000)
  eden space 707584K, 100% used [0x000000076ab00000,0x0000000795e00000,0x0000000795e00000)
  from space 202240K, 49% used [0x0000000795e00000,0x000000079c047668,0x00000007a2380000)
  to   space 203264K, 0% used [0x00000007ab200000,0x00000007ab200000,0x00000007b7880000)
 ParOldGen       total 898048K, used 575852K [0x00000006c0000000, 0x00000006f6d00000, 0x000000076ab00000)
  object space 898048K, 64% used [0x00000006c0000000,0x00000006e325b368,0x00000006f6d00000)
 Metaspace       used 6771K, capacity 7384K, committed 7680K, reserved 1056768K
  class space    used 639K, capacity 656K, committed 768K, reserved 1048576K
Event: 15.362 GC heap after
Heap after GC invocations=20 (full 4):
 PSYoungGen      total 1022976K, used 200594K [0x000000076ab00000, 0x00000007ba000000, 0x00000007c0000000)
  eden space 819712K, 0% used [0x000000076ab00000,0x000000076ab00000,0x000000079cb80000)
  from space 203264K, 98% used [0x00000007ab200000,0x00000007b75e4a80,0x00000007b7880000)
  to   space 236032K, 0% used [0x000000079cb80000,0x000000079cb80000,0x00000007ab200000)
 ParOldGen       total 898048K, used 575852K [0x00000006c0000000, 0x00000006f6d00000, 0x000000076ab00000)
  object space 898048K, 64% used [0x00000006c0000000,0x00000006e325b368,0x00000006f6d00000)
 Metaspace       used 6771K, capacity 7384K, committed 7680K, reserved 1056768K
  class space    used 639K, capacity 656K, committed 768K, reserved 1048576K
}
Event: 16.467 GC heap before
{Heap before GC invocations=21 (full 4):
 PSYoungGen      total 1022976K, used 1020306K [0x000000076ab00000, 0x00000007ba000000, 0x00000007c0000000)
  eden space 819712K, 100% used [0x000000076ab00000,0x000000079cb80000,0x000000079cb80000)
  from space 203264K, 98% used [0x00000007ab200000,0x00000007b75e4a80,0x00000007b7880000)
  to   space 236032K, 0% used [0x000000079cb80000,0x000000079cb80000,0x00000007ab200000)
 ParOldGen       total 898048K, used 575852K [0x00000006c0000000, 0x00000006f6d00000, 0x000000076ab00000)
  object space 898048K, 64% used [0x00000006c0000000,0x00000006e325b368,0x00000006f6d00000)
 Metaspace       used 6879K, capacity 7448K, committed 7680K, reserved 1056768K
  class space    used 645K, capacity 656K, committed 768K, reserved 1048576K
Event: 16.690 GC heap after
Heap after GC invocations=21 (full 4):
 PSYoungGen      total 1055744K, used 236029K [0x000000076ab00000, 0x00000007c0000000, 0x00000007c0000000)
  eden space 819712K, 0% used [0x000000076ab00000,0x000000076ab00000,0x000000079cb80000)
  from space 236032K, 99% used [0x000000079cb80000,0x00000007ab1ff530,0x00000007ab200000)
  to   space 305664K, 0% used [0x00000007ad580000,0x00000007ad580000,0x00000007c0000000)
 ParOldGen       total 898048K, used 656872K [0x00000006c0000000, 0x00000006f6d00000, 0x000000076ab00000)
  object space 898048K, 73% used [0x00000006c0000000,0x00000006e817a0e8,0x00000006f6d00000)
 Metaspace       used 6879K, capacity 7448K, committed 7680K, reserved 1056768K
  class space    used 645K, capacity 656K, committed 768K, reserved 1048576K
}
Event: 18.061 GC heap before
{Heap before GC invocations=22 (full 4):
 PSYoungGen      total 1055744K, used 1055741K [0x000000076ab00000, 0x00000007c0000000, 0x00000007c0000000)
  eden space 819712K, 100% used [0x000000076ab00000,0x000000079cb80000,0x000000079cb80000)
  from space 236032K, 99% used [0x000000079cb80000,0x00000007ab1ff530,0x00000007ab200000)
  to   space 305664K, 0% used [0x00000007ad580000,0x00000007ad580000,0x00000007c0000000)
 ParOldGen       total 898048K, used 656872K [0x00000006c0000000, 0x00000006f6d00000, 0x000000076ab00000)
  object space 898048K, 73% used [0x00000006c0000000,0x00000006e817a0e8,0x00000006f6d00000)
 Metaspace       used 7163K, capacity 7672K, committed 7936K, reserved 1056768K
  class space    used 659K, capacity 688K, committed 768K, reserved 1048576K
Event: 18.356 GC heap after
Heap after GC invocations=22 (full 4):
 PSYoungGen      total 1023488K, used 258240K [0x000000076ab00000, 0x00000007c0000000, 0x00000007c0000000)
  eden space 717824K, 0% used [0x000000076ab00000,0x000000076ab00000,0x0000000796800000)
  from space 305664K, 84% used [0x00000007ad580000,0x00000007bd1b0280,0x00000007c0000000)
  to   space 339968K, 0% used [0x0000000796800000,0x0000000796800000,0x00000007ab400000)
 ParOldGen       total 898048K, used 780633K [0x00000006c0000000, 0x00000006f6d00000, 0x000000076ab00000)
  object space 898048K, 86% used [0x00000006c0000000,0x00000006efa56720,0x00000006f6d00000)
 Metaspace       used 7163K, capacity 7672K, committed 7936K, reserved 1056768K
  class space    used 659K, capacity 688K, committed 768K, reserved 1048576K
}
Event: 18.356 GC heap before
{Heap before GC invocations=23 (full 5):
 PSYoungGen      total 1023488K, used 258240K [0x000000076ab00000, 0x00000007c0000000, 0x00000007c0000000)
  eden space 717824K, 0% used [0x000000076ab00000,0x000000076ab00000,0x0000000796800000)
  from space 305664K, 84% used [0x00000007ad580000,0x00000007bd1b0280,0x00000007c0000000)
  to   space 339968K, 0% used [0x0000000796800000,0x0000000796800000,0x00000007ab400000)
 ParOldGen       total 898048K, used 780633K [0x00000006c0000000, 0x00000006f6d00000, 0x000000076ab00000)
  object space 898048K, 86% used [0x00000006c0000000,0x00000006efa56720,0x00000006f6d00000)
 Metaspace       used 7163K, capacity 7672K, committed 7936K, reserved 1056768K
  class space    used 659K, capacity 688K, committed 768K, reserved 1048576K
Event: 21.608 GC heap after
Heap after GC invocations=23 (full 5):
 PSYoungGen      total 1023488K, used 0K [0x000000076ab00000, 0x00000007c0000000, 0x00000007c0000000)
  eden space 717824K, 0% used [0x000000076ab00000,0x000000076ab00000,0x0000000796800000)
  from space 305664K, 0% used [0x00000007ad580000,0x00000007ad580000,0x00000007c0000000)
  to   space 339968K, 0% used [0x0000000796800000,0x0000000796800000,0x00000007ab400000)
 ParOldGen       total 1293312K, used 889658K [0x00000006c0000000, 0x000000070ef00000, 0x000000076ab00000)
  object space 1293312K, 68% used [0x00000006c0000000,0x00000006f64ce890,0x000000070ef00000)
 Metaspace       used 7163K, capacity 7672K, committed 7936K, reserved 1056768K
  class space    used 659K, capacity 688K, committed 768K, reserved 1048576K
}

