# JRE version: OpenJDK Runtime Environment (8.0_152-b01) (build 1.8.0_152-release-915-b01)
# Java VM: OpenJDK 64-Bit Server VM (25.152-b01 mixed mode windows-amd64 compressed oops)
Heap:
 PSYoungGen      total 943616K, used 457599K [0x000000076ab00000, 0x00000007b7300000, 0x00000007c0000000)
  eden space 693760K, 53% used [0x000000076ab00000,0x000000078168b7c8,0x0000000795080000)
  from space 249856K, 34% used [0x00000007a5300000,0x00000007aa654448,0x00000007b4700000)
  to   space 264704K, 0% used [0x0000000795080000,0x0000000795080000,0x00000007a5300000)
 ParOldGen       total 566784K, used 566601K [0x00000006c0000000, 0x00000006e2980000, 0x000000076ab00000)
  object space 566784K, 99% used [0x00000006c0000000,0x00000006e2952750,0x00000006e2980000)
 Metaspace       used 6614K, capacity 7286K, committed 7552K, reserved 1056768K
  class space    used 607K, capacity 622K, committed 640K, reserved 1048576K
GC Heap History (10 events):
Event: 9.308 GC heap before
{Heap before GC invocations=16 (full 2):
 PSYoungGen      total 654848K, used 654839K [0x000000076ab00000, 0x00000007a7b00000, 0x00000007c0000000)
  eden space 495104K, 100% used [0x000000076ab00000,0x0000000788e80000,0x0000000788e80000)
  from space 159744K, 99% used [0x0000000788e80000,0x0000000792a7df60,0x0000000792a80000)
  to   space 198144K, 0% used [0x000000079b980000,0x000000079b980000,0x00000007a7b00000)
 ParOldGen       total 331264K, used 254736K [0x00000006c0000000, 0x00000006d4380000, 0x000000076ab00000)
  object space 331264K, 76% used [0x00000006c0000000,0x00000006cf8c41a8,0x00000006d4380000)
 Metaspace       used 6601K, capacity 7286K, committed 7552K, reserved 1056768K
  class space    used 606K, capacity 622K, committed 640K, reserved 1048576K
Event: 9.534 GC heap after
Heap after GC invocations=16 (full 2):
 PSYoungGen      total 788480K, used 138897K [0x000000076ab00000, 0x00000007a9a00000, 0x00000007c0000000)
  eden space 590336K, 0% used [0x000000076ab00000,0x000000076ab00000,0x000000078eb80000)
  from space 198144K, 70% used [0x000000079b980000,0x00000007a41245a0,0x00000007a7b00000)
  to   space 210944K, 0% used [0x000000078eb80000,0x000000078eb80000,0x000000079b980000)
 ParOldGen       total 353792K, used 353747K [0x00000006c0000000, 0x00000006d5980000, 0x000000076ab00000)
  object space 353792K, 99% used [0x00000006c0000000,0x00000006d5974e20,0x00000006d5980000)
 Metaspace       used 6601K, capacity 7286K, committed 7552K, reserved 1056768K
  class space    used 606K, capacity 622K, committed 640K, reserved 1048576K
}
Event: 9.535 GC heap before
{Heap before GC invocations=17 (full 3):
 PSYoungGen      total 788480K, used 138897K [0x000000076ab00000, 0x00000007a9a00000, 0x00000007c0000000)
  eden space 590336K, 0% used [0x000000076ab00000,0x000000076ab00000,0x000000078eb80000)
  from space 198144K, 70% used [0x000000079b980000,0x00000007a41245a0,0x00000007a7b00000)
  to   space 210944K, 0% used [0x000000078eb80000,0x000000078eb80000,0x000000079b980000)
 ParOldGen       total 353792K, used 353747K [0x00000006c0000000, 0x00000006d5980000, 0x000000076ab00000)
  object space 353792K, 99% used [0x00000006c0000000,0x00000006d5974e20,0x00000006d5980000)
 Metaspace       used 6601K, capacity 7286K, committed 7552K, reserved 1056768K
  class space    used 606K, capacity 622K, committed 640K, reserved 1048576K
Event: 11.287 GC heap after
Heap after GC invocations=17 (full 3):
 PSYoungGen      total 788480K, used 129475K [0x000000076ab00000, 0x00000007a9a00000, 0x00000007c0000000)
  eden space 590336K, 0% used [0x000000076ab00000,0x000000076ab00000,0x000000078eb80000)
  from space 198144K, 65% used [0x000000079b980000,0x00000007a37f0f38,0x00000007a7b00000)
  to   space 210944K, 0% used [0x000000078eb80000,0x000000078eb80000,0x000000079b980000)
 ParOldGen       total 566784K, used 353652K [0x00000006c0000000, 0x00000006e2980000, 0x000000076ab00000)
  object space 566784K, 62% used [0x00000006c0000000,0x00000006d595d368,0x00000006e2980000)
 Metaspace       used 6601K, capacity 7286K, committed 7552K, reserved 1056768K
  class space    used 606K, capacity 622K, committed 640K, reserved 1048576K
}
Event: 12.311 GC heap before
{Heap before GC invocations=18 (full 3):
 PSYoungGen      total 788480K, used 719811K [0x000000076ab00000, 0x00000007a9a00000, 0x00000007c0000000)
  eden space 590336K, 100% used [0x000000076ab00000,0x000000078eb80000,0x000000078eb80000)
  from space 198144K, 65% used [0x000000079b980000,0x00000007a37f0f38,0x00000007a7b00000)
  to   space 210944K, 0% used [0x000000078eb80000,0x000000078eb80000,0x000000079b980000)
 ParOldGen       total 566784K, used 353652K [0x00000006c0000000, 0x00000006e2980000, 0x000000076ab00000)
  object space 566784K, 62% used [0x00000006c0000000,0x00000006d595d368,0x00000006e2980000)
 Metaspace       used 6608K, capacity 7286K, committed 7552K, reserved 1056768K
  class space    used 606K, capacity 622K, committed 640K, reserved 1048576K
Event: 12.558 GC heap after
Heap after GC invocations=18 (full 3):
 PSYoungGen      total 801280K, used 210937K [0x000000076ab00000, 0x00000007b4700000, 0x00000007c0000000)
  eden space 590336K, 0% used [0x000000076ab00000,0x000000076ab00000,0x000000078eb80000)
  from space 210944K, 99% used [0x000000078eb80000,0x000000079b97e7e0,0x000000079b980000)
  to   space 249856K, 0% used [0x00000007a5300000,0x00000007a5300000,0x00000007b4700000)
 ParOldGen       total 566784K, used 359622K [0x00000006c0000000, 0x00000006e2980000, 0x000000076ab00000)
  object space 566784K, 63% used [0x00000006c0000000,0x00000006d5f31a28,0x00000006e2980000)
 Metaspace       used 6608K, capacity 7286K, committed 7552K, reserved 1056768K
  class space    used 606K, capacity 622K, committed 640K, reserved 1048576K
}
Event: 13.441 GC heap before
{Heap before GC invocations=19 (full 3):
 PSYoungGen      total 801280K, used 801273K [0x000000076ab00000, 0x00000007b4700000, 0x00000007c0000000)
  eden space 590336K, 100% used [0x000000076ab00000,0x000000078eb80000,0x000000078eb80000)
  from space 210944K, 99% used [0x000000078eb80000,0x000000079b97e7e0,0x000000079b980000)
  to   space 249856K, 0% used [0x00000007a5300000,0x00000007a5300000,0x00000007b4700000)
 ParOldGen       total 566784K, used 359622K [0x00000006c0000000, 0x00000006e2980000, 0x000000076ab00000)
  object space 566784K, 63% used [0x00000006c0000000,0x00000006d5f31a28,0x00000006e2980000)
 Metaspace       used 6614K, capacity 7286K, committed 7552K, reserved 1056768K
  class space    used 607K, capacity 622K, committed 640K, reserved 1048576K
Event: 13.695 GC heap after
Heap after GC invocations=19 (full 3):
 PSYoungGen      total 943616K, used 173964K [0x000000076ab00000, 0x00000007b7300000, 0x00000007c0000000)
  eden space 693760K, 0% used [0x000000076ab00000,0x000000076ab00000,0x0000000795080000)
  from space 249856K, 69% used [0x00000007a5300000,0x00000007afce3358,0x00000007b4700000)
  to   space 264704K, 0% used [0x0000000795080000,0x0000000795080000,0x00000007a5300000)
 ParOldGen       total 566784K, used 485896K [0x00000006c0000000, 0x00000006e2980000, 0x000000076ab00000)
  object space 566784K, 85% used [0x00000006c0000000,0x00000006dda82068,0x00000006e2980000)
 Metaspace       used 6614K, capacity 7286K, committed 7552K, reserved 1056768K
  class space    used 607K, capacity 622K, committed 640K, reserved 1048576K
}
Event: 13.695 GC heap before
{Heap before GC invocations=20 (full 4):
 PSYoungGen      total 943616K, used 173964K [0x000000076ab00000, 0x00000007b7300000, 0x00000007c0000000)
  eden space 693760K, 0% used [0x000000076ab00000,0x000000076ab00000,0x0000000795080000)
  from space 249856K, 69% used [0x00000007a5300000,0x00000007afce3358,0x00000007b4700000)
  to   space 264704K, 0% used [0x0000000795080000,0x0000000795080000,0x00000007a5300000)
 ParOldGen       total 566784K, used 485896K [0x00000006c0000000, 0x00000006e2980000, 0x000000076ab00000)
  object space 566784K, 85% used [0x00000006c0000000,0x00000006dda82068,0x00000006e2980000)
 Metaspace       used 6614K, capacity 7286K, committed 7552K, reserved 1056768K
  class space    used 607K, capacity 622K, committed 640K, reserved 1048576K
Event: 15.179 GC heap after
Heap after GC invocations=20 (full 4):
 PSYoungGen      total 943616K, used 85329K [0x000000076ab00000, 0x00000007b7300000, 0x00000007c0000000)
  eden space 693760K, 0% used [0x000000076ab00000,0x000000076ab00000,0x0000000795080000)
  from space 249856K, 34% used [0x00000007a5300000,0x00000007aa654448,0x00000007b4700000)
  to   space 264704K, 0% used [0x0000000795080000,0x0000000795080000,0x00000007a5300000)
 ParOldGen       total 566784K, used 566601K [0x00000006c0000000, 0x00000006e2980000, 0x000000076ab00000)
  object space 566784K, 99% used [0x00000006c0000000,0x00000006e2952750,0x00000006e2980000)
 Metaspace       used 6614K, capacity 7286K, committed 7552K, reserved 1056768K
  class space    used 607K, capacity 622K, committed 640K, reserved 1048576K
}

