# JRE version: Java(TM) SE Runtime Environment (8.0_151-b12) (build 1.8.0_151-b12)
# Java VM: Java HotSpot(TM) 64-Bit Server VM (25.151-b12 mixed mode windows-amd64 compressed oops)
Heap:
 PSYoungGen      total 1091072K, used 517936K [0x000000076ab00000, 0x00000007c0000000, 0x00000007c0000000)
  eden space 858624K, 33% used [0x000000076ab00000,0x000000077c7bd378,0x000000079f180000)
  from space 232448K, 97% used [0x000000079f180000,0x00000007ace8edc0,0x00000007ad480000)
  to   space 267264K, 0% used [0x00000007afb00000,0x00000007afb00000,0x00000007c0000000)
 ParOldGen       total 1146368K, used 679104K [0x00000006c0000000, 0x0000000705f80000, 0x000000076ab00000)
  object space 1146368K, 59% used [0x00000006c0000000,0x00000006e97303b8,0x0000000705f80000)
 Metaspace       used 7618K, capacity 7960K, committed 8192K, reserved 1056768K
  class space    used 697K, capacity 720K, committed 768K, reserved 1048576K
GC Heap History (10 events):
Event: 15.961 GC heap before
{Heap before GC invocations=21 (full 4):
 PSYoungGen      total 998912K, used 998885K [0x000000076ab00000, 0x00000007bca00000, 0x00000007c0000000)
  eden space 795136K, 100% used [0x000000076ab00000,0x000000079b380000,0x000000079b380000)
  from space 203776K, 99% used [0x00000007aa280000,0x00000007b6979470,0x00000007b6980000)
  to   space 244736K, 0% used [0x000000079b380000,0x000000079b380000,0x00000007aa280000)
 ParOldGen       total 752640K, used 590298K [0x00000006c0000000, 0x00000006edf00000, 0x000000076ab00000)
  object space 752640K, 78% used [0x00000006c0000000,0x00000006e40768f0,0x00000006edf00000)
 Metaspace       used 7173K, capacity 7672K, committed 7936K, reserved 1056768K
  class space    used 663K, capacity 688K, committed 768K, reserved 1048576K
Event: 16.294 GC heap after
Heap after GC invocations=21 (full 4):
 PSYoungGen      total 1039872K, used 118386K [0x000000076ab00000, 0x00000007be280000, 0x00000007c0000000)
  eden space 795136K, 0% used [0x000000076ab00000,0x000000076ab00000,0x000000079b380000)
  from space 244736K, 48% used [0x000000079b380000,0x00000007a271cad0,0x00000007aa280000)
  to   space 239104K, 0% used [0x00000007af900000,0x00000007af900000,0x00000007be280000)
 ParOldGen       total 792064K, used 791844K [0x00000006c0000000, 0x00000006f0580000, 0x000000076ab00000)
  object space 792064K, 99% used [0x00000006c0000000,0x00000006f0549398,0x00000006f0580000)
 Metaspace       used 7173K, capacity 7672K, committed 7936K, reserved 1056768K
  class space    used 663K, capacity 688K, committed 768K, reserved 1048576K
}
Event: 16.294 GC heap before
{Heap before GC invocations=22 (full 5):
 PSYoungGen      total 1039872K, used 118386K [0x000000076ab00000, 0x00000007be280000, 0x00000007c0000000)
  eden space 795136K, 0% used [0x000000076ab00000,0x000000076ab00000,0x000000079b380000)
  from space 244736K, 48% used [0x000000079b380000,0x00000007a271cad0,0x00000007aa280000)
  to   space 239104K, 0% used [0x00000007af900000,0x00000007af900000,0x00000007be280000)
 ParOldGen       total 792064K, used 791844K [0x00000006c0000000, 0x00000006f0580000, 0x000000076ab00000)
  object space 792064K, 99% used [0x00000006c0000000,0x00000006f0549398,0x00000006f0580000)
 Metaspace       used 7173K, capacity 7672K, committed 7936K, reserved 1056768K
  class space    used 663K, capacity 688K, committed 768K, reserved 1048576K
Event: 20.190 GC heap after
Heap after GC invocations=22 (full 5):
 PSYoungGen      total 1039872K, used 86597K [0x000000076ab00000, 0x00000007be280000, 0x00000007c0000000)
  eden space 795136K, 0% used [0x000000076ab00000,0x000000076ab00000,0x000000079b380000)
  from space 244736K, 35% used [0x000000079b380000,0x00000007a08115a0,0x00000007aa280000)
  to   space 239104K, 0% used [0x00000007af900000,0x00000007af900000,0x00000007be280000)
 ParOldGen       total 792064K, used 791688K [0x00000006c0000000, 0x00000006f0580000, 0x000000076ab00000)
  object space 792064K, 99% used [0x00000006c0000000,0x00000006f05220f8,0x00000006f0580000)
 Metaspace       used 7173K, capacity 7672K, committed 7936K, reserved 1056768K
  class space    used 663K, capacity 688K, committed 768K, reserved 1048576K
}
Event: 21.782 GC heap before
{Heap before GC invocations=23 (full 6):
 PSYoungGen      total 1039872K, used 881733K [0x000000076ab00000, 0x00000007be280000, 0x00000007c0000000)
  eden space 795136K, 100% used [0x000000076ab00000,0x000000079b380000,0x000000079b380000)
  from space 244736K, 35% used [0x000000079b380000,0x00000007a08115a0,0x00000007aa280000)
  to   space 239104K, 0% used [0x00000007af900000,0x00000007af900000,0x00000007be280000)
 ParOldGen       total 792064K, used 791688K [0x00000006c0000000, 0x00000006f0580000, 0x000000076ab00000)
  object space 792064K, 99% used [0x00000006c0000000,0x00000006f05220f8,0x00000006f0580000)
 Metaspace       used 7197K, capacity 7736K, committed 7936K, reserved 1056768K
  class space    used 664K, capacity 688K, committed 768K, reserved 1048576K
Event: 24.075 GC heap after
Heap after GC invocations=23 (full 6):
 PSYoungGen      total 1039872K, used 0K [0x000000076ab00000, 0x00000007be280000, 0x00000007c0000000)
  eden space 795136K, 0% used [0x000000076ab00000,0x000000076ab00000,0x000000079b380000)
  from space 244736K, 0% used [0x000000079b380000,0x000000079b380000,0x00000007aa280000)
  to   space 239104K, 0% used [0x00000007af900000,0x00000007af900000,0x00000007be280000)
 ParOldGen       total 1146368K, used 679104K [0x00000006c0000000, 0x0000000705f80000, 0x000000076ab00000)
  object space 1146368K, 59% used [0x00000006c0000000,0x00000006e97303b8,0x0000000705f80000)
 Metaspace       used 7197K, capacity 7736K, committed 7936K, reserved 1056768K
  class space    used 664K, capacity 688K, committed 768K, reserved 1048576K
}
Event: 25.400 GC heap before
{Heap before GC invocations=24 (full 6):
 PSYoungGen      total 1039872K, used 795136K [0x000000076ab00000, 0x00000007be280000, 0x00000007c0000000)
  eden space 795136K, 100% used [0x000000076ab00000,0x000000079b380000,0x000000079b380000)
  from space 244736K, 0% used [0x000000079b380000,0x000000079b380000,0x00000007aa280000)
  to   space 239104K, 0% used [0x00000007af900000,0x00000007af900000,0x00000007be280000)
 ParOldGen       total 1146368K, used 679104K [0x00000006c0000000, 0x0000000705f80000, 0x000000076ab00000)
  object space 1146368K, 59% used [0x00000006c0000000,0x00000006e97303b8,0x0000000705f80000)
 Metaspace       used 7617K, capacity 7960K, committed 8192K, reserved 1056768K
  class space    used 696K, capacity 720K, committed 768K, reserved 1048576K
Event: 25.472 GC heap after
Heap after GC invocations=24 (full 6):
 PSYoungGen      total 1053696K, used 115535K [0x000000076ab00000, 0x00000007bb780000, 0x00000007c0000000)
  eden space 858624K, 0% used [0x000000076ab00000,0x000000076ab00000,0x000000079f180000)
  from space 195072K, 59% used [0x00000007af900000,0x00000007b69d3ca8,0x00000007bb780000)
  to   space 232448K, 0% used [0x000000079f180000,0x000000079f180000,0x00000007ad480000)
 ParOldGen       total 1146368K, used 679104K [0x00000006c0000000, 0x0000000705f80000, 0x000000076ab00000)
  object space 1146368K, 59% used [0x00000006c0000000,0x00000006e97303b8,0x0000000705f80000)
 Metaspace       used 7617K, capacity 7960K, committed 8192K, reserved 1056768K
  class space    used 696K, capacity 720K, committed 768K, reserved 1048576K
}
Event: 26.531 GC heap before
{Heap before GC invocations=25 (full 6):
 PSYoungGen      total 1053696K, used 974159K [0x000000076ab00000, 0x00000007bb780000, 0x00000007c0000000)
  eden space 858624K, 100% used [0x000000076ab00000,0x000000079f180000,0x000000079f180000)
  from space 195072K, 59% used [0x00000007af900000,0x00000007b69d3ca8,0x00000007bb780000)
  to   space 232448K, 0% used [0x000000079f180000,0x000000079f180000,0x00000007ad480000)
 ParOldGen       total 1146368K, used 679104K [0x00000006c0000000, 0x0000000705f80000, 0x000000076ab00000)
  object space 1146368K, 59% used [0x00000006c0000000,0x00000006e97303b8,0x0000000705f80000)
 Metaspace       used 7618K, capacity 7960K, committed 8192K, reserved 1056768K
  class space    used 697K, capacity 720K, committed 768K, reserved 1048576K
Event: 26.861 GC heap after
Heap after GC invocations=25 (full 6):
 PSYoungGen      total 1091072K, used 226363K [0x000000076ab00000, 0x00000007c0000000, 0x00000007c0000000)
  eden space 858624K, 0% used [0x000000076ab00000,0x000000076ab00000,0x000000079f180000)
  from space 232448K, 97% used [0x000000079f180000,0x00000007ace8edc0,0x00000007ad480000)
  to   space 267264K, 0% used [0x00000007afb00000,0x00000007afb00000,0x00000007c0000000)
 ParOldGen       total 1146368K, used 679104K [0x00000006c0000000, 0x0000000705f80000, 0x000000076ab00000)
  object space 1146368K, 59% used [0x00000006c0000000,0x00000006e97303b8,0x0000000705f80000)
 Metaspace       used 7618K, capacity 7960K, committed 8192K, reserved 1056768K
  class space    used 697K, capacity 720K, committed 768K, reserved 1048576K
}

