# JRE version: Java(TM) SE Runtime Environment (8.0_151-b12) (build 1.8.0_151-b12)
# Java VM: Java HotSpot(TM) 64-Bit Server VM (25.151-b12 mixed mode windows-amd64 compressed oops)
Heap:
 PSYoungGen      total 944640K, used 244704K [0x000000076ab00000, 0x00000007c0000000, 0x00000007c0000000)
  eden space 641024K, 27% used [0x000000076ab00000,0x0000000775806370,0x0000000791d00000)
  from space 303616K, 22% used [0x0000000791d00000,0x0000000795ef1fc8,0x00000007a4580000)
  to   space 415232K, 0% used [0x00000007a6a80000,0x00000007a6a80000,0x00000007c0000000)
 ParOldGen       total 1104896K, used 771003K [0x00000006c0000000, 0x0000000703700000, 0x000000076ab00000)
  object space 1104896K, 69% used [0x00000006c0000000,0x00000006ef0eec08,0x0000000703700000)
 Metaspace       used 7189K, capacity 7736K, committed 7936K, reserved 1056768K
  class space    used 661K, capacity 688K, committed 768K, reserved 1048576K
GC Heap History (10 events):
Event: 13.659 GC heap before
{Heap before GC invocations=20 (full 4):
 PSYoungGen      total 953344K, used 186705K [0x000000076ab00000, 0x00000007b9300000, 0x00000007c0000000)
  eden space 705536K, 0% used [0x000000076ab00000,0x000000076ab00000,0x0000000795c00000)
  from space 247808K, 75% used [0x00000007a6180000,0x00000007b17d46b0,0x00000007b5380000)
  to   space 267776K, 0% used [0x0000000795c00000,0x0000000795c00000,0x00000007a6180000)
 ParOldGen       total 507392K, used 507191K [0x00000006c0000000, 0x00000006def80000, 0x000000076ab00000)
  object space 507392K, 99% used [0x00000006c0000000,0x00000006def4ddc0,0x00000006def80000)
 Metaspace       used 6774K, capacity 7384K, committed 7680K, reserved 1056768K
  class space    used 640K, capacity 656K, committed 768K, reserved 1048576K
Event: 17.021 GC heap after
Heap after GC invocations=20 (full 4):
 PSYoungGen      total 953344K, used 155864K [0x000000076ab00000, 0x00000007b9300000, 0x00000007c0000000)
  eden space 705536K, 0% used [0x000000076ab00000,0x000000076ab00000,0x0000000795c00000)
  from space 247808K, 62% used [0x00000007a6180000,0x00000007af9b6090,0x00000007b5380000)
  to   space 267776K, 0% used [0x0000000795c00000,0x0000000795c00000,0x00000007a6180000)
 ParOldGen       total 771072K, used 507074K [0x00000006c0000000, 0x00000006ef100000, 0x000000076ab00000)
  object space 771072K, 65% used [0x00000006c0000000,0x00000006def30bf8,0x00000006ef100000)
 Metaspace       used 6774K, capacity 7384K, committed 7680K, reserved 1056768K
  class space    used 640K, capacity 656K, committed 768K, reserved 1048576K
}
Event: 17.942 GC heap before
{Heap before GC invocations=21 (full 4):
 PSYoungGen      total 953344K, used 861400K [0x000000076ab00000, 0x00000007b9300000, 0x00000007c0000000)
  eden space 705536K, 100% used [0x000000076ab00000,0x0000000795c00000,0x0000000795c00000)
  from space 247808K, 62% used [0x00000007a6180000,0x00000007af9b6090,0x00000007b5380000)
  to   space 267776K, 0% used [0x0000000795c00000,0x0000000795c00000,0x00000007a6180000)
 ParOldGen       total 771072K, used 507074K [0x00000006c0000000, 0x00000006ef100000, 0x000000076ab00000)
  object space 771072K, 65% used [0x00000006c0000000,0x00000006def30bf8,0x00000006ef100000)
 Metaspace       used 6777K, capacity 7384K, committed 7680K, reserved 1056768K
  class space    used 641K, capacity 656K, committed 768K, reserved 1048576K
Event: 18.192 GC heap after
Heap after GC invocations=21 (full 4):
 PSYoungGen      total 973312K, used 255878K [0x000000076ab00000, 0x00000007c0000000, 0x00000007c0000000)
  eden space 705536K, 0% used [0x000000076ab00000,0x000000076ab00000,0x0000000795c00000)
  from space 267776K, 95% used [0x0000000795c00000,0x00000007a55e1b08,0x00000007a6180000)
  to   space 309248K, 0% used [0x00000007ad200000,0x00000007ad200000,0x00000007c0000000)
 ParOldGen       total 771072K, used 507074K [0x00000006c0000000, 0x00000006ef100000, 0x000000076ab00000)
  object space 771072K, 65% used [0x00000006c0000000,0x00000006def30bf8,0x00000006ef100000)
 Metaspace       used 6777K, capacity 7384K, committed 7680K, reserved 1056768K
  class space    used 641K, capacity 656K, committed 768K, reserved 1048576K
}
Event: 19.215 GC heap before
{Heap before GC invocations=22 (full 4):
 PSYoungGen      total 973312K, used 961414K [0x000000076ab00000, 0x00000007c0000000, 0x00000007c0000000)
  eden space 705536K, 100% used [0x000000076ab00000,0x0000000795c00000,0x0000000795c00000)
  from space 267776K, 95% used [0x0000000795c00000,0x00000007a55e1b08,0x00000007a6180000)
  to   space 309248K, 0% used [0x00000007ad200000,0x00000007ad200000,0x00000007c0000000)
 ParOldGen       total 771072K, used 507074K [0x00000006c0000000, 0x00000006ef100000, 0x000000076ab00000)
  object space 771072K, 65% used [0x00000006c0000000,0x00000006def30bf8,0x00000006ef100000)
 Metaspace       used 6883K, capacity 7480K, committed 7680K, reserved 1056768K
  class space    used 647K, capacity 688K, committed 768K, reserved 1048576K
Event: 19.551 GC heap after
Heap after GC invocations=22 (full 4):
 PSYoungGen      total 950272K, used 309218K [0x000000076ab00000, 0x00000007c0000000, 0x00000007c0000000)
  eden space 641024K, 0% used [0x000000076ab00000,0x000000076ab00000,0x0000000791d00000)
  from space 309248K, 99% used [0x00000007ad200000,0x00000007bfff8b18,0x00000007c0000000)
  to   space 378368K, 0% used [0x0000000791d00000,0x0000000791d00000,0x00000007a8e80000)
 ParOldGen       total 771072K, used 552458K [0x00000006c0000000, 0x00000006ef100000, 0x000000076ab00000)
  object space 771072K, 71% used [0x00000006c0000000,0x00000006e1b82be8,0x00000006ef100000)
 Metaspace       used 6883K, capacity 7480K, committed 7680K, reserved 1056768K
  class space    used 647K, capacity 688K, committed 768K, reserved 1048576K
}
Event: 20.781 GC heap before
{Heap before GC invocations=23 (full 4):
 PSYoungGen      total 950272K, used 950242K [0x000000076ab00000, 0x00000007c0000000, 0x00000007c0000000)
  eden space 641024K, 100% used [0x000000076ab00000,0x0000000791d00000,0x0000000791d00000)
  from space 309248K, 99% used [0x00000007ad200000,0x00000007bfff8b18,0x00000007c0000000)
  to   space 378368K, 0% used [0x0000000791d00000,0x0000000791d00000,0x00000007a8e80000)
 ParOldGen       total 771072K, used 552458K [0x00000006c0000000, 0x00000006ef100000, 0x000000076ab00000)
  object space 771072K, 71% used [0x00000006c0000000,0x00000006e1b82be8,0x00000006ef100000)
 Metaspace       used 7186K, capacity 7736K, committed 7936K, reserved 1056768K
  class space    used 661K, capacity 688K, committed 768K, reserved 1048576K
Event: 21.041 GC heap after
Heap after GC invocations=23 (full 4):
 PSYoungGen      total 944640K, used 303406K [0x000000076ab00000, 0x00000007c0000000, 0x00000007c0000000)
  eden space 641024K, 0% used [0x000000076ab00000,0x000000076ab00000,0x0000000791d00000)
  from space 303616K, 99% used [0x0000000791d00000,0x00000007a454b8e8,0x00000007a4580000)
  to   space 415232K, 0% used [0x00000007a6a80000,0x00000007a6a80000,0x00000007c0000000)
 ParOldGen       total 771072K, used 674463K [0x00000006c0000000, 0x00000006ef100000, 0x000000076ab00000)
  object space 771072K, 87% used [0x00000006c0000000,0x00000006e92a7d00,0x00000006ef100000)
 Metaspace       used 7186K, capacity 7736K, committed 7936K, reserved 1056768K
  class space    used 661K, capacity 688K, committed 768K, reserved 1048576K
}
Event: 21.041 GC heap before
{Heap before GC invocations=24 (full 5):
 PSYoungGen      total 944640K, used 303406K [0x000000076ab00000, 0x00000007c0000000, 0x00000007c0000000)
  eden space 641024K, 0% used [0x000000076ab00000,0x000000076ab00000,0x0000000791d00000)
  from space 303616K, 99% used [0x0000000791d00000,0x00000007a454b8e8,0x00000007a4580000)
  to   space 415232K, 0% used [0x00000007a6a80000,0x00000007a6a80000,0x00000007c0000000)
 ParOldGen       total 771072K, used 674463K [0x00000006c0000000, 0x00000006ef100000, 0x000000076ab00000)
  object space 771072K, 87% used [0x00000006c0000000,0x00000006e92a7d00,0x00000006ef100000)
 Metaspace       used 7186K, capacity 7736K, committed 7936K, reserved 1056768K
  class space    used 661K, capacity 688K, committed 768K, reserved 1048576K
Event: 24.273 GC heap after
Heap after GC invocations=24 (full 5):
 PSYoungGen      total 944640K, used 67527K [0x000000076ab00000, 0x00000007c0000000, 0x00000007c0000000)
  eden space 641024K, 0% used [0x000000076ab00000,0x000000076ab00000,0x0000000791d00000)
  from space 303616K, 22% used [0x0000000791d00000,0x0000000795ef1fc8,0x00000007a4580000)
  to   space 415232K, 0% used [0x00000007a6a80000,0x00000007a6a80000,0x00000007c0000000)
 ParOldGen       total 1104896K, used 771003K [0x00000006c0000000, 0x0000000703700000, 0x000000076ab00000)
  object space 1104896K, 69% used [0x00000006c0000000,0x00000006ef0eec08,0x0000000703700000)
 Metaspace       used 7186K, capacity 7736K, committed 7936K, reserved 1056768K
  class space    used 661K, capacity 688K, committed 768K, reserved 1048576K
}

