# JRE version: Java(TM) SE Runtime Environment (8.0_151-b12) (build 1.8.0_151-b12)
# Java VM: Java HotSpot(TM) 64-Bit Server VM (25.151-b12 mixed mode windows-amd64 compressed oops)
Heap:
 PSYoungGen      total 902144K, used 480692K [0x000000076ab00000, 0x00000007c0000000, 0x00000007c0000000)
  eden space 640512K, 34% used [0x000000076ab00000,0x00000007780ef340,0x0000000791c80000)
  from space 261632K, 99% used [0x0000000791c80000,0x00000007a1bfde38,0x00000007a1c00000)
  to   space 409088K, 0% used [0x00000007a7080000,0x00000007a7080000,0x00000007c0000000)
 ParOldGen       total 917504K, used 694769K [0x00000006c0000000, 0x00000006f8000000, 0x000000076ab00000)
  object space 917504K, 75% used [0x00000006c0000000,0x00000006ea67c4a8,0x00000006f8000000)
 Metaspace       used 7109K, capacity 7672K, committed 7936K, reserved 1056768K
  class space    used 659K, capacity 688K, committed 768K, reserved 1048576K
GC Heap History (10 events):
Event: 11.993 GC heap before
{Heap before GC invocations=20 (full 3):
 PSYoungGen      total 843776K, used 843762K [0x000000076ab00000, 0x00000007b6580000, 0x00000007c0000000)
  eden space 640512K, 100% used [0x000000076ab00000,0x0000000791c80000,0x0000000791c80000)
  from space 203264K, 99% used [0x00000007a1c00000,0x00000007ae27c8c0,0x00000007ae280000)
  to   space 261632K, 0% used [0x0000000791c80000,0x0000000791c80000,0x00000007a1c00000)
 ParOldGen       total 577536K, used 426854K [0x00000006c0000000, 0x00000006e3400000, 0x000000076ab00000)
  object space 577536K, 73% used [0x00000006c0000000,0x00000006da0d9870,0x00000006e3400000)
 Metaspace       used 6766K, capacity 7384K, committed 7680K, reserved 1056768K
  class space    used 639K, capacity 656K, committed 768K, reserved 1048576K
Event: 12.331 GC heap after
Heap after GC invocations=20 (full 3):
 PSYoungGen      total 902144K, used 218118K [0x000000076ab00000, 0x00000007bb900000, 0x00000007c0000000)
  eden space 640512K, 0% used [0x000000076ab00000,0x000000076ab00000,0x0000000791c80000)
  from space 261632K, 83% used [0x0000000791c80000,0x000000079f181930,0x00000007a1c00000)
  to   space 290816K, 0% used [0x00000007a9d00000,0x00000007a9d00000,0x00000007bb900000)
 ParOldGen       total 577536K, used 514002K [0x00000006c0000000, 0x00000006e3400000, 0x000000076ab00000)
  object space 577536K, 88% used [0x00000006c0000000,0x00000006df5f4860,0x00000006e3400000)
 Metaspace       used 6766K, capacity 7384K, committed 7680K, reserved 1056768K
  class space    used 639K, capacity 656K, committed 768K, reserved 1048576K
}
Event: 12.331 GC heap before
{Heap before GC invocations=21 (full 4):
 PSYoungGen      total 902144K, used 218118K [0x000000076ab00000, 0x00000007bb900000, 0x00000007c0000000)
  eden space 640512K, 0% used [0x000000076ab00000,0x000000076ab00000,0x0000000791c80000)
  from space 261632K, 83% used [0x0000000791c80000,0x000000079f181930,0x00000007a1c00000)
  to   space 290816K, 0% used [0x00000007a9d00000,0x00000007a9d00000,0x00000007bb900000)
 ParOldGen       total 577536K, used 514002K [0x00000006c0000000, 0x00000006e3400000, 0x000000076ab00000)
  object space 577536K, 88% used [0x00000006c0000000,0x00000006df5f4860,0x00000006e3400000)
 Metaspace       used 6766K, capacity 7384K, committed 7680K, reserved 1056768K
  class space    used 639K, capacity 656K, committed 768K, reserved 1048576K
Event: 14.429 GC heap after
Heap after GC invocations=21 (full 4):
 PSYoungGen      total 902144K, used 132459K [0x000000076ab00000, 0x00000007bb900000, 0x00000007c0000000)
  eden space 640512K, 0% used [0x000000076ab00000,0x000000076ab00000,0x0000000791c80000)
  from space 261632K, 50% used [0x0000000791c80000,0x0000000799ddae40,0x00000007a1c00000)
  to   space 290816K, 0% used [0x00000007a9d00000,0x00000007a9d00000,0x00000007bb900000)
 ParOldGen       total 577536K, used 577081K [0x00000006c0000000, 0x00000006e3400000, 0x000000076ab00000)
  object space 577536K, 99% used [0x00000006c0000000,0x00000006e338e550,0x00000006e3400000)
 Metaspace       used 6766K, capacity 7384K, committed 7680K, reserved 1056768K
  class space    used 639K, capacity 656K, committed 768K, reserved 1048576K
}
Event: 15.223 GC heap before
{Heap before GC invocations=22 (full 5):
 PSYoungGen      total 902144K, used 772971K [0x000000076ab00000, 0x00000007bb900000, 0x00000007c0000000)
  eden space 640512K, 100% used [0x000000076ab00000,0x0000000791c80000,0x0000000791c80000)
  from space 261632K, 50% used [0x0000000791c80000,0x0000000799ddae40,0x00000007a1c00000)
  to   space 290816K, 0% used [0x00000007a9d00000,0x00000007a9d00000,0x00000007bb900000)
 ParOldGen       total 577536K, used 577081K [0x00000006c0000000, 0x00000006e3400000, 0x000000076ab00000)
  object space 577536K, 99% used [0x00000006c0000000,0x00000006e338e550,0x00000006e3400000)
 Metaspace       used 6769K, capacity 7384K, committed 7680K, reserved 1056768K
  class space    used 639K, capacity 656K, committed 768K, reserved 1048576K
Event: 18.429 GC heap after
Heap after GC invocations=22 (full 5):
 PSYoungGen      total 902144K, used 218551K [0x000000076ab00000, 0x00000007bb900000, 0x00000007c0000000)
  eden space 640512K, 34% used [0x000000076ab00000,0x000000077806ddd8,0x0000000791c80000)
  from space 261632K, 0% used [0x0000000791c80000,0x0000000791c80000,0x00000007a1c00000)
  to   space 290816K, 0% used [0x00000007a9d00000,0x00000007a9d00000,0x00000007bb900000)
 ParOldGen       total 917504K, used 577416K [0x00000006c0000000, 0x00000006f8000000, 0x000000076ab00000)
  object space 917504K, 62% used [0x00000006c0000000,0x00000006e33e2018,0x00000006f8000000)
 Metaspace       used 6769K, capacity 7384K, committed 7680K, reserved 1056768K
  class space    used 639K, capacity 656K, committed 768K, reserved 1048576K
}
Event: 18.967 GC heap before
{Heap before GC invocations=23 (full 5):
 PSYoungGen      total 902144K, used 640512K [0x000000076ab00000, 0x00000007bb900000, 0x00000007c0000000)
  eden space 640512K, 100% used [0x000000076ab00000,0x0000000791c80000,0x0000000791c80000)
  from space 261632K, 0% used [0x0000000791c80000,0x0000000791c80000,0x00000007a1c00000)
  to   space 290816K, 0% used [0x00000007a9d00000,0x00000007a9d00000,0x00000007bb900000)
 ParOldGen       total 917504K, used 577416K [0x00000006c0000000, 0x00000006f8000000, 0x000000076ab00000)
  object space 917504K, 62% used [0x00000006c0000000,0x00000006e33e2018,0x00000006f8000000)
 Metaspace       used 6844K, capacity 7384K, committed 7680K, reserved 1056768K
  class space    used 643K, capacity 656K, committed 768K, reserved 1048576K
Event: 19.334 GC heap after
Heap after GC invocations=23 (full 5):
 PSYoungGen      total 931328K, used 279476K [0x000000076ab00000, 0x00000007bb900000, 0x00000007c0000000)
  eden space 640512K, 0% used [0x000000076ab00000,0x000000076ab00000,0x0000000791c80000)
  from space 290816K, 96% used [0x00000007a9d00000,0x00000007baded010,0x00000007bb900000)
  to   space 261632K, 0% used [0x0000000791c80000,0x0000000791c80000,0x00000007a1c00000)
 ParOldGen       total 917504K, used 577416K [0x00000006c0000000, 0x00000006f8000000, 0x000000076ab00000)
  object space 917504K, 62% used [0x00000006c0000000,0x00000006e33e2018,0x00000006f8000000)
 Metaspace       used 6844K, capacity 7384K, committed 7680K, reserved 1056768K
  class space    used 643K, capacity 656K, committed 768K, reserved 1048576K
}
Event: 20.531 GC heap before
{Heap before GC invocations=24 (full 5):
 PSYoungGen      total 931328K, used 919988K [0x000000076ab00000, 0x00000007bb900000, 0x00000007c0000000)
  eden space 640512K, 100% used [0x000000076ab00000,0x0000000791c80000,0x0000000791c80000)
  from space 290816K, 96% used [0x00000007a9d00000,0x00000007baded010,0x00000007bb900000)
  to   space 261632K, 0% used [0x0000000791c80000,0x0000000791c80000,0x00000007a1c00000)
 ParOldGen       total 917504K, used 577416K [0x00000006c0000000, 0x00000006f8000000, 0x000000076ab00000)
  object space 917504K, 62% used [0x00000006c0000000,0x00000006e33e2018,0x00000006f8000000)
 Metaspace       used 6906K, capacity 7448K, committed 7680K, reserved 1056768K
  class space    used 646K, capacity 656K, committed 768K, reserved 1048576K
Event: 21.581 GC heap after
Heap after GC invocations=24 (full 5):
 PSYoungGen      total 902144K, used 261623K [0x000000076ab00000, 0x00000007c0000000, 0x00000007c0000000)
  eden space 640512K, 0% used [0x000000076ab00000,0x000000076ab00000,0x0000000791c80000)
  from space 261632K, 99% used [0x0000000791c80000,0x00000007a1bfde38,0x00000007a1c00000)
  to   space 409088K, 0% used [0x00000007a7080000,0x00000007a7080000,0x00000007c0000000)
 ParOldGen       total 917504K, used 694769K [0x00000006c0000000, 0x00000006f8000000, 0x000000076ab00000)
  object space 917504K, 75% used [0x00000006c0000000,0x00000006ea67c4a8,0x00000006f8000000)
 Metaspace       used 6906K, capacity 7448K, committed 7680K, reserved 1056768K
  class space    used 646K, capacity 656K, committed 768K, reserved 1048576K
}

