# JRE version: Java(TM) SE Runtime Environment (8.0_151-b12) (build 1.8.0_151-b12)
# Java VM: Java HotSpot(TM) 64-Bit Server VM (25.151-b12 mixed mode windows-amd64 compressed oops)
Heap:
 PSYoungGen      total 906752K, used 613567K [0x000000076ab00000, 0x00000007b0e80000, 0x00000007c0000000)
  eden space 701952K, 87% used [0x000000076ab00000,0x000000079022fd10,0x0000000795880000)
  from space 204800K, 0% used [0x0000000795880000,0x0000000795880000,0x00000007a2080000)
  to   space 177152K, 0% used [0x00000007a2080000,0x00000007a2080000,0x00000007acd80000)
 ParOldGen       total 491520K, used 491023K [0x00000006c0000000, 0x00000006de000000, 0x000000076ab00000)
  object space 491520K, 99% used [0x00000006c0000000,0x00000006ddf83d70,0x00000006de000000)
 Metaspace       used 6940K, capacity 7480K, committed 7680K, reserved 1056768K
  class space    used 651K, capacity 688K, committed 768K, reserved 1048576K
GC Heap History (10 events):
Event: 10.562 GC heap before
{Heap before GC invocations=17 (full 3):
 PSYoungGen      total 808448K, used 715720K [0x000000076ab00000, 0x00000007acd80000, 0x00000007c0000000)
  eden space 628736K, 100% used [0x000000076ab00000,0x0000000791100000,0x0000000791100000)
  from space 179712K, 48% used [0x0000000791100000,0x00000007965f21a8,0x000000079c080000)
  to   space 177152K, 0% used [0x00000007a2080000,0x00000007a2080000,0x00000007acd80000)
 ParOldGen       total 491520K, used 397910K [0x00000006c0000000, 0x00000006de000000, 0x000000076ab00000)
  object space 491520K, 80% used [0x00000006c0000000,0x00000006d8495aa8,0x00000006de000000)
 Metaspace       used 6824K, capacity 7384K, committed 7680K, reserved 1056768K
  class space    used 644K, capacity 656K, committed 768K, reserved 1048576K
Event: 10.721 GC heap after
Heap after GC invocations=17 (full 3):
 PSYoungGen      total 879104K, used 169329K [0x000000076ab00000, 0x00000007b0e80000, 0x00000007c0000000)
  eden space 701952K, 0% used [0x000000076ab00000,0x000000076ab00000,0x0000000795880000)
  from space 177152K, 95% used [0x00000007a2080000,0x00000007ac5dc760,0x00000007acd80000)
  to   space 204800K, 0% used [0x0000000795880000,0x0000000795880000,0x00000007a2080000)
 ParOldGen       total 491520K, used 397918K [0x00000006c0000000, 0x00000006de000000, 0x000000076ab00000)
  object space 491520K, 80% used [0x00000006c0000000,0x00000006d8497aa8,0x00000006de000000)
 Metaspace       used 6824K, capacity 7384K, committed 7680K, reserved 1056768K
  class space    used 644K, capacity 656K, committed 768K, reserved 1048576K
}
Event: 11.941 GC heap before
{Heap before GC invocations=18 (full 3):
 PSYoungGen      total 879104K, used 871281K [0x000000076ab00000, 0x00000007b0e80000, 0x00000007c0000000)
  eden space 701952K, 100% used [0x000000076ab00000,0x0000000795880000,0x0000000795880000)
  from space 177152K, 95% used [0x00000007a2080000,0x00000007ac5dc760,0x00000007acd80000)
  to   space 204800K, 0% used [0x0000000795880000,0x0000000795880000,0x00000007a2080000)
 ParOldGen       total 491520K, used 397918K [0x00000006c0000000, 0x00000006de000000, 0x000000076ab00000)
  object space 491520K, 80% used [0x00000006c0000000,0x00000006d8497aa8,0x00000006de000000)
 Metaspace       used 6828K, capacity 7384K, committed 7680K, reserved 1056768K
  class space    used 644K, capacity 656K, committed 768K, reserved 1048576K
Event: 12.154 GC heap after
Heap after GC invocations=18 (full 3):
 PSYoungGen      total 906752K, used 204769K [0x000000076ab00000, 0x00000007b0e80000, 0x00000007c0000000)
  eden space 701952K, 0% used [0x000000076ab00000,0x000000076ab00000,0x0000000795880000)
  from space 204800K, 99% used [0x0000000795880000,0x00000007a2078720,0x00000007a2080000)
  to   space 177152K, 0% used [0x00000007a2080000,0x00000007a2080000,0x00000007acd80000)
 ParOldGen       total 491520K, used 477930K [0x00000006c0000000, 0x00000006de000000, 0x000000076ab00000)
  object space 491520K, 97% used [0x00000006c0000000,0x00000006dd2bab30,0x00000006de000000)
 Metaspace       used 6828K, capacity 7384K, committed 7680K, reserved 1056768K
  class space    used 644K, capacity 656K, committed 768K, reserved 1048576K
}
Event: 12.154 GC heap before
{Heap before GC invocations=19 (full 4):
 PSYoungGen      total 906752K, used 204769K [0x000000076ab00000, 0x00000007b0e80000, 0x00000007c0000000)
  eden space 701952K, 0% used [0x000000076ab00000,0x000000076ab00000,0x0000000795880000)
  from space 204800K, 99% used [0x0000000795880000,0x00000007a2078720,0x00000007a2080000)
  to   space 177152K, 0% used [0x00000007a2080000,0x00000007a2080000,0x00000007acd80000)
 ParOldGen       total 491520K, used 477930K [0x00000006c0000000, 0x00000006de000000, 0x000000076ab00000)
  object space 491520K, 97% used [0x00000006c0000000,0x00000006dd2bab30,0x00000006de000000)
 Metaspace       used 6828K, capacity 7384K, committed 7680K, reserved 1056768K
  class space    used 644K, capacity 656K, committed 768K, reserved 1048576K
Event: 13.697 GC heap after
Heap after GC invocations=19 (full 4):
 PSYoungGen      total 906752K, used 181092K [0x000000076ab00000, 0x00000007b0e80000, 0x00000007c0000000)
  eden space 701952K, 0% used [0x000000076ab00000,0x000000076ab00000,0x0000000795880000)
  from space 204800K, 88% used [0x0000000795880000,0x00000007a09590d0,0x00000007a2080000)
  to   space 177152K, 0% used [0x00000007a2080000,0x00000007a2080000,0x00000007acd80000)
 ParOldGen       total 491520K, used 491095K [0x00000006c0000000, 0x00000006de000000, 0x000000076ab00000)
  object space 491520K, 99% used [0x00000006c0000000,0x00000006ddf95f60,0x00000006de000000)
 Metaspace       used 6828K, capacity 7384K, committed 7680K, reserved 1056768K
  class space    used 644K, capacity 656K, committed 768K, reserved 1048576K
}
Event: 14.704 GC heap before
{Heap before GC invocations=20 (full 5):
 PSYoungGen      total 906752K, used 883044K [0x000000076ab00000, 0x00000007b0e80000, 0x00000007c0000000)
  eden space 701952K, 100% used [0x000000076ab00000,0x0000000795880000,0x0000000795880000)
  from space 204800K, 88% used [0x0000000795880000,0x00000007a09590d0,0x00000007a2080000)
  to   space 177152K, 0% used [0x00000007a2080000,0x00000007a2080000,0x00000007acd80000)
 ParOldGen       total 491520K, used 491095K [0x00000006c0000000, 0x00000006de000000, 0x000000076ab00000)
  object space 491520K, 99% used [0x00000006c0000000,0x00000006ddf95f60,0x00000006de000000)
 Metaspace       used 6829K, capacity 7384K, committed 7680K, reserved 1056768K
  class space    used 644K, capacity 656K, committed 768K, reserved 1048576K
Event: 16.625 GC heap after
Heap after GC invocations=20 (full 5):
 PSYoungGen      total 906752K, used 278343K [0x000000076ab00000, 0x00000007b0e80000, 0x00000007c0000000)
  eden space 701952K, 39% used [0x000000076ab00000,0x000000077bad1c40,0x0000000795880000)
  from space 204800K, 0% used [0x0000000795880000,0x0000000795880000,0x00000007a2080000)
  to   space 177152K, 0% used [0x00000007a2080000,0x00000007a2080000,0x00000007acd80000)
 ParOldGen       total 491520K, used 491430K [0x00000006c0000000, 0x00000006de000000, 0x000000076ab00000)
  object space 491520K, 99% used [0x00000006c0000000,0x00000006ddfe9b60,0x00000006de000000)
 Metaspace       used 6829K, capacity 7384K, committed 7680K, reserved 1056768K
  class space    used 644K, capacity 656K, committed 768K, reserved 1048576K
}
Event: 17.156 GC heap before
{Heap before GC invocations=21 (full 6):
 PSYoungGen      total 906752K, used 701952K [0x000000076ab00000, 0x00000007b0e80000, 0x00000007c0000000)
  eden space 701952K, 100% used [0x000000076ab00000,0x0000000795880000,0x0000000795880000)
  from space 204800K, 0% used [0x0000000795880000,0x0000000795880000,0x00000007a2080000)
  to   space 177152K, 0% used [0x00000007a2080000,0x00000007a2080000,0x00000007acd80000)
 ParOldGen       total 491520K, used 491430K [0x00000006c0000000, 0x00000006de000000, 0x000000076ab00000)
  object space 491520K, 99% used [0x00000006c0000000,0x00000006ddfe9b60,0x00000006de000000)
 Metaspace       used 6834K, capacity 7384K, committed 7680K, reserved 1056768K
  class space    used 645K, capacity 656K, committed 768K, reserved 1048576K
Event: 18.750 GC heap after
Heap after GC invocations=21 (full 6):
 PSYoungGen      total 906752K, used 332598K [0x000000076ab00000, 0x00000007b0e80000, 0x00000007c0000000)
  eden space 701952K, 47% used [0x000000076ab00000,0x000000077efcd888,0x0000000795880000)
  from space 204800K, 0% used [0x0000000795880000,0x0000000795880000,0x00000007a2080000)
  to   space 177152K, 0% used [0x00000007a2080000,0x00000007a2080000,0x00000007acd80000)
 ParOldGen       total 491520K, used 491023K [0x00000006c0000000, 0x00000006de000000, 0x000000076ab00000)
  object space 491520K, 99% used [0x00000006c0000000,0x00000006ddf83d70,0x00000006de000000)
 Metaspace       used 6834K, capacity 7384K, committed 7680K, reserved 1056768K
  class space    used 645K, capacity 656K, committed 768K, reserved 1048576K
}

