# JRE version: OpenJDK Runtime Environment (8.0_152-b01) (build 1.8.0_152-release-915-b01)
# Java VM: OpenJDK 64-Bit Server VM (25.152-b01 mixed mode windows-amd64 compressed oops)
Heap:
 PSYoungGen      total 1046528K, used 882896K [0x000000076ab00000, 0x00000007c0000000, 0x00000007c0000000)
  eden space 729088K, 90% used [0x000000076ab00000,0x0000000792ecddc0,0x0000000797300000)
  from space 317440K, 70% used [0x00000007ac080000,0x00000007b9ae63e8,0x00000007bf680000)
  to   space 334336K, 0% used [0x0000000797300000,0x0000000797300000,0x00000007ab980000)
 ParOldGen       total 1249792K, used 857298K [0x00000006c0000000, 0x000000070c480000, 0x000000076ab00000)
  object space 1249792K, 68% used [0x00000006c0000000,0x00000006f45348e0,0x000000070c480000)
 Metaspace       used 7438K, capacity 7864K, committed 8192K, reserved 1056768K
  class space    used 659K, capacity 688K, committed 768K, reserved 1048576K
GC Heap History (10 events):
Event: 16.025 GC heap before
{Heap before GC invocations=21 (full 4):
 PSYoungGen      total 1026048K, used 1019992K [0x000000076ab00000, 0x00000007ba600000, 0x00000007c0000000)
  eden space 822272K, 100% used [0x000000076ab00000,0x000000079ce00000,0x000000079ce00000)
  from space 203776K, 97% used [0x00000007ab400000,0x00000007b75161a0,0x00000007b7b00000)
  to   space 235520K, 0% used [0x000000079ce00000,0x000000079ce00000,0x00000007ab400000)
 ParOldGen       total 891392K, used 581446K [0x00000006c0000000, 0x00000006f6680000, 0x000000076ab00000)
  object space 891392K, 65% used [0x00000006c0000000,0x00000006e37d1b50,0x00000006f6680000)
 Metaspace       used 6969K, capacity 7576K, committed 7936K, reserved 1056768K
  class space    used 625K, capacity 656K, committed 768K, reserved 1048576K
Event: 16.301 GC heap after
Heap after GC invocations=21 (full 4):
 PSYoungGen      total 1057792K, used 235492K [0x000000076ab00000, 0x00000007c0000000, 0x00000007c0000000)
  eden space 822272K, 0% used [0x000000076ab00000,0x000000076ab00000,0x000000079ce00000)
  from space 235520K, 99% used [0x000000079ce00000,0x00000007ab3f9350,0x00000007ab400000)
  to   space 306688K, 0% used [0x00000007ad480000,0x00000007ad480000,0x00000007c0000000)
 ParOldGen       total 891392K, used 668170K [0x00000006c0000000, 0x00000006f6680000, 0x000000076ab00000)
  object space 891392K, 74% used [0x00000006c0000000,0x00000006e8c82888,0x00000006f6680000)
 Metaspace       used 6969K, capacity 7576K, committed 7936K, reserved 1056768K
  class space    used 625K, capacity 656K, committed 768K, reserved 1048576K
}
Event: 17.436 GC heap before
{Heap before GC invocations=22 (full 4):
 PSYoungGen      total 1057792K, used 1057764K [0x000000076ab00000, 0x00000007c0000000, 0x00000007c0000000)
  eden space 822272K, 100% used [0x000000076ab00000,0x000000079ce00000,0x000000079ce00000)
  from space 235520K, 99% used [0x000000079ce00000,0x00000007ab3f9350,0x00000007ab400000)
  to   space 306688K, 0% used [0x00000007ad480000,0x00000007ad480000,0x00000007c0000000)
 ParOldGen       total 891392K, used 668170K [0x00000006c0000000, 0x00000006f6680000, 0x000000076ab00000)
  object space 891392K, 74% used [0x00000006c0000000,0x00000006e8c82888,0x00000006f6680000)
 Metaspace       used 6992K, capacity 7640K, committed 7936K, reserved 1056768K
  class space    used 626K, capacity 656K, committed 768K, reserved 1048576K
Event: 17.754 GC heap after
Heap after GC invocations=22 (full 4):
 PSYoungGen      total 1028608K, used 249549K [0x000000076ab00000, 0x00000007c0000000, 0x00000007c0000000)
  eden space 721920K, 0% used [0x000000076ab00000,0x000000076ab00000,0x0000000796c00000)
  from space 306688K, 81% used [0x00000007ad480000,0x00000007bc8336e0,0x00000007c0000000)
  to   space 337920K, 0% used [0x0000000796c00000,0x0000000796c00000,0x00000007ab600000)
 ParOldGen       total 891392K, used 791132K [0x00000006c0000000, 0x00000006f6680000, 0x000000076ab00000)
  object space 891392K, 88% used [0x00000006c0000000,0x00000006f04971b8,0x00000006f6680000)
 Metaspace       used 6992K, capacity 7640K, committed 7936K, reserved 1056768K
  class space    used 626K, capacity 656K, committed 768K, reserved 1048576K
}
Event: 17.754 GC heap before
{Heap before GC invocations=23 (full 5):
 PSYoungGen      total 1028608K, used 249549K [0x000000076ab00000, 0x00000007c0000000, 0x00000007c0000000)
  eden space 721920K, 0% used [0x000000076ab00000,0x000000076ab00000,0x0000000796c00000)
  from space 306688K, 81% used [0x00000007ad480000,0x00000007bc8336e0,0x00000007c0000000)
  to   space 337920K, 0% used [0x0000000796c00000,0x0000000796c00000,0x00000007ab600000)
 ParOldGen       total 891392K, used 791132K [0x00000006c0000000, 0x00000006f6680000, 0x000000076ab00000)
  object space 891392K, 88% used [0x00000006c0000000,0x00000006f04971b8,0x00000006f6680000)
 Metaspace       used 6992K, capacity 7640K, committed 7936K, reserved 1056768K
  class space    used 626K, capacity 656K, committed 768K, reserved 1048576K
Event: 21.729 GC heap after
Heap after GC invocations=23 (full 5):
 PSYoungGen      total 1028608K, used 0K [0x000000076ab00000, 0x00000007c0000000, 0x00000007c0000000)
  eden space 721920K, 0% used [0x000000076ab00000,0x000000076ab00000,0x0000000796c00000)
  from space 306688K, 0% used [0x00000007ad480000,0x00000007ad480000,0x00000007c0000000)
  to   space 337920K, 0% used [0x0000000796c00000,0x0000000796c00000,0x00000007ab600000)
 ParOldGen       total 1249792K, used 857282K [0x00000006c0000000, 0x000000070c480000, 0x000000076ab00000)
  object space 1249792K, 68% used [0x00000006c0000000,0x00000006f45308e0,0x000000070c480000)
 Metaspace       used 6992K, capacity 7640K, committed 7936K, reserved 1056768K
  class space    used 626K, capacity 656K, committed 768K, reserved 1048576K
}
Event: 22.762 GC heap before
{Heap before GC invocations=24 (full 5):
 PSYoungGen      total 1028608K, used 721920K [0x000000076ab00000, 0x00000007c0000000, 0x00000007c0000000)
  eden space 721920K, 100% used [0x000000076ab00000,0x0000000796c00000,0x0000000796c00000)
  from space 306688K, 0% used [0x00000007ad480000,0x00000007ad480000,0x00000007c0000000)
  to   space 337920K, 0% used [0x0000000796c00000,0x0000000796c00000,0x00000007ab600000)
 ParOldGen       total 1249792K, used 857282K [0x00000006c0000000, 0x000000070c480000, 0x000000076ab00000)
  object space 1249792K, 68% used [0x00000006c0000000,0x00000006f45308e0,0x000000070c480000)
 Metaspace       used 7079K, capacity 7736K, committed 7936K, reserved 1056768K
  class space    used 628K, capacity 688K, committed 768K, reserved 1048576K
Event: 22.880 GC heap after
Heap after GC invocations=24 (full 5):
 PSYoungGen      total 1059840K, used 124373K [0x000000076ab00000, 0x00000007bf680000, 0x00000007c0000000)
  eden space 721920K, 0% used [0x000000076ab00000,0x000000076ab00000,0x0000000796c00000)
  from space 337920K, 36% used [0x0000000796c00000,0x000000079e575598,0x00000007ab600000)
  to   space 317440K, 0% used [0x00000007ac080000,0x00000007ac080000,0x00000007bf680000)
 ParOldGen       total 1249792K, used 857290K [0x00000006c0000000, 0x000000070c480000, 0x000000076ab00000)
  object space 1249792K, 68% used [0x00000006c0000000,0x00000006f45328e0,0x000000070c480000)
 Metaspace       used 7079K, capacity 7736K, committed 7936K, reserved 1056768K
  class space    used 628K, capacity 688K, committed 768K, reserved 1048576K
}
Event: 23.963 GC heap before
{Heap before GC invocations=25 (full 5):
 PSYoungGen      total 1059840K, used 846293K [0x000000076ab00000, 0x00000007bf680000, 0x00000007c0000000)
  eden space 721920K, 100% used [0x000000076ab00000,0x0000000796c00000,0x0000000796c00000)
  from space 337920K, 36% used [0x0000000796c00000,0x000000079e575598,0x00000007ab600000)
  to   space 317440K, 0% used [0x00000007ac080000,0x00000007ac080000,0x00000007bf680000)
 ParOldGen       total 1249792K, used 857290K [0x00000006c0000000, 0x000000070c480000, 0x000000076ab00000)
  object space 1249792K, 68% used [0x00000006c0000000,0x00000006f45328e0,0x000000070c480000)
 Metaspace       used 7411K, capacity 7864K, committed 8192K, reserved 1056768K
  class space    used 657K, capacity 688K, committed 768K, reserved 1048576K
Event: 24.131 GC heap after
Heap after GC invocations=25 (full 5):
 PSYoungGen      total 1046528K, used 223640K [0x000000076ab00000, 0x00000007c0000000, 0x00000007c0000000)
  eden space 729088K, 0% used [0x000000076ab00000,0x000000076ab00000,0x0000000797300000)
  from space 317440K, 70% used [0x00000007ac080000,0x00000007b9ae63e8,0x00000007bf680000)
  to   space 334336K, 0% used [0x0000000797300000,0x0000000797300000,0x00000007ab980000)
 ParOldGen       total 1249792K, used 857298K [0x00000006c0000000, 0x000000070c480000, 0x000000076ab00000)
  object space 1249792K, 68% used [0x00000006c0000000,0x00000006f45348e0,0x000000070c480000)
 Metaspace       used 7411K, capacity 7864K, committed 8192K, reserved 1056768K
  class space    used 657K, capacity 688K, committed 768K, reserved 1048576K
}

