# JRE version: OpenJDK Runtime Environment (8.0_152-b01) (build 1.8.0_152-release-915-b01)
# Java VM: OpenJDK 64-Bit Server VM (25.152-b01 mixed mode linux-amd64 compressed oops)
Heap:
 PSYoungGen      total 1093120K, used 145640K [0x000000076ab00000, 0x00000007b7380000, 0x00000007c0000000)
  eden space 935936K, 0% used [0x000000076ab00000,0x000000076ab00000,0x00000007a3d00000)
  from space 157184K, 92% used [0x00000007a3d00000,0x00000007acb3a080,0x00000007ad680000)
  to   space 148992K, 0% used [0x00000007ad680000,0x00000007ad680000,0x00000007b6800000)
 ParOldGen       total 883712K, used 815479K [0x00000006c0000000, 0x00000006f5f00000, 0x000000076ab00000)
  object space 883712K, 92% used [0x00000006c0000000,0x00000006f1c5de60,0x00000006f5f00000)
 Metaspace       used 6735K, capacity 7414K, committed 7552K, reserved 1056768K
  class space    used 612K, capacity 622K, committed 640K, reserved 1048576K
GC Heap History (10 events):
Event: 38.154 GC heap after
Heap after GC invocations=25 (full 6):
 PSYoungGen      total 715776K, used 0K [0x000000076ab00000, 0x00000007a8c80000, 0x00000007c0000000)
  eden space 599552K, 0% used [0x000000076ab00000,0x000000076ab00000,0x000000078f480000)
  from space 116224K, 0% used [0x000000078f480000,0x000000078f480000,0x0000000796600000)
  to   space 122368K, 0% used [0x00000007a1500000,0x00000007a1500000,0x00000007a8c80000)
 ParOldGen       total 685568K, used 514561K [0x00000006c0000000, 0x00000006e9d80000, 0x000000076ab00000)
  object space 685568K, 75% used [0x00000006c0000000,0x00000006df680488,0x00000006e9d80000)
 Metaspace       used 6582K, capacity 7344K, committed 7552K, reserved 1056768K
  class space    used 604K, capacity 616K, committed 640K, reserved 1048576K
}
Event: 42.567 GC heap before
{Heap before GC invocations=26 (full 6):
 PSYoungGen      total 715776K, used 599552K [0x000000076ab00000, 0x00000007a8c80000, 0x00000007c0000000)
  eden space 599552K, 100% used [0x000000076ab00000,0x000000078f480000,0x000000078f480000)
  from space 116224K, 0% used [0x000000078f480000,0x000000078f480000,0x0000000796600000)
  to   space 122368K, 0% used [0x00000007a1500000,0x00000007a1500000,0x00000007a8c80000)
 ParOldGen       total 685568K, used 514561K [0x00000006c0000000, 0x00000006e9d80000, 0x000000076ab00000)
  object space 685568K, 75% used [0x00000006c0000000,0x00000006df680488,0x00000006e9d80000)
 Metaspace       used 6619K, capacity 7346K, committed 7552K, reserved 1056768K
  class space    used 605K, capacity 618K, committed 640K, reserved 1048576K
Event: 44.026 GC heap after
Heap after GC invocations=26 (full 6):
 PSYoungGen      total 870400K, used 96172K [0x000000076ab00000, 0x00000007a8b00000, 0x00000007c0000000)
  eden space 749568K, 0% used [0x000000076ab00000,0x000000076ab00000,0x0000000798700000)
  from space 120832K, 79% used [0x00000007a1500000,0x00000007a72eb050,0x00000007a8b00000)
  to   space 133120K, 0% used [0x0000000798700000,0x0000000798700000,0x00000007a0900000)
 ParOldGen       total 685568K, used 514561K [0x00000006c0000000, 0x00000006e9d80000, 0x000000076ab00000)
  object space 685568K, 75% used [0x00000006c0000000,0x00000006df680488,0x00000006e9d80000)
 Metaspace       used 6619K, capacity 7346K, committed 7552K, reserved 1056768K
  class space    used 605K, capacity 618K, committed 640K, reserved 1048576K
}
Event: 48.225 GC heap before
{Heap before GC invocations=27 (full 6):
 PSYoungGen      total 870400K, used 845740K [0x000000076ab00000, 0x00000007a8b00000, 0x00000007c0000000)
  eden space 749568K, 100% used [0x000000076ab00000,0x0000000798700000,0x0000000798700000)
  from space 120832K, 79% used [0x00000007a1500000,0x00000007a72eb050,0x00000007a8b00000)
  to   space 133120K, 0% used [0x0000000798700000,0x0000000798700000,0x00000007a0900000)
 ParOldGen       total 685568K, used 514561K [0x00000006c0000000, 0x00000006e9d80000, 0x000000076ab00000)
  object space 685568K, 75% used [0x00000006c0000000,0x00000006df680488,0x00000006e9d80000)
 Metaspace       used 6621K, capacity 7346K, committed 7552K, reserved 1056768K
  class space    used 605K, capacity 618K, committed 640K, reserved 1048576K
Event: 52.020 GC heap after
Heap after GC invocations=27 (full 6):
 PSYoungGen      total 882688K, used 116740K [0x000000076ab00000, 0x00000007b6800000, 0x00000007c0000000)
  eden space 749568K, 0% used [0x000000076ab00000,0x000000076ab00000,0x0000000798700000)
  from space 133120K, 87% used [0x0000000798700000,0x000000079f9010c0,0x00000007a0900000)
  to   space 148992K, 0% used [0x00000007ad680000,0x00000007ad680000,0x00000007b6800000)
 ParOldGen       total 685568K, used 606843K [0x00000006c0000000, 0x00000006e9d80000, 0x000000076ab00000)
  object space 685568K, 88% used [0x00000006c0000000,0x00000006e509ef70,0x00000006e9d80000)
 Metaspace       used 6621K, capacity 7346K, committed 7552K, reserved 1056768K
  class space    used 605K, capacity 618K, committed 640K, reserved 1048576K
}
Event: 52.020 GC heap before
{Heap before GC invocations=28 (full 7):
 PSYoungGen      total 882688K, used 116740K [0x000000076ab00000, 0x00000007b6800000, 0x00000007c0000000)
  eden space 749568K, 0% used [0x000000076ab00000,0x000000076ab00000,0x0000000798700000)
  from space 133120K, 87% used [0x0000000798700000,0x000000079f9010c0,0x00000007a0900000)
  to   space 148992K, 0% used [0x00000007ad680000,0x00000007ad680000,0x00000007b6800000)
 ParOldGen       total 685568K, used 606843K [0x00000006c0000000, 0x00000006e9d80000, 0x000000076ab00000)
  object space 685568K, 88% used [0x00000006c0000000,0x00000006e509ef70,0x00000006e9d80000)
 Metaspace       used 6621K, capacity 7346K, committed 7552K, reserved 1056768K
  class space    used 605K, capacity 618K, committed 640K, reserved 1048576K
Event: 54.676 GC heap after
Heap after GC invocations=28 (full 7):
 PSYoungGen      total 882688K, used 31893K [0x000000076ab00000, 0x00000007b6800000, 0x00000007c0000000)
  eden space 749568K, 0% used [0x000000076ab00000,0x000000076ab00000,0x0000000798700000)
  from space 133120K, 23% used [0x0000000798700000,0x000000079a6257c8,0x00000007a0900000)
  to   space 148992K, 0% used [0x00000007ad680000,0x00000007ad680000,0x00000007b6800000)
 ParOldGen       total 883712K, used 685328K [0x00000006c0000000, 0x00000006f5f00000, 0x000000076ab00000)
  object space 883712K, 77% used [0x00000006c0000000,0x00000006e9d44040,0x00000006f5f00000)
 Metaspace       used 6621K, capacity 7346K, committed 7552K, reserved 1056768K
  class space    used 605K, capacity 618K, committed 640K, reserved 1048576K
}
Event: 58.119 GC heap before
{Heap before GC invocations=29 (full 7):
 PSYoungGen      total 882688K, used 781461K [0x000000076ab00000, 0x00000007b6800000, 0x00000007c0000000)
  eden space 749568K, 100% used [0x000000076ab00000,0x0000000798700000,0x0000000798700000)
  from space 133120K, 23% used [0x0000000798700000,0x000000079a6257c8,0x00000007a0900000)
  to   space 148992K, 0% used [0x00000007ad680000,0x00000007ad680000,0x00000007b6800000)
 ParOldGen       total 883712K, used 685328K [0x00000006c0000000, 0x00000006f5f00000, 0x000000076ab00000)
  object space 883712K, 77% used [0x00000006c0000000,0x00000006e9d44040,0x00000006f5f00000)
 Metaspace       used 6624K, capacity 7346K, committed 7552K, reserved 1056768K
  class space    used 606K, capacity 618K, committed 640K, reserved 1048576K
Event: 59.694 GC heap after
Heap after GC invocations=29 (full 7):
 PSYoungGen      total 1084928K, used 105123K [0x000000076ab00000, 0x00000007b7380000, 0x00000007c0000000)
  eden space 935936K, 0% used [0x000000076ab00000,0x000000076ab00000,0x00000007a3d00000)
  from space 148992K, 70% used [0x00000007ad680000,0x00000007b3d28d10,0x00000007b6800000)
  to   space 157184K, 0% used [0x00000007a3d00000,0x00000007a3d00000,0x00000007ad680000)
 ParOldGen       total 883712K, used 713050K [0x00000006c0000000, 0x00000006f5f00000, 0x000000076ab00000)
  object space 883712K, 80% used [0x00000006c0000000,0x00000006eb856950,0x00000006f5f00000)
 Metaspace       used 6624K, capacity 7346K, committed 7552K, reserved 1056768K
  class space    used 606K, capacity 618K, committed 640K, reserved 1048576K
}
Event: 62.796 GC heap before
{Heap before GC invocations=30 (full 7):
 PSYoungGen      total 1084928K, used 1041059K [0x000000076ab00000, 0x00000007b7380000, 0x00000007c0000000)
  eden space 935936K, 100% used [0x000000076ab00000,0x00000007a3d00000,0x00000007a3d00000)
  from space 148992K, 70% used [0x00000007ad680000,0x00000007b3d28d10,0x00000007b6800000)
  to   space 157184K, 0% used [0x00000007a3d00000,0x00000007a3d00000,0x00000007ad680000)
 ParOldGen       total 883712K, used 713050K [0x00000006c0000000, 0x00000006f5f00000, 0x000000076ab00000)
  object space 883712K, 80% used [0x00000006c0000000,0x00000006eb856950,0x00000006f5f00000)
 Metaspace       used 6735K, capacity 7414K, committed 7552K, reserved 1056768K
  class space    used 612K, capacity 622K, committed 640K, reserved 1048576K

