# JRE version: Java(TM) SE Runtime Environment (8.0_151-b12) (build 1.8.0_151-b12)
# Java VM: Java HotSpot(TM) 64-Bit Server VM (25.151-b12 mixed mode windows-amd64 compressed oops)
Heap:
 PSYoungGen      total 1052160K, used 151686K [0x000000076ab00000, 0x00000007bed80000, 0x00000007c0000000)
  eden space 817664K, 18% used [0x000000076ab00000,0x0000000773f218e8,0x000000079c980000)
  from space 234496K, 0% used [0x000000079c980000,0x000000079c980000,0x00000007aae80000)
  to   space 228352K, 0% used [0x00000007b0e80000,0x00000007b0e80000,0x00000007bed80000)
 ParOldGen       total 1283072K, used 866202K [0x00000006c0000000, 0x000000070e500000, 0x000000076ab00000)
  object space 1283072K, 67% used [0x00000006c0000000,0x00000006f4de6908,0x000000070e500000)
 Metaspace       used 6942K, capacity 7448K, committed 7680K, reserved 1056768K
  class space    used 651K, capacity 656K, committed 768K, reserved 1048576K
GC Heap History (10 events):
Event: 11.465 GC heap before
{Heap before GC invocations=18 (full 3):
 PSYoungGen      total 877568K, used 877546K [0x000000076ab00000, 0x00000007b0500000, 0x00000007c0000000)
  eden space 716288K, 100% used [0x000000076ab00000,0x0000000796680000,0x0000000796680000)
  from space 161280K, 99% used [0x00000007a2200000,0x00000007abf7a928,0x00000007abf80000)
  to   space 192000K, 0% used [0x0000000796680000,0x0000000796680000,0x00000007a2200000)
 ParOldGen       total 489472K, used 399162K [0x00000006c0000000, 0x00000006dde00000, 0x000000076ab00000)
  object space 489472K, 81% used [0x00000006c0000000,0x00000006d85ce8d8,0x00000006dde00000)
 Metaspace       used 6831K, capacity 7384K, committed 7680K, reserved 1056768K
  class space    used 644K, capacity 656K, committed 768K, reserved 1048576K
Event: 11.688 GC heap after
Heap after GC invocations=18 (full 3):
 PSYoungGen      total 908288K, used 117860K [0x000000076ab00000, 0x00000007b6f00000, 0x00000007c0000000)
  eden space 716288K, 0% used [0x000000076ab00000,0x000000076ab00000,0x0000000796680000)
  from space 192000K, 61% used [0x0000000796680000,0x000000079d9990b8,0x00000007a2200000)
  to   space 197120K, 0% used [0x00000007aae80000,0x00000007aae80000,0x00000007b6f00000)
 ParOldGen       total 561152K, used 560812K [0x00000006c0000000, 0x00000006e2400000, 0x000000076ab00000)
  object space 561152K, 99% used [0x00000006c0000000,0x00000006e23ab368,0x00000006e2400000)
 Metaspace       used 6831K, capacity 7384K, committed 7680K, reserved 1056768K
  class space    used 644K, capacity 656K, committed 768K, reserved 1048576K
}
Event: 11.688 GC heap before
{Heap before GC invocations=19 (full 4):
 PSYoungGen      total 908288K, used 117860K [0x000000076ab00000, 0x00000007b6f00000, 0x00000007c0000000)
  eden space 716288K, 0% used [0x000000076ab00000,0x000000076ab00000,0x0000000796680000)
  from space 192000K, 61% used [0x0000000796680000,0x000000079d9990b8,0x00000007a2200000)
  to   space 197120K, 0% used [0x00000007aae80000,0x00000007aae80000,0x00000007b6f00000)
 ParOldGen       total 561152K, used 560812K [0x00000006c0000000, 0x00000006e2400000, 0x000000076ab00000)
  object space 561152K, 99% used [0x00000006c0000000,0x00000006e23ab368,0x00000006e2400000)
 Metaspace       used 6831K, capacity 7384K, committed 7680K, reserved 1056768K
  class space    used 644K, capacity 656K, committed 768K, reserved 1048576K
Event: 13.499 GC heap after
Heap after GC invocations=19 (full 4):
 PSYoungGen      total 908288K, used 106830K [0x000000076ab00000, 0x00000007b6f00000, 0x00000007c0000000)
  eden space 716288K, 0% used [0x000000076ab00000,0x000000076ab00000,0x0000000796680000)
  from space 192000K, 55% used [0x0000000796680000,0x000000079ced39d8,0x00000007a2200000)
  to   space 197120K, 0% used [0x00000007aae80000,0x00000007aae80000,0x00000007b6f00000)
 ParOldGen       total 876032K, used 560985K [0x00000006c0000000, 0x00000006f5780000, 0x000000076ab00000)
  object space 876032K, 64% used [0x00000006c0000000,0x00000006e23d6700,0x00000006f5780000)
 Metaspace       used 6831K, capacity 7384K, committed 7680K, reserved 1056768K
  class space    used 644K, capacity 656K, committed 768K, reserved 1048576K
}
Event: 14.481 GC heap before
{Heap before GC invocations=20 (full 4):
 PSYoungGen      total 908288K, used 823118K [0x000000076ab00000, 0x00000007b6f00000, 0x00000007c0000000)
  eden space 716288K, 100% used [0x000000076ab00000,0x0000000796680000,0x0000000796680000)
  from space 192000K, 55% used [0x0000000796680000,0x000000079ced39d8,0x00000007a2200000)
  to   space 197120K, 0% used [0x00000007aae80000,0x00000007aae80000,0x00000007b6f00000)
 ParOldGen       total 876032K, used 560985K [0x00000006c0000000, 0x00000006f5780000, 0x000000076ab00000)
  object space 876032K, 64% used [0x00000006c0000000,0x00000006e23d6700,0x00000006f5780000)
 Metaspace       used 6832K, capacity 7384K, committed 7680K, reserved 1056768K
  class space    used 644K, capacity 656K, committed 768K, reserved 1048576K
Event: 14.784 GC heap after
Heap after GC invocations=20 (full 4):
 PSYoungGen      total 1014784K, used 197114K [0x000000076ab00000, 0x00000007bac00000, 0x00000007c0000000)
  eden space 817664K, 0% used [0x000000076ab00000,0x000000076ab00000,0x000000079c980000)
  from space 197120K, 99% used [0x00000007aae80000,0x00000007b6efe848,0x00000007b6f00000)
  to   space 234496K, 0% used [0x000000079c980000,0x000000079c980000,0x00000007aae80000)
 ParOldGen       total 876032K, used 572627K [0x00000006c0000000, 0x00000006f5780000, 0x000000076ab00000)
  object space 876032K, 65% used [0x00000006c0000000,0x00000006e2f34e70,0x00000006f5780000)
 Metaspace       used 6832K, capacity 7384K, committed 7680K, reserved 1056768K
  class space    used 644K, capacity 656K, committed 768K, reserved 1048576K
}
Event: 16.010 GC heap before
{Heap before GC invocations=21 (full 4):
 PSYoungGen      total 1014784K, used 1014778K [0x000000076ab00000, 0x00000007bac00000, 0x00000007c0000000)
  eden space 817664K, 100% used [0x000000076ab00000,0x000000079c980000,0x000000079c980000)
  from space 197120K, 99% used [0x00000007aae80000,0x00000007b6efe848,0x00000007b6f00000)
  to   space 234496K, 0% used [0x000000079c980000,0x000000079c980000,0x00000007aae80000)
 ParOldGen       total 876032K, used 572627K [0x00000006c0000000, 0x00000006f5780000, 0x000000076ab00000)
  object space 876032K, 65% used [0x00000006c0000000,0x00000006e2f34e70,0x00000006f5780000)
 Metaspace       used 6942K, capacity 7448K, committed 7680K, reserved 1056768K
  class space    used 651K, capacity 656K, committed 768K, reserved 1048576K
Event: 16.296 GC heap after
Heap after GC invocations=21 (full 4):
 PSYoungGen      total 1052160K, used 111951K [0x000000076ab00000, 0x00000007bed80000, 0x00000007c0000000)
  eden space 817664K, 0% used [0x000000076ab00000,0x000000076ab00000,0x000000079c980000)
  from space 234496K, 47% used [0x000000079c980000,0x00000007a36d3e90,0x00000007aae80000)
  to   space 228352K, 0% used [0x00000007b0e80000,0x00000007b0e80000,0x00000007bed80000)
 ParOldGen       total 876032K, used 767710K [0x00000006c0000000, 0x00000006f5780000, 0x000000076ab00000)
  object space 876032K, 87% used [0x00000006c0000000,0x00000006eedb79f8,0x00000006f5780000)
 Metaspace       used 6942K, capacity 7448K, committed 7680K, reserved 1056768K
  class space    used 651K, capacity 656K, committed 768K, reserved 1048576K
}
Event: 16.296 GC heap before
{Heap before GC invocations=22 (full 5):
 PSYoungGen      total 1052160K, used 111951K [0x000000076ab00000, 0x00000007bed80000, 0x00000007c0000000)
  eden space 817664K, 0% used [0x000000076ab00000,0x000000076ab00000,0x000000079c980000)
  from space 234496K, 47% used [0x000000079c980000,0x00000007a36d3e90,0x00000007aae80000)
  to   space 228352K, 0% used [0x00000007b0e80000,0x00000007b0e80000,0x00000007bed80000)
 ParOldGen       total 876032K, used 767710K [0x00000006c0000000, 0x00000006f5780000, 0x000000076ab00000)
  object space 876032K, 87% used [0x00000006c0000000,0x00000006eedb79f8,0x00000006f5780000)
 Metaspace       used 6942K, capacity 7448K, committed 7680K, reserved 1056768K
  class space    used 651K, capacity 656K, committed 768K, reserved 1048576K
Event: 19.913 GC heap after
Heap after GC invocations=22 (full 5):
 PSYoungGen      total 1052160K, used 0K [0x000000076ab00000, 0x00000007bed80000, 0x00000007c0000000)
  eden space 817664K, 0% used [0x000000076ab00000,0x000000076ab00000,0x000000079c980000)
  from space 234496K, 0% used [0x000000079c980000,0x000000079c980000,0x00000007aae80000)
  to   space 228352K, 0% used [0x00000007b0e80000,0x00000007b0e80000,0x00000007bed80000)
 ParOldGen       total 1283072K, used 866202K [0x00000006c0000000, 0x000000070e500000, 0x000000076ab00000)
  object space 1283072K, 67% used [0x00000006c0000000,0x00000006f4de6908,0x000000070e500000)
 Metaspace       used 6942K, capacity 7448K, committed 7680K, reserved 1056768K
  class space    used 651K, capacity 656K, committed 768K, reserved 1048576K
}

