# JRE version: Java(TM) SE Runtime Environment (8.0_151-b12) (build 1.8.0_151-b12)
# Java VM: Java HotSpot(TM) 64-Bit Server VM (25.151-b12 mixed mode windows-amd64 compressed oops)
Heap:
 PSYoungGen      total 1084928K, used 200639K [0x000000076ab00000, 0x00000007c0000000, 0x00000007c0000000)
  eden space 841728K, 5% used [0x000000076ab00000,0x000000076d9b4580,0x000000079e100000)
  from space 243200K, 62% used [0x000000079e100000,0x00000007a763b740,0x00000007ace80000)
  to   space 310784K, 0% used [0x00000007ad080000,0x00000007ad080000,0x00000007c0000000)
 ParOldGen       total 1092096K, used 747249K [0x00000006c0000000, 0x0000000702a80000, 0x000000076ab00000)
  object space 1092096K, 68% used [0x00000006c0000000,0x00000006ed9bc7b8,0x0000000702a80000)
 Metaspace       used 6926K, capacity 7480K, committed 7680K, reserved 1056768K
  class space    used 651K, capacity 688K, committed 768K, reserved 1048576K
GC Heap History (10 events):
Event: 11.260 GC heap before
{Heap before GC invocations=18 (full 4):
 PSYoungGen      total 834560K, used 676537K [0x000000076ab00000, 0x00000007af180000, 0x00000007c0000000)
  eden space 673280K, 100% used [0x000000076ab00000,0x0000000793c80000,0x0000000793c80000)
  from space 161280K, 2% used [0x0000000793c80000,0x0000000793fae790,0x000000079da00000)
  to   space 163840K, 0% used [0x00000007a5180000,0x00000007a5180000,0x00000007af180000)
 ParOldGen       total 747520K, used 477120K [0x00000006c0000000, 0x00000006eda00000, 0x000000076ab00000)
  object space 747520K, 63% used [0x00000006c0000000,0x00000006dd1f0000,0x00000006eda00000)
 Metaspace       used 6786K, capacity 7384K, committed 7680K, reserved 1056768K
  class space    used 643K, capacity 656K, committed 768K, reserved 1048576K
Event: 11.411 GC heap after
Heap after GC invocations=18 (full 4):
 PSYoungGen      total 903680K, used 92639K [0x000000076ab00000, 0x00000007ad900000, 0x00000007c0000000)
  eden space 764928K, 0% used [0x000000076ab00000,0x000000076ab00000,0x0000000799600000)
  from space 138752K, 66% used [0x00000007a5180000,0x00000007aabf7de0,0x00000007ad900000)
  to   space 165376K, 0% used [0x0000000799600000,0x0000000799600000,0x00000007a3780000)
 ParOldGen       total 747520K, used 477120K [0x00000006c0000000, 0x00000006eda00000, 0x000000076ab00000)
  object space 747520K, 63% used [0x00000006c0000000,0x00000006dd1f0000,0x00000006eda00000)
 Metaspace       used 6786K, capacity 7384K, committed 7680K, reserved 1056768K
  class space    used 643K, capacity 656K, committed 768K, reserved 1048576K
}
Event: 12.339 GC heap before
{Heap before GC invocations=19 (full 4):
 PSYoungGen      total 903680K, used 857567K [0x000000076ab00000, 0x00000007ad900000, 0x00000007c0000000)
  eden space 764928K, 100% used [0x000000076ab00000,0x0000000799600000,0x0000000799600000)
  from space 138752K, 66% used [0x00000007a5180000,0x00000007aabf7de0,0x00000007ad900000)
  to   space 165376K, 0% used [0x0000000799600000,0x0000000799600000,0x00000007a3780000)
 ParOldGen       total 747520K, used 477120K [0x00000006c0000000, 0x00000006eda00000, 0x000000076ab00000)
  object space 747520K, 63% used [0x00000006c0000000,0x00000006dd1f0000,0x00000006eda00000)
 Metaspace       used 6788K, capacity 7384K, committed 7680K, reserved 1056768K
  class space    used 643K, capacity 656K, committed 768K, reserved 1048576K
Event: 12.473 GC heap after
Heap after GC invocations=19 (full 4):
 PSYoungGen      total 930304K, used 165357K [0x000000076ab00000, 0x00000007b9c80000, 0x00000007c0000000)
  eden space 764928K, 0% used [0x000000076ab00000,0x000000076ab00000,0x0000000799600000)
  from space 165376K, 99% used [0x0000000799600000,0x00000007a377b578,0x00000007a3780000)
  to   space 210944K, 0% used [0x00000007ace80000,0x00000007ace80000,0x00000007b9c80000)
 ParOldGen       total 747520K, used 524951K [0x00000006c0000000, 0x00000006eda00000, 0x000000076ab00000)
  object space 747520K, 70% used [0x00000006c0000000,0x00000006e00a5c40,0x00000006eda00000)
 Metaspace       used 6788K, capacity 7384K, committed 7680K, reserved 1056768K
  class space    used 643K, capacity 656K, committed 768K, reserved 1048576K
}
Event: 13.421 GC heap before
{Heap before GC invocations=20 (full 4):
 PSYoungGen      total 930304K, used 930285K [0x000000076ab00000, 0x00000007b9c80000, 0x00000007c0000000)
  eden space 764928K, 100% used [0x000000076ab00000,0x0000000799600000,0x0000000799600000)
  from space 165376K, 99% used [0x0000000799600000,0x00000007a377b578,0x00000007a3780000)
  to   space 210944K, 0% used [0x00000007ace80000,0x00000007ace80000,0x00000007b9c80000)
 ParOldGen       total 747520K, used 524951K [0x00000006c0000000, 0x00000006eda00000, 0x000000076ab00000)
  object space 747520K, 70% used [0x00000006c0000000,0x00000006e00a5c40,0x00000006eda00000)
 Metaspace       used 6817K, capacity 7384K, committed 7680K, reserved 1056768K
  class space    used 644K, capacity 656K, committed 768K, reserved 1048576K
Event: 13.638 GC heap after
Heap after GC invocations=20 (full 4):
 PSYoungGen      total 1052672K, used 202192K [0x000000076ab00000, 0x00000007bea00000, 0x00000007c0000000)
  eden space 841728K, 0% used [0x000000076ab00000,0x000000076ab00000,0x000000079e100000)
  from space 210944K, 95% used [0x00000007ace80000,0x00000007b93f4188,0x00000007b9c80000)
  to   space 243200K, 0% used [0x000000079e100000,0x000000079e100000,0x00000007ace80000)
 ParOldGen       total 747520K, used 603872K [0x00000006c0000000, 0x00000006eda00000, 0x000000076ab00000)
  object space 747520K, 80% used [0x00000006c0000000,0x00000006e4db83e0,0x00000006eda00000)
 Metaspace       used 6817K, capacity 7384K, committed 7680K, reserved 1056768K
  class space    used 644K, capacity 656K, committed 768K, reserved 1048576K
}
Event: 14.889 GC heap before
{Heap before GC invocations=21 (full 4):
 PSYoungGen      total 1052672K, used 1043920K [0x000000076ab00000, 0x00000007bea00000, 0x00000007c0000000)
  eden space 841728K, 100% used [0x000000076ab00000,0x000000079e100000,0x000000079e100000)
  from space 210944K, 95% used [0x00000007ace80000,0x00000007b93f4188,0x00000007b9c80000)
  to   space 243200K, 0% used [0x000000079e100000,0x000000079e100000,0x00000007ace80000)
 ParOldGen       total 747520K, used 603872K [0x00000006c0000000, 0x00000006eda00000, 0x000000076ab00000)
  object space 747520K, 80% used [0x00000006c0000000,0x00000006e4db83e0,0x00000006eda00000)
 Metaspace       used 6926K, capacity 7480K, committed 7680K, reserved 1056768K
  class space    used 651K, capacity 688K, committed 768K, reserved 1048576K
Event: 15.149 GC heap after
Heap after GC invocations=21 (full 4):
 PSYoungGen      total 1084928K, used 243177K [0x000000076ab00000, 0x00000007c0000000, 0x00000007c0000000)
  eden space 841728K, 0% used [0x000000076ab00000,0x000000076ab00000,0x000000079e100000)
  from space 243200K, 99% used [0x000000079e100000,0x00000007ace7a7a0,0x00000007ace80000)
  to   space 310784K, 0% used [0x00000007ad080000,0x00000007ad080000,0x00000007c0000000)
 ParOldGen       total 747520K, used 675341K [0x00000006c0000000, 0x00000006eda00000, 0x000000076ab00000)
  object space 747520K, 90% used [0x00000006c0000000,0x00000006e9383638,0x00000006eda00000)
 Metaspace       used 6926K, capacity 7480K, committed 7680K, reserved 1056768K
  class space    used 651K, capacity 688K, committed 768K, reserved 1048576K
}
Event: 15.150 GC heap before
{Heap before GC invocations=22 (full 5):
 PSYoungGen      total 1084928K, used 243177K [0x000000076ab00000, 0x00000007c0000000, 0x00000007c0000000)
  eden space 841728K, 0% used [0x000000076ab00000,0x000000076ab00000,0x000000079e100000)
  from space 243200K, 99% used [0x000000079e100000,0x00000007ace7a7a0,0x00000007ace80000)
  to   space 310784K, 0% used [0x00000007ad080000,0x00000007ad080000,0x00000007c0000000)
 ParOldGen       total 747520K, used 675341K [0x00000006c0000000, 0x00000006eda00000, 0x000000076ab00000)
  object space 747520K, 90% used [0x00000006c0000000,0x00000006e9383638,0x00000006eda00000)
 Metaspace       used 6926K, capacity 7480K, committed 7680K, reserved 1056768K
  class space    used 651K, capacity 688K, committed 768K, reserved 1048576K
Event: 19.162 GC heap after
Heap after GC invocations=22 (full 5):
 PSYoungGen      total 1084928K, used 152813K [0x000000076ab00000, 0x00000007c0000000, 0x00000007c0000000)
  eden space 841728K, 0% used [0x000000076ab00000,0x000000076ab00000,0x000000079e100000)
  from space 243200K, 62% used [0x000000079e100000,0x00000007a763b740,0x00000007ace80000)
  to   space 310784K, 0% used [0x00000007ad080000,0x00000007ad080000,0x00000007c0000000)
 ParOldGen       total 1092096K, used 747249K [0x00000006c0000000, 0x0000000702a80000, 0x000000076ab00000)
  object space 1092096K, 68% used [0x00000006c0000000,0x00000006ed9bc7b8,0x0000000702a80000)
 Metaspace       used 6926K, capacity 7480K, committed 7680K, reserved 1056768K
  class space    used 651K, capacity 688K, committed 768K, reserved 1048576K
}

