# JRE version: Java(TM) SE Runtime Environment (8.0_151-b12) (build 1.8.0_151-b12)
# Java VM: Java HotSpot(TM) 64-Bit Server VM (25.151-b12 mixed mode windows-amd64 compressed oops)
Heap:
 PSYoungGen      total 1063424K, used 469384K [0x000000076ab00000, 0x00000007c0000000, 0x00000007c0000000)
  eden space 767488K, 61% used [0x000000076ab00000,0x00000007875620b0,0x0000000799880000)
  from space 295936K, 0% used [0x00000007ac800000,0x00000007ac800000,0x00000007be900000)
  to   space 310784K, 0% used [0x0000000799880000,0x0000000799880000,0x00000007ac800000)
 ParOldGen       total 985088K, used 564533K [0x00000006c0000000, 0x00000006fc200000, 0x000000076ab00000)
  object space 985088K, 57% used [0x00000006c0000000,0x00000006e274d478,0x00000006fc200000)
 Metaspace       used 7585K, capacity 7896K, committed 8192K, reserved 1056768K
  class space    used 694K, capacity 720K, committed 768K, reserved 1048576K
GC Heap History (10 events):
Event: 12.400 GC heap before
{Heap before GC invocations=20 (full 4):
 PSYoungGen      total 934400K, used 169073K [0x000000076ab00000, 0x00000007b5e80000, 0x00000007c0000000)
  eden space 699392K, 0% used [0x000000076ab00000,0x000000076ab00000,0x0000000795600000)
  from space 235008K, 71% used [0x00000007a4b00000,0x00000007af01c588,0x00000007b3080000)
  to   space 250880K, 0% used [0x0000000795600000,0x0000000795600000,0x00000007a4b00000)
 ParOldGen       total 496128K, used 495871K [0x00000006c0000000, 0x00000006de480000, 0x000000076ab00000)
  object space 496128K, 99% used [0x00000006c0000000,0x00000006de43fe58,0x00000006de480000)
 Metaspace       used 6789K, capacity 7384K, committed 7680K, reserved 1056768K
  class space    used 641K, capacity 656K, committed 768K, reserved 1048576K
Event: 14.298 GC heap after
Heap after GC invocations=20 (full 4):
 PSYoungGen      total 934400K, used 157375K [0x000000076ab00000, 0x00000007b5e80000, 0x00000007c0000000)
  eden space 699392K, 0% used [0x000000076ab00000,0x000000076ab00000,0x0000000795600000)
  from space 235008K, 66% used [0x00000007a4b00000,0x00000007ae4afea8,0x00000007b3080000)
  to   space 250880K, 0% used [0x0000000795600000,0x0000000795600000,0x00000007a4b00000)
 ParOldGen       total 765440K, used 496049K [0x00000006c0000000, 0x00000006eeb80000, 0x000000076ab00000)
  object space 765440K, 64% used [0x00000006c0000000,0x00000006de46c4d8,0x00000006eeb80000)
 Metaspace       used 6789K, capacity 7384K, committed 7680K, reserved 1056768K
  class space    used 641K, capacity 656K, committed 768K, reserved 1048576K
}
Event: 19.144 GC heap before
{Heap before GC invocations=21 (full 4):
 PSYoungGen      total 934400K, used 856767K [0x000000076ab00000, 0x00000007b5e80000, 0x00000007c0000000)
  eden space 699392K, 100% used [0x000000076ab00000,0x0000000795600000,0x0000000795600000)
  from space 235008K, 66% used [0x00000007a4b00000,0x00000007ae4afea8,0x00000007b3080000)
  to   space 250880K, 0% used [0x0000000795600000,0x0000000795600000,0x00000007a4b00000)
 ParOldGen       total 765440K, used 496049K [0x00000006c0000000, 0x00000006eeb80000, 0x000000076ab00000)
  object space 765440K, 64% used [0x00000006c0000000,0x00000006de46c4d8,0x00000006eeb80000)
 Metaspace       used 6795K, capacity 7384K, committed 7680K, reserved 1056768K
  class space    used 642K, capacity 656K, committed 768K, reserved 1048576K
Event: 19.335 GC heap after
Heap after GC invocations=21 (full 4):
 PSYoungGen      total 950272K, used 250853K [0x000000076ab00000, 0x00000007be900000, 0x00000007c0000000)
  eden space 699392K, 0% used [0x000000076ab00000,0x000000076ab00000,0x0000000795600000)
  from space 250880K, 99% used [0x0000000795600000,0x00000007a4af9490,0x00000007a4b00000)
  to   space 295936K, 0% used [0x00000007ac800000,0x00000007ac800000,0x00000007be900000)
 ParOldGen       total 765440K, used 502427K [0x00000006c0000000, 0x00000006eeb80000, 0x000000076ab00000)
  object space 765440K, 65% used [0x00000006c0000000,0x00000006deaa6cd0,0x00000006eeb80000)
 Metaspace       used 6795K, capacity 7384K, committed 7680K, reserved 1056768K
  class space    used 642K, capacity 656K, committed 768K, reserved 1048576K
}
Event: 20.428 GC heap before
{Heap before GC invocations=22 (full 4):
 PSYoungGen      total 950272K, used 950245K [0x000000076ab00000, 0x00000007be900000, 0x00000007c0000000)
  eden space 699392K, 100% used [0x000000076ab00000,0x0000000795600000,0x0000000795600000)
  from space 250880K, 99% used [0x0000000795600000,0x00000007a4af9490,0x00000007a4b00000)
  to   space 295936K, 0% used [0x00000007ac800000,0x00000007ac800000,0x00000007be900000)
 ParOldGen       total 765440K, used 502427K [0x00000006c0000000, 0x00000006eeb80000, 0x000000076ab00000)
  object space 765440K, 65% used [0x00000006c0000000,0x00000006deaa6cd0,0x00000006eeb80000)
 Metaspace       used 6901K, capacity 7448K, committed 7680K, reserved 1056768K
  class space    used 648K, capacity 656K, committed 768K, reserved 1048576K
Event: 20.718 GC heap after
Heap after GC invocations=22 (full 4):
 PSYoungGen      total 1063424K, used 200560K [0x000000076ab00000, 0x00000007c0000000, 0x00000007c0000000)
  eden space 767488K, 0% used [0x000000076ab00000,0x000000076ab00000,0x0000000799880000)
  from space 295936K, 67% used [0x00000007ac800000,0x00000007b8bdc000,0x00000007be900000)
  to   space 310784K, 0% used [0x0000000799880000,0x0000000799880000,0x00000007ac800000)
 ParOldGen       total 765440K, used 652691K [0x00000006c0000000, 0x00000006eeb80000, 0x000000076ab00000)
  object space 765440K, 85% used [0x00000006c0000000,0x00000006e7d64d30,0x00000006eeb80000)
 Metaspace       used 6901K, capacity 7448K, committed 7680K, reserved 1056768K
  class space    used 648K, capacity 656K, committed 768K, reserved 1048576K
}
Event: 20.718 GC heap before
{Heap before GC invocations=23 (full 5):
 PSYoungGen      total 1063424K, used 200560K [0x000000076ab00000, 0x00000007c0000000, 0x00000007c0000000)
  eden space 767488K, 0% used [0x000000076ab00000,0x000000076ab00000,0x0000000799880000)
  from space 295936K, 67% used [0x00000007ac800000,0x00000007b8bdc000,0x00000007be900000)
  to   space 310784K, 0% used [0x0000000799880000,0x0000000799880000,0x00000007ac800000)
 ParOldGen       total 765440K, used 652691K [0x00000006c0000000, 0x00000006eeb80000, 0x000000076ab00000)
  object space 765440K, 85% used [0x00000006c0000000,0x00000006e7d64d30,0x00000006eeb80000)
 Metaspace       used 6901K, capacity 7448K, committed 7680K, reserved 1056768K
  class space    used 648K, capacity 656K, committed 768K, reserved 1048576K
Event: 23.773 GC heap after
Heap after GC invocations=23 (full 5):
 PSYoungGen      total 1063424K, used 77015K [0x000000076ab00000, 0x00000007c0000000, 0x00000007c0000000)
  eden space 767488K, 0% used [0x000000076ab00000,0x000000076ab00000,0x0000000799880000)
  from space 295936K, 26% used [0x00000007ac800000,0x00000007b1335ef8,0x00000007be900000)
  to   space 310784K, 0% used [0x0000000799880000,0x0000000799880000,0x00000007ac800000)
 ParOldGen       total 765440K, used 765227K [0x00000006c0000000, 0x00000006eeb80000, 0x000000076ab00000)
  object space 765440K, 99% used [0x00000006c0000000,0x00000006eeb4aec8,0x00000006eeb80000)
 Metaspace       used 6901K, capacity 7448K, committed 7680K, reserved 1056768K
  class space    used 648K, capacity 656K, committed 768K, reserved 1048576K
}
Event: 26.165 GC heap before
{Heap before GC invocations=24 (full 6):
 PSYoungGen      total 1063424K, used 844503K [0x000000076ab00000, 0x00000007c0000000, 0x00000007c0000000)
  eden space 767488K, 100% used [0x000000076ab00000,0x0000000799880000,0x0000000799880000)
  from space 295936K, 26% used [0x00000007ac800000,0x00000007b1335ef8,0x00000007be900000)
  to   space 310784K, 0% used [0x0000000799880000,0x0000000799880000,0x00000007ac800000)
 ParOldGen       total 765440K, used 765227K [0x00000006c0000000, 0x00000006eeb80000, 0x000000076ab00000)
  object space 765440K, 99% used [0x00000006c0000000,0x00000006eeb4aec8,0x00000006eeb80000)
 Metaspace       used 7231K, capacity 7736K, committed 7936K, reserved 1056768K
  class space    used 663K, capacity 688K, committed 768K, reserved 1048576K
Event: 28.482 GC heap after
Heap after GC invocations=24 (full 6):
 PSYoungGen      total 1063424K, used 0K [0x000000076ab00000, 0x00000007c0000000, 0x00000007c0000000)
  eden space 767488K, 0% used [0x000000076ab00000,0x000000076ab00000,0x0000000799880000)
  from space 295936K, 0% used [0x00000007ac800000,0x00000007ac800000,0x00000007be900000)
  to   space 310784K, 0% used [0x0000000799880000,0x0000000799880000,0x00000007ac800000)
 ParOldGen       total 985088K, used 564533K [0x00000006c0000000, 0x00000006fc200000, 0x000000076ab00000)
  object space 985088K, 57% used [0x00000006c0000000,0x00000006e274d478,0x00000006fc200000)
 Metaspace       used 7231K, capacity 7736K, committed 7936K, reserved 1056768K
  class space    used 663K, capacity 688K, committed 768K, reserved 1048576K
}

