# JRE version: Java(TM) SE Runtime Environment (8.0_151-b12) (build 1.8.0_151-b12)
# Java VM: Java HotSpot(TM) 64-Bit Server VM (25.151-b12 mixed mode windows-amd64 compressed oops)
Heap:
 PSYoungGen      total 549888K, used 71924K [0x000000076ab00000, 0x0000000791f00000, 0x00000007c0000000)
  eden space 502784K, 6% used [0x000000076ab00000,0x000000076c876518,0x0000000789600000)
  from space 47104K, 88% used [0x000000078d300000,0x000000078fbc6e30,0x0000000790100000)
  to   space 62464K, 0% used [0x0000000789600000,0x0000000789600000,0x000000078d300000)
 ParOldGen       total 335872K, used 335659K [0x00000006c0000000, 0x00000006d4800000, 0x000000076ab00000)
  object space 335872K, 99% used [0x00000006c0000000,0x00000006d47cadf0,0x00000006d4800000)
 Metaspace       used 6738K, capacity 7320K, committed 7680K, reserved 1056768K
  class space    used 639K, capacity 656K, committed 768K, reserved 1048576K
GC Heap History (10 events):
Event: 4.835 GC heap before
{Heap before GC invocations=11 (full 1):
 PSYoungGen      total 565248K, used 565243K [0x000000076ab00000, 0x0000000791f00000, 0x00000007c0000000)
  eden space 502784K, 100% used [0x000000076ab00000,0x0000000789600000,0x0000000789600000)
  from space 62464K, 99% used [0x0000000789600000,0x000000078d2fec88,0x000000078d300000)
  to   space 47104K, 0% used [0x000000078d300000,0x000000078d300000,0x0000000790100000)
 ParOldGen       total 164864K, used 125700K [0x00000006c0000000, 0x00000006ca100000, 0x000000076ab00000)
  object space 164864K, 76% used [0x00000006c0000000,0x00000006c7ac10c0,0x00000006ca100000)
 Metaspace       used 6698K, capacity 7320K, committed 7680K, reserved 1056768K
  class space    used 637K, capacity 656K, committed 768K, reserved 1048576K
Event: 4.942 GC heap after
Heap after GC invocations=11 (full 1):
 PSYoungGen      total 549888K, used 47096K [0x000000076ab00000, 0x0000000791f00000, 0x00000007c0000000)
  eden space 502784K, 0% used [0x000000076ab00000,0x000000076ab00000,0x0000000789600000)
  from space 47104K, 99% used [0x000000078d300000,0x00000007900fe208,0x0000000790100000)
  to   space 62464K, 0% used [0x0000000789600000,0x0000000789600000,0x000000078d300000)
 ParOldGen       total 192000K, used 191407K [0x00000006c0000000, 0x00000006cbb80000, 0x000000076ab00000)
  object space 192000K, 99% used [0x00000006c0000000,0x00000006cbaebf08,0x00000006cbb80000)
 Metaspace       used 6698K, capacity 7320K, committed 7680K, reserved 1056768K
  class space    used 637K, capacity 656K, committed 768K, reserved 1048576K
}
Event: 4.942 GC heap before
{Heap before GC invocations=12 (full 2):
 PSYoungGen      total 549888K, used 47096K [0x000000076ab00000, 0x0000000791f00000, 0x00000007c0000000)
  eden space 502784K, 0% used [0x000000076ab00000,0x000000076ab00000,0x0000000789600000)
  from space 47104K, 99% used [0x000000078d300000,0x00000007900fe208,0x0000000790100000)
  to   space 62464K, 0% used [0x0000000789600000,0x0000000789600000,0x000000078d300000)
 ParOldGen       total 192000K, used 191407K [0x00000006c0000000, 0x00000006cbb80000, 0x000000076ab00000)
  object space 192000K, 99% used [0x00000006c0000000,0x00000006cbaebf08,0x00000006cbb80000)
 Metaspace       used 6698K, capacity 7320K, committed 7680K, reserved 1056768K
  class space    used 637K, capacity 656K, committed 768K, reserved 1048576K
Event: 5.705 GC heap after
Heap after GC invocations=12 (full 2):
 PSYoungGen      total 549888K, used 38136K [0x000000076ab00000, 0x0000000791f00000, 0x00000007c0000000)
  eden space 502784K, 0% used [0x000000076ab00000,0x000000076ab00000,0x0000000789600000)
  from space 47104K, 80% used [0x000000078d300000,0x000000078f83e0d8,0x0000000790100000)
  to   space 62464K, 0% used [0x0000000789600000,0x0000000789600000,0x000000078d300000)
 ParOldGen       total 332288K, used 191514K [0x00000006c0000000, 0x00000006d4480000, 0x000000076ab00000)
  object space 332288K, 57% used [0x00000006c0000000,0x00000006cbb06968,0x00000006d4480000)
 Metaspace       used 6698K, capacity 7320K, committed 7680K, reserved 1056768K
  class space    used 637K, capacity 656K, committed 768K, reserved 1048576K
}
Event: 6.589 GC heap before
{Heap before GC invocations=13 (full 2):
 PSYoungGen      total 549888K, used 540920K [0x000000076ab00000, 0x0000000791f00000, 0x00000007c0000000)
  eden space 502784K, 100% used [0x000000076ab00000,0x0000000789600000,0x0000000789600000)
  from space 47104K, 80% used [0x000000078d300000,0x000000078f83e0d8,0x0000000790100000)
  to   space 62464K, 0% used [0x0000000789600000,0x0000000789600000,0x000000078d300000)
 ParOldGen       total 332288K, used 191514K [0x00000006c0000000, 0x00000006d4480000, 0x000000076ab00000)
  object space 332288K, 57% used [0x00000006c0000000,0x00000006cbb06968,0x00000006d4480000)
 Metaspace       used 6735K, capacity 7320K, committed 7680K, reserved 1056768K
  class space    used 639K, capacity 656K, committed 768K, reserved 1048576K
Event: 6.706 GC heap after
Heap after GC invocations=13 (full 2):
 PSYoungGen      total 565248K, used 62438K [0x000000076ab00000, 0x0000000791f00000, 0x00000007c0000000)
  eden space 502784K, 0% used [0x000000076ab00000,0x000000076ab00000,0x0000000789600000)
  from space 62464K, 99% used [0x0000000789600000,0x000000078d2f9bd0,0x000000078d300000)
  to   space 47104K, 0% used [0x000000078d300000,0x000000078d300000,0x0000000790100000)
 ParOldGen       total 332288K, used 242290K [0x00000006c0000000, 0x00000006d4480000, 0x000000076ab00000)
  object space 332288K, 72% used [0x00000006c0000000,0x00000006cec9ca78,0x00000006d4480000)
 Metaspace       used 6735K, capacity 7320K, committed 7680K, reserved 1056768K
  class space    used 639K, capacity 656K, committed 768K, reserved 1048576K
}
Event: 7.556 GC heap before
{Heap before GC invocations=14 (full 2):
 PSYoungGen      total 565248K, used 565222K [0x000000076ab00000, 0x0000000791f00000, 0x00000007c0000000)
  eden space 502784K, 100% used [0x000000076ab00000,0x0000000789600000,0x0000000789600000)
  from space 62464K, 99% used [0x0000000789600000,0x000000078d2f9bd0,0x000000078d300000)
  to   space 47104K, 0% used [0x000000078d300000,0x000000078d300000,0x0000000790100000)
 ParOldGen       total 332288K, used 242290K [0x00000006c0000000, 0x00000006d4480000, 0x000000076ab00000)
  object space 332288K, 72% used [0x00000006c0000000,0x00000006cec9ca78,0x00000006d4480000)
 Metaspace       used 6737K, capacity 7320K, committed 7680K, reserved 1056768K
  class space    used 639K, capacity 656K, committed 768K, reserved 1048576K
Event: 7.673 GC heap after
Heap after GC invocations=14 (full 2):
 PSYoungGen      total 549888K, used 47086K [0x000000076ab00000, 0x0000000791f00000, 0x00000007c0000000)
  eden space 502784K, 0% used [0x000000076ab00000,0x000000076ab00000,0x0000000789600000)
  from space 47104K, 99% used [0x000000078d300000,0x00000007900fb9b8,0x0000000790100000)
  to   space 62464K, 0% used [0x0000000789600000,0x0000000789600000,0x000000078d300000)
 ParOldGen       total 335872K, used 335424K [0x00000006c0000000, 0x00000006d4800000, 0x000000076ab00000)
  object space 335872K, 99% used [0x00000006c0000000,0x00000006d47902a8,0x00000006d4800000)
 Metaspace       used 6737K, capacity 7320K, committed 7680K, reserved 1056768K
  class space    used 639K, capacity 656K, committed 768K, reserved 1048576K
}
Event: 7.673 GC heap before
{Heap before GC invocations=15 (full 3):
 PSYoungGen      total 549888K, used 47086K [0x000000076ab00000, 0x0000000791f00000, 0x00000007c0000000)
  eden space 502784K, 0% used [0x000000076ab00000,0x000000076ab00000,0x0000000789600000)
  from space 47104K, 99% used [0x000000078d300000,0x00000007900fb9b8,0x0000000790100000)
  to   space 62464K, 0% used [0x0000000789600000,0x0000000789600000,0x000000078d300000)
 ParOldGen       total 335872K, used 335424K [0x00000006c0000000, 0x00000006d4800000, 0x000000076ab00000)
  object space 335872K, 99% used [0x00000006c0000000,0x00000006d47902a8,0x00000006d4800000)
 Metaspace       used 6737K, capacity 7320K, committed 7680K, reserved 1056768K
  class space    used 639K, capacity 656K, committed 768K, reserved 1048576K
Event: 8.824 GC heap after
Heap after GC invocations=15 (full 3):
 PSYoungGen      total 549888K, used 41755K [0x000000076ab00000, 0x0000000791f00000, 0x00000007c0000000)
  eden space 502784K, 0% used [0x000000076ab00000,0x000000076ab00000,0x0000000789600000)
  from space 47104K, 88% used [0x000000078d300000,0x000000078fbc6e30,0x0000000790100000)
  to   space 62464K, 0% used [0x0000000789600000,0x0000000789600000,0x000000078d300000)
 ParOldGen       total 335872K, used 335659K [0x00000006c0000000, 0x00000006d4800000, 0x000000076ab00000)
  object space 335872K, 99% used [0x00000006c0000000,0x00000006d47cadf0,0x00000006d4800000)
 Metaspace       used 6737K, capacity 7320K, committed 7680K, reserved 1056768K
  class space    used 639K, capacity 656K, committed 768K, reserved 1048576K
}

