# JRE version: OpenJDK Runtime Environment (8.0_152-b01) (build 1.8.0_152-release-915-b01)
# Java VM: OpenJDK 64-Bit Server VM (25.152-b01 mixed mode windows-amd64 compressed oops)
Heap:
 PSYoungGen      total 1154560K, used 292497K [0x000000076ab00000, 0x00000007c0000000, 0x00000007c0000000)
  eden space 911360K, 32% used [0x000000076ab00000,0x000000077c8a4420,0x00000007a2500000)
  from space 243200K, 0% used [0x00000007a2500000,0x00000007a2500000,0x00000007b1280000)
  to   space 239616K, 0% used [0x00000007b1600000,0x00000007b1600000,0x00000007c0000000)
 ParOldGen       total 1297408K, used 902391K [0x00000006c0000000, 0x000000070f300000, 0x000000076ab00000)
  object space 1297408K, 69% used [0x00000006c0000000,0x00000006f713df18,0x000000070f300000)
 Metaspace       used 7080K, capacity 7736K, committed 7936K, reserved 1056768K
  class space    used 629K, capacity 688K, committed 768K, reserved 1048576K
GC Heap History (10 events):
Event: 41.846 GC heap before
{Heap before GC invocations=23 (full 5):
 PSYoungGen      total 1120256K, used 108226K [0x000000076ab00000, 0x00000007be280000, 0x00000007c0000000)
  eden space 898560K, 0% used [0x000000076ab00000,0x000000076ab00000,0x00000007a1880000)
  from space 221696K, 48% used [0x00000007b0a00000,0x00000007b73b0850,0x00000007be280000)
  to   space 234496K, 0% used [0x00000007a1880000,0x00000007a1880000,0x00000007afd80000)
 ParOldGen       total 831488K, used 760657K [0x00000006c0000000, 0x00000006f2c00000, 0x000000076ab00000)
  object space 831488K, 91% used [0x00000006c0000000,0x00000006ee6d4468,0x00000006f2c00000)
 Metaspace       used 6720K, capacity 7384K, committed 7680K, reserved 1056768K
  class space    used 613K, capacity 656K, committed 768K, reserved 1048576K
Event: 48.412 GC heap after
Heap after GC invocations=23 (full 5):
 PSYoungGen      total 1120256K, used 28606K [0x000000076ab00000, 0x00000007be280000, 0x00000007c0000000)
  eden space 898560K, 0% used [0x000000076ab00000,0x000000076ab00000,0x00000007a1880000)
  from space 221696K, 12% used [0x00000007b0a00000,0x00000007b25ef8a0,0x00000007be280000)
  to   space 234496K, 0% used [0x00000007a1880000,0x00000007a1880000,0x00000007afd80000)
 ParOldGen       total 1148416K, used 831192K [0x00000006c0000000, 0x0000000706180000, 0x000000076ab00000)
  object space 1148416K, 72% used [0x00000006c0000000,0x00000006f2bb6038,0x0000000706180000)
 Metaspace       used 6720K, capacity 7384K, committed 7680K, reserved 1056768K
  class space    used 613K, capacity 656K, committed 768K, reserved 1048576K
}
Event: 53.290 GC heap before
{Heap before GC invocations=24 (full 5):
 PSYoungGen      total 1120256K, used 927166K [0x000000076ab00000, 0x00000007be280000, 0x00000007c0000000)
  eden space 898560K, 100% used [0x000000076ab00000,0x00000007a1880000,0x00000007a1880000)
  from space 221696K, 12% used [0x00000007b0a00000,0x00000007b25ef8a0,0x00000007be280000)
  to   space 234496K, 0% used [0x00000007a1880000,0x00000007a1880000,0x00000007afd80000)
 ParOldGen       total 1148416K, used 831192K [0x00000006c0000000, 0x0000000706180000, 0x000000076ab00000)
  object space 1148416K, 72% used [0x00000006c0000000,0x00000006f2bb6038,0x0000000706180000)
 Metaspace       used 6973K, capacity 7576K, committed 7936K, reserved 1056768K
  class space    used 625K, capacity 656K, committed 768K, reserved 1048576K
Event: 57.719 GC heap after
Heap after GC invocations=24 (full 5):
 PSYoungGen      total 1133056K, used 136952K [0x000000076ab00000, 0x00000007c0000000, 0x00000007c0000000)
  eden space 898560K, 0% used [0x000000076ab00000,0x000000076ab00000,0x00000007a1880000)
  from space 234496K, 58% used [0x00000007a1880000,0x00000007a9e3e338,0x00000007afd80000)
  to   space 235520K, 0% used [0x00000007b1a00000,0x00000007b1a00000,0x00000007c0000000)
 ParOldGen       total 1148416K, used 857220K [0x00000006c0000000, 0x0000000706180000, 0x000000076ab00000)
  object space 1148416K, 74% used [0x00000006c0000000,0x00000006f4521008,0x0000000706180000)
 Metaspace       used 6973K, capacity 7576K, committed 7936K, reserved 1056768K
  class space    used 625K, capacity 656K, committed 768K, reserved 1048576K
}
Event: 62.935 GC heap before
{Heap before GC invocations=25 (full 5):
 PSYoungGen      total 1133056K, used 1035512K [0x000000076ab00000, 0x00000007c0000000, 0x00000007c0000000)
  eden space 898560K, 100% used [0x000000076ab00000,0x00000007a1880000,0x00000007a1880000)
  from space 234496K, 58% used [0x00000007a1880000,0x00000007a9e3e338,0x00000007afd80000)
  to   space 235520K, 0% used [0x00000007b1a00000,0x00000007b1a00000,0x00000007c0000000)
 ParOldGen       total 1148416K, used 857220K [0x00000006c0000000, 0x0000000706180000, 0x000000076ab00000)
  object space 1148416K, 74% used [0x00000006c0000000,0x00000006f4521008,0x0000000706180000)
 Metaspace       used 6997K, capacity 7576K, committed 7936K, reserved 1056768K
  class space    used 625K, capacity 656K, committed 768K, reserved 1048576K
Event: 68.993 GC heap after
Heap after GC invocations=25 (full 5):
 PSYoungGen      total 1146880K, used 159329K [0x000000076ab00000, 0x00000007c0000000, 0x00000007c0000000)
  eden space 911360K, 0% used [0x000000076ab00000,0x000000076ab00000,0x00000007a2500000)
  from space 235520K, 67% used [0x00000007b1a00000,0x00000007bb598438,0x00000007c0000000)
  to   space 243200K, 0% used [0x00000007a2500000,0x00000007a2500000,0x00000007b1280000)
 ParOldGen       total 1148416K, used 981248K [0x00000006c0000000, 0x0000000706180000, 0x000000076ab00000)
  object space 1148416K, 85% used [0x00000006c0000000,0x00000006fbe400b0,0x0000000706180000)
 Metaspace       used 6997K, capacity 7576K, committed 7936K, reserved 1056768K
  class space    used 625K, capacity 656K, committed 768K, reserved 1048576K
}
Event: 76.897 GC heap before
{Heap before GC invocations=26 (full 5):
 PSYoungGen      total 1146880K, used 1070689K [0x000000076ab00000, 0x00000007c0000000, 0x00000007c0000000)
  eden space 911360K, 100% used [0x000000076ab00000,0x00000007a2500000,0x00000007a2500000)
  from space 235520K, 67% used [0x00000007b1a00000,0x00000007bb598438,0x00000007c0000000)
  to   space 243200K, 0% used [0x00000007a2500000,0x00000007a2500000,0x00000007b1280000)
 ParOldGen       total 1148416K, used 981248K [0x00000006c0000000, 0x0000000706180000, 0x000000076ab00000)
  object space 1148416K, 85% used [0x00000006c0000000,0x00000006fbe400b0,0x0000000706180000)
 Metaspace       used 7023K, capacity 7672K, committed 7936K, reserved 1056768K
  class space    used 628K, capacity 688K, committed 768K, reserved 1048576K
Event: 77.463 GC heap after
Heap after GC invocations=26 (full 5):
 PSYoungGen      total 1154560K, used 134293K [0x000000076ab00000, 0x00000007c0000000, 0x00000007c0000000)
  eden space 911360K, 0% used [0x000000076ab00000,0x000000076ab00000,0x00000007a2500000)
  from space 243200K, 55% used [0x00000007a2500000,0x00000007aa825510,0x00000007b1280000)
  to   space 239616K, 0% used [0x00000007b1600000,0x00000007b1600000,0x00000007c0000000)
 ParOldGen       total 1148416K, used 1137768K [0x00000006c0000000, 0x0000000706180000, 0x000000076ab00000)
  object space 1148416K, 99% used [0x00000006c0000000,0x000000070571a140,0x0000000706180000)
 Metaspace       used 7023K, capacity 7672K, committed 7936K, reserved 1056768K
  class space    used 628K, capacity 688K, committed 768K, reserved 1048576K
}
Event: 77.483 GC heap before
{Heap before GC invocations=27 (full 6):
 PSYoungGen      total 1154560K, used 134293K [0x000000076ab00000, 0x00000007c0000000, 0x00000007c0000000)
  eden space 911360K, 0% used [0x000000076ab00000,0x000000076ab00000,0x00000007a2500000)
  from space 243200K, 55% used [0x00000007a2500000,0x00000007aa825510,0x00000007b1280000)
  to   space 239616K, 0% used [0x00000007b1600000,0x00000007b1600000,0x00000007c0000000)
 ParOldGen       total 1148416K, used 1137768K [0x00000006c0000000, 0x0000000706180000, 0x000000076ab00000)
  object space 1148416K, 99% used [0x00000006c0000000,0x000000070571a140,0x0000000706180000)
 Metaspace       used 7023K, capacity 7672K, committed 7936K, reserved 1056768K
  class space    used 628K, capacity 688K, committed 768K, reserved 1048576K
Event: 98.852 GC heap after
Heap after GC invocations=27 (full 6):
 PSYoungGen      total 1154560K, used 0K [0x000000076ab00000, 0x00000007c0000000, 0x00000007c0000000)
  eden space 911360K, 0% used [0x000000076ab00000,0x000000076ab00000,0x00000007a2500000)
  from space 243200K, 0% used [0x00000007a2500000,0x00000007a2500000,0x00000007b1280000)
  to   space 239616K, 0% used [0x00000007b1600000,0x00000007b1600000,0x00000007c0000000)
 ParOldGen       total 1297408K, used 902391K [0x00000006c0000000, 0x000000070f300000, 0x000000076ab00000)
  object space 1297408K, 69% used [0x00000006c0000000,0x00000006f713df18,0x000000070f300000)
 Metaspace       used 7023K, capacity 7672K, committed 7936K, reserved 1056768K
  class space    used 628K, capacity 688K, committed 768K, reserved 1048576K
}

