# JRE version: OpenJDK Runtime Environment (8.0_152-b01) (build 1.8.0_152-release-915-b01)
# Java VM: OpenJDK 64-Bit Server VM (25.152-b01 mixed mode windows-amd64 compressed oops)
Heap:
 PSYoungGen      total 939008K, used 279101K [0x000000076ab00000, 0x00000007b6e80000, 0x00000007c0000000)
  eden space 701440K, 25% used [0x000000076ab00000,0x000000077573c388,0x0000000795800000)
  from space 237568K, 43% used [0x00000007a5200000,0x00000007ab6531b0,0x00000007b3a00000)
  to   space 256000K, 0% used [0x0000000795800000,0x0000000795800000,0x00000007a5200000)
 ParOldGen       total 869376K, used 736330K [0x00000006c0000000, 0x00000006f5100000, 0x000000076ab00000)
  object space 869376K, 84% used [0x00000006c0000000,0x00000006ecf12a60,0x00000006f5100000)
 Metaspace       used 7421K, capacity 7864K, committed 8192K, reserved 1056768K
  class space    used 659K, capacity 688K, committed 768K, reserved 1048576K
GC Heap History (10 events):
Event: 17.050 GC heap before
{Heap before GC invocations=23 (full 4):
 PSYoungGen      total 939008K, used 938984K [0x000000076ab00000, 0x00000007b6e80000, 0x00000007c0000000)
  eden space 701440K, 100% used [0x000000076ab00000,0x0000000795800000,0x0000000795800000)
  from space 237568K, 99% used [0x00000007a5200000,0x00000007b39fa168,0x00000007b3a00000)
  to   space 256000K, 0% used [0x0000000795800000,0x0000000795800000,0x00000007a5200000)
 ParOldGen       total 846848K, used 610452K [0x00000006c0000000, 0x00000006f3b00000, 0x000000076ab00000)
  object space 846848K, 72% used [0x00000006c0000000,0x00000006e5425128,0x00000006f3b00000)
 Metaspace       used 6958K, capacity 7576K, committed 7936K, reserved 1056768K
  class space    used 625K, capacity 656K, committed 768K, reserved 1048576K
Event: 17.263 GC heap after
Heap after GC invocations=23 (full 4):
 PSYoungGen      total 957440K, used 255986K [0x000000076ab00000, 0x00000007b6e80000, 0x00000007c0000000)
  eden space 701440K, 0% used [0x000000076ab00000,0x000000076ab00000,0x0000000795800000)
  from space 256000K, 99% used [0x0000000795800000,0x00000007a51fc938,0x00000007a5200000)
  to   space 237568K, 0% used [0x00000007a5200000,0x00000007a5200000,0x00000007b3a00000)
 ParOldGen       total 846848K, used 697594K [0x00000006c0000000, 0x00000006f3b00000, 0x000000076ab00000)
  object space 846848K, 82% used [0x00000006c0000000,0x00000006ea93eb48,0x00000006f3b00000)
 Metaspace       used 6958K, capacity 7576K, committed 7936K, reserved 1056768K
  class space    used 625K, capacity 656K, committed 768K, reserved 1048576K
}
Event: 18.137 GC heap before
{Heap before GC invocations=24 (full 4):
 PSYoungGen      total 957440K, used 957426K [0x000000076ab00000, 0x00000007b6e80000, 0x00000007c0000000)
  eden space 701440K, 100% used [0x000000076ab00000,0x0000000795800000,0x0000000795800000)
  from space 256000K, 99% used [0x0000000795800000,0x00000007a51fc938,0x00000007a5200000)
  to   space 237568K, 0% used [0x00000007a5200000,0x00000007a5200000,0x00000007b3a00000)
 ParOldGen       total 846848K, used 697594K [0x00000006c0000000, 0x00000006f3b00000, 0x000000076ab00000)
  object space 846848K, 82% used [0x00000006c0000000,0x00000006ea93eb48,0x00000006f3b00000)
 Metaspace       used 6986K, capacity 7576K, committed 7936K, reserved 1056768K
  class space    used 625K, capacity 656K, committed 768K, reserved 1048576K
Event: 18.754 GC heap after
Heap after GC invocations=24 (full 4):
 PSYoungGen      total 957440K, used 957426K [0x000000076ab00000, 0x00000007b6e80000, 0x00000007c0000000)
  eden space 701440K, 100% used [0x000000076ab00000,0x0000000795800000,0x0000000795800000)
  from space 256000K, 99% used [0x0000000795800000,0x00000007a51fc938,0x00000007a5200000)
  to   space 237568K, 80% used [0x00000007a5200000,0x00000007b0d55250,0x00000007b3a00000)
 ParOldGen       total 869376K, used 869371K [0x00000006c0000000, 0x00000006f5100000, 0x000000076ab00000)
  object space 869376K, 99% used [0x00000006c0000000,0x00000006f50fec30,0x00000006f5100000)
 Metaspace       used 6986K, capacity 7576K, committed 7936K, reserved 1056768K
  class space    used 625K, capacity 656K, committed 768K, reserved 1048576K
}
Event: 18.754 GC heap before
{Heap before GC invocations=25 (full 5):
 PSYoungGen      total 957440K, used 957426K [0x000000076ab00000, 0x00000007b6e80000, 0x00000007c0000000)
  eden space 701440K, 100% used [0x000000076ab00000,0x0000000795800000,0x0000000795800000)
  from space 256000K, 99% used [0x0000000795800000,0x00000007a51fc938,0x00000007a5200000)
  to   space 237568K, 80% used [0x00000007a5200000,0x00000007b0d55250,0x00000007b3a00000)
 ParOldGen       total 869376K, used 869371K [0x00000006c0000000, 0x00000006f5100000, 0x000000076ab00000)
  object space 869376K, 99% used [0x00000006c0000000,0x00000006f50fec30,0x00000006f5100000)
 Metaspace       used 6986K, capacity 7576K, committed 7936K, reserved 1056768K
  class space    used 625K, capacity 656K, committed 768K, reserved 1048576K
Event: 21.709 GC heap after
Heap after GC invocations=25 (full 5):
 PSYoungGen      total 957440K, used 0K [0x000000076ab00000, 0x00000007b6e80000, 0x00000007c0000000)
  eden space 701440K, 0% used [0x000000076ab00000,0x000000076ab00000,0x0000000795800000)
  from space 256000K, 0% used [0x0000000795800000,0x0000000795800000,0x00000007a5200000)
  to   space 237568K, 0% used [0x00000007a5200000,0x00000007a5200000,0x00000007b3a00000)
 ParOldGen       total 869376K, used 838296K [0x00000006c0000000, 0x00000006f5100000, 0x000000076ab00000)
  object space 869376K, 96% used [0x00000006c0000000,0x00000006f32a6070,0x00000006f5100000)
 Metaspace       used 6986K, capacity 7576K, committed 7936K, reserved 1056768K
  class space    used 625K, capacity 656K, committed 768K, reserved 1048576K
}
Event: 22.369 GC heap before
{Heap before GC invocations=26 (full 6):
 PSYoungGen      total 957440K, used 701440K [0x000000076ab00000, 0x00000007b6e80000, 0x00000007c0000000)
  eden space 701440K, 100% used [0x000000076ab00000,0x0000000795800000,0x0000000795800000)
  from space 256000K, 0% used [0x0000000795800000,0x0000000795800000,0x00000007a5200000)
  to   space 237568K, 0% used [0x00000007a5200000,0x00000007a5200000,0x00000007b3a00000)
 ParOldGen       total 869376K, used 838296K [0x00000006c0000000, 0x00000006f5100000, 0x000000076ab00000)
  object space 869376K, 96% used [0x00000006c0000000,0x00000006f32a6070,0x00000006f5100000)
 Metaspace       used 6990K, capacity 7640K, committed 7936K, reserved 1056768K
  class space    used 625K, capacity 656K, committed 768K, reserved 1048576K
Event: 24.020 GC heap after
Heap after GC invocations=26 (full 6):
 PSYoungGen      total 957440K, used 0K [0x000000076ab00000, 0x00000007b6e80000, 0x00000007c0000000)
  eden space 701440K, 0% used [0x000000076ab00000,0x000000076ab00000,0x0000000795800000)
  from space 256000K, 0% used [0x0000000795800000,0x0000000795800000,0x00000007a5200000)
  to   space 237568K, 0% used [0x00000007a5200000,0x00000007a5200000,0x00000007b3a00000)
 ParOldGen       total 869376K, used 736330K [0x00000006c0000000, 0x00000006f5100000, 0x000000076ab00000)
  object space 869376K, 84% used [0x00000006c0000000,0x00000006ecf12a60,0x00000006f5100000)
 Metaspace       used 6990K, capacity 7640K, committed 7936K, reserved 1056768K
  class space    used 625K, capacity 656K, committed 768K, reserved 1048576K
}
Event: 26.794 GC heap before
{Heap before GC invocations=27 (full 6):
 PSYoungGen      total 957440K, used 701440K [0x000000076ab00000, 0x00000007b6e80000, 0x00000007c0000000)
  eden space 701440K, 100% used [0x000000076ab00000,0x0000000795800000,0x0000000795800000)
  from space 256000K, 0% used [0x0000000795800000,0x0000000795800000,0x00000007a5200000)
  to   space 237568K, 0% used [0x00000007a5200000,0x00000007a5200000,0x00000007b3a00000)
 ParOldGen       total 869376K, used 736330K [0x00000006c0000000, 0x00000006f5100000, 0x000000076ab00000)
  object space 869376K, 84% used [0x00000006c0000000,0x00000006ecf12a60,0x00000006f5100000)
 Metaspace       used 7397K, capacity 7800K, committed 7936K, reserved 1056768K
  class space    used 657K, capacity 688K, committed 768K, reserved 1048576K
Event: 26.881 GC heap after
Heap after GC invocations=27 (full 6):
 PSYoungGen      total 939008K, used 102732K [0x000000076ab00000, 0x00000007b6e80000, 0x00000007c0000000)
  eden space 701440K, 0% used [0x000000076ab00000,0x000000076ab00000,0x0000000795800000)
  from space 237568K, 43% used [0x00000007a5200000,0x00000007ab6531b0,0x00000007b3a00000)
  to   space 256000K, 0% used [0x0000000795800000,0x0000000795800000,0x00000007a5200000)
 ParOldGen       total 869376K, used 736330K [0x00000006c0000000, 0x00000006f5100000, 0x000000076ab00000)
  object space 869376K, 84% used [0x00000006c0000000,0x00000006ecf12a60,0x00000006f5100000)
 Metaspace       used 7397K, capacity 7800K, committed 7936K, reserved 1056768K
  class space    used 657K, capacity 688K, committed 768K, reserved 1048576K
}

