# JRE version: Java(TM) SE Runtime Environment (8.0_151-b12) (build 1.8.0_151-b12)
# Java VM: Java HotSpot(TM) 64-Bit Server VM (25.151-b12 mixed mode windows-amd64 compressed oops)
Heap:
 PSYoungGen      total 804352K, used 635904K [0x000000076ab00000, 0x00000007ad800000, 0x00000007c0000000)
  eden space 635904K, 100% used [0x000000076ab00000,0x0000000791800000,0x0000000791800000)
  from space 168448K, 0% used [0x00000007a3380000,0x00000007a3380000,0x00000007ad800000)
  to   space 163840K, 0% used [0x0000000791800000,0x0000000791800000,0x000000079b800000)
 ParOldGen       total 577024K, used 576897K [0x00000006c0000000, 0x00000006e3380000, 0x000000076ab00000)
  object space 577024K, 99% used [0x00000006c0000000,0x00000006e3360550,0x00000006e3380000)
 Metaspace       used 6824K, capacity 7384K, committed 7680K, reserved 1056768K
  class space    used 641K, capacity 656K, committed 768K, reserved 1048576K
GC Heap History (10 events):
Event: 13.313 GC heap before
{Heap before GC invocations=17 (full 3):
 PSYoungGen      total 799744K, used 735450K [0x000000076ab00000, 0x00000007ad800000, 0x00000007c0000000)
  eden space 635904K, 100% used [0x000000076ab00000,0x0000000791800000,0x0000000791800000)
  from space 163840K, 60% used [0x0000000791800000,0x0000000797936be0,0x000000079b800000)
  to   space 168448K, 0% used [0x00000007a3380000,0x00000007a3380000,0x00000007ad800000)
 ParOldGen       total 503296K, used 391797K [0x00000006c0000000, 0x00000006deb80000, 0x000000076ab00000)
  object space 503296K, 77% used [0x00000006c0000000,0x00000006d7e9d4a0,0x00000006deb80000)
 Metaspace       used 6690K, capacity 7320K, committed 7680K, reserved 1056768K
  class space    used 634K, capacity 656K, committed 768K, reserved 1048576K
Event: 13.641 GC heap after
Heap after GC invocations=17 (full 3):
 PSYoungGen      total 804352K, used 168436K [0x000000076ab00000, 0x00000007ad800000, 0x00000007c0000000)
  eden space 635904K, 0% used [0x000000076ab00000,0x000000076ab00000,0x0000000791800000)
  from space 168448K, 99% used [0x00000007a3380000,0x00000007ad7fd3c8,0x00000007ad800000)
  to   space 163840K, 0% used [0x0000000791800000,0x0000000791800000,0x000000079b800000)
 ParOldGen       total 503296K, used 412024K [0x00000006c0000000, 0x00000006deb80000, 0x000000076ab00000)
  object space 503296K, 81% used [0x00000006c0000000,0x00000006d925e3d0,0x00000006deb80000)
 Metaspace       used 6690K, capacity 7320K, committed 7680K, reserved 1056768K
  class space    used 634K, capacity 656K, committed 768K, reserved 1048576K
}
Event: 17.182 GC heap before
{Heap before GC invocations=18 (full 3):
 PSYoungGen      total 804352K, used 804340K [0x000000076ab00000, 0x00000007ad800000, 0x00000007c0000000)
  eden space 635904K, 100% used [0x000000076ab00000,0x0000000791800000,0x0000000791800000)
  from space 168448K, 99% used [0x00000007a3380000,0x00000007ad7fd3c8,0x00000007ad800000)
  to   space 163840K, 0% used [0x0000000791800000,0x0000000791800000,0x000000079b800000)
 ParOldGen       total 503296K, used 412024K [0x00000006c0000000, 0x00000006deb80000, 0x000000076ab00000)
  object space 503296K, 81% used [0x00000006c0000000,0x00000006d925e3d0,0x00000006deb80000)
 Metaspace       used 6698K, capacity 7320K, committed 7680K, reserved 1056768K
  class space    used 635K, capacity 656K, committed 768K, reserved 1048576K
Event: 17.700 GC heap after
Heap after GC invocations=18 (full 3):
 PSYoungGen      total 804352K, used 804340K [0x000000076ab00000, 0x00000007ad800000, 0x00000007c0000000)
  eden space 635904K, 100% used [0x000000076ab00000,0x0000000791800000,0x0000000791800000)
  from space 168448K, 99% used [0x00000007a3380000,0x00000007ad7fd3c8,0x00000007ad800000)
  to   space 163840K, 58% used [0x0000000791800000,0x00000007975cc338,0x000000079b800000)
 ParOldGen       total 577024K, used 576397K [0x00000006c0000000, 0x00000006e3380000, 0x000000076ab00000)
  object space 577024K, 99% used [0x00000006c0000000,0x00000006e32e35e8,0x00000006e3380000)
 Metaspace       used 6698K, capacity 7320K, committed 7680K, reserved 1056768K
  class space    used 635K, capacity 656K, committed 768K, reserved 1048576K
}
Event: 17.774 GC heap before
{Heap before GC invocations=19 (full 4):
 PSYoungGen      total 804352K, used 804340K [0x000000076ab00000, 0x00000007ad800000, 0x00000007c0000000)
  eden space 635904K, 100% used [0x000000076ab00000,0x0000000791800000,0x0000000791800000)
  from space 168448K, 99% used [0x00000007a3380000,0x00000007ad7fd3c8,0x00000007ad800000)
  to   space 163840K, 58% used [0x0000000791800000,0x00000007975cc338,0x000000079b800000)
 ParOldGen       total 577024K, used 576397K [0x00000006c0000000, 0x00000006e3380000, 0x000000076ab00000)
  object space 577024K, 99% used [0x00000006c0000000,0x00000006e32e35e8,0x00000006e3380000)
 Metaspace       used 6698K, capacity 7320K, committed 7680K, reserved 1056768K
  class space    used 635K, capacity 656K, committed 768K, reserved 1048576K
Event: 26.336 GC heap after
Heap after GC invocations=19 (full 4):
 PSYoungGen      total 804352K, used 0K [0x000000076ab00000, 0x00000007ad800000, 0x00000007c0000000)
  eden space 635904K, 0% used [0x000000076ab00000,0x000000076ab00000,0x0000000791800000)
  from space 168448K, 0% used [0x00000007a3380000,0x00000007a3380000,0x00000007ad800000)
  to   space 163840K, 53% used [0x0000000791800000,0x0000000796e1e940,0x000000079b800000)
 ParOldGen       total 577024K, used 576704K [0x00000006c0000000, 0x00000006e3380000, 0x000000076ab00000)
  object space 577024K, 99% used [0x00000006c0000000,0x00000006e33301a8,0x00000006e3380000)
 Metaspace       used 6698K, capacity 7320K, committed 7680K, reserved 1056768K
  class space    used 635K, capacity 656K, committed 768K, reserved 1048576K
}
Event: 27.346 GC heap before
{Heap before GC invocations=20 (full 5):
 PSYoungGen      total 804352K, used 635904K [0x000000076ab00000, 0x00000007ad800000, 0x00000007c0000000)
  eden space 635904K, 100% used [0x000000076ab00000,0x0000000791800000,0x0000000791800000)
  from space 168448K, 0% used [0x00000007a3380000,0x00000007a3380000,0x00000007ad800000)
  to   space 163840K, 53% used [0x0000000791800000,0x0000000796e1e940,0x000000079b800000)
 ParOldGen       total 577024K, used 576704K [0x00000006c0000000, 0x00000006e3380000, 0x000000076ab00000)
  object space 577024K, 99% used [0x00000006c0000000,0x00000006e33301a8,0x00000006e3380000)
 Metaspace       used 6699K, capacity 7320K, committed 7680K, reserved 1056768K
  class space    used 635K, capacity 656K, committed 768K, reserved 1048576K
Event: 28.971 GC heap after
Heap after GC invocations=20 (full 5):
 PSYoungGen      total 804352K, used 175040K [0x000000076ab00000, 0x00000007ad800000, 0x00000007c0000000)
  eden space 635904K, 27% used [0x000000076ab00000,0x00000007755f03d0,0x0000000791800000)
  from space 168448K, 0% used [0x00000007a3380000,0x00000007a3380000,0x00000007ad800000)
  to   space 163840K, 0% used [0x0000000791800000,0x0000000791800000,0x000000079b800000)
 ParOldGen       total 577024K, used 576990K [0x00000006c0000000, 0x00000006e3380000, 0x000000076ab00000)
  object space 577024K, 99% used [0x00000006c0000000,0x00000006e33778b0,0x00000006e3380000)
 Metaspace       used 6699K, capacity 7320K, committed 7680K, reserved 1056768K
  class space    used 635K, capacity 656K, committed 768K, reserved 1048576K
}
Event: 29.787 GC heap before
{Heap before GC invocations=21 (full 6):
 PSYoungGen      total 804352K, used 635904K [0x000000076ab00000, 0x00000007ad800000, 0x00000007c0000000)
  eden space 635904K, 100% used [0x000000076ab00000,0x0000000791800000,0x0000000791800000)
  from space 168448K, 0% used [0x00000007a3380000,0x00000007a3380000,0x00000007ad800000)
  to   space 163840K, 0% used [0x0000000791800000,0x0000000791800000,0x000000079b800000)
 ParOldGen       total 577024K, used 576990K [0x00000006c0000000, 0x00000006e3380000, 0x000000076ab00000)
  object space 577024K, 99% used [0x00000006c0000000,0x00000006e33778b0,0x00000006e3380000)
 Metaspace       used 6702K, capacity 7320K, committed 7680K, reserved 1056768K
  class space    used 635K, capacity 656K, committed 768K, reserved 1048576K
Event: 31.233 GC heap after
Heap after GC invocations=21 (full 6):
 PSYoungGen      total 804352K, used 242695K [0x000000076ab00000, 0x00000007ad800000, 0x00000007c0000000)
  eden space 635904K, 38% used [0x000000076ab00000,0x0000000779801d90,0x0000000791800000)
  from space 168448K, 0% used [0x00000007a3380000,0x00000007a3380000,0x00000007ad800000)
  to   space 163840K, 0% used [0x0000000791800000,0x0000000791800000,0x000000079b800000)
 ParOldGen       total 577024K, used 576897K [0x00000006c0000000, 0x00000006e3380000, 0x000000076ab00000)
  object space 577024K, 99% used [0x00000006c0000000,0x00000006e3360550,0x00000006e3380000)
 Metaspace       used 6702K, capacity 7320K, committed 7680K, reserved 1056768K
  class space    used 635K, capacity 656K, committed 768K, reserved 1048576K
}

