# JRE version: Java(TM) SE Runtime Environment (8.0_151-b12) (build 1.8.0_151-b12)
# Java VM: Java HotSpot(TM) 64-Bit Server VM (25.151-b12 mixed mode windows-amd64 compressed oops)
Heap:
 PSYoungGen      total 1026560K, used 655513K [0x000000076ab00000, 0x00000007bdb00000, 0x00000007c0000000)
  eden space 822784K, 54% used [0x000000076ab00000,0x0000000786428f20,0x000000079ce80000)
  from space 203776K, 99% used [0x00000007abc00000,0x00000007b82fd7e0,0x00000007b8300000)
  to   space 243200K, 0% used [0x000000079ce80000,0x000000079ce80000,0x00000007abc00000)
 ParOldGen       total 759808K, used 591597K [0x00000006c0000000, 0x00000006ee600000, 0x000000076ab00000)
  object space 759808K, 77% used [0x00000006c0000000,0x00000006e41bb6f0,0x00000006ee600000)
 Metaspace       used 6758K, capacity 7384K, committed 7680K, reserved 1056768K
  class space    used 640K, capacity 656K, committed 768K, reserved 1048576K
GC Heap History (10 events):
Event: 10.169 GC heap before
{Heap before GC invocations=16 (full 3):
 PSYoungGen      total 790016K, used 757875K [0x000000076ab00000, 0x00000007aa180000, 0x00000007c0000000)
  eden space 660480K, 100% used [0x000000076ab00000,0x0000000793000000,0x0000000793000000)
  from space 129536K, 75% used [0x000000079d280000,0x00000007a319cc88,0x00000007a5100000)
  to   space 166400K, 0% used [0x0000000793000000,0x0000000793000000,0x000000079d280000)
 ParOldGen       total 492032K, used 301055K [0x00000006c0000000, 0x00000006de080000, 0x000000076ab00000)
  object space 492032K, 61% used [0x00000006c0000000,0x00000006d25ffc40,0x00000006de080000)
 Metaspace       used 6742K, capacity 7384K, committed 7680K, reserved 1056768K
  class space    used 638K, capacity 656K, committed 768K, reserved 1048576K
Event: 10.374 GC heap after
Heap after GC invocations=16 (full 3):
 PSYoungGen      total 826880K, used 86474K [0x000000076ab00000, 0x00000007ae580000, 0x00000007c0000000)
  eden space 660480K, 0% used [0x000000076ab00000,0x000000076ab00000,0x0000000793000000)
  from space 166400K, 51% used [0x0000000793000000,0x0000000798472868,0x000000079d280000)
  to   space 165888K, 0% used [0x00000007a4380000,0x00000007a4380000,0x00000007ae580000)
 ParOldGen       total 492032K, used 399224K [0x00000006c0000000, 0x00000006de080000, 0x000000076ab00000)
  object space 492032K, 81% used [0x00000006c0000000,0x00000006d85de338,0x00000006de080000)
 Metaspace       used 6742K, capacity 7384K, committed 7680K, reserved 1056768K
  class space    used 638K, capacity 656K, committed 768K, reserved 1048576K
}
Event: 11.361 GC heap before
{Heap before GC invocations=17 (full 3):
 PSYoungGen      total 826880K, used 746954K [0x000000076ab00000, 0x00000007ae580000, 0x00000007c0000000)
  eden space 660480K, 100% used [0x000000076ab00000,0x0000000793000000,0x0000000793000000)
  from space 166400K, 51% used [0x0000000793000000,0x0000000798472868,0x000000079d280000)
  to   space 165888K, 0% used [0x00000007a4380000,0x00000007a4380000,0x00000007ae580000)
 ParOldGen       total 492032K, used 399224K [0x00000006c0000000, 0x00000006de080000, 0x000000076ab00000)
  object space 492032K, 81% used [0x00000006c0000000,0x00000006d85de338,0x00000006de080000)
 Metaspace       used 6751K, capacity 7384K, committed 7680K, reserved 1056768K
  class space    used 638K, capacity 656K, committed 768K, reserved 1048576K
Event: 11.547 GC heap after
Heap after GC invocations=17 (full 3):
 PSYoungGen      total 908288K, used 165858K [0x000000076ab00000, 0x00000007b3280000, 0x00000007c0000000)
  eden space 742400K, 0% used [0x000000076ab00000,0x000000076ab00000,0x0000000798000000)
  from space 165888K, 99% used [0x00000007a4380000,0x00000007ae578a70,0x00000007ae580000)
  to   space 200192K, 0% used [0x0000000798000000,0x0000000798000000,0x00000007a4380000)
 ParOldGen       total 492032K, used 416055K [0x00000006c0000000, 0x00000006de080000, 0x000000076ab00000)
  object space 492032K, 84% used [0x00000006c0000000,0x00000006d964dea8,0x00000006de080000)
 Metaspace       used 6751K, capacity 7384K, committed 7680K, reserved 1056768K
  class space    used 638K, capacity 656K, committed 768K, reserved 1048576K
}
Event: 11.547 GC heap before
{Heap before GC invocations=18 (full 4):
 PSYoungGen      total 908288K, used 165858K [0x000000076ab00000, 0x00000007b3280000, 0x00000007c0000000)
  eden space 742400K, 0% used [0x000000076ab00000,0x000000076ab00000,0x0000000798000000)
  from space 165888K, 99% used [0x00000007a4380000,0x00000007ae578a70,0x00000007ae580000)
  to   space 200192K, 0% used [0x0000000798000000,0x0000000798000000,0x00000007a4380000)
 ParOldGen       total 492032K, used 416055K [0x00000006c0000000, 0x00000006de080000, 0x000000076ab00000)
  object space 492032K, 84% used [0x00000006c0000000,0x00000006d964dea8,0x00000006de080000)
 Metaspace       used 6751K, capacity 7384K, committed 7680K, reserved 1056768K
  class space    used 638K, capacity 656K, committed 768K, reserved 1048576K
Event: 13.106 GC heap after
Heap after GC invocations=18 (full 4):
 PSYoungGen      total 908288K, used 85621K [0x000000076ab00000, 0x00000007b3280000, 0x00000007c0000000)
  eden space 742400K, 0% used [0x000000076ab00000,0x000000076ab00000,0x0000000798000000)
  from space 165888K, 51% used [0x00000007a4380000,0x00000007a971d590,0x00000007ae580000)
  to   space 200192K, 0% used [0x0000000798000000,0x0000000798000000,0x00000007a4380000)
 ParOldGen       total 759808K, used 491629K [0x00000006c0000000, 0x00000006ee600000, 0x000000076ab00000)
  object space 759808K, 64% used [0x00000006c0000000,0x00000006de01b440,0x00000006ee600000)
 Metaspace       used 6751K, capacity 7384K, committed 7680K, reserved 1056768K
  class space    used 638K, capacity 656K, committed 768K, reserved 1048576K
}
Event: 14.153 GC heap before
{Heap before GC invocations=19 (full 4):
 PSYoungGen      total 908288K, used 828021K [0x000000076ab00000, 0x00000007b3280000, 0x00000007c0000000)
  eden space 742400K, 100% used [0x000000076ab00000,0x0000000798000000,0x0000000798000000)
  from space 165888K, 51% used [0x00000007a4380000,0x00000007a971d590,0x00000007ae580000)
  to   space 200192K, 0% used [0x0000000798000000,0x0000000798000000,0x00000007a4380000)
 ParOldGen       total 759808K, used 491629K [0x00000006c0000000, 0x00000006ee600000, 0x000000076ab00000)
  object space 759808K, 64% used [0x00000006c0000000,0x00000006de01b440,0x00000006ee600000)
 Metaspace       used 6756K, capacity 7384K, committed 7680K, reserved 1056768K
  class space    used 639K, capacity 656K, committed 768K, reserved 1048576K
Event: 14.342 GC heap after
Heap after GC invocations=19 (full 4):
 PSYoungGen      total 942592K, used 117445K [0x000000076ab00000, 0x00000007b8300000, 0x00000007c0000000)
  eden space 742400K, 0% used [0x000000076ab00000,0x000000076ab00000,0x0000000798000000)
  from space 200192K, 58% used [0x0000000798000000,0x000000079f2b15b0,0x00000007a4380000)
  to   space 203776K, 0% used [0x00000007abc00000,0x00000007abc00000,0x00000007b8300000)
 ParOldGen       total 759808K, used 576733K [0x00000006c0000000, 0x00000006ee600000, 0x000000076ab00000)
  object space 759808K, 75% used [0x00000006c0000000,0x00000006e33375f0,0x00000006ee600000)
 Metaspace       used 6756K, capacity 7384K, committed 7680K, reserved 1056768K
  class space    used 639K, capacity 656K, committed 768K, reserved 1048576K
}
Event: 15.301 GC heap before
{Heap before GC invocations=20 (full 4):
 PSYoungGen      total 942592K, used 859845K [0x000000076ab00000, 0x00000007b8300000, 0x00000007c0000000)
  eden space 742400K, 100% used [0x000000076ab00000,0x0000000798000000,0x0000000798000000)
  from space 200192K, 58% used [0x0000000798000000,0x000000079f2b15b0,0x00000007a4380000)
  to   space 203776K, 0% used [0x00000007abc00000,0x00000007abc00000,0x00000007b8300000)
 ParOldGen       total 759808K, used 576733K [0x00000006c0000000, 0x00000006ee600000, 0x000000076ab00000)
  object space 759808K, 75% used [0x00000006c0000000,0x00000006e33375f0,0x00000006ee600000)
 Metaspace       used 6758K, capacity 7384K, committed 7680K, reserved 1056768K
  class space    used 640K, capacity 656K, committed 768K, reserved 1048576K
Event: 15.485 GC heap after
Heap after GC invocations=20 (full 4):
 PSYoungGen      total 1026560K, used 203765K [0x000000076ab00000, 0x00000007bdb00000, 0x00000007c0000000)
  eden space 822784K, 0% used [0x000000076ab00000,0x000000076ab00000,0x000000079ce80000)
  from space 203776K, 99% used [0x00000007abc00000,0x00000007b82fd7e0,0x00000007b8300000)
  to   space 243200K, 0% used [0x000000079ce80000,0x000000079ce80000,0x00000007abc00000)
 ParOldGen       total 759808K, used 591597K [0x00000006c0000000, 0x00000006ee600000, 0x000000076ab00000)
  object space 759808K, 77% used [0x00000006c0000000,0x00000006e41bb6f0,0x00000006ee600000)
 Metaspace       used 6758K, capacity 7384K, committed 7680K, reserved 1056768K
  class space    used 640K, capacity 656K, committed 768K, reserved 1048576K
}

