# JRE version: Java(TM) SE Runtime Environment (8.0_151-b12) (build 1.8.0_151-b12)
# Java VM: Java HotSpot(TM) 64-Bit Server VM (25.151-b12 mixed mode windows-amd64 compressed oops)
Heap:
 PSYoungGen      total 862720K, used 780594K [0x000000076ab00000, 0x00000007bba00000, 0x00000007c0000000)
  eden space 683520K, 100% used [0x000000076ab00000,0x0000000794680000,0x0000000794680000)
  from space 179200K, 54% used [0x00000007a4400000,0x00000007aa2cc800,0x00000007af300000)
  to   space 259584K, 8% used [0x0000000794680000,0x0000000795bdabc0,0x00000007a4400000)
 ParOldGen       total 485888K, used 313568K [0x00000006c0000000, 0x00000006dda80000, 0x000000076ab00000)
  object space 485888K, 64% used [0x00000006c0000000,0x00000006d3238208,0x00000006dda80000)
 Metaspace       used 7642K, capacity 7960K, committed 8192K, reserved 1056768K
  class space    used 696K, capacity 720K, committed 768K, reserved 1048576K
GC Heap History (10 events):
Event: 22.741 GC heap before
{Heap before GC invocations=22 (full 7):
 PSYoungGen      total 943104K, used 734208K [0x000000076ab00000, 0x00000007b3800000, 0x00000007c0000000)
  eden space 734208K, 100% used [0x000000076ab00000,0x0000000797800000,0x0000000797800000)
  from space 208896K, 0% used [0x0000000797800000,0x0000000797800000,0x00000007a4400000)
  to   space 179200K, 0% used [0x00000007a4400000,0x00000007a4400000,0x00000007af300000)
 ParOldGen       total 485888K, used 485539K [0x00000006c0000000, 0x00000006dda80000, 0x000000076ab00000)
  object space 485888K, 99% used [0x00000006c0000000,0x00000006dda28f90,0x00000006dda80000)
 Metaspace       used 7201K, capacity 7736K, committed 7936K, reserved 1056768K
  class space    used 663K, capacity 688K, committed 768K, reserved 1048576K
Event: 25.658 GC heap after
Heap after GC invocations=22 (full 7):
 PSYoungGen      total 943104K, used 385536K [0x000000076ab00000, 0x00000007b3800000, 0x00000007c0000000)
  eden space 734208K, 52% used [0x000000076ab00000,0x0000000782380108,0x0000000797800000)
  from space 208896K, 0% used [0x0000000797800000,0x0000000797800000,0x00000007a4400000)
  to   space 179200K, 0% used [0x00000007a4400000,0x00000007a4400000,0x00000007af300000)
 ParOldGen       total 485888K, used 485398K [0x00000006c0000000, 0x00000006dda80000, 0x000000076ab00000)
  object space 485888K, 99% used [0x00000006c0000000,0x00000006dda059c0,0x00000006dda80000)
 Metaspace       used 7201K, capacity 7736K, committed 7936K, reserved 1056768K
  class space    used 663K, capacity 688K, committed 768K, reserved 1048576K
}
Event: 26.374 GC heap before
{Heap before GC invocations=23 (full 8):
 PSYoungGen      total 943104K, used 734208K [0x000000076ab00000, 0x00000007b3800000, 0x00000007c0000000)
  eden space 734208K, 100% used [0x000000076ab00000,0x0000000797800000,0x0000000797800000)
  from space 208896K, 0% used [0x0000000797800000,0x0000000797800000,0x00000007a4400000)
  to   space 179200K, 0% used [0x00000007a4400000,0x00000007a4400000,0x00000007af300000)
 ParOldGen       total 485888K, used 485398K [0x00000006c0000000, 0x00000006dda80000, 0x000000076ab00000)
  object space 485888K, 99% used [0x00000006c0000000,0x00000006dda059c0,0x00000006dda80000)
 Metaspace       used 7221K, capacity 7736K, committed 7936K, reserved 1056768K
  class space    used 664K, capacity 688K, committed 768K, reserved 1048576K
Event: 27.930 GC heap after
Heap after GC invocations=23 (full 8):
 PSYoungGen      total 943104K, used 287023K [0x000000076ab00000, 0x00000007b3800000, 0x00000007c0000000)
  eden space 734208K, 39% used [0x000000076ab00000,0x000000077c34bd98,0x0000000797800000)
  from space 208896K, 0% used [0x0000000797800000,0x0000000797800000,0x00000007a4400000)
  to   space 179200K, 0% used [0x00000007a4400000,0x00000007a4400000,0x00000007af300000)
 ParOldGen       total 485888K, used 485445K [0x00000006c0000000, 0x00000006dda80000, 0x000000076ab00000)
  object space 485888K, 99% used [0x00000006c0000000,0x00000006dda11518,0x00000006dda80000)
 Metaspace       used 7221K, capacity 7736K, committed 7936K, reserved 1056768K
  class space    used 664K, capacity 688K, committed 768K, reserved 1048576K
}
Event: 28.753 GC heap before
{Heap before GC invocations=24 (full 9):
 PSYoungGen      total 943104K, used 734208K [0x000000076ab00000, 0x00000007b3800000, 0x00000007c0000000)
  eden space 734208K, 100% used [0x000000076ab00000,0x0000000797800000,0x0000000797800000)
  from space 208896K, 0% used [0x0000000797800000,0x0000000797800000,0x00000007a4400000)
  to   space 179200K, 0% used [0x00000007a4400000,0x00000007a4400000,0x00000007af300000)
 ParOldGen       total 485888K, used 485445K [0x00000006c0000000, 0x00000006dda80000, 0x000000076ab00000)
  object space 485888K, 99% used [0x00000006c0000000,0x00000006dda11518,0x00000006dda80000)
 Metaspace       used 7278K, capacity 7800K, committed 7936K, reserved 1056768K
  class space    used 666K, capacity 688K, committed 768K, reserved 1048576K
Event: 30.298 GC heap after
Heap after GC invocations=24 (full 9):
 PSYoungGen      total 943104K, used 118298K [0x000000076ab00000, 0x00000007b3800000, 0x00000007c0000000)
  eden space 734208K, 16% used [0x000000076ab00000,0x0000000771e86800,0x0000000797800000)
  from space 208896K, 0% used [0x0000000797800000,0x0000000797800000,0x00000007a4400000)
  to   space 179200K, 0% used [0x00000007a4400000,0x00000007a4400000,0x00000007af300000)
 ParOldGen       total 485888K, used 485419K [0x00000006c0000000, 0x00000006dda80000, 0x000000076ab00000)
  object space 485888K, 99% used [0x00000006c0000000,0x00000006dda0ac28,0x00000006dda80000)
 Metaspace       used 7278K, capacity 7800K, committed 7936K, reserved 1056768K
  class space    used 666K, capacity 688K, committed 768K, reserved 1048576K
}
Event: 31.300 GC heap before
{Heap before GC invocations=25 (full 10):
 PSYoungGen      total 943104K, used 734208K [0x000000076ab00000, 0x00000007b3800000, 0x00000007c0000000)
  eden space 734208K, 100% used [0x000000076ab00000,0x0000000797800000,0x0000000797800000)
  from space 208896K, 0% used [0x0000000797800000,0x0000000797800000,0x00000007a4400000)
  to   space 179200K, 0% used [0x00000007a4400000,0x00000007a4400000,0x00000007af300000)
 ParOldGen       total 485888K, used 485419K [0x00000006c0000000, 0x00000006dda80000, 0x000000076ab00000)
  object space 485888K, 99% used [0x00000006c0000000,0x00000006dda0ac28,0x00000006dda80000)
 Metaspace       used 7637K, capacity 7960K, committed 8192K, reserved 1056768K
  class space    used 696K, capacity 720K, committed 768K, reserved 1048576K
Event: 32.212 GC heap after
Heap after GC invocations=25 (full 10):
 PSYoungGen      total 943104K, used 0K [0x000000076ab00000, 0x00000007b3800000, 0x00000007c0000000)
  eden space 734208K, 0% used [0x000000076ab00000,0x000000076ab00000,0x0000000797800000)
  from space 208896K, 0% used [0x0000000797800000,0x0000000797800000,0x00000007a4400000)
  to   space 179200K, 0% used [0x00000007a4400000,0x00000007a4400000,0x00000007af300000)
 ParOldGen       total 485888K, used 313568K [0x00000006c0000000, 0x00000006dda80000, 0x000000076ab00000)
  object space 485888K, 64% used [0x00000006c0000000,0x00000006d3238208,0x00000006dda80000)
 Metaspace       used 7637K, capacity 7960K, committed 8192K, reserved 1056768K
  class space    used 696K, capacity 720K, committed 768K, reserved 1048576K
}
Event: 32.786 GC heap before
{Heap before GC invocations=26 (full 10):
 PSYoungGen      total 943104K, used 734208K [0x000000076ab00000, 0x00000007b3800000, 0x00000007c0000000)
  eden space 734208K, 100% used [0x000000076ab00000,0x0000000797800000,0x0000000797800000)
  from space 208896K, 0% used [0x0000000797800000,0x0000000797800000,0x00000007a4400000)
  to   space 179200K, 0% used [0x00000007a4400000,0x00000007a4400000,0x00000007af300000)
 ParOldGen       total 485888K, used 313568K [0x00000006c0000000, 0x00000006dda80000, 0x000000076ab00000)
  object space 485888K, 64% used [0x00000006c0000000,0x00000006d3238208,0x00000006dda80000)
 Metaspace       used 7642K, capacity 7960K, committed 8192K, reserved 1056768K
  class space    used 696K, capacity 720K, committed 768K, reserved 1048576K
Event: 32.846 GC heap after
Heap after GC invocations=26 (full 10):
 PSYoungGen      total 862720K, used 97074K [0x000000076ab00000, 0x00000007bba00000, 0x00000007c0000000)
  eden space 683520K, 0% used [0x000000076ab00000,0x000000076ab00000,0x0000000794680000)
  from space 179200K, 54% used [0x00000007a4400000,0x00000007aa2cc800,0x00000007af300000)
  to   space 259584K, 0% used [0x0000000794680000,0x0000000794680000,0x00000007a4400000)
 ParOldGen       total 485888K, used 313568K [0x00000006c0000000, 0x00000006dda80000, 0x000000076ab00000)
  object space 485888K, 64% used [0x00000006c0000000,0x00000006d3238208,0x00000006dda80000)
 Metaspace       used 7642K, capacity 7960K, committed 8192K, reserved 1056768K
  class space    used 696K, capacity 720K, committed 768K, reserved 1048576K
}

