# JRE version: OpenJDK Runtime Environment (8.0_152-b01) (build 1.8.0_152-release-915-b01)
# Java VM: OpenJDK 64-Bit Server VM (25.152-b01 mixed mode windows-amd64 compressed oops)
Heap:
 PSYoungGen      total 889344K, used 673449K [0x000000076ab00000, 0x00000007b5800000, 0x00000007c0000000)
  eden space 686080K, 98% used [0x000000076ab00000,0x0000000793caa4c0,0x0000000794900000)
  from space 203264K, 0% used [0x0000000794900000,0x0000000794900000,0x00000007a0f80000)
  to   space 200192K, 0% used [0x00000007a9480000,0x00000007a9480000,0x00000007b5800000)
 ParOldGen       total 575488K, used 575266K [0x00000006c0000000, 0x00000006e3200000, 0x000000076ab00000)
  object space 575488K, 99% used [0x00000006c0000000,0x00000006e31c8b98,0x00000006e3200000)
 Metaspace       used 7022K, capacity 7672K, committed 7936K, reserved 1056768K
  class space    used 627K, capacity 688K, committed 768K, reserved 1048576K
GC Heap History (10 events):
Event: 14.185 GC heap before
{Heap before GC invocations=19 (full 4):
 PSYoungGen      total 889344K, used 101261K [0x000000076ab00000, 0x00000007b5800000, 0x00000007c0000000)
  eden space 686080K, 0% used [0x000000076ab00000,0x000000076ab00000,0x0000000794900000)
  from space 203264K, 49% used [0x0000000794900000,0x000000079abe34b0,0x00000007a0f80000)
  to   space 200192K, 0% used [0x00000007a9480000,0x00000007a9480000,0x00000007b5800000)
 ParOldGen       total 575488K, used 574596K [0x00000006c0000000, 0x00000006e3200000, 0x000000076ab00000)
  object space 575488K, 99% used [0x00000006c0000000,0x00000006e31213d8,0x00000006e3200000)
 Metaspace       used 6607K, capacity 7286K, committed 7552K, reserved 1056768K
  class space    used 606K, capacity 622K, committed 640K, reserved 1048576K
Event: 16.567 GC heap after
Heap after GC invocations=19 (full 4):
 PSYoungGen      total 889344K, used 89935K [0x000000076ab00000, 0x00000007b5800000, 0x00000007c0000000)
  eden space 686080K, 0% used [0x000000076ab00000,0x000000076ab00000,0x0000000794900000)
  from space 203264K, 44% used [0x0000000794900000,0x000000079a0d3e20,0x00000007a0f80000)
  to   space 200192K, 0% used [0x00000007a9480000,0x00000007a9480000,0x00000007b5800000)
 ParOldGen       total 575488K, used 575402K [0x00000006c0000000, 0x00000006e3200000, 0x000000076ab00000)
  object space 575488K, 99% used [0x00000006c0000000,0x00000006e31ea9e0,0x00000006e3200000)
 Metaspace       used 6607K, capacity 7286K, committed 7552K, reserved 1056768K
  class space    used 606K, capacity 622K, committed 640K, reserved 1048576K
}
Event: 17.748 GC heap before
{Heap before GC invocations=20 (full 5):
 PSYoungGen      total 889344K, used 776015K [0x000000076ab00000, 0x00000007b5800000, 0x00000007c0000000)
  eden space 686080K, 100% used [0x000000076ab00000,0x0000000794900000,0x0000000794900000)
  from space 203264K, 44% used [0x0000000794900000,0x000000079a0d3e20,0x00000007a0f80000)
  to   space 200192K, 0% used [0x00000007a9480000,0x00000007a9480000,0x00000007b5800000)
 ParOldGen       total 575488K, used 575402K [0x00000006c0000000, 0x00000006e3200000, 0x000000076ab00000)
  object space 575488K, 99% used [0x00000006c0000000,0x00000006e31ea9e0,0x00000006e3200000)
 Metaspace       used 6612K, capacity 7286K, committed 7552K, reserved 1056768K
  class space    used 606K, capacity 622K, committed 640K, reserved 1048576K
Event: 19.690 GC heap after
Heap after GC invocations=20 (full 5):
 PSYoungGen      total 889344K, used 188595K [0x000000076ab00000, 0x00000007b5800000, 0x00000007c0000000)
  eden space 686080K, 27% used [0x000000076ab00000,0x000000077632cfe8,0x0000000794900000)
  from space 203264K, 0% used [0x0000000794900000,0x0000000794900000,0x00000007a0f80000)
  to   space 200192K, 0% used [0x00000007a9480000,0x00000007a9480000,0x00000007b5800000)
 ParOldGen       total 575488K, used 575487K [0x00000006c0000000, 0x00000006e3200000, 0x000000076ab00000)
  object space 575488K, 99% used [0x00000006c0000000,0x00000006e31ffc58,0x00000006e3200000)
 Metaspace       used 6612K, capacity 7286K, committed 7552K, reserved 1056768K
  class space    used 606K, capacity 622K, committed 640K, reserved 1048576K
}
Event: 20.664 GC heap before
{Heap before GC invocations=21 (full 6):
 PSYoungGen      total 889344K, used 686080K [0x000000076ab00000, 0x00000007b5800000, 0x00000007c0000000)
  eden space 686080K, 100% used [0x000000076ab00000,0x0000000794900000,0x0000000794900000)
  from space 203264K, 0% used [0x0000000794900000,0x0000000794900000,0x00000007a0f80000)
  to   space 200192K, 0% used [0x00000007a9480000,0x00000007a9480000,0x00000007b5800000)
 ParOldGen       total 575488K, used 575487K [0x00000006c0000000, 0x00000006e3200000, 0x000000076ab00000)
  object space 575488K, 99% used [0x00000006c0000000,0x00000006e31ffc58,0x00000006e3200000)
 Metaspace       used 6717K, capacity 7384K, committed 7680K, reserved 1056768K
  class space    used 613K, capacity 656K, committed 768K, reserved 1048576K
Event: 24.222 GC heap after
Heap after GC invocations=21 (full 6):
 PSYoungGen      total 889344K, used 254340K [0x000000076ab00000, 0x00000007b5800000, 0x00000007c0000000)
  eden space 686080K, 37% used [0x000000076ab00000,0x000000077a361398,0x0000000794900000)
  from space 203264K, 0% used [0x0000000794900000,0x0000000794900000,0x00000007a0f80000)
  to   space 200192K, 0% used [0x00000007a9480000,0x00000007a9480000,0x00000007b5800000)
 ParOldGen       total 575488K, used 575271K [0x00000006c0000000, 0x00000006e3200000, 0x000000076ab00000)
  object space 575488K, 99% used [0x00000006c0000000,0x00000006e31c9f30,0x00000006e3200000)
 Metaspace       used 6717K, capacity 7384K, committed 7680K, reserved 1056768K
  class space    used 613K, capacity 656K, committed 768K, reserved 1048576K
}
Event: 25.300 GC heap before
{Heap before GC invocations=22 (full 7):
 PSYoungGen      total 889344K, used 686080K [0x000000076ab00000, 0x00000007b5800000, 0x00000007c0000000)
  eden space 686080K, 100% used [0x000000076ab00000,0x0000000794900000,0x0000000794900000)
  from space 203264K, 0% used [0x0000000794900000,0x0000000794900000,0x00000007a0f80000)
  to   space 200192K, 0% used [0x00000007a9480000,0x00000007a9480000,0x00000007b5800000)
 ParOldGen       total 575488K, used 575271K [0x00000006c0000000, 0x00000006e3200000, 0x000000076ab00000)
  object space 575488K, 99% used [0x00000006c0000000,0x00000006e31c9f30,0x00000006e3200000)
 Metaspace       used 6975K, capacity 7640K, committed 7936K, reserved 1056768K
  class space    used 625K, capacity 656K, committed 768K, reserved 1048576K
Event: 28.650 GC heap after
Heap after GC invocations=22 (full 7):
 PSYoungGen      total 889344K, used 254337K [0x000000076ab00000, 0x00000007b5800000, 0x00000007c0000000)
  eden space 686080K, 37% used [0x000000076ab00000,0x000000077a360738,0x0000000794900000)
  from space 203264K, 0% used [0x0000000794900000,0x0000000794900000,0x00000007a0f80000)
  to   space 200192K, 0% used [0x00000007a9480000,0x00000007a9480000,0x00000007b5800000)
 ParOldGen       total 575488K, used 575049K [0x00000006c0000000, 0x00000006e3200000, 0x000000076ab00000)
  object space 575488K, 99% used [0x00000006c0000000,0x00000006e3192520,0x00000006e3200000)
 Metaspace       used 6975K, capacity 7640K, committed 7936K, reserved 1056768K
  class space    used 625K, capacity 656K, committed 768K, reserved 1048576K
}
Event: 29.413 GC heap before
{Heap before GC invocations=23 (full 8):
 PSYoungGen      total 889344K, used 686080K [0x000000076ab00000, 0x00000007b5800000, 0x00000007c0000000)
  eden space 686080K, 100% used [0x000000076ab00000,0x0000000794900000,0x0000000794900000)
  from space 203264K, 0% used [0x0000000794900000,0x0000000794900000,0x00000007a0f80000)
  to   space 200192K, 0% used [0x00000007a9480000,0x00000007a9480000,0x00000007b5800000)
 ParOldGen       total 575488K, used 575049K [0x00000006c0000000, 0x00000006e3200000, 0x000000076ab00000)
  object space 575488K, 99% used [0x00000006c0000000,0x00000006e3192520,0x00000006e3200000)
 Metaspace       used 6984K, capacity 7640K, committed 7936K, reserved 1056768K
  class space    used 625K, capacity 656K, committed 768K, reserved 1048576K
Event: 31.212 GC heap after
Heap after GC invocations=23 (full 8):
 PSYoungGen      total 889344K, used 188198K [0x000000076ab00000, 0x00000007b5800000, 0x00000007c0000000)
  eden space 686080K, 27% used [0x000000076ab00000,0x00000007762c9a88,0x0000000794900000)
  from space 203264K, 0% used [0x0000000794900000,0x0000000794900000,0x00000007a0f80000)
  to   space 200192K, 0% used [0x00000007a9480000,0x00000007a9480000,0x00000007b5800000)
 ParOldGen       total 575488K, used 575266K [0x00000006c0000000, 0x00000006e3200000, 0x000000076ab00000)
  object space 575488K, 99% used [0x00000006c0000000,0x00000006e31c8b98,0x00000006e3200000)
 Metaspace       used 6984K, capacity 7640K, committed 7936K, reserved 1056768K
  class space    used 625K, capacity 656K, committed 768K, reserved 1048576K
}

