# JRE version: OpenJDK Runtime Environment (8.0_152-b01) (build 1.8.0_152-release-915-b01)
# Java VM: OpenJDK 64-Bit Server VM (25.152-b01 mixed mode windows-amd64 compressed oops)
Heap:
 PSYoungGen      total 770560K, used 443169K [0x000000076ab00000, 0x00000007af880000, 0x00000007c0000000)
  eden space 586752K, 75% used [0x000000076ab00000,0x0000000785bc8490,0x000000078e800000)
  from space 183808K, 0% used [0x000000078e800000,0x000000078e800000,0x0000000799b80000)
  to   space 217600K, 0% used [0x00000007a2400000,0x00000007a2400000,0x00000007af880000)
 ParOldGen       total 589312K, used 589296K [0x00000006c0000000, 0x00000006e3f80000, 0x000000076ab00000)
  object space 589312K, 99% used [0x00000006c0000000,0x00000006e3f7c308,0x00000006e3f80000)
 Metaspace       used 6745K, capacity 7384K, committed 7680K, reserved 1056768K
  class space    used 613K, capacity 656K, committed 768K, reserved 1048576K
GC Heap History (10 events):
Event: 12.759 GC heap before
{Heap before GC invocations=18 (full 3):
 PSYoungGen      total 762368K, used 690593K [0x000000076ab00000, 0x00000007a5e80000, 0x00000007c0000000)
  eden space 586752K, 100% used [0x000000076ab00000,0x000000078e800000,0x000000078e800000)
  from space 175616K, 59% used [0x0000000799b80000,0x00000007a00e8660,0x00000007a4700000)
  to   space 183808K, 0% used [0x000000078e800000,0x000000078e800000,0x0000000799b80000)
 ParOldGen       total 589312K, used 365863K [0x00000006c0000000, 0x00000006e3f80000, 0x000000076ab00000)
  object space 589312K, 62% used [0x00000006c0000000,0x00000006d6549e58,0x00000006e3f80000)
 Metaspace       used 6628K, capacity 7286K, committed 7552K, reserved 1056768K
  class space    used 605K, capacity 622K, committed 640K, reserved 1048576K
Event: 12.923 GC heap after
Heap after GC invocations=18 (full 3):
 PSYoungGen      total 770560K, used 183787K [0x000000076ab00000, 0x00000007af880000, 0x00000007c0000000)
  eden space 586752K, 0% used [0x000000076ab00000,0x000000076ab00000,0x000000078e800000)
  from space 183808K, 99% used [0x000000078e800000,0x0000000799b7af48,0x0000000799b80000)
  to   space 217600K, 0% used [0x00000007a2400000,0x00000007a2400000,0x00000007af880000)
 ParOldGen       total 589312K, used 373198K [0x00000006c0000000, 0x00000006e3f80000, 0x000000076ab00000)
  object space 589312K, 63% used [0x00000006c0000000,0x00000006d6c73a30,0x00000006e3f80000)
 Metaspace       used 6628K, capacity 7286K, committed 7552K, reserved 1056768K
  class space    used 605K, capacity 622K, committed 640K, reserved 1048576K
}
Event: 13.901 GC heap before
{Heap before GC invocations=19 (full 3):
 PSYoungGen      total 770560K, used 770539K [0x000000076ab00000, 0x00000007af880000, 0x00000007c0000000)
  eden space 586752K, 100% used [0x000000076ab00000,0x000000078e800000,0x000000078e800000)
  from space 183808K, 99% used [0x000000078e800000,0x0000000799b7af48,0x0000000799b80000)
  to   space 217600K, 0% used [0x00000007a2400000,0x00000007a2400000,0x00000007af880000)
 ParOldGen       total 589312K, used 373198K [0x00000006c0000000, 0x00000006e3f80000, 0x000000076ab00000)
  object space 589312K, 63% used [0x00000006c0000000,0x00000006d6c73a30,0x00000006e3f80000)
 Metaspace       used 6636K, capacity 7286K, committed 7552K, reserved 1056768K
  class space    used 606K, capacity 622K, committed 640K, reserved 1048576K
Event: 14.093 GC heap after
Heap after GC invocations=19 (full 3):
 PSYoungGen      total 804352K, used 173173K [0x000000076ab00000, 0x00000007af880000, 0x00000007c0000000)
  eden space 586752K, 0% used [0x000000076ab00000,0x000000076ab00000,0x000000078e800000)
  from space 217600K, 79% used [0x00000007a2400000,0x00000007acd1d510,0x00000007af880000)
  to   space 183808K, 0% used [0x000000078e800000,0x000000078e800000,0x0000000799b80000)
 ParOldGen       total 589312K, used 471259K [0x00000006c0000000, 0x00000006e3f80000, 0x000000076ab00000)
  object space 589312K, 79% used [0x00000006c0000000,0x00000006dcc36e18,0x00000006e3f80000)
 Metaspace       used 6636K, capacity 7286K, committed 7552K, reserved 1056768K
  class space    used 606K, capacity 622K, committed 640K, reserved 1048576K
}
Event: 14.884 GC heap before
{Heap before GC invocations=20 (full 3):
 PSYoungGen      total 804352K, used 759925K [0x000000076ab00000, 0x00000007af880000, 0x00000007c0000000)
  eden space 586752K, 100% used [0x000000076ab00000,0x000000078e800000,0x000000078e800000)
  from space 217600K, 79% used [0x00000007a2400000,0x00000007acd1d510,0x00000007af880000)
  to   space 183808K, 0% used [0x000000078e800000,0x000000078e800000,0x0000000799b80000)
 ParOldGen       total 589312K, used 471259K [0x00000006c0000000, 0x00000006e3f80000, 0x000000076ab00000)
  object space 589312K, 79% used [0x00000006c0000000,0x00000006dcc36e18,0x00000006e3f80000)
 Metaspace       used 6636K, capacity 7286K, committed 7552K, reserved 1056768K
  class space    used 606K, capacity 622K, committed 640K, reserved 1048576K
Event: 15.046 GC heap after
Heap after GC invocations=20 (full 3):
 PSYoungGen      total 770560K, used 183791K [0x000000076ab00000, 0x00000007af880000, 0x00000007c0000000)
  eden space 586752K, 0% used [0x000000076ab00000,0x000000076ab00000,0x000000078e800000)
  from space 183808K, 99% used [0x000000078e800000,0x0000000799b7bd78,0x0000000799b80000)
  to   space 217600K, 0% used [0x00000007a2400000,0x00000007a2400000,0x00000007af880000)
 ParOldGen       total 589312K, used 543801K [0x00000006c0000000, 0x00000006e3f80000, 0x000000076ab00000)
  object space 589312K, 92% used [0x00000006c0000000,0x00000006e130e570,0x00000006e3f80000)
 Metaspace       used 6636K, capacity 7286K, committed 7552K, reserved 1056768K
  class space    used 606K, capacity 622K, committed 640K, reserved 1048576K
}
Event: 15.047 GC heap before
{Heap before GC invocations=21 (full 4):
 PSYoungGen      total 770560K, used 183791K [0x000000076ab00000, 0x00000007af880000, 0x00000007c0000000)
  eden space 586752K, 0% used [0x000000076ab00000,0x000000076ab00000,0x000000078e800000)
  from space 183808K, 99% used [0x000000078e800000,0x0000000799b7bd78,0x0000000799b80000)
  to   space 217600K, 0% used [0x00000007a2400000,0x00000007a2400000,0x00000007af880000)
 ParOldGen       total 589312K, used 543801K [0x00000006c0000000, 0x00000006e3f80000, 0x000000076ab00000)
  object space 589312K, 92% used [0x00000006c0000000,0x00000006e130e570,0x00000006e3f80000)
 Metaspace       used 6636K, capacity 7286K, committed 7552K, reserved 1056768K
  class space    used 606K, capacity 622K, committed 640K, reserved 1048576K
Event: 16.838 GC heap after
Heap after GC invocations=21 (full 4):
 PSYoungGen      total 770560K, used 130086K [0x000000076ab00000, 0x00000007af880000, 0x00000007c0000000)
  eden space 586752K, 0% used [0x000000076ab00000,0x000000076ab00000,0x000000078e800000)
  from space 183808K, 70% used [0x000000078e800000,0x0000000796709ba0,0x0000000799b80000)
  to   space 217600K, 0% used [0x00000007a2400000,0x00000007a2400000,0x00000007af880000)
 ParOldGen       total 589312K, used 588874K [0x00000006c0000000, 0x00000006e3f80000, 0x000000076ab00000)
  object space 589312K, 99% used [0x00000006c0000000,0x00000006e3f12b00,0x00000006e3f80000)
 Metaspace       used 6636K, capacity 7286K, committed 7552K, reserved 1056768K
  class space    used 606K, capacity 622K, committed 640K, reserved 1048576K
}
Event: 17.511 GC heap before
{Heap before GC invocations=22 (full 5):
 PSYoungGen      total 770560K, used 716838K [0x000000076ab00000, 0x00000007af880000, 0x00000007c0000000)
  eden space 586752K, 100% used [0x000000076ab00000,0x000000078e800000,0x000000078e800000)
  from space 183808K, 70% used [0x000000078e800000,0x0000000796709ba0,0x0000000799b80000)
  to   space 217600K, 0% used [0x00000007a2400000,0x00000007a2400000,0x00000007af880000)
 ParOldGen       total 589312K, used 588874K [0x00000006c0000000, 0x00000006e3f80000, 0x000000076ab00000)
  object space 589312K, 99% used [0x00000006c0000000,0x00000006e3f12b00,0x00000006e3f80000)
 Metaspace       used 6641K, capacity 7286K, committed 7552K, reserved 1056768K
  class space    used 606K, capacity 622K, committed 640K, reserved 1048576K
Event: 19.389 GC heap after
Heap after GC invocations=22 (full 5):
 PSYoungGen      total 770560K, used 215562K [0x000000076ab00000, 0x00000007af880000, 0x00000007c0000000)
  eden space 586752K, 36% used [0x000000076ab00000,0x0000000777d829d8,0x000000078e800000)
  from space 183808K, 0% used [0x000000078e800000,0x000000078e800000,0x0000000799b80000)
  to   space 217600K, 0% used [0x00000007a2400000,0x00000007a2400000,0x00000007af880000)
 ParOldGen       total 589312K, used 589296K [0x00000006c0000000, 0x00000006e3f80000, 0x000000076ab00000)
  object space 589312K, 99% used [0x00000006c0000000,0x00000006e3f7c308,0x00000006e3f80000)
 Metaspace       used 6641K, capacity 7286K, committed 7552K, reserved 1056768K
  class space    used 606K, capacity 622K, committed 640K, reserved 1048576K
}

