# JRE version: OpenJDK Runtime Environment (8.0_152-b01) (build 1.8.0_152-release-915-b01)
# Java VM: OpenJDK 64-Bit Server VM (25.152-b01 mixed mode windows-amd64 compressed oops)
Heap:
 PSYoungGen      total 1088000K, used 862776K [0x000000076ab00000, 0x00000007bfa00000, 0x00000007c0000000)
  eden space 778240K, 97% used [0x000000076ab00000,0x0000000798f72318,0x000000079a300000)
  from space 309760K, 33% used [0x000000079a300000,0x00000007a091c0d8,0x00000007ad180000)
  to   space 292864K, 0% used [0x00000007adc00000,0x00000007adc00000,0x00000007bfa00000)
 ParOldGen       total 1152512K, used 663006K [0x00000006c0000000, 0x0000000706580000, 0x000000076ab00000)
  object space 1152512K, 57% used [0x00000006c0000000,0x00000006e8777b80,0x0000000706580000)
 Metaspace       used 7428K, capacity 7864K, committed 8192K, reserved 1056768K
  class space    used 659K, capacity 688K, committed 768K, reserved 1048576K
GC Heap History (10 events):
Event: 17.817 GC heap before
{Heap before GC invocations=21 (full 4):
 PSYoungGen      total 927232K, used 914810K [0x000000076ab00000, 0x00000007b4280000, 0x00000007c0000000)
  eden space 732160K, 100% used [0x000000076ab00000,0x0000000797600000,0x0000000797600000)
  from space 195072K, 93% used [0x00000007a4f80000,0x00000007b01dea88,0x00000007b0e00000)
  to   space 222720K, 0% used [0x0000000797600000,0x0000000797600000,0x00000007a4f80000)
 ParOldGen       total 889856K, used 567147K [0x00000006c0000000, 0x00000006f6500000, 0x000000076ab00000)
  object space 889856K, 63% used [0x00000006c0000000,0x00000006e29dae68,0x00000006f6500000)
 Metaspace       used 6716K, capacity 7384K, committed 7680K, reserved 1056768K
  class space    used 613K, capacity 656K, committed 768K, reserved 1048576K
Event: 18.038 GC heap after
Heap after GC invocations=21 (full 4):
 PSYoungGen      total 954880K, used 222698K [0x000000076ab00000, 0x00000007be700000, 0x00000007c0000000)
  eden space 732160K, 0% used [0x000000076ab00000,0x000000076ab00000,0x0000000797600000)
  from space 222720K, 99% used [0x0000000797600000,0x00000007a4f7aa60,0x00000007a4f80000)
  to   space 282112K, 0% used [0x00000007ad380000,0x00000007ad380000,0x00000007be700000)
 ParOldGen       total 889856K, used 628840K [0x00000006c0000000, 0x00000006f6500000, 0x000000076ab00000)
  object space 889856K, 70% used [0x00000006c0000000,0x00000006e661a0d0,0x00000006f6500000)
 Metaspace       used 6716K, capacity 7384K, committed 7680K, reserved 1056768K
  class space    used 613K, capacity 656K, committed 768K, reserved 1048576K
}
Event: 19.386 GC heap before
{Heap before GC invocations=22 (full 4):
 PSYoungGen      total 954880K, used 954858K [0x000000076ab00000, 0x00000007be700000, 0x00000007c0000000)
  eden space 732160K, 100% used [0x000000076ab00000,0x0000000797600000,0x0000000797600000)
  from space 222720K, 99% used [0x0000000797600000,0x00000007a4f7aa60,0x00000007a4f80000)
  to   space 282112K, 0% used [0x00000007ad380000,0x00000007ad380000,0x00000007be700000)
 ParOldGen       total 889856K, used 628840K [0x00000006c0000000, 0x00000006f6500000, 0x000000076ab00000)
  object space 889856K, 70% used [0x00000006c0000000,0x00000006e661a0d0,0x00000006f6500000)
 Metaspace       used 6982K, capacity 7640K, committed 7936K, reserved 1056768K
  class space    used 626K, capacity 656K, committed 768K, reserved 1048576K
Event: 19.713 GC heap after
Heap after GC invocations=22 (full 4):
 PSYoungGen      total 1060352K, used 227521K [0x000000076ab00000, 0x00000007c0000000, 0x00000007c0000000)
  eden space 778240K, 0% used [0x000000076ab00000,0x000000076ab00000,0x000000079a300000)
  from space 282112K, 80% used [0x00000007ad380000,0x00000007bb1b07a8,0x00000007be700000)
  to   space 309760K, 0% used [0x000000079a300000,0x000000079a300000,0x00000007ad180000)
 ParOldGen       total 889856K, used 755651K [0x00000006c0000000, 0x00000006f6500000, 0x000000076ab00000)
  object space 889856K, 84% used [0x00000006c0000000,0x00000006ee1f0e48,0x00000006f6500000)
 Metaspace       used 6982K, capacity 7640K, committed 7936K, reserved 1056768K
  class space    used 626K, capacity 656K, committed 768K, reserved 1048576K
}
Event: 19.713 GC heap before
{Heap before GC invocations=23 (full 5):
 PSYoungGen      total 1060352K, used 227521K [0x000000076ab00000, 0x00000007c0000000, 0x00000007c0000000)
  eden space 778240K, 0% used [0x000000076ab00000,0x000000076ab00000,0x000000079a300000)
  from space 282112K, 80% used [0x00000007ad380000,0x00000007bb1b07a8,0x00000007be700000)
  to   space 309760K, 0% used [0x000000079a300000,0x000000079a300000,0x00000007ad180000)
 ParOldGen       total 889856K, used 755651K [0x00000006c0000000, 0x00000006f6500000, 0x000000076ab00000)
  object space 889856K, 84% used [0x00000006c0000000,0x00000006ee1f0e48,0x00000006f6500000)
 Metaspace       used 6982K, capacity 7640K, committed 7936K, reserved 1056768K
  class space    used 626K, capacity 656K, committed 768K, reserved 1048576K
Event: 24.093 GC heap after
Heap after GC invocations=23 (full 5):
 PSYoungGen      total 1060352K, used 0K [0x000000076ab00000, 0x00000007c0000000, 0x00000007c0000000)
  eden space 778240K, 0% used [0x000000076ab00000,0x000000076ab00000,0x000000079a300000)
  from space 282112K, 0% used [0x00000007ad380000,0x00000007ad380000,0x00000007be700000)
  to   space 309760K, 0% used [0x000000079a300000,0x000000079a300000,0x00000007ad180000)
 ParOldGen       total 889856K, used 861952K [0x00000006c0000000, 0x00000006f6500000, 0x000000076ab00000)
  object space 889856K, 96% used [0x00000006c0000000,0x00000006f49c0090,0x00000006f6500000)
 Metaspace       used 6982K, capacity 7640K, committed 7936K, reserved 1056768K
  class space    used 626K, capacity 656K, committed 768K, reserved 1048576K
}
Event: 25.433 GC heap before
{Heap before GC invocations=24 (full 6):
 PSYoungGen      total 1060352K, used 778240K [0x000000076ab00000, 0x00000007c0000000, 0x00000007c0000000)
  eden space 778240K, 100% used [0x000000076ab00000,0x000000079a300000,0x000000079a300000)
  from space 282112K, 0% used [0x00000007ad380000,0x00000007ad380000,0x00000007be700000)
  to   space 309760K, 0% used [0x000000079a300000,0x000000079a300000,0x00000007ad180000)
 ParOldGen       total 889856K, used 861952K [0x00000006c0000000, 0x00000006f6500000, 0x000000076ab00000)
  object space 889856K, 96% used [0x00000006c0000000,0x00000006f49c0090,0x00000006f6500000)
 Metaspace       used 7043K, capacity 7672K, committed 7936K, reserved 1056768K
  class space    used 628K, capacity 688K, committed 768K, reserved 1048576K
Event: 27.424 GC heap after
Heap after GC invocations=24 (full 6):
 PSYoungGen      total 1060352K, used 0K [0x000000076ab00000, 0x00000007c0000000, 0x00000007c0000000)
  eden space 778240K, 0% used [0x000000076ab00000,0x000000076ab00000,0x000000079a300000)
  from space 282112K, 0% used [0x00000007ad380000,0x00000007ad380000,0x00000007be700000)
  to   space 309760K, 0% used [0x000000079a300000,0x000000079a300000,0x00000007ad180000)
 ParOldGen       total 1152512K, used 662998K [0x00000006c0000000, 0x0000000706580000, 0x000000076ab00000)
  object space 1152512K, 57% used [0x00000006c0000000,0x00000006e8775b80,0x0000000706580000)
 Metaspace       used 7043K, capacity 7672K, committed 7936K, reserved 1056768K
  class space    used 628K, capacity 688K, committed 768K, reserved 1048576K
}
Event: 28.503 GC heap before
{Heap before GC invocations=25 (full 6):
 PSYoungGen      total 1060352K, used 778240K [0x000000076ab00000, 0x00000007c0000000, 0x00000007c0000000)
  eden space 778240K, 100% used [0x000000076ab00000,0x000000079a300000,0x000000079a300000)
  from space 282112K, 0% used [0x00000007ad380000,0x00000007ad380000,0x00000007be700000)
  to   space 309760K, 0% used [0x000000079a300000,0x000000079a300000,0x00000007ad180000)
 ParOldGen       total 1152512K, used 662998K [0x00000006c0000000, 0x0000000706580000, 0x000000076ab00000)
  object space 1152512K, 57% used [0x00000006c0000000,0x00000006e8775b80,0x0000000706580000)
 Metaspace       used 7401K, capacity 7864K, committed 8192K, reserved 1056768K
  class space    used 657K, capacity 688K, committed 768K, reserved 1048576K
Event: 28.595 GC heap after
Heap after GC invocations=25 (full 6):
 PSYoungGen      total 1088000K, used 104560K [0x000000076ab00000, 0x00000007bfa00000, 0x00000007c0000000)
  eden space 778240K, 0% used [0x000000076ab00000,0x000000076ab00000,0x000000079a300000)
  from space 309760K, 33% used [0x000000079a300000,0x00000007a091c0d8,0x00000007ad180000)
  to   space 292864K, 0% used [0x00000007adc00000,0x00000007adc00000,0x00000007bfa00000)
 ParOldGen       total 1152512K, used 663006K [0x00000006c0000000, 0x0000000706580000, 0x000000076ab00000)
  object space 1152512K, 57% used [0x00000006c0000000,0x00000006e8777b80,0x0000000706580000)
 Metaspace       used 7401K, capacity 7864K, committed 8192K, reserved 1056768K
  class space    used 657K, capacity 688K, committed 768K, reserved 1048576K
}

