# JRE version: Java(TM) SE Runtime Environment (8.0_151-b12) (build 1.8.0_151-b12)
# Java VM: Java HotSpot(TM) 64-Bit Server VM (25.151-b12 mixed mode windows-amd64 compressed oops)
Heap:
 PSYoungGen      total 914944K, used 717312K [0x000000076ab00000, 0x00000007b1780000, 0x00000007c0000000)
  eden space 717312K, 100% used [0x000000076ab00000,0x0000000796780000,0x0000000796780000)
  from space 197632K, 0% used [0x0000000796780000,0x0000000796780000,0x00000007a2880000)
  to   space 164352K, 0% used [0x00000007a2880000,0x00000007a2880000,0x00000007ac900000)
 ParOldGen       total 580096K, used 579682K [0x00000006c0000000, 0x00000006e3680000, 0x000000076ab00000)
  object space 580096K, 99% used [0x00000006c0000000,0x00000006e3618b10,0x00000006e3680000)
 Metaspace       used 7167K, capacity 7672K, committed 7936K, reserved 1056768K
  class space    used 658K, capacity 688K, committed 768K, reserved 1048576K
GC Heap History (10 events):
Event: 13.774 GC heap after
Heap after GC invocations=19 (full 4):
 PSYoungGen      total 914944K, used 103026K [0x000000076ab00000, 0x00000007b1780000, 0x00000007c0000000)
  eden space 717312K, 0% used [0x000000076ab00000,0x000000076ab00000,0x0000000796780000)
  from space 197632K, 52% used [0x0000000796780000,0x000000079cc1cba0,0x00000007a2880000)
  to   space 164352K, 0% used [0x00000007a2880000,0x00000007a2880000,0x00000007ac900000)
 ParOldGen       total 580096K, used 580088K [0x00000006c0000000, 0x00000006e3680000, 0x000000076ab00000)
  object space 580096K, 99% used [0x00000006c0000000,0x00000006e367e0b0,0x00000006e3680000)
 Metaspace       used 6766K, capacity 7384K, committed 7680K, reserved 1056768K
  class space    used 638K, capacity 656K, committed 768K, reserved 1048576K
}
Event: 14.758 GC heap before
{Heap before GC invocations=20 (full 5):
 PSYoungGen      total 914944K, used 820338K [0x000000076ab00000, 0x00000007b1780000, 0x00000007c0000000)
  eden space 717312K, 100% used [0x000000076ab00000,0x0000000796780000,0x0000000796780000)
  from space 197632K, 52% used [0x0000000796780000,0x000000079cc1cba0,0x00000007a2880000)
  to   space 164352K, 0% used [0x00000007a2880000,0x00000007a2880000,0x00000007ac900000)
 ParOldGen       total 580096K, used 580088K [0x00000006c0000000, 0x00000006e3680000, 0x000000076ab00000)
  object space 580096K, 99% used [0x00000006c0000000,0x00000006e367e0b0,0x00000006e3680000)
 Metaspace       used 6769K, capacity 7384K, committed 7680K, reserved 1056768K
  class space    used 639K, capacity 656K, committed 768K, reserved 1048576K
Event: 16.934 GC heap after
Heap after GC invocations=20 (full 5):
 PSYoungGen      total 914944K, used 199611K [0x000000076ab00000, 0x00000007b1780000, 0x00000007c0000000)
  eden space 717312K, 27% used [0x000000076ab00000,0x0000000776deee40,0x0000000796780000)
  from space 197632K, 0% used [0x0000000796780000,0x0000000796780000,0x00000007a2880000)
  to   space 164352K, 0% used [0x00000007a2880000,0x00000007a2880000,0x00000007ac900000)
 ParOldGen       total 580096K, used 580012K [0x00000006c0000000, 0x00000006e3680000, 0x000000076ab00000)
  object space 580096K, 99% used [0x00000006c0000000,0x00000006e366b0e0,0x00000006e3680000)
 Metaspace       used 6769K, capacity 7384K, committed 7680K, reserved 1056768K
  class space    used 639K, capacity 656K, committed 768K, reserved 1048576K
}
Event: 17.517 GC heap before
{Heap before GC invocations=21 (full 6):
 PSYoungGen      total 914944K, used 717312K [0x000000076ab00000, 0x00000007b1780000, 0x00000007c0000000)
  eden space 717312K, 100% used [0x000000076ab00000,0x0000000796780000,0x0000000796780000)
  from space 197632K, 0% used [0x0000000796780000,0x0000000796780000,0x00000007a2880000)
  to   space 164352K, 0% used [0x00000007a2880000,0x00000007a2880000,0x00000007ac900000)
 ParOldGen       total 580096K, used 580012K [0x00000006c0000000, 0x00000006e3680000, 0x000000076ab00000)
  object space 580096K, 99% used [0x00000006c0000000,0x00000006e366b0e0,0x00000006e3680000)
 Metaspace       used 6795K, capacity 7384K, committed 7680K, reserved 1056768K
  class space    used 642K, capacity 656K, committed 768K, reserved 1048576K
Event: 19.006 GC heap after
Heap after GC invocations=21 (full 6):
 PSYoungGen      total 914944K, used 269213K [0x000000076ab00000, 0x00000007b1780000, 0x00000007c0000000)
  eden space 717312K, 37% used [0x000000076ab00000,0x000000077b1e7600,0x0000000796780000)
  from space 197632K, 0% used [0x0000000796780000,0x0000000796780000,0x00000007a2880000)
  to   space 164352K, 0% used [0x00000007a2880000,0x00000007a2880000,0x00000007ac900000)
 ParOldGen       total 580096K, used 579910K [0x00000006c0000000, 0x00000006e3680000, 0x000000076ab00000)
  object space 580096K, 99% used [0x00000006c0000000,0x00000006e3651908,0x00000006e3680000)
 Metaspace       used 6795K, capacity 7384K, committed 7680K, reserved 1056768K
  class space    used 642K, capacity 656K, committed 768K, reserved 1048576K
}
Event: 19.841 GC heap before
{Heap before GC invocations=22 (full 7):
 PSYoungGen      total 914944K, used 717312K [0x000000076ab00000, 0x00000007b1780000, 0x00000007c0000000)
  eden space 717312K, 100% used [0x000000076ab00000,0x0000000796780000,0x0000000796780000)
  from space 197632K, 0% used [0x0000000796780000,0x0000000796780000,0x00000007a2880000)
  to   space 164352K, 0% used [0x00000007a2880000,0x00000007a2880000,0x00000007ac900000)
 ParOldGen       total 580096K, used 579910K [0x00000006c0000000, 0x00000006e3680000, 0x000000076ab00000)
  object space 580096K, 99% used [0x00000006c0000000,0x00000006e3651908,0x00000006e3680000)
 Metaspace       used 6895K, capacity 7448K, committed 7680K, reserved 1056768K
  class space    used 645K, capacity 656K, committed 768K, reserved 1048576K
Event: 22.810 GC heap after
Heap after GC invocations=22 (full 7):
 PSYoungGen      total 914944K, used 327266K [0x000000076ab00000, 0x00000007b1780000, 0x00000007c0000000)
  eden space 717312K, 45% used [0x000000076ab00000,0x000000077ea989f8,0x0000000796780000)
  from space 197632K, 0% used [0x0000000796780000,0x0000000796780000,0x00000007a2880000)
  to   space 164352K, 0% used [0x00000007a2880000,0x00000007a2880000,0x00000007ac900000)
 ParOldGen       total 580096K, used 579903K [0x00000006c0000000, 0x00000006e3680000, 0x000000076ab00000)
  object space 580096K, 99% used [0x00000006c0000000,0x00000006e364fc38,0x00000006e3680000)
 Metaspace       used 6895K, capacity 7448K, committed 7680K, reserved 1056768K
  class space    used 645K, capacity 656K, committed 768K, reserved 1048576K
}
Event: 23.594 GC heap before
{Heap before GC invocations=23 (full 8):
 PSYoungGen      total 914944K, used 717312K [0x000000076ab00000, 0x00000007b1780000, 0x00000007c0000000)
  eden space 717312K, 100% used [0x000000076ab00000,0x0000000796780000,0x0000000796780000)
  from space 197632K, 0% used [0x0000000796780000,0x0000000796780000,0x00000007a2880000)
  to   space 164352K, 0% used [0x00000007a2880000,0x00000007a2880000,0x00000007ac900000)
 ParOldGen       total 580096K, used 579903K [0x00000006c0000000, 0x00000006e3680000, 0x000000076ab00000)
  object space 580096K, 99% used [0x00000006c0000000,0x00000006e364fc38,0x00000006e3680000)
 Metaspace       used 7161K, capacity 7672K, committed 7936K, reserved 1056768K
  class space    used 658K, capacity 688K, committed 768K, reserved 1048576K
Event: 25.602 GC heap after
Heap after GC invocations=23 (full 8):
 PSYoungGen      total 914944K, used 311935K [0x000000076ab00000, 0x00000007b1780000, 0x00000007c0000000)
  eden space 717312K, 43% used [0x000000076ab00000,0x000000077db9fcb8,0x0000000796780000)
  from space 197632K, 0% used [0x0000000796780000,0x0000000796780000,0x00000007a2880000)
  to   space 164352K, 0% used [0x00000007a2880000,0x00000007a2880000,0x00000007ac900000)
 ParOldGen       total 580096K, used 579682K [0x00000006c0000000, 0x00000006e3680000, 0x000000076ab00000)
  object space 580096K, 99% used [0x00000006c0000000,0x00000006e3618b10,0x00000006e3680000)
 Metaspace       used 7161K, capacity 7672K, committed 7936K, reserved 1056768K
  class space    used 658K, capacity 688K, committed 768K, reserved 1048576K
}
Event: 26.234 GC heap before
{Heap before GC invocations=24 (full 9):
 PSYoungGen      total 914944K, used 717312K [0x000000076ab00000, 0x00000007b1780000, 0x00000007c0000000)
  eden space 717312K, 100% used [0x000000076ab00000,0x0000000796780000,0x0000000796780000)
  from space 197632K, 0% used [0x0000000796780000,0x0000000796780000,0x00000007a2880000)
  to   space 164352K, 0% used [0x00000007a2880000,0x00000007a2880000,0x00000007ac900000)
 ParOldGen       total 580096K, used 579682K [0x00000006c0000000, 0x00000006e3680000, 0x000000076ab00000)
  object space 580096K, 99% used [0x00000006c0000000,0x00000006e3618b10,0x00000006e3680000)
 Metaspace       used 7167K, capacity 7672K, committed 7936K, reserved 1056768K
  class space    used 658K, capacity 688K, committed 768K, reserved 1048576K

