# JRE version: OpenJDK Runtime Environment (8.0_152-b01) (build 1.8.0_152-release-915-b01)
# Java VM: OpenJDK 64-Bit Server VM (25.152-b01 mixed mode windows-amd64 compressed oops)
Heap:
 PSYoungGen      total 1065984K, used 113885K [0x000000076ab00000, 0x00000007c0000000, 0x00000007c0000000)
  eden space 776192K, 14% used [0x000000076ab00000,0x0000000771a377b0,0x000000079a100000)
  from space 289792K, 0% used [0x00000007ae500000,0x00000007ae500000,0x00000007c0000000)
  to   space 310784K, 0% used [0x000000079a100000,0x000000079a100000,0x00000007ad080000)
 ParOldGen       total 1280512K, used 875645K [0x00000006c0000000, 0x000000070e280000, 0x000000076ab00000)
  object space 1280512K, 68% used [0x00000006c0000000,0x00000006f571f678,0x000000070e280000)
 Metaspace       used 6996K, capacity 7640K, committed 7936K, reserved 1056768K
  class space    used 625K, capacity 656K, committed 768K, reserved 1048576K
GC Heap History (10 events):
Event: 11.591 GC heap before
{Heap before GC invocations=19 (full 4):
 PSYoungGen      total 869376K, used 99266K [0x000000076ab00000, 0x00000007b4300000, 0x00000007c0000000)
  eden space 666624K, 0% used [0x000000076ab00000,0x000000076ab00000,0x0000000793600000)
  from space 202752K, 48% used [0x0000000793600000,0x00000007996f0a90,0x000000079fc00000)
  to   space 199168K, 0% used [0x00000007a8080000,0x00000007a8080000,0x00000007b4300000)
 ParOldGen       total 575488K, used 574988K [0x00000006c0000000, 0x00000006e3200000, 0x000000076ab00000)
  object space 575488K, 99% used [0x00000006c0000000,0x00000006e3183088,0x00000006e3200000)
 Metaspace       used 6627K, capacity 7286K, committed 7552K, reserved 1056768K
  class space    used 606K, capacity 622K, committed 640K, reserved 1048576K
Event: 13.295 GC heap after
Heap after GC invocations=19 (full 4):
 PSYoungGen      total 869376K, used 88446K [0x000000076ab00000, 0x00000007b4300000, 0x00000007c0000000)
  eden space 666624K, 0% used [0x000000076ab00000,0x000000076ab00000,0x0000000793600000)
  from space 202752K, 43% used [0x0000000793600000,0x0000000798c5f968,0x000000079fc00000)
  to   space 199168K, 0% used [0x00000007a8080000,0x00000007a8080000,0x00000007b4300000)
 ParOldGen       total 896512K, used 575158K [0x00000006c0000000, 0x00000006f6b80000, 0x000000076ab00000)
  object space 896512K, 64% used [0x00000006c0000000,0x00000006e31ad958,0x00000006f6b80000)
 Metaspace       used 6627K, capacity 7286K, committed 7552K, reserved 1056768K
  class space    used 606K, capacity 622K, committed 640K, reserved 1048576K
}
Event: 14.066 GC heap before
{Heap before GC invocations=20 (full 4):
 PSYoungGen      total 869376K, used 755070K [0x000000076ab00000, 0x00000007b4300000, 0x00000007c0000000)
  eden space 666624K, 100% used [0x000000076ab00000,0x0000000793600000,0x0000000793600000)
  from space 202752K, 43% used [0x0000000793600000,0x0000000798c5f968,0x000000079fc00000)
  to   space 199168K, 0% used [0x00000007a8080000,0x00000007a8080000,0x00000007b4300000)
 ParOldGen       total 896512K, used 575158K [0x00000006c0000000, 0x00000006f6b80000, 0x000000076ab00000)
  object space 896512K, 64% used [0x00000006c0000000,0x00000006e31ad958,0x00000006f6b80000)
 Metaspace       used 6632K, capacity 7286K, committed 7552K, reserved 1056768K
  class space    used 606K, capacity 622K, committed 640K, reserved 1048576K
Event: 14.299 GC heap after
Heap after GC invocations=20 (full 4):
 PSYoungGen      total 976896K, used 185966K [0x000000076ab00000, 0x00000007b6a80000, 0x00000007c0000000)
  eden space 777728K, 0% used [0x000000076ab00000,0x000000076ab00000,0x000000079a280000)
  from space 199168K, 93% used [0x00000007a8080000,0x00000007b361b958,0x00000007b4300000)
  to   space 227328K, 0% used [0x000000079a280000,0x000000079a280000,0x00000007a8080000)
 ParOldGen       total 896512K, used 575158K [0x00000006c0000000, 0x00000006f6b80000, 0x000000076ab00000)
  object space 896512K, 64% used [0x00000006c0000000,0x00000006e31ad958,0x00000006f6b80000)
 Metaspace       used 6632K, capacity 7286K, committed 7552K, reserved 1056768K
  class space    used 606K, capacity 622K, committed 640K, reserved 1048576K
}
Event: 15.541 GC heap before
{Heap before GC invocations=21 (full 4):
 PSYoungGen      total 976896K, used 963694K [0x000000076ab00000, 0x00000007b6a80000, 0x00000007c0000000)
  eden space 777728K, 100% used [0x000000076ab00000,0x000000079a280000,0x000000079a280000)
  from space 199168K, 93% used [0x00000007a8080000,0x00000007b361b958,0x00000007b4300000)
  to   space 227328K, 0% used [0x000000079a280000,0x000000079a280000,0x00000007a8080000)
 ParOldGen       total 896512K, used 575158K [0x00000006c0000000, 0x00000006f6b80000, 0x000000076ab00000)
  object space 896512K, 64% used [0x00000006c0000000,0x00000006e31ad958,0x00000006f6b80000)
 Metaspace       used 6738K, capacity 7384K, committed 7680K, reserved 1056768K
  class space    used 613K, capacity 656K, committed 768K, reserved 1048576K
Event: 15.800 GC heap after
Heap after GC invocations=21 (full 4):
 PSYoungGen      total 1005056K, used 227299K [0x000000076ab00000, 0x00000007c0000000, 0x00000007c0000000)
  eden space 777728K, 0% used [0x000000076ab00000,0x000000076ab00000,0x000000079a280000)
  from space 227328K, 99% used [0x000000079a280000,0x00000007a8078d90,0x00000007a8080000)
  to   space 289792K, 0% used [0x00000007ae500000,0x00000007ae500000,0x00000007c0000000)
 ParOldGen       total 896512K, used 642459K [0x00000006c0000000, 0x00000006f6b80000, 0x000000076ab00000)
  object space 896512K, 71% used [0x00000006c0000000,0x00000006e7366e78,0x00000006f6b80000)
 Metaspace       used 6738K, capacity 7384K, committed 7680K, reserved 1056768K
  class space    used 613K, capacity 656K, committed 768K, reserved 1048576K
}
Event: 17.010 GC heap before
{Heap before GC invocations=22 (full 4):
 PSYoungGen      total 1005056K, used 1005027K [0x000000076ab00000, 0x00000007c0000000, 0x00000007c0000000)
  eden space 777728K, 100% used [0x000000076ab00000,0x000000079a280000,0x000000079a280000)
  from space 227328K, 99% used [0x000000079a280000,0x00000007a8078d90,0x00000007a8080000)
  to   space 289792K, 0% used [0x00000007ae500000,0x00000007ae500000,0x00000007c0000000)
 ParOldGen       total 896512K, used 642459K [0x00000006c0000000, 0x00000006f6b80000, 0x000000076ab00000)
  object space 896512K, 71% used [0x00000006c0000000,0x00000006e7366e78,0x00000006f6b80000)
 Metaspace       used 6994K, capacity 7640K, committed 7936K, reserved 1056768K
  class space    used 625K, capacity 656K, committed 768K, reserved 1048576K
Event: 17.370 GC heap after
Heap after GC invocations=22 (full 4):
 PSYoungGen      total 1065984K, used 214585K [0x000000076ab00000, 0x00000007c0000000, 0x00000007c0000000)
  eden space 776192K, 0% used [0x000000076ab00000,0x000000076ab00000,0x000000079a100000)
  from space 289792K, 74% used [0x00000007ae500000,0x00000007bb68e6d0,0x00000007c0000000)
  to   space 310784K, 0% used [0x000000079a100000,0x000000079a100000,0x00000007ad080000)
 ParOldGen       total 896512K, used 780306K [0x00000006c0000000, 0x00000006f6b80000, 0x000000076ab00000)
  object space 896512K, 87% used [0x00000006c0000000,0x00000006efa04bf8,0x00000006f6b80000)
 Metaspace       used 6994K, capacity 7640K, committed 7936K, reserved 1056768K
  class space    used 625K, capacity 656K, committed 768K, reserved 1048576K
}
Event: 17.370 GC heap before
{Heap before GC invocations=23 (full 5):
 PSYoungGen      total 1065984K, used 214585K [0x000000076ab00000, 0x00000007c0000000, 0x00000007c0000000)
  eden space 776192K, 0% used [0x000000076ab00000,0x000000076ab00000,0x000000079a100000)
  from space 289792K, 74% used [0x00000007ae500000,0x00000007bb68e6d0,0x00000007c0000000)
  to   space 310784K, 0% used [0x000000079a100000,0x000000079a100000,0x00000007ad080000)
 ParOldGen       total 896512K, used 780306K [0x00000006c0000000, 0x00000006f6b80000, 0x000000076ab00000)
  object space 896512K, 87% used [0x00000006c0000000,0x00000006efa04bf8,0x00000006f6b80000)
 Metaspace       used 6994K, capacity 7640K, committed 7936K, reserved 1056768K
  class space    used 625K, capacity 656K, committed 768K, reserved 1048576K
Event: 21.233 GC heap after
Heap after GC invocations=23 (full 5):
 PSYoungGen      total 1065984K, used 0K [0x000000076ab00000, 0x00000007c0000000, 0x00000007c0000000)
  eden space 776192K, 0% used [0x000000076ab00000,0x000000076ab00000,0x000000079a100000)
  from space 289792K, 0% used [0x00000007ae500000,0x00000007ae500000,0x00000007c0000000)
  to   space 310784K, 0% used [0x000000079a100000,0x000000079a100000,0x00000007ad080000)
 ParOldGen       total 1280512K, used 875645K [0x00000006c0000000, 0x000000070e280000, 0x000000076ab00000)
  object space 1280512K, 68% used [0x00000006c0000000,0x00000006f571f678,0x000000070e280000)
 Metaspace       used 6994K, capacity 7640K, committed 7936K, reserved 1056768K
  class space    used 625K, capacity 656K, committed 768K, reserved 1048576K
}

