# JRE version: OpenJDK Runtime Environment (8.0_152-b01) (build 1.8.0_152-release-915-b01)
# Java VM: OpenJDK 64-Bit Server VM (25.152-b01 mixed mode windows-amd64 compressed oops)
Heap:
 PSYoungGen      total 902144K, used 748272K [0x000000076ab00000, 0x00000007b3b00000, 0x00000007c0000000)
  eden space 686592K, 83% used [0x000000076ab00000,0x000000078dd6b100,0x0000000794980000)
  from space 215552K, 79% used [0x00000007a3080000,0x00000007ad8d0f70,0x00000007b0300000)
  to   space 236544K, 0% used [0x0000000794980000,0x0000000794980000,0x00000007a3080000)
 ParOldGen       total 593408K, used 476277K [0x00000006c0000000, 0x00000006e4380000, 0x000000076ab00000)
  object space 593408K, 80% used [0x00000006c0000000,0x00000006dd11d618,0x00000006e4380000)
 Metaspace       used 6625K, capacity 7286K, committed 7552K, reserved 1056768K
  class space    used 606K, capacity 622K, committed 640K, reserved 1048576K
GC Heap History (10 events):
Event: 8.919 GC heap before
{Heap before GC invocations=15 (full 2):
 PSYoungGen      total 609792K, used 609767K [0x000000076ab00000, 0x000000079c500000, 0x00000007c0000000)
  eden space 501760K, 100% used [0x000000076ab00000,0x0000000789500000,0x0000000789500000)
  from space 108032K, 99% used [0x0000000791b80000,0x00000007984f9ef0,0x0000000798500000)
  to   space 137728K, 0% used [0x0000000789500000,0x0000000789500000,0x0000000791b80000)
 ParOldGen       total 356352K, used 231122K [0x00000006c0000000, 0x00000006d5c00000, 0x000000076ab00000)
  object space 356352K, 64% used [0x00000006c0000000,0x00000006ce1b4bf8,0x00000006d5c00000)
 Metaspace       used 6596K, capacity 7286K, committed 7552K, reserved 1056768K
  class space    used 606K, capacity 622K, committed 640K, reserved 1048576K
Event: 9.034 GC heap after
Heap after GC invocations=15 (full 2):
 PSYoungGen      total 639488K, used 137705K [0x000000076ab00000, 0x00000007a4600000, 0x00000007c0000000)
  eden space 501760K, 0% used [0x000000076ab00000,0x000000076ab00000,0x0000000789500000)
  from space 137728K, 99% used [0x0000000789500000,0x0000000791b7a7f0,0x0000000791b80000)
  to   space 173568K, 0% used [0x0000000799c80000,0x0000000799c80000,0x00000007a4600000)
 ParOldGen       total 356352K, used 263987K [0x00000006c0000000, 0x00000006d5c00000, 0x000000076ab00000)
  object space 356352K, 74% used [0x00000006c0000000,0x00000006d01ccec8,0x00000006d5c00000)
 Metaspace       used 6596K, capacity 7286K, committed 7552K, reserved 1056768K
  class space    used 606K, capacity 622K, committed 640K, reserved 1048576K
}
Event: 9.820 GC heap before
{Heap before GC invocations=16 (full 2):
 PSYoungGen      total 639488K, used 639465K [0x000000076ab00000, 0x00000007a4600000, 0x00000007c0000000)
  eden space 501760K, 100% used [0x000000076ab00000,0x0000000789500000,0x0000000789500000)
  from space 137728K, 99% used [0x0000000789500000,0x0000000791b7a7f0,0x0000000791b80000)
  to   space 173568K, 0% used [0x0000000799c80000,0x0000000799c80000,0x00000007a4600000)
 ParOldGen       total 356352K, used 263987K [0x00000006c0000000, 0x00000006d5c00000, 0x000000076ab00000)
  object space 356352K, 74% used [0x00000006c0000000,0x00000006d01ccec8,0x00000006d5c00000)
 Metaspace       used 6617K, capacity 7286K, committed 7552K, reserved 1056768K
  class space    used 606K, capacity 622K, committed 640K, reserved 1048576K
Event: 10.002 GC heap after
Heap after GC invocations=16 (full 2):
 PSYoungGen      total 763904K, used 112284K [0x000000076ab00000, 0x00000007a6280000, 0x00000007c0000000)
  eden space 590336K, 0% used [0x000000076ab00000,0x000000076ab00000,0x000000078eb80000)
  from space 173568K, 64% used [0x0000000799c80000,0x00000007a0a27310,0x00000007a4600000)
  to   space 181248K, 0% used [0x000000078eb80000,0x000000078eb80000,0x0000000799c80000)
 ParOldGen       total 370176K, used 369247K [0x00000006c0000000, 0x00000006d6980000, 0x000000076ab00000)
  object space 370176K, 99% used [0x00000006c0000000,0x00000006d6897d50,0x00000006d6980000)
 Metaspace       used 6617K, capacity 7286K, committed 7552K, reserved 1056768K
  class space    used 606K, capacity 622K, committed 640K, reserved 1048576K
}
Event: 10.002 GC heap before
{Heap before GC invocations=17 (full 3):
 PSYoungGen      total 763904K, used 112284K [0x000000076ab00000, 0x00000007a6280000, 0x00000007c0000000)
  eden space 590336K, 0% used [0x000000076ab00000,0x000000076ab00000,0x000000078eb80000)
  from space 173568K, 64% used [0x0000000799c80000,0x00000007a0a27310,0x00000007a4600000)
  to   space 181248K, 0% used [0x000000078eb80000,0x000000078eb80000,0x0000000799c80000)
 ParOldGen       total 370176K, used 369247K [0x00000006c0000000, 0x00000006d6980000, 0x000000076ab00000)
  object space 370176K, 99% used [0x00000006c0000000,0x00000006d6897d50,0x00000006d6980000)
 Metaspace       used 6617K, capacity 7286K, committed 7552K, reserved 1056768K
  class space    used 606K, capacity 622K, committed 640K, reserved 1048576K
Event: 11.310 GC heap after
Heap after GC invocations=17 (full 3):
 PSYoungGen      total 763904K, used 102492K [0x000000076ab00000, 0x00000007a6280000, 0x00000007c0000000)
  eden space 590336K, 0% used [0x000000076ab00000,0x000000076ab00000,0x000000078eb80000)
  from space 173568K, 59% used [0x0000000799c80000,0x00000007a00972c8,0x00000007a4600000)
  to   space 181248K, 0% used [0x000000078eb80000,0x000000078eb80000,0x0000000799c80000)
 ParOldGen       total 593408K, used 369670K [0x00000006c0000000, 0x00000006e4380000, 0x000000076ab00000)
  object space 593408K, 62% used [0x00000006c0000000,0x00000006d6901868,0x00000006e4380000)
 Metaspace       used 6617K, capacity 7286K, committed 7552K, reserved 1056768K
  class space    used 606K, capacity 622K, committed 640K, reserved 1048576K
}
Event: 12.353 GC heap before
{Heap before GC invocations=18 (full 3):
 PSYoungGen      total 763904K, used 692828K [0x000000076ab00000, 0x00000007a6280000, 0x00000007c0000000)
  eden space 590336K, 100% used [0x000000076ab00000,0x000000078eb80000,0x000000078eb80000)
  from space 173568K, 59% used [0x0000000799c80000,0x00000007a00972c8,0x00000007a4600000)
  to   space 181248K, 0% used [0x000000078eb80000,0x000000078eb80000,0x0000000799c80000)
 ParOldGen       total 593408K, used 369670K [0x00000006c0000000, 0x00000006e4380000, 0x000000076ab00000)
  object space 593408K, 62% used [0x00000006c0000000,0x00000006d6901868,0x00000006e4380000)
 Metaspace       used 6619K, capacity 7286K, committed 7552K, reserved 1056768K
  class space    used 606K, capacity 622K, committed 640K, reserved 1048576K
Event: 12.535 GC heap after
Heap after GC invocations=18 (full 3):
 PSYoungGen      total 771584K, used 181221K [0x000000076ab00000, 0x00000007b0300000, 0x00000007c0000000)
  eden space 590336K, 0% used [0x000000076ab00000,0x000000076ab00000,0x000000078eb80000)
  from space 181248K, 99% used [0x000000078eb80000,0x0000000799c79410,0x0000000799c80000)
  to   space 215552K, 0% used [0x00000007a3080000,0x00000007a3080000,0x00000007b0300000)
 ParOldGen       total 593408K, used 379222K [0x00000006c0000000, 0x00000006e4380000, 0x000000076ab00000)
  object space 593408K, 63% used [0x00000006c0000000,0x00000006d7255a88,0x00000006e4380000)
 Metaspace       used 6619K, capacity 7286K, committed 7552K, reserved 1056768K
  class space    used 606K, capacity 622K, committed 640K, reserved 1048576K
}
Event: 13.315 GC heap before
{Heap before GC invocations=19 (full 3):
 PSYoungGen      total 771584K, used 771557K [0x000000076ab00000, 0x00000007b0300000, 0x00000007c0000000)
  eden space 590336K, 100% used [0x000000076ab00000,0x000000078eb80000,0x000000078eb80000)
  from space 181248K, 99% used [0x000000078eb80000,0x0000000799c79410,0x0000000799c80000)
  to   space 215552K, 0% used [0x00000007a3080000,0x00000007a3080000,0x00000007b0300000)
 ParOldGen       total 593408K, used 379222K [0x00000006c0000000, 0x00000006e4380000, 0x000000076ab00000)
  object space 593408K, 63% used [0x00000006c0000000,0x00000006d7255a88,0x00000006e4380000)
 Metaspace       used 6624K, capacity 7286K, committed 7552K, reserved 1056768K
  class space    used 606K, capacity 622K, committed 640K, reserved 1048576K
Event: 13.510 GC heap after
Heap after GC invocations=19 (full 3):
 PSYoungGen      total 902144K, used 172355K [0x000000076ab00000, 0x00000007b3b00000, 0x00000007c0000000)
  eden space 686592K, 0% used [0x000000076ab00000,0x000000076ab00000,0x0000000794980000)
  from space 215552K, 79% used [0x00000007a3080000,0x00000007ad8d0f70,0x00000007b0300000)
  to   space 236544K, 0% used [0x0000000794980000,0x0000000794980000,0x00000007a3080000)
 ParOldGen       total 593408K, used 476277K [0x00000006c0000000, 0x00000006e4380000, 0x000000076ab00000)
  object space 593408K, 80% used [0x00000006c0000000,0x00000006dd11d618,0x00000006e4380000)
 Metaspace       used 6624K, capacity 7286K, committed 7552K, reserved 1056768K
  class space    used 606K, capacity 622K, committed 640K, reserved 1048576K
}

