# JRE version: OpenJDK Runtime Environment (8.0_152-b01) (build 1.8.0_152-release-915-b01)
# Java VM: OpenJDK 64-Bit Server VM (25.152-b01 mixed mode windows-amd64 compressed oops)
Heap:
 PSYoungGen      total 1035776K, used 751940K [0x000000076ab00000, 0x00000007c0000000, 0x00000007c0000000)
  eden space 739328K, 67% used [0x000000076ab00000,0x0000000788f01638,0x0000000797d00000)
  from space 296448K, 86% used [0x00000007ad180000,0x00000007bcbcfa18,0x00000007bf300000)
  to   space 329216K, 0% used [0x0000000797d00000,0x0000000797d00000,0x00000007abe80000)
 ParOldGen       total 1302016K, used 893149K [0x00000006c0000000, 0x000000070f780000, 0x000000076ab00000)
  object space 1302016K, 68% used [0x00000006c0000000,0x00000006f6837678,0x000000070f780000)
 Metaspace       used 7452K, capacity 7864K, committed 8192K, reserved 1056768K
  class space    used 659K, capacity 688K, committed 768K, reserved 1048576K
GC Heap History (10 events):
Event: 15.360 GC heap before
{Heap before GC invocations=21 (full 4):
 PSYoungGen      total 1026048K, used 1012668K [0x000000076ab00000, 0x00000007b9d80000, 0x00000007c0000000)
  eden space 821760K, 100% used [0x000000076ab00000,0x000000079cd80000,0x000000079cd80000)
  from space 204288K, 93% used [0x00000007ab180000,0x00000007b6bef020,0x00000007b7900000)
  to   space 233472K, 0% used [0x000000079cd80000,0x000000079cd80000,0x00000007ab180000)
 ParOldGen       total 893440K, used 582846K [0x00000006c0000000, 0x00000006f6880000, 0x000000076ab00000)
  object space 893440K, 65% used [0x00000006c0000000,0x00000006e392f970,0x00000006f6880000)
 Metaspace       used 6750K, capacity 7384K, committed 7680K, reserved 1056768K
  class space    used 613K, capacity 656K, committed 768K, reserved 1048576K
Event: 15.611 GC heap after
Heap after GC invocations=21 (full 4):
 PSYoungGen      total 1055232K, used 233449K [0x000000076ab00000, 0x00000007c0000000, 0x00000007c0000000)
  eden space 821760K, 0% used [0x000000076ab00000,0x000000076ab00000,0x000000079cd80000)
  from space 233472K, 99% used [0x000000079cd80000,0x00000007ab17a798,0x00000007ab180000)
  to   space 299008K, 0% used [0x00000007adc00000,0x00000007adc00000,0x00000007c0000000)
 ParOldGen       total 893440K, used 655764K [0x00000006c0000000, 0x00000006f6880000, 0x000000076ab00000)
  object space 893440K, 73% used [0x00000006c0000000,0x00000006e8065128,0x00000006f6880000)
 Metaspace       used 6750K, capacity 7384K, committed 7680K, reserved 1056768K
  class space    used 613K, capacity 656K, committed 768K, reserved 1048576K
}
Event: 16.784 GC heap before
{Heap before GC invocations=22 (full 4):
 PSYoungGen      total 1055232K, used 1055209K [0x000000076ab00000, 0x00000007c0000000, 0x00000007c0000000)
  eden space 821760K, 100% used [0x000000076ab00000,0x000000079cd80000,0x000000079cd80000)
  from space 233472K, 99% used [0x000000079cd80000,0x00000007ab17a798,0x00000007ab180000)
  to   space 299008K, 0% used [0x00000007adc00000,0x00000007adc00000,0x00000007c0000000)
 ParOldGen       total 893440K, used 655764K [0x00000006c0000000, 0x00000006f6880000, 0x000000076ab00000)
  object space 893440K, 73% used [0x00000006c0000000,0x00000006e8065128,0x00000006f6880000)
 Metaspace       used 7008K, capacity 7640K, committed 7936K, reserved 1056768K
  class space    used 625K, capacity 656K, committed 768K, reserved 1048576K
Event: 17.121 GC heap after
Heap after GC invocations=22 (full 4):
 PSYoungGen      total 1082368K, used 183757K [0x000000076ab00000, 0x00000007c0000000, 0x00000007c0000000)
  eden space 783360K, 0% used [0x000000076ab00000,0x000000076ab00000,0x000000079a800000)
  from space 299008K, 61% used [0x00000007adc00000,0x00000007b8f73430,0x00000007c0000000)
  to   space 307200K, 0% used [0x000000079a800000,0x000000079a800000,0x00000007ad400000)
 ParOldGen       total 893440K, used 833416K [0x00000006c0000000, 0x00000006f6880000, 0x000000076ab00000)
  object space 893440K, 93% used [0x00000006c0000000,0x00000006f2de22f0,0x00000006f6880000)
 Metaspace       used 7008K, capacity 7640K, committed 7936K, reserved 1056768K
  class space    used 625K, capacity 656K, committed 768K, reserved 1048576K
}
Event: 17.121 GC heap before
{Heap before GC invocations=23 (full 5):
 PSYoungGen      total 1082368K, used 183757K [0x000000076ab00000, 0x00000007c0000000, 0x00000007c0000000)
  eden space 783360K, 0% used [0x000000076ab00000,0x000000076ab00000,0x000000079a800000)
  from space 299008K, 61% used [0x00000007adc00000,0x00000007b8f73430,0x00000007c0000000)
  to   space 307200K, 0% used [0x000000079a800000,0x000000079a800000,0x00000007ad400000)
 ParOldGen       total 893440K, used 833416K [0x00000006c0000000, 0x00000006f6880000, 0x000000076ab00000)
  object space 893440K, 93% used [0x00000006c0000000,0x00000006f2de22f0,0x00000006f6880000)
 Metaspace       used 7008K, capacity 7640K, committed 7936K, reserved 1056768K
  class space    used 625K, capacity 656K, committed 768K, reserved 1048576K
Event: 21.553 GC heap after
Heap after GC invocations=23 (full 5):
 PSYoungGen      total 1082368K, used 11810K [0x000000076ab00000, 0x00000007c0000000, 0x00000007c0000000)
  eden space 783360K, 0% used [0x000000076ab00000,0x000000076ab00000,0x000000079a800000)
  from space 299008K, 3% used [0x00000007adc00000,0x00000007ae7889c8,0x00000007c0000000)
  to   space 307200K, 0% used [0x000000079a800000,0x000000079a800000,0x00000007ad400000)
 ParOldGen       total 1302016K, used 893141K [0x00000006c0000000, 0x000000070f780000, 0x000000076ab00000)
  object space 1302016K, 68% used [0x00000006c0000000,0x00000006f6835678,0x000000070f780000)
 Metaspace       used 7008K, capacity 7640K, committed 7936K, reserved 1056768K
  class space    used 625K, capacity 656K, committed 768K, reserved 1048576K
}
Event: 22.629 GC heap before
{Heap before GC invocations=24 (full 5):
 PSYoungGen      total 1082368K, used 795170K [0x000000076ab00000, 0x00000007c0000000, 0x00000007c0000000)
  eden space 783360K, 100% used [0x000000076ab00000,0x000000079a800000,0x000000079a800000)
  from space 299008K, 3% used [0x00000007adc00000,0x00000007ae7889c8,0x00000007c0000000)
  to   space 307200K, 0% used [0x000000079a800000,0x000000079a800000,0x00000007ad400000)
 ParOldGen       total 1302016K, used 893141K [0x00000006c0000000, 0x000000070f780000, 0x000000076ab00000)
  object space 1302016K, 68% used [0x00000006c0000000,0x00000006f6835678,0x000000070f780000)
 Metaspace       used 7014K, capacity 7640K, committed 7936K, reserved 1056768K
  class space    used 626K, capacity 656K, committed 768K, reserved 1048576K
Event: 22.826 GC heap after
Heap after GC invocations=24 (full 5):
 PSYoungGen      total 924160K, used 140735K [0x000000076ab00000, 0x00000007bf300000, 0x00000007c0000000)
  eden space 783360K, 0% used [0x000000076ab00000,0x000000076ab00000,0x000000079a800000)
  from space 140800K, 99% used [0x000000079a800000,0x00000007a316fc70,0x00000007a3180000)
  to   space 296448K, 0% used [0x00000007ad180000,0x00000007ad180000,0x00000007bf300000)
 ParOldGen       total 1302016K, used 893141K [0x00000006c0000000, 0x000000070f780000, 0x000000076ab00000)
  object space 1302016K, 68% used [0x00000006c0000000,0x00000006f6835678,0x000000070f780000)
 Metaspace       used 7014K, capacity 7640K, committed 7936K, reserved 1056768K
  class space    used 626K, capacity 656K, committed 768K, reserved 1048576K
}
Event: 24.065 GC heap before
{Heap before GC invocations=25 (full 5):
 PSYoungGen      total 924160K, used 924095K [0x000000076ab00000, 0x00000007bf300000, 0x00000007c0000000)
  eden space 783360K, 100% used [0x000000076ab00000,0x000000079a800000,0x000000079a800000)
  from space 140800K, 99% used [0x000000079a800000,0x00000007a316fc70,0x00000007a3180000)
  to   space 296448K, 0% used [0x00000007ad180000,0x00000007ad180000,0x00000007bf300000)
 ParOldGen       total 1302016K, used 893141K [0x00000006c0000000, 0x000000070f780000, 0x000000076ab00000)
  object space 1302016K, 68% used [0x00000006c0000000,0x00000006f6835678,0x000000070f780000)
 Metaspace       used 7420K, capacity 7864K, committed 8192K, reserved 1056768K
  class space    used 656K, capacity 688K, committed 768K, reserved 1048576K
Event: 24.271 GC heap after
Heap after GC invocations=25 (full 5):
 PSYoungGen      total 1035776K, used 256318K [0x000000076ab00000, 0x00000007c0000000, 0x00000007c0000000)
  eden space 739328K, 0% used [0x000000076ab00000,0x000000076ab00000,0x0000000797d00000)
  from space 296448K, 86% used [0x00000007ad180000,0x00000007bcbcfa18,0x00000007bf300000)
  to   space 329216K, 0% used [0x0000000797d00000,0x0000000797d00000,0x00000007abe80000)
 ParOldGen       total 1302016K, used 893149K [0x00000006c0000000, 0x000000070f780000, 0x000000076ab00000)
  object space 1302016K, 68% used [0x00000006c0000000,0x00000006f6837678,0x000000070f780000)
 Metaspace       used 7420K, capacity 7864K, committed 8192K, reserved 1056768K
  class space    used 656K, capacity 688K, committed 768K, reserved 1048576K
}

