# JRE version: OpenJDK Runtime Environment (8.0_152-b01) (build 1.8.0_152-release-915-b01)
# Java VM: OpenJDK 64-Bit Server VM (25.152-b01 mixed mode windows-amd64 compressed oops)
Heap:
 PSYoungGen      total 1077760K, used 677242K [0x000000076ab00000, 0x00000007c0000000, 0x00000007c0000000)
  eden space 741376K, 77% used [0x000000076ab00000,0x000000078db766a8,0x0000000797f00000)
  from space 336384K, 30% used [0x00000007ab780000,0x00000007b1c68508,0x00000007c0000000)
  to   space 320000K, 0% used [0x0000000797f00000,0x0000000797f00000,0x00000007ab780000)
 ParOldGen       total 972288K, used 686875K [0x00000006c0000000, 0x00000006fb580000, 0x000000076ab00000)
  object space 972288K, 70% used [0x00000006c0000000,0x00000006e9ec6e10,0x00000006fb580000)
 Metaspace       used 7440K, capacity 7864K, committed 8192K, reserved 1056768K
  class space    used 659K, capacity 688K, committed 768K, reserved 1048576K
GC Heap History (10 events):
Event: 17.870 GC heap before
{Heap before GC invocations=21 (full 4):
 PSYoungGen      total 966656K, used 904820K [0x000000076ab00000, 0x00000007b2d80000, 0x00000007c0000000)
  eden space 779776K, 100% used [0x000000076ab00000,0x000000079a480000,0x000000079a480000)
  from space 186880K, 66% used [0x00000007a7700000,0x00000007af11d0e0,0x00000007b2d80000)
  to   space 201216K, 0% used [0x000000079a480000,0x000000079a480000,0x00000007a6900000)
 ParOldGen       total 972288K, used 628238K [0x00000006c0000000, 0x00000006fb580000, 0x000000076ab00000)
  object space 972288K, 64% used [0x00000006c0000000,0x00000006e65839e0,0x00000006fb580000)
 Metaspace       used 6727K, capacity 7384K, committed 7680K, reserved 1056768K
  class space    used 613K, capacity 656K, committed 768K, reserved 1048576K
Event: 18.069 GC heap after
Heap after GC invocations=21 (full 4):
 PSYoungGen      total 980992K, used 201193K [0x000000076ab00000, 0x00000007bd480000, 0x00000007c0000000)
  eden space 779776K, 0% used [0x000000076ab00000,0x000000076ab00000,0x000000079a480000)
  from space 201216K, 99% used [0x000000079a480000,0x00000007a68fa6d0,0x00000007a6900000)
  to   space 245760K, 0% used [0x00000007ae480000,0x00000007ae480000,0x00000007bd480000)
 ParOldGen       total 972288K, used 661080K [0x00000006c0000000, 0x00000006fb580000, 0x000000076ab00000)
  object space 972288K, 67% used [0x00000006c0000000,0x00000006e85960c8,0x00000006fb580000)
 Metaspace       used 6727K, capacity 7384K, committed 7680K, reserved 1056768K
  class space    used 613K, capacity 656K, committed 768K, reserved 1048576K
}
Event: 19.384 GC heap before
{Heap before GC invocations=22 (full 4):
 PSYoungGen      total 980992K, used 980969K [0x000000076ab00000, 0x00000007bd480000, 0x00000007c0000000)
  eden space 779776K, 100% used [0x000000076ab00000,0x000000079a480000,0x000000079a480000)
  from space 201216K, 99% used [0x000000079a480000,0x00000007a68fa6d0,0x00000007a6900000)
  to   space 245760K, 0% used [0x00000007ae480000,0x00000007ae480000,0x00000007bd480000)
 ParOldGen       total 972288K, used 661080K [0x00000006c0000000, 0x00000006fb580000, 0x000000076ab00000)
  object space 972288K, 67% used [0x00000006c0000000,0x00000006e85960c8,0x00000006fb580000)
 Metaspace       used 7002K, capacity 7640K, committed 7936K, reserved 1056768K
  class space    used 626K, capacity 656K, committed 768K, reserved 1048576K
Event: 19.712 GC heap after
Heap after GC invocations=22 (full 4):
 PSYoungGen      total 1025536K, used 214029K [0x000000076ab00000, 0x00000007bd480000, 0x00000007c0000000)
  eden space 779776K, 0% used [0x000000076ab00000,0x000000076ab00000,0x000000079a480000)
  from space 245760K, 87% used [0x00000007ae480000,0x00000007bb583640,0x00000007bd480000)
  to   space 201216K, 0% used [0x000000079a480000,0x000000079a480000,0x00000007a6900000)
 ParOldGen       total 972288K, used 774999K [0x00000006c0000000, 0x00000006fb580000, 0x000000076ab00000)
  object space 972288K, 79% used [0x00000006c0000000,0x00000006ef4d5cb8,0x00000006fb580000)
 Metaspace       used 7002K, capacity 7640K, committed 7936K, reserved 1056768K
  class space    used 626K, capacity 656K, committed 768K, reserved 1048576K
}
Event: 20.879 GC heap before
{Heap before GC invocations=23 (full 4):
 PSYoungGen      total 1025536K, used 993805K [0x000000076ab00000, 0x00000007bd480000, 0x00000007c0000000)
  eden space 779776K, 100% used [0x000000076ab00000,0x000000079a480000,0x000000079a480000)
  from space 245760K, 87% used [0x00000007ae480000,0x00000007bb583640,0x00000007bd480000)
  to   space 201216K, 0% used [0x000000079a480000,0x000000079a480000,0x00000007a6900000)
 ParOldGen       total 972288K, used 774999K [0x00000006c0000000, 0x00000006fb580000, 0x000000076ab00000)
  object space 972288K, 79% used [0x00000006c0000000,0x00000006ef4d5cb8,0x00000006fb580000)
 Metaspace       used 7010K, capacity 7640K, committed 7936K, reserved 1056768K
  class space    used 626K, capacity 656K, committed 768K, reserved 1048576K
Event: 21.150 GC heap after
Heap after GC invocations=23 (full 4):
 PSYoungGen      total 980992K, used 201211K [0x000000076ab00000, 0x00000007c0000000, 0x00000007c0000000)
  eden space 779776K, 0% used [0x000000076ab00000,0x000000076ab00000,0x000000079a480000)
  from space 201216K, 99% used [0x000000079a480000,0x00000007a68feda0,0x00000007a6900000)
  to   space 336384K, 0% used [0x00000007ab780000,0x00000007ab780000,0x00000007c0000000)
 ParOldGen       total 972288K, used 892654K [0x00000006c0000000, 0x00000006fb580000, 0x000000076ab00000)
  object space 972288K, 91% used [0x00000006c0000000,0x00000006f67bb800,0x00000006fb580000)
 Metaspace       used 7010K, capacity 7640K, committed 7936K, reserved 1056768K
  class space    used 626K, capacity 656K, committed 768K, reserved 1048576K
}
Event: 21.150 GC heap before
{Heap before GC invocations=24 (full 5):
 PSYoungGen      total 980992K, used 201211K [0x000000076ab00000, 0x00000007c0000000, 0x00000007c0000000)
  eden space 779776K, 0% used [0x000000076ab00000,0x000000076ab00000,0x000000079a480000)
  from space 201216K, 99% used [0x000000079a480000,0x00000007a68feda0,0x00000007a6900000)
  to   space 336384K, 0% used [0x00000007ab780000,0x00000007ab780000,0x00000007c0000000)
 ParOldGen       total 972288K, used 892654K [0x00000006c0000000, 0x00000006fb580000, 0x000000076ab00000)
  object space 972288K, 91% used [0x00000006c0000000,0x00000006f67bb800,0x00000006fb580000)
 Metaspace       used 7010K, capacity 7640K, committed 7936K, reserved 1056768K
  class space    used 626K, capacity 656K, committed 768K, reserved 1048576K
Event: 24.448 GC heap after
Heap after GC invocations=24 (full 5):
 PSYoungGen      total 980992K, used 0K [0x000000076ab00000, 0x00000007c0000000, 0x00000007c0000000)
  eden space 779776K, 0% used [0x000000076ab00000,0x000000076ab00000,0x000000079a480000)
  from space 201216K, 0% used [0x000000079a480000,0x000000079a480000,0x00000007a6900000)
  to   space 336384K, 0% used [0x00000007ab780000,0x00000007ab780000,0x00000007c0000000)
 ParOldGen       total 972288K, used 686875K [0x00000006c0000000, 0x00000006fb580000, 0x000000076ab00000)
  object space 972288K, 70% used [0x00000006c0000000,0x00000006e9ec6e10,0x00000006fb580000)
 Metaspace       used 7010K, capacity 7640K, committed 7936K, reserved 1056768K
  class space    used 626K, capacity 656K, committed 768K, reserved 1048576K
}
Event: 25.610 GC heap before
{Heap before GC invocations=25 (full 5):
 PSYoungGen      total 980992K, used 779776K [0x000000076ab00000, 0x00000007c0000000, 0x00000007c0000000)
  eden space 779776K, 100% used [0x000000076ab00000,0x000000079a480000,0x000000079a480000)
  from space 201216K, 0% used [0x000000079a480000,0x000000079a480000,0x00000007a6900000)
  to   space 336384K, 0% used [0x00000007ab780000,0x00000007ab780000,0x00000007c0000000)
 ParOldGen       total 972288K, used 686875K [0x00000006c0000000, 0x00000006fb580000, 0x000000076ab00000)
  object space 972288K, 70% used [0x00000006c0000000,0x00000006e9ec6e10,0x00000006fb580000)
 Metaspace       used 7416K, capacity 7864K, committed 8192K, reserved 1056768K
  class space    used 657K, capacity 688K, committed 768K, reserved 1048576K
Event: 25.700 GC heap after
Heap after GC invocations=25 (full 5):
 PSYoungGen      total 1077760K, used 103329K [0x000000076ab00000, 0x00000007c0000000, 0x00000007c0000000)
  eden space 741376K, 0% used [0x000000076ab00000,0x000000076ab00000,0x0000000797f00000)
  from space 336384K, 30% used [0x00000007ab780000,0x00000007b1c68508,0x00000007c0000000)
  to   space 320000K, 0% used [0x0000000797f00000,0x0000000797f00000,0x00000007ab780000)
 ParOldGen       total 972288K, used 686875K [0x00000006c0000000, 0x00000006fb580000, 0x000000076ab00000)
  object space 972288K, 70% used [0x00000006c0000000,0x00000006e9ec6e10,0x00000006fb580000)
 Metaspace       used 7416K, capacity 7864K, committed 8192K, reserved 1056768K
  class space    used 657K, capacity 688K, committed 768K, reserved 1048576K
}

