# JRE version: Java(TM) SE Runtime Environment (8.0_151-b12) (build 1.8.0_151-b12)
# Java VM: Java HotSpot(TM) 64-Bit Server VM (25.151-b12 mixed mode windows-amd64 compressed oops)
Heap:
 PSYoungGen      total 1016320K, used 301450K [0x000000076ab00000, 0x00000007bfc80000, 0x00000007c0000000)
  eden space 785920K, 9% used [0x000000076ab00000,0x000000076f065f00,0x000000079aa80000)
  from space 230400K, 99% used [0x000000079aa80000,0x00000007a8b7cae0,0x00000007a8b80000)
  to   space 273920K, 0% used [0x00000007af100000,0x00000007af100000,0x00000007bfc80000)
 ParOldGen       total 787968K, used 523176K [0x00000006c0000000, 0x00000006f0180000, 0x000000076ab00000)
  object space 787968K, 66% used [0x00000006c0000000,0x00000006dfeea060,0x00000006f0180000)
 Metaspace       used 7662K, capacity 7960K, committed 8192K, reserved 1056768K
  class space    used 698K, capacity 720K, committed 768K, reserved 1048576K
GC Heap History (10 events):
Event: 22.866 GC heap before
{Heap before GC invocations=24 (full 7):
 PSYoungGen      total 934400K, used 791243K [0x000000076ab00000, 0x00000007b9900000, 0x00000007c0000000)
  eden space 737280K, 100% used [0x000000076ab00000,0x0000000797b00000,0x0000000797b00000)
  from space 197120K, 27% used [0x0000000797b00000,0x000000079afb2f38,0x00000007a3b80000)
  to   space 232448K, 0% used [0x00000007ab600000,0x00000007ab600000,0x00000007b9900000)
 ParOldGen       total 787968K, used 787865K [0x00000006c0000000, 0x00000006f0180000, 0x000000076ab00000)
  object space 787968K, 99% used [0x00000006c0000000,0x00000006f0166720,0x00000006f0180000)
 Metaspace       used 7223K, capacity 7736K, committed 7936K, reserved 1056768K
  class space    used 664K, capacity 688K, committed 768K, reserved 1048576K
Event: 24.476 GC heap after
Heap after GC invocations=24 (full 7):
 PSYoungGen      total 934400K, used 0K [0x000000076ab00000, 0x00000007b9900000, 0x00000007c0000000)
  eden space 737280K, 0% used [0x000000076ab00000,0x000000076ab00000,0x0000000797b00000)
  from space 197120K, 0% used [0x0000000797b00000,0x0000000797b00000,0x00000007a3b80000)
  to   space 232448K, 0% used [0x00000007ab600000,0x00000007ab600000,0x00000007b9900000)
 ParOldGen       total 787968K, used 764194K [0x00000006c0000000, 0x00000006f0180000, 0x000000076ab00000)
  object space 787968K, 96% used [0x00000006c0000000,0x00000006eea48b18,0x00000006f0180000)
 Metaspace       used 7223K, capacity 7736K, committed 7936K, reserved 1056768K
  class space    used 664K, capacity 688K, committed 768K, reserved 1048576K
}
Event: 25.292 GC heap before
{Heap before GC invocations=25 (full 8):
 PSYoungGen      total 934400K, used 737280K [0x000000076ab00000, 0x00000007b9900000, 0x00000007c0000000)
  eden space 737280K, 100% used [0x000000076ab00000,0x0000000797b00000,0x0000000797b00000)
  from space 197120K, 0% used [0x0000000797b00000,0x0000000797b00000,0x00000007a3b80000)
  to   space 232448K, 0% used [0x00000007ab600000,0x00000007ab600000,0x00000007b9900000)
 ParOldGen       total 787968K, used 764194K [0x00000006c0000000, 0x00000006f0180000, 0x000000076ab00000)
  object space 787968K, 96% used [0x00000006c0000000,0x00000006eea48b18,0x00000006f0180000)
 Metaspace       used 7345K, capacity 7864K, committed 8192K, reserved 1056768K
  class space    used 667K, capacity 688K, committed 768K, reserved 1048576K
Event: 26.694 GC heap after
Heap after GC invocations=25 (full 8):
 PSYoungGen      total 934400K, used 6275K [0x000000076ab00000, 0x00000007b9900000, 0x00000007c0000000)
  eden space 737280K, 0% used [0x000000076ab00000,0x000000076b120c88,0x0000000797b00000)
  from space 197120K, 0% used [0x0000000797b00000,0x0000000797b00000,0x00000007a3b80000)
  to   space 232448K, 0% used [0x00000007ab600000,0x00000007ab600000,0x00000007b9900000)
 ParOldGen       total 787968K, used 787882K [0x00000006c0000000, 0x00000006f0180000, 0x000000076ab00000)
  object space 787968K, 99% used [0x00000006c0000000,0x00000006f016a900,0x00000006f0180000)
 Metaspace       used 7345K, capacity 7864K, committed 8192K, reserved 1056768K
  class space    used 667K, capacity 688K, committed 768K, reserved 1048576K
}
Event: 27.379 GC heap before
{Heap before GC invocations=26 (full 9):
 PSYoungGen      total 934400K, used 737280K [0x000000076ab00000, 0x00000007b9900000, 0x00000007c0000000)
  eden space 737280K, 100% used [0x000000076ab00000,0x0000000797b00000,0x0000000797b00000)
  from space 197120K, 0% used [0x0000000797b00000,0x0000000797b00000,0x00000007a3b80000)
  to   space 232448K, 0% used [0x00000007ab600000,0x00000007ab600000,0x00000007b9900000)
 ParOldGen       total 787968K, used 787882K [0x00000006c0000000, 0x00000006f0180000, 0x000000076ab00000)
  object space 787968K, 99% used [0x00000006c0000000,0x00000006f016a900,0x00000006f0180000)
 Metaspace       used 7635K, capacity 7960K, committed 8192K, reserved 1056768K
  class space    used 696K, capacity 720K, committed 768K, reserved 1048576K
Event: 28.660 GC heap after
Heap after GC invocations=26 (full 9):
 PSYoungGen      total 934400K, used 0K [0x000000076ab00000, 0x00000007b9900000, 0x00000007c0000000)
  eden space 737280K, 0% used [0x000000076ab00000,0x000000076ab00000,0x0000000797b00000)
  from space 197120K, 0% used [0x0000000797b00000,0x0000000797b00000,0x00000007a3b80000)
  to   space 232448K, 0% used [0x00000007ab600000,0x00000007ab600000,0x00000007b9900000)
 ParOldGen       total 787968K, used 504506K [0x00000006c0000000, 0x00000006f0180000, 0x000000076ab00000)
  object space 787968K, 64% used [0x00000006c0000000,0x00000006decaea30,0x00000006f0180000)
 Metaspace       used 7635K, capacity 7960K, committed 8192K, reserved 1056768K
  class space    used 696K, capacity 720K, committed 768K, reserved 1048576K
}
Event: 29.218 GC heap before
{Heap before GC invocations=27 (full 9):
 PSYoungGen      total 934400K, used 737280K [0x000000076ab00000, 0x00000007b9900000, 0x00000007c0000000)
  eden space 737280K, 100% used [0x000000076ab00000,0x0000000797b00000,0x0000000797b00000)
  from space 197120K, 0% used [0x0000000797b00000,0x0000000797b00000,0x00000007a3b80000)
  to   space 232448K, 0% used [0x00000007ab600000,0x00000007ab600000,0x00000007b9900000)
 ParOldGen       total 787968K, used 504506K [0x00000006c0000000, 0x00000006f0180000, 0x000000076ab00000)
  object space 787968K, 64% used [0x00000006c0000000,0x00000006decaea30,0x00000006f0180000)
 Metaspace       used 7635K, capacity 7960K, committed 8192K, reserved 1056768K
  class space    used 696K, capacity 720K, committed 768K, reserved 1048576K
Event: 29.296 GC heap after
Heap after GC invocations=27 (full 9):
 PSYoungGen      total 972800K, used 125546K [0x000000076ab00000, 0x00000007b6c80000, 0x00000007c0000000)
  eden space 785920K, 0% used [0x000000076ab00000,0x000000076ab00000,0x000000079aa80000)
  from space 186880K, 67% used [0x00000007ab600000,0x00000007b309a9a0,0x00000007b6c80000)
  to   space 230400K, 0% used [0x000000079aa80000,0x000000079aa80000,0x00000007a8b80000)
 ParOldGen       total 787968K, used 504506K [0x00000006c0000000, 0x00000006f0180000, 0x000000076ab00000)
  object space 787968K, 64% used [0x00000006c0000000,0x00000006decaea30,0x00000006f0180000)
 Metaspace       used 7635K, capacity 7960K, committed 8192K, reserved 1056768K
  class space    used 696K, capacity 720K, committed 768K, reserved 1048576K
}
Event: 29.937 GC heap before
{Heap before GC invocations=28 (full 9):
 PSYoungGen      total 972800K, used 911466K [0x000000076ab00000, 0x00000007b6c80000, 0x00000007c0000000)
  eden space 785920K, 100% used [0x000000076ab00000,0x000000079aa80000,0x000000079aa80000)
  from space 186880K, 67% used [0x00000007ab600000,0x00000007b309a9a0,0x00000007b6c80000)
  to   space 230400K, 0% used [0x000000079aa80000,0x000000079aa80000,0x00000007a8b80000)
 ParOldGen       total 787968K, used 504506K [0x00000006c0000000, 0x00000006f0180000, 0x000000076ab00000)
  object space 787968K, 64% used [0x00000006c0000000,0x00000006decaea30,0x00000006f0180000)
 Metaspace       used 7662K, capacity 7960K, committed 8192K, reserved 1056768K
  class space    used 698K, capacity 720K, committed 768K, reserved 1048576K
Event: 30.100 GC heap after
Heap after GC invocations=28 (full 9):
 PSYoungGen      total 1016320K, used 230386K [0x000000076ab00000, 0x00000007bfc80000, 0x00000007c0000000)
  eden space 785920K, 0% used [0x000000076ab00000,0x000000076ab00000,0x000000079aa80000)
  from space 230400K, 99% used [0x000000079aa80000,0x00000007a8b7cae0,0x00000007a8b80000)
  to   space 273920K, 0% used [0x00000007af100000,0x00000007af100000,0x00000007bfc80000)
 ParOldGen       total 787968K, used 523176K [0x00000006c0000000, 0x00000006f0180000, 0x000000076ab00000)
  object space 787968K, 66% used [0x00000006c0000000,0x00000006dfeea060,0x00000006f0180000)
 Metaspace       used 7662K, capacity 7960K, committed 8192K, reserved 1056768K
  class space    used 698K, capacity 720K, committed 768K, reserved 1048576K
}

