# JRE version: OpenJDK Runtime Environment (8.0_152-b01) (build 1.8.0_152-release-915-b01)
# Java VM: OpenJDK 64-Bit Server VM (25.152-b01 mixed mode windows-amd64 compressed oops)
Heap:
 PSYoungGen      total 915968K, used 296167K [0x000000076ab00000, 0x00000007b4200000, 0x00000007c0000000)
  eden space 692736K, 32% used [0x000000076ab00000,0x000000077884f5b0,0x0000000794f80000)
  from space 223232K, 31% used [0x00000007a3b00000,0x00000007a7eeaa18,0x00000007b1500000)
  to   space 241152K, 0% used [0x0000000794f80000,0x0000000794f80000,0x00000007a3b00000)
 ParOldGen       total 570368K, used 569904K [0x00000006c0000000, 0x00000006e2d00000, 0x000000076ab00000)
  object space 570368K, 99% used [0x00000006c0000000,0x00000006e2c8c038,0x00000006e2d00000)
 Metaspace       used 6619K, capacity 7286K, committed 7552K, reserved 1056768K
  class space    used 607K, capacity 622K, committed 640K, reserved 1048576K
GC Heap History (10 events):
Event: 9.713 GC heap before
{Heap before GC invocations=16 (full 2):
 PSYoungGen      total 642048K, used 642037K [0x000000076ab00000, 0x00000007a5000000, 0x00000007c0000000)
  eden space 503808K, 100% used [0x000000076ab00000,0x0000000789700000,0x0000000789700000)
  from space 138240K, 99% used [0x0000000789700000,0x0000000791dfd648,0x0000000791e00000)
  to   space 175104K, 0% used [0x000000079a500000,0x000000079a500000,0x00000007a5000000)
 ParOldGen       total 350720K, used 265075K [0x00000006c0000000, 0x00000006d5680000, 0x000000076ab00000)
  object space 350720K, 75% used [0x00000006c0000000,0x00000006d02dcf08,0x00000006d5680000)
 Metaspace       used 6610K, capacity 7286K, committed 7552K, reserved 1056768K
  class space    used 605K, capacity 622K, committed 640K, reserved 1048576K
Event: 9.912 GC heap after
Heap after GC invocations=16 (full 2):
 PSYoungGen      total 769024K, used 122925K [0x000000076ab00000, 0x00000007a6e80000, 0x00000007c0000000)
  eden space 593920K, 0% used [0x000000076ab00000,0x000000076ab00000,0x000000078ef00000)
  from space 175104K, 70% used [0x000000079a500000,0x00000007a1d0b698,0x00000007a5000000)
  to   space 186368K, 0% used [0x000000078ef00000,0x000000078ef00000,0x000000079a500000)
 ParOldGen       total 358912K, used 358645K [0x00000006c0000000, 0x00000006d5e80000, 0x000000076ab00000)
  object space 358912K, 99% used [0x00000006c0000000,0x00000006d5e3d6e0,0x00000006d5e80000)
 Metaspace       used 6610K, capacity 7286K, committed 7552K, reserved 1056768K
  class space    used 605K, capacity 622K, committed 640K, reserved 1048576K
}
Event: 9.912 GC heap before
{Heap before GC invocations=17 (full 3):
 PSYoungGen      total 769024K, used 122925K [0x000000076ab00000, 0x00000007a6e80000, 0x00000007c0000000)
  eden space 593920K, 0% used [0x000000076ab00000,0x000000076ab00000,0x000000078ef00000)
  from space 175104K, 70% used [0x000000079a500000,0x00000007a1d0b698,0x00000007a5000000)
  to   space 186368K, 0% used [0x000000078ef00000,0x000000078ef00000,0x000000079a500000)
 ParOldGen       total 358912K, used 358645K [0x00000006c0000000, 0x00000006d5e80000, 0x000000076ab00000)
  object space 358912K, 99% used [0x00000006c0000000,0x00000006d5e3d6e0,0x00000006d5e80000)
 Metaspace       used 6610K, capacity 7286K, committed 7552K, reserved 1056768K
  class space    used 605K, capacity 622K, committed 640K, reserved 1048576K
Event: 11.307 GC heap after
Heap after GC invocations=17 (full 3):
 PSYoungGen      total 769024K, used 113518K [0x000000076ab00000, 0x00000007a6e80000, 0x00000007c0000000)
  eden space 593920K, 0% used [0x000000076ab00000,0x000000076ab00000,0x000000078ef00000)
  from space 175104K, 64% used [0x000000079a500000,0x00000007a13db820,0x00000007a5000000)
  to   space 186368K, 0% used [0x000000078ef00000,0x000000078ef00000,0x000000079a500000)
 ParOldGen       total 570368K, used 358700K [0x00000006c0000000, 0x00000006e2d00000, 0x000000076ab00000)
  object space 570368K, 62% used [0x00000006c0000000,0x00000006d5e4b088,0x00000006e2d00000)
 Metaspace       used 6610K, capacity 7286K, committed 7552K, reserved 1056768K
  class space    used 605K, capacity 622K, committed 640K, reserved 1048576K
}
Event: 12.370 GC heap before
{Heap before GC invocations=18 (full 3):
 PSYoungGen      total 769024K, used 707438K [0x000000076ab00000, 0x00000007a6e80000, 0x00000007c0000000)
  eden space 593920K, 100% used [0x000000076ab00000,0x000000078ef00000,0x000000078ef00000)
  from space 175104K, 64% used [0x000000079a500000,0x00000007a13db820,0x00000007a5000000)
  to   space 186368K, 0% used [0x000000078ef00000,0x000000078ef00000,0x000000079a500000)
 ParOldGen       total 570368K, used 358700K [0x00000006c0000000, 0x00000006e2d00000, 0x000000076ab00000)
  object space 570368K, 62% used [0x00000006c0000000,0x00000006d5e4b088,0x00000006e2d00000)
 Metaspace       used 6613K, capacity 7286K, committed 7552K, reserved 1056768K
  class space    used 606K, capacity 622K, committed 640K, reserved 1048576K
Event: 12.536 GC heap after
Heap after GC invocations=18 (full 3):
 PSYoungGen      total 780288K, used 186353K [0x000000076ab00000, 0x00000007b1500000, 0x00000007c0000000)
  eden space 593920K, 0% used [0x000000076ab00000,0x000000076ab00000,0x000000078ef00000)
  from space 186368K, 99% used [0x000000078ef00000,0x000000079a4fc478,0x000000079a500000)
  to   space 223232K, 0% used [0x00000007a3b00000,0x00000007a3b00000,0x00000007b1500000)
 ParOldGen       total 570368K, used 372678K [0x00000006c0000000, 0x00000006e2d00000, 0x000000076ab00000)
  object space 570368K, 65% used [0x00000006c0000000,0x00000006d6bf1a98,0x00000006e2d00000)
 Metaspace       used 6613K, capacity 7286K, committed 7552K, reserved 1056768K
  class space    used 606K, capacity 622K, committed 640K, reserved 1048576K
}
Event: 13.533 GC heap before
{Heap before GC invocations=19 (full 3):
 PSYoungGen      total 780288K, used 780273K [0x000000076ab00000, 0x00000007b1500000, 0x00000007c0000000)
  eden space 593920K, 100% used [0x000000076ab00000,0x000000078ef00000,0x000000078ef00000)
  from space 186368K, 99% used [0x000000078ef00000,0x000000079a4fc478,0x000000079a500000)
  to   space 223232K, 0% used [0x00000007a3b00000,0x00000007a3b00000,0x00000007b1500000)
 ParOldGen       total 570368K, used 372678K [0x00000006c0000000, 0x00000006e2d00000, 0x000000076ab00000)
  object space 570368K, 65% used [0x00000006c0000000,0x00000006d6bf1a98,0x00000006e2d00000)
 Metaspace       used 6619K, capacity 7286K, committed 7552K, reserved 1056768K
  class space    used 607K, capacity 622K, committed 640K, reserved 1048576K
Event: 13.730 GC heap after
Heap after GC invocations=19 (full 3):
 PSYoungGen      total 915968K, used 167842K [0x000000076ab00000, 0x00000007b4200000, 0x00000007c0000000)
  eden space 692736K, 0% used [0x000000076ab00000,0x000000076ab00000,0x0000000794f80000)
  from space 223232K, 75% used [0x00000007a3b00000,0x00000007adee8b60,0x00000007b1500000)
  to   space 241152K, 0% used [0x0000000794f80000,0x0000000794f80000,0x00000007a3b00000)
 ParOldGen       total 570368K, used 479303K [0x00000006c0000000, 0x00000006e2d00000, 0x000000076ab00000)
  object space 570368K, 84% used [0x00000006c0000000,0x00000006dd411d30,0x00000006e2d00000)
 Metaspace       used 6619K, capacity 7286K, committed 7552K, reserved 1056768K
  class space    used 607K, capacity 622K, committed 640K, reserved 1048576K
}
Event: 13.730 GC heap before
{Heap before GC invocations=20 (full 4):
 PSYoungGen      total 915968K, used 167842K [0x000000076ab00000, 0x00000007b4200000, 0x00000007c0000000)
  eden space 692736K, 0% used [0x000000076ab00000,0x000000076ab00000,0x0000000794f80000)
  from space 223232K, 75% used [0x00000007a3b00000,0x00000007adee8b60,0x00000007b1500000)
  to   space 241152K, 0% used [0x0000000794f80000,0x0000000794f80000,0x00000007a3b00000)
 ParOldGen       total 570368K, used 479303K [0x00000006c0000000, 0x00000006e2d00000, 0x000000076ab00000)
  object space 570368K, 84% used [0x00000006c0000000,0x00000006dd411d30,0x00000006e2d00000)
 Metaspace       used 6619K, capacity 7286K, committed 7552K, reserved 1056768K
  class space    used 607K, capacity 622K, committed 640K, reserved 1048576K
Event: 15.192 GC heap after
Heap after GC invocations=20 (full 4):
 PSYoungGen      total 915968K, used 69546K [0x000000076ab00000, 0x00000007b4200000, 0x00000007c0000000)
  eden space 692736K, 0% used [0x000000076ab00000,0x000000076ab00000,0x0000000794f80000)
  from space 223232K, 31% used [0x00000007a3b00000,0x00000007a7eeaa18,0x00000007b1500000)
  to   space 241152K, 0% used [0x0000000794f80000,0x0000000794f80000,0x00000007a3b00000)
 ParOldGen       total 570368K, used 569904K [0x00000006c0000000, 0x00000006e2d00000, 0x000000076ab00000)
  object space 570368K, 99% used [0x00000006c0000000,0x00000006e2c8c038,0x00000006e2d00000)
 Metaspace       used 6619K, capacity 7286K, committed 7552K, reserved 1056768K
  class space    used 607K, capacity 622K, committed 640K, reserved 1048576K
}

