# JRE version: OpenJDK Runtime Environment (8.0_152-b01) (build 1.8.0_152-release-915-b01)
# Java VM: OpenJDK 64-Bit Server VM (25.152-b01 mixed mode windows-amd64 compressed oops)
Heap:
 PSYoungGen      total 973312K, used 318709K [0x000000076ab00000, 0x00000007c0000000, 0x00000007c0000000)
  eden space 548864K, 43% used [0x000000076ab00000,0x00000007792d0f58,0x000000078c300000)
  from space 424448K, 19% used [0x000000078c300000,0x000000079126c568,0x00000007a6180000)
  to   space 411648K, 0% used [0x00000007a6e00000,0x00000007a6e00000,0x00000007c0000000)
 ParOldGen       total 1166336K, used 807955K [0x00000006c0000000, 0x0000000707300000, 0x000000076ab00000)
  object space 1166336K, 69% used [0x00000006c0000000,0x00000006f1504d10,0x0000000707300000)
 Metaspace       used 7133K, capacity 7736K, committed 7936K, reserved 1056768K
  class space    used 629K, capacity 688K, committed 768K, reserved 1048576K
GC Heap History (10 events):
Event: 14.001 GC heap before
{Heap before GC invocations=22 (full 4):
 PSYoungGen      total 937984K, used 857492K [0x000000076ab00000, 0x00000007c0000000, 0x00000007c0000000)
  eden space 695296K, 100% used [0x000000076ab00000,0x0000000795200000,0x0000000795200000)
  from space 242688K, 66% used [0x0000000795200000,0x000000079f0650c8,0x00000007a3f00000)
  to   space 296448K, 0% used [0x00000007ade80000,0x00000007ade80000,0x00000007c0000000)
 ParOldGen       total 862720K, used 582343K [0x00000006c0000000, 0x00000006f4a80000, 0x000000076ab00000)
  object space 862720K, 67% used [0x00000006c0000000,0x00000006e38b1e88,0x00000006f4a80000)
 Metaspace       used 6737K, capacity 7384K, committed 7680K, reserved 1056768K
  class space    used 613K, capacity 656K, committed 768K, reserved 1048576K
Event: 14.290 GC heap after
Heap after GC invocations=22 (full 4):
 PSYoungGen      total 1073664K, used 157095K [0x000000076ab00000, 0x00000007bf180000, 0x00000007c0000000)
  eden space 792064K, 0% used [0x000000076ab00000,0x000000076ab00000,0x000000079b080000)
  from space 281600K, 55% used [0x00000007ade80000,0x00000007b77e9d88,0x00000007bf180000)
  to   space 295424K, 0% used [0x000000079b080000,0x000000079b080000,0x00000007ad100000)
 ParOldGen       total 862720K, used 688630K [0x00000006c0000000, 0x00000006f4a80000, 0x000000076ab00000)
  object space 862720K, 79% used [0x00000006c0000000,0x00000006ea07d858,0x00000006f4a80000)
 Metaspace       used 6737K, capacity 7384K, committed 7680K, reserved 1056768K
  class space    used 613K, capacity 656K, committed 768K, reserved 1048576K
}
Event: 15.480 GC heap before
{Heap before GC invocations=23 (full 4):
 PSYoungGen      total 1073664K, used 949159K [0x000000076ab00000, 0x00000007bf180000, 0x00000007c0000000)
  eden space 792064K, 100% used [0x000000076ab00000,0x000000079b080000,0x000000079b080000)
  from space 281600K, 55% used [0x00000007ade80000,0x00000007b77e9d88,0x00000007bf180000)
  to   space 295424K, 0% used [0x000000079b080000,0x000000079b080000,0x00000007ad100000)
 ParOldGen       total 862720K, used 688630K [0x00000006c0000000, 0x00000006f4a80000, 0x000000076ab00000)
  object space 862720K, 79% used [0x00000006c0000000,0x00000006ea07d858,0x00000006f4a80000)
 Metaspace       used 7012K, capacity 7640K, committed 7936K, reserved 1056768K
  class space    used 626K, capacity 656K, committed 768K, reserved 1048576K
Event: 15.654 GC heap after
Heap after GC invocations=23 (full 4):
 PSYoungGen      total 1081344K, used 288844K [0x000000076ab00000, 0x00000007c0000000, 0x00000007c0000000)
  eden space 792064K, 0% used [0x000000076ab00000,0x000000076ab00000,0x000000079b080000)
  from space 289280K, 99% used [0x000000079b080000,0x00000007aca93118,0x00000007acb00000)
  to   space 316416K, 0% used [0x00000007acb00000,0x00000007acb00000,0x00000007c0000000)
 ParOldGen       total 862720K, used 688630K [0x00000006c0000000, 0x00000006f4a80000, 0x000000076ab00000)
  object space 862720K, 79% used [0x00000006c0000000,0x00000006ea07d858,0x00000006f4a80000)
 Metaspace       used 7012K, capacity 7640K, committed 7936K, reserved 1056768K
  class space    used 626K, capacity 656K, committed 768K, reserved 1048576K
}
Event: 16.440 GC heap before
{Heap before GC invocations=24 (full 4):
 PSYoungGen      total 1081344K, used 1080908K [0x000000076ab00000, 0x00000007c0000000, 0x00000007c0000000)
  eden space 792064K, 100% used [0x000000076ab00000,0x000000079b080000,0x000000079b080000)
  from space 289280K, 99% used [0x000000079b080000,0x00000007aca93118,0x00000007acb00000)
  to   space 316416K, 0% used [0x00000007acb00000,0x00000007acb00000,0x00000007c0000000)
 ParOldGen       total 862720K, used 688630K [0x00000006c0000000, 0x00000006f4a80000, 0x000000076ab00000)
  object space 862720K, 79% used [0x00000006c0000000,0x00000006ea07d858,0x00000006f4a80000)
 Metaspace       used 7018K, capacity 7640K, committed 7936K, reserved 1056768K
  class space    used 626K, capacity 656K, committed 768K, reserved 1048576K
Event: 16.733 GC heap after
Heap after GC invocations=24 (full 4):
 PSYoungGen      total 865280K, used 316397K [0x000000076ab00000, 0x00000007c0000000, 0x00000007c0000000)
  eden space 548864K, 0% used [0x000000076ab00000,0x000000076ab00000,0x000000078c300000)
  from space 316416K, 99% used [0x00000007acb00000,0x00000007bfffb6d0,0x00000007c0000000)
  to   space 424448K, 0% used [0x000000078c300000,0x000000078c300000,0x00000007a6180000)
 ParOldGen       total 862720K, used 783863K [0x00000006c0000000, 0x00000006f4a80000, 0x000000076ab00000)
  object space 862720K, 90% used [0x00000006c0000000,0x00000006efd7dd88,0x00000006f4a80000)
 Metaspace       used 7018K, capacity 7640K, committed 7936K, reserved 1056768K
  class space    used 626K, capacity 656K, committed 768K, reserved 1048576K
}
Event: 16.733 GC heap before
{Heap before GC invocations=25 (full 5):
 PSYoungGen      total 865280K, used 316397K [0x000000076ab00000, 0x00000007c0000000, 0x00000007c0000000)
  eden space 548864K, 0% used [0x000000076ab00000,0x000000076ab00000,0x000000078c300000)
  from space 316416K, 99% used [0x00000007acb00000,0x00000007bfffb6d0,0x00000007c0000000)
  to   space 424448K, 0% used [0x000000078c300000,0x000000078c300000,0x00000007a6180000)
 ParOldGen       total 862720K, used 783863K [0x00000006c0000000, 0x00000006f4a80000, 0x000000076ab00000)
  object space 862720K, 90% used [0x00000006c0000000,0x00000006efd7dd88,0x00000006f4a80000)
 Metaspace       used 7018K, capacity 7640K, committed 7936K, reserved 1056768K
  class space    used 626K, capacity 656K, committed 768K, reserved 1048576K
Event: 19.798 GC heap after
Heap after GC invocations=25 (full 5):
 PSYoungGen      total 865280K, used 0K [0x000000076ab00000, 0x00000007c0000000, 0x00000007c0000000)
  eden space 548864K, 0% used [0x000000076ab00000,0x000000076ab00000,0x000000078c300000)
  from space 316416K, 0% used [0x00000007acb00000,0x00000007acb00000,0x00000007c0000000)
  to   space 424448K, 0% used [0x000000078c300000,0x000000078c300000,0x00000007a6180000)
 ParOldGen       total 1166336K, used 807955K [0x00000006c0000000, 0x0000000707300000, 0x000000076ab00000)
  object space 1166336K, 69% used [0x00000006c0000000,0x00000006f1504d10,0x0000000707300000)
 Metaspace       used 7018K, capacity 7640K, committed 7936K, reserved 1056768K
  class space    used 626K, capacity 656K, committed 768K, reserved 1048576K
}
Event: 20.257 GC heap before
{Heap before GC invocations=26 (full 5):
 PSYoungGen      total 865280K, used 548864K [0x000000076ab00000, 0x00000007c0000000, 0x00000007c0000000)
  eden space 548864K, 100% used [0x000000076ab00000,0x000000078c300000,0x000000078c300000)
  from space 316416K, 0% used [0x00000007acb00000,0x00000007acb00000,0x00000007c0000000)
  to   space 424448K, 0% used [0x000000078c300000,0x000000078c300000,0x00000007a6180000)
 ParOldGen       total 1166336K, used 807955K [0x00000006c0000000, 0x0000000707300000, 0x000000076ab00000)
  object space 1166336K, 69% used [0x00000006c0000000,0x00000006f1504d10,0x0000000707300000)
 Metaspace       used 7074K, capacity 7736K, committed 7936K, reserved 1056768K
  class space    used 628K, capacity 688K, committed 768K, reserved 1048576K
Event: 20.314 GC heap after
Heap after GC invocations=26 (full 5):
 PSYoungGen      total 973312K, used 81329K [0x000000076ab00000, 0x00000007c0000000, 0x00000007c0000000)
  eden space 548864K, 0% used [0x000000076ab00000,0x000000076ab00000,0x000000078c300000)
  from space 424448K, 19% used [0x000000078c300000,0x000000079126c568,0x00000007a6180000)
  to   space 411648K, 0% used [0x00000007a6e00000,0x00000007a6e00000,0x00000007c0000000)
 ParOldGen       total 1166336K, used 807955K [0x00000006c0000000, 0x0000000707300000, 0x000000076ab00000)
  object space 1166336K, 69% used [0x00000006c0000000,0x00000006f1504d10,0x0000000707300000)
 Metaspace       used 7074K, capacity 7736K, committed 7936K, reserved 1056768K
  class space    used 628K, capacity 688K, committed 768K, reserved 1048576K
}

