# JRE version: OpenJDK Runtime Environment (8.0_152-b01) (build 1.8.0_152-release-915-b01)
# Java VM: OpenJDK 64-Bit Server VM (25.152-b01 mixed mode windows-amd64 compressed oops)
Heap:
 PSYoungGen      total 922624K, used 366438K [0x000000076ab00000, 0x00000007b5380000, 0x00000007c0000000)
  eden space 695808K, 52% used [0x000000076ab00000,0x00000007810d9898,0x0000000795280000)
  from space 226816K, 0% used [0x00000007a4180000,0x00000007a4180000,0x00000007b1f00000)
  to   space 244736K, 0% used [0x0000000795280000,0x0000000795280000,0x00000007a4180000)
 ParOldGen       total 556032K, used 555567K [0x00000006c0000000, 0x00000006e1f00000, 0x000000076ab00000)
  object space 556032K, 99% used [0x00000006c0000000,0x00000006e1e8bce0,0x00000006e1f00000)
 Metaspace       used 7105K, capacity 7736K, committed 7936K, reserved 1056768K
  class space    used 629K, capacity 688K, committed 768K, reserved 1048576K
GC Heap History (10 events):
Event: 19.994 GC heap before
{Heap before GC invocations=22 (full 6):
 PSYoungGen      total 922624K, used 695808K [0x000000076ab00000, 0x00000007b5380000, 0x00000007c0000000)
  eden space 695808K, 100% used [0x000000076ab00000,0x0000000795280000,0x0000000795280000)
  from space 226816K, 0% used [0x00000007a4180000,0x00000007a4180000,0x00000007b1f00000)
  to   space 244736K, 0% used [0x0000000795280000,0x0000000795280000,0x00000007a4180000)
 ParOldGen       total 556032K, used 555965K [0x00000006c0000000, 0x00000006e1f00000, 0x000000076ab00000)
  object space 556032K, 99% used [0x00000006c0000000,0x00000006e1eef670,0x00000006e1f00000)
 Metaspace       used 6611K, capacity 7286K, committed 7552K, reserved 1056768K
  class space    used 607K, capacity 622K, committed 640K, reserved 1048576K
Event: 21.673 GC heap after
Heap after GC invocations=22 (full 6):
 PSYoungGen      total 922624K, used 246073K [0x000000076ab00000, 0x00000007b5380000, 0x00000007c0000000)
  eden space 695808K, 35% used [0x000000076ab00000,0x0000000779b4e518,0x0000000795280000)
  from space 226816K, 0% used [0x00000007a4180000,0x00000007a4180000,0x00000007b1f00000)
  to   space 244736K, 0% used [0x0000000795280000,0x0000000795280000,0x00000007a4180000)
 ParOldGen       total 556032K, used 555957K [0x00000006c0000000, 0x00000006e1f00000, 0x000000076ab00000)
  object space 556032K, 99% used [0x00000006c0000000,0x00000006e1eed730,0x00000006e1f00000)
 Metaspace       used 6611K, capacity 7286K, committed 7552K, reserved 1056768K
  class space    used 607K, capacity 622K, committed 640K, reserved 1048576K
}
Event: 22.676 GC heap before
{Heap before GC invocations=23 (full 7):
 PSYoungGen      total 922624K, used 695808K [0x000000076ab00000, 0x00000007b5380000, 0x00000007c0000000)
  eden space 695808K, 100% used [0x000000076ab00000,0x0000000795280000,0x0000000795280000)
  from space 226816K, 0% used [0x00000007a4180000,0x00000007a4180000,0x00000007b1f00000)
  to   space 244736K, 0% used [0x0000000795280000,0x0000000795280000,0x00000007a4180000)
 ParOldGen       total 556032K, used 555957K [0x00000006c0000000, 0x00000006e1f00000, 0x000000076ab00000)
  object space 556032K, 99% used [0x00000006c0000000,0x00000006e1eed730,0x00000006e1f00000)
 Metaspace       used 6717K, capacity 7384K, committed 7680K, reserved 1056768K
  class space    used 613K, capacity 656K, committed 768K, reserved 1048576K
Event: 26.202 GC heap after
Heap after GC invocations=23 (full 7):
 PSYoungGen      total 922624K, used 300990K [0x000000076ab00000, 0x00000007b5380000, 0x00000007c0000000)
  eden space 695808K, 43% used [0x000000076ab00000,0x000000077d0ef9a0,0x0000000795280000)
  from space 226816K, 0% used [0x00000007a4180000,0x00000007a4180000,0x00000007b1f00000)
  to   space 244736K, 0% used [0x0000000795280000,0x0000000795280000,0x00000007a4180000)
 ParOldGen       total 556032K, used 555990K [0x00000006c0000000, 0x00000006e1f00000, 0x000000076ab00000)
  object space 556032K, 99% used [0x00000006c0000000,0x00000006e1ef58e0,0x00000006e1f00000)
 Metaspace       used 6717K, capacity 7384K, committed 7680K, reserved 1056768K
  class space    used 613K, capacity 656K, committed 768K, reserved 1048576K
}
Event: 27.031 GC heap before
{Heap before GC invocations=24 (full 8):
 PSYoungGen      total 922624K, used 695808K [0x000000076ab00000, 0x00000007b5380000, 0x00000007c0000000)
  eden space 695808K, 100% used [0x000000076ab00000,0x0000000795280000,0x0000000795280000)
  from space 226816K, 0% used [0x00000007a4180000,0x00000007a4180000,0x00000007b1f00000)
  to   space 244736K, 0% used [0x0000000795280000,0x0000000795280000,0x00000007a4180000)
 ParOldGen       total 556032K, used 555990K [0x00000006c0000000, 0x00000006e1f00000, 0x000000076ab00000)
  object space 556032K, 99% used [0x00000006c0000000,0x00000006e1ef58e0,0x00000006e1f00000)
 Metaspace       used 6968K, capacity 7576K, committed 7936K, reserved 1056768K
  class space    used 626K, capacity 656K, committed 768K, reserved 1048576K
Event: 29.835 GC heap after
Heap after GC invocations=24 (full 8):
 PSYoungGen      total 922624K, used 326363K [0x000000076ab00000, 0x00000007b5380000, 0x00000007c0000000)
  eden space 695808K, 46% used [0x000000076ab00000,0x000000077e9b6fa0,0x0000000795280000)
  from space 226816K, 0% used [0x00000007a4180000,0x00000007a4180000,0x00000007b1f00000)
  to   space 244736K, 0% used [0x0000000795280000,0x0000000795280000,0x00000007a4180000)
 ParOldGen       total 556032K, used 555951K [0x00000006c0000000, 0x00000006e1f00000, 0x000000076ab00000)
  object space 556032K, 99% used [0x00000006c0000000,0x00000006e1eebfb8,0x00000006e1f00000)
 Metaspace       used 6968K, capacity 7576K, committed 7936K, reserved 1056768K
  class space    used 626K, capacity 656K, committed 768K, reserved 1048576K
}
Event: 30.503 GC heap before
{Heap before GC invocations=25 (full 9):
 PSYoungGen      total 922624K, used 695808K [0x000000076ab00000, 0x00000007b5380000, 0x00000007c0000000)
  eden space 695808K, 100% used [0x000000076ab00000,0x0000000795280000,0x0000000795280000)
  from space 226816K, 0% used [0x00000007a4180000,0x00000007a4180000,0x00000007b1f00000)
  to   space 244736K, 0% used [0x0000000795280000,0x0000000795280000,0x00000007a4180000)
 ParOldGen       total 556032K, used 555951K [0x00000006c0000000, 0x00000006e1f00000, 0x000000076ab00000)
  object space 556032K, 99% used [0x00000006c0000000,0x00000006e1eebfb8,0x00000006e1f00000)
 Metaspace       used 6985K, capacity 7576K, committed 7936K, reserved 1056768K
  class space    used 626K, capacity 656K, committed 768K, reserved 1048576K
Event: 32.138 GC heap after
Heap after GC invocations=25 (full 9):
 PSYoungGen      total 922624K, used 230992K [0x000000076ab00000, 0x00000007b5380000, 0x00000007c0000000)
  eden space 695808K, 33% used [0x000000076ab00000,0x0000000778c94060,0x0000000795280000)
  from space 226816K, 0% used [0x00000007a4180000,0x00000007a4180000,0x00000007b1f00000)
  to   space 244736K, 0% used [0x0000000795280000,0x0000000795280000,0x00000007a4180000)
 ParOldGen       total 556032K, used 555959K [0x00000006c0000000, 0x00000006e1f00000, 0x000000076ab00000)
  object space 556032K, 99% used [0x00000006c0000000,0x00000006e1eedc20,0x00000006e1f00000)
 Metaspace       used 6985K, capacity 7576K, committed 7936K, reserved 1056768K
  class space    used 626K, capacity 656K, committed 768K, reserved 1048576K
}
Event: 32.859 GC heap before
{Heap before GC invocations=26 (full 10):
 PSYoungGen      total 922624K, used 695808K [0x000000076ab00000, 0x00000007b5380000, 0x00000007c0000000)
  eden space 695808K, 100% used [0x000000076ab00000,0x0000000795280000,0x0000000795280000)
  from space 226816K, 0% used [0x00000007a4180000,0x00000007a4180000,0x00000007b1f00000)
  to   space 244736K, 0% used [0x0000000795280000,0x0000000795280000,0x00000007a4180000)
 ParOldGen       total 556032K, used 555959K [0x00000006c0000000, 0x00000006e1f00000, 0x000000076ab00000)
  object space 556032K, 99% used [0x00000006c0000000,0x00000006e1eedc20,0x00000006e1f00000)
 Metaspace       used 6990K, capacity 7640K, committed 7936K, reserved 1056768K
  class space    used 626K, capacity 656K, committed 768K, reserved 1048576K
Event: 34.484 GC heap after
Heap after GC invocations=26 (full 10):
 PSYoungGen      total 922624K, used 92413K [0x000000076ab00000, 0x00000007b5380000, 0x00000007c0000000)
  eden space 695808K, 13% used [0x000000076ab00000,0x000000077053f540,0x0000000795280000)
  from space 226816K, 0% used [0x00000007a4180000,0x00000007a4180000,0x00000007b1f00000)
  to   space 244736K, 0% used [0x0000000795280000,0x0000000795280000,0x00000007a4180000)
 ParOldGen       total 556032K, used 555567K [0x00000006c0000000, 0x00000006e1f00000, 0x000000076ab00000)
  object space 556032K, 99% used [0x00000006c0000000,0x00000006e1e8bce0,0x00000006e1f00000)
 Metaspace       used 6990K, capacity 7640K, committed 7936K, reserved 1056768K
  class space    used 626K, capacity 656K, committed 768K, reserved 1048576K
}

