# JRE version: Java(TM) SE Runtime Environment (8.0_151-b12) (build 1.8.0_151-b12)
# Java VM: Java HotSpot(TM) 64-Bit Server VM (25.151-b12 mixed mode windows-amd64 compressed oops)
Heap:
 PSYoungGen      total 949760K, used 243955K [0x000000076ab00000, 0x00000007c0000000, 0x00000007c0000000)
  eden space 737280K, 6% used [0x000000076ab00000,0x000000076d9948e0,0x0000000797b00000)
  from space 212480K, 92% used [0x0000000797b00000,0x00000007a3aa85d0,0x00000007a4a80000)
  to   space 279040K, 0% used [0x00000007aef80000,0x00000007aef80000,0x00000007c0000000)
 ParOldGen       total 774656K, used 486606K [0x00000006c0000000, 0x00000006ef480000, 0x000000076ab00000)
  object space 774656K, 62% used [0x00000006c0000000,0x00000006ddb33b28,0x00000006ef480000)
 Metaspace       used 6822K, capacity 7384K, committed 7680K, reserved 1056768K
  class space    used 645K, capacity 656K, committed 768K, reserved 1048576K
GC Heap History (10 events):
Event: 8.214 GC heap before
{Heap before GC invocations=15 (full 3):
 PSYoungGen      total 805376K, used 141292K [0x000000076ab00000, 0x00000007ace80000, 0x00000007c0000000)
  eden space 664064K, 0% used [0x000000076ab00000,0x000000076ab00000,0x0000000793380000)
  from space 141312K, 99% used [0x000000079e880000,0x00000007a727b390,0x00000007a7280000)
  to   space 185344K, 0% used [0x0000000793380000,0x0000000793380000,0x000000079e880000)
 ParOldGen       total 297472K, used 261830K [0x00000006c0000000, 0x00000006d2280000, 0x000000076ab00000)
  object space 297472K, 88% used [0x00000006c0000000,0x00000006cffb1ab8,0x00000006d2280000)
 Metaspace       used 6780K, capacity 7384K, committed 7680K, reserved 1056768K
  class space    used 643K, capacity 656K, committed 768K, reserved 1048576K
Event: 9.717 GC heap after
Heap after GC invocations=15 (full 3):
 PSYoungGen      total 805376K, used 99453K [0x000000076ab00000, 0x00000007ace80000, 0x00000007c0000000)
  eden space 664064K, 0% used [0x000000076ab00000,0x000000076ab00000,0x0000000793380000)
  from space 141312K, 70% used [0x000000079e880000,0x00000007a499f778,0x00000007a7280000)
  to   space 185344K, 0% used [0x0000000793380000,0x0000000793380000,0x000000079e880000)
 ParOldGen       total 486912K, used 297397K [0x00000006c0000000, 0x00000006ddb80000, 0x000000076ab00000)
  object space 486912K, 61% used [0x00000006c0000000,0x00000006d226d740,0x00000006ddb80000)
 Metaspace       used 6780K, capacity 7384K, committed 7680K, reserved 1056768K
  class space    used 643K, capacity 656K, committed 768K, reserved 1048576K
}
Event: 10.976 GC heap before
{Heap before GC invocations=16 (full 3):
 PSYoungGen      total 805376K, used 763517K [0x000000076ab00000, 0x00000007ace80000, 0x00000007c0000000)
  eden space 664064K, 100% used [0x000000076ab00000,0x0000000793380000,0x0000000793380000)
  from space 141312K, 70% used [0x000000079e880000,0x00000007a499f778,0x00000007a7280000)
  to   space 185344K, 0% used [0x0000000793380000,0x0000000793380000,0x000000079e880000)
 ParOldGen       total 486912K, used 297397K [0x00000006c0000000, 0x00000006ddb80000, 0x000000076ab00000)
  object space 486912K, 61% used [0x00000006c0000000,0x00000006d226d740,0x00000006ddb80000)
 Metaspace       used 6797K, capacity 7384K, committed 7680K, reserved 1056768K
  class space    used 644K, capacity 656K, committed 768K, reserved 1048576K
Event: 11.164 GC heap after
Heap after GC invocations=16 (full 3):
 PSYoungGen      total 849408K, used 91587K [0x000000076ab00000, 0x00000007afd80000, 0x00000007c0000000)
  eden space 664064K, 0% used [0x000000076ab00000,0x000000076ab00000,0x0000000793380000)
  from space 185344K, 49% used [0x0000000793380000,0x0000000798cf0d50,0x000000079e880000)
  to   space 183296K, 0% used [0x00000007a4a80000,0x00000007a4a80000,0x00000007afd80000)
 ParOldGen       total 486912K, used 397361K [0x00000006c0000000, 0x00000006ddb80000, 0x000000076ab00000)
  object space 486912K, 81% used [0x00000006c0000000,0x00000006d840c7b0,0x00000006ddb80000)
 Metaspace       used 6797K, capacity 7384K, committed 7680K, reserved 1056768K
  class space    used 644K, capacity 656K, committed 768K, reserved 1048576K
}
Event: 12.244 GC heap before
{Heap before GC invocations=17 (full 3):
 PSYoungGen      total 849408K, used 755651K [0x000000076ab00000, 0x00000007afd80000, 0x00000007c0000000)
  eden space 664064K, 100% used [0x000000076ab00000,0x0000000793380000,0x0000000793380000)
  from space 185344K, 49% used [0x0000000793380000,0x0000000798cf0d50,0x000000079e880000)
  to   space 183296K, 0% used [0x00000007a4a80000,0x00000007a4a80000,0x00000007afd80000)
 ParOldGen       total 486912K, used 397361K [0x00000006c0000000, 0x00000006ddb80000, 0x000000076ab00000)
  object space 486912K, 81% used [0x00000006c0000000,0x00000006d840c7b0,0x00000006ddb80000)
 Metaspace       used 6818K, capacity 7384K, committed 7680K, reserved 1056768K
  class space    used 644K, capacity 656K, committed 768K, reserved 1048576K
Event: 12.370 GC heap after
Heap after GC invocations=17 (full 3):
 PSYoungGen      total 920576K, used 176995K [0x000000076ab00000, 0x00000007b3780000, 0x00000007c0000000)
  eden space 737280K, 0% used [0x000000076ab00000,0x000000076ab00000,0x0000000797b00000)
  from space 183296K, 96% used [0x00000007a4a80000,0x00000007af758fe8,0x00000007afd80000)
  to   space 212480K, 0% used [0x0000000797b00000,0x0000000797b00000,0x00000007a4a80000)
 ParOldGen       total 486912K, used 397369K [0x00000006c0000000, 0x00000006ddb80000, 0x000000076ab00000)
  object space 486912K, 81% used [0x00000006c0000000,0x00000006d840e7b0,0x00000006ddb80000)
 Metaspace       used 6818K, capacity 7384K, committed 7680K, reserved 1056768K
  class space    used 644K, capacity 656K, committed 768K, reserved 1048576K
}
Event: 13.862 GC heap before
{Heap before GC invocations=18 (full 3):
 PSYoungGen      total 920576K, used 914275K [0x000000076ab00000, 0x00000007b3780000, 0x00000007c0000000)
  eden space 737280K, 100% used [0x000000076ab00000,0x0000000797b00000,0x0000000797b00000)
  from space 183296K, 96% used [0x00000007a4a80000,0x00000007af758fe8,0x00000007afd80000)
  to   space 212480K, 0% used [0x0000000797b00000,0x0000000797b00000,0x00000007a4a80000)
 ParOldGen       total 486912K, used 397369K [0x00000006c0000000, 0x00000006ddb80000, 0x000000076ab00000)
  object space 486912K, 81% used [0x00000006c0000000,0x00000006d840e7b0,0x00000006ddb80000)
 Metaspace       used 6822K, capacity 7384K, committed 7680K, reserved 1056768K
  class space    used 645K, capacity 656K, committed 768K, reserved 1048576K
Event: 14.057 GC heap after
Heap after GC invocations=18 (full 3):
 PSYoungGen      total 949760K, used 212449K [0x000000076ab00000, 0x00000007c0000000, 0x00000007c0000000)
  eden space 737280K, 0% used [0x000000076ab00000,0x000000076ab00000,0x0000000797b00000)
  from space 212480K, 99% used [0x0000000797b00000,0x00000007a4a78618,0x00000007a4a80000)
  to   space 279040K, 0% used [0x00000007aef80000,0x00000007aef80000,0x00000007c0000000)
 ParOldGen       total 486912K, used 479035K [0x00000006c0000000, 0x00000006ddb80000, 0x000000076ab00000)
  object space 486912K, 98% used [0x00000006c0000000,0x00000006dd3cece8,0x00000006ddb80000)
 Metaspace       used 6822K, capacity 7384K, committed 7680K, reserved 1056768K
  class space    used 645K, capacity 656K, committed 768K, reserved 1048576K
}
Event: 14.057 GC heap before
{Heap before GC invocations=19 (full 4):
 PSYoungGen      total 949760K, used 212449K [0x000000076ab00000, 0x00000007c0000000, 0x00000007c0000000)
  eden space 737280K, 0% used [0x000000076ab00000,0x000000076ab00000,0x0000000797b00000)
  from space 212480K, 99% used [0x0000000797b00000,0x00000007a4a78618,0x00000007a4a80000)
  to   space 279040K, 0% used [0x00000007aef80000,0x00000007aef80000,0x00000007c0000000)
 ParOldGen       total 486912K, used 479035K [0x00000006c0000000, 0x00000006ddb80000, 0x000000076ab00000)
  object space 486912K, 98% used [0x00000006c0000000,0x00000006dd3cece8,0x00000006ddb80000)
 Metaspace       used 6822K, capacity 7384K, committed 7680K, reserved 1056768K
  class space    used 645K, capacity 656K, committed 768K, reserved 1048576K
Event: 16.388 GC heap after
Heap after GC invocations=19 (full 4):
 PSYoungGen      total 949760K, used 196257K [0x000000076ab00000, 0x00000007c0000000, 0x00000007c0000000)
  eden space 737280K, 0% used [0x000000076ab00000,0x000000076ab00000,0x0000000797b00000)
  from space 212480K, 92% used [0x0000000797b00000,0x00000007a3aa85d0,0x00000007a4a80000)
  to   space 279040K, 0% used [0x00000007aef80000,0x00000007aef80000,0x00000007c0000000)
 ParOldGen       total 774656K, used 486606K [0x00000006c0000000, 0x00000006ef480000, 0x000000076ab00000)
  object space 774656K, 62% used [0x00000006c0000000,0x00000006ddb33b28,0x00000006ef480000)
 Metaspace       used 6822K, capacity 7384K, committed 7680K, reserved 1056768K
  class space    used 645K, capacity 656K, committed 768K, reserved 1048576K
}

