# JRE version: OpenJDK Runtime Environment (8.0_152-b01) (build 1.8.0_152-release-915-b01)
# Java VM: OpenJDK 64-Bit Server VM (25.152-b01 mixed mode windows-amd64 compressed oops)
Heap:
 PSYoungGen      total 1009664K, used 974858K [0x000000076ab00000, 0x00000007b8e00000, 0x00000007c0000000)
  eden space 807424K, 96% used [0x000000076ab00000,0x000000079a768708,0x000000079bf80000)
  from space 202240K, 94% used [0x00000007aa200000,0x00000007b5d9a240,0x00000007b6780000)
  to   space 231936K, 0% used [0x000000079bf80000,0x000000079bf80000,0x00000007aa200000)
 ParOldGen       total 890368K, used 576385K [0x00000006c0000000, 0x00000006f6580000, 0x000000076ab00000)
  object space 890368K, 64% used [0x00000006c0000000,0x00000006e32e0548,0x00000006f6580000)
 Metaspace       used 6753K, capacity 7384K, committed 7680K, reserved 1056768K
  class space    used 614K, capacity 656K, committed 768K, reserved 1048576K
GC Heap History (10 events):
Event: 9.600 GC heap before
{Heap before GC invocations=16 (full 3):
 PSYoungGen      total 765440K, used 700581K [0x000000076ab00000, 0x00000007a6a00000, 0x00000007c0000000)
  eden space 630272K, 100% used [0x000000076ab00000,0x0000000791280000,0x0000000791280000)
  from space 135168K, 52% used [0x000000079b100000,0x000000079f5a96f8,0x00000007a3500000)
  to   space 162304K, 0% used [0x0000000791280000,0x0000000791280000,0x000000079b100000)
 ParOldGen       total 512512K, used 313637K [0x00000006c0000000, 0x00000006df480000, 0x000000076ab00000)
  object space 512512K, 61% used [0x00000006c0000000,0x00000006d3249790,0x00000006df480000)
 Metaspace       used 6618K, capacity 7286K, committed 7552K, reserved 1056768K
  class space    used 605K, capacity 622K, committed 640K, reserved 1048576K
Event: 9.785 GC heap after
Heap after GC invocations=16 (full 3):
 PSYoungGen      total 792576K, used 99624K [0x000000076ab00000, 0x00000007aba80000, 0x00000007c0000000)
  eden space 630272K, 0% used [0x000000076ab00000,0x000000076ab00000,0x0000000791280000)
  from space 162304K, 61% used [0x0000000791280000,0x00000007973ca1f8,0x000000079b100000)
  to   space 167424K, 0% used [0x00000007a1700000,0x00000007a1700000,0x00000007aba80000)
 ParOldGen       total 512512K, used 384184K [0x00000006c0000000, 0x00000006df480000, 0x000000076ab00000)
  object space 512512K, 74% used [0x00000006c0000000,0x00000006d772e0d8,0x00000006df480000)
 Metaspace       used 6618K, capacity 7286K, committed 7552K, reserved 1056768K
  class space    used 605K, capacity 622K, committed 640K, reserved 1048576K
}
Event: 10.661 GC heap before
{Heap before GC invocations=17 (full 3):
 PSYoungGen      total 792576K, used 729896K [0x000000076ab00000, 0x00000007aba80000, 0x00000007c0000000)
  eden space 630272K, 100% used [0x000000076ab00000,0x0000000791280000,0x0000000791280000)
  from space 162304K, 61% used [0x0000000791280000,0x00000007973ca1f8,0x000000079b100000)
  to   space 167424K, 0% used [0x00000007a1700000,0x00000007a1700000,0x00000007aba80000)
 ParOldGen       total 512512K, used 384184K [0x00000006c0000000, 0x00000006df480000, 0x000000076ab00000)
  object space 512512K, 74% used [0x00000006c0000000,0x00000006d772e0d8,0x00000006df480000)
 Metaspace       used 6621K, capacity 7286K, committed 7552K, reserved 1056768K
  class space    used 606K, capacity 622K, committed 640K, reserved 1048576K
Event: 10.863 GC heap after
Heap after GC invocations=17 (full 3):
 PSYoungGen      total 859648K, used 167399K [0x000000076ab00000, 0x00000007b1400000, 0x00000007c0000000)
  eden space 692224K, 0% used [0x000000076ab00000,0x000000076ab00000,0x0000000794f00000)
  from space 167424K, 99% used [0x00000007a1700000,0x00000007aba79f98,0x00000007aba80000)
  to   space 204800K, 0% used [0x0000000794f00000,0x0000000794f00000,0x00000007a1700000)
 ParOldGen       total 512512K, used 407964K [0x00000006c0000000, 0x00000006df480000, 0x000000076ab00000)
  object space 512512K, 79% used [0x00000006c0000000,0x00000006d8e67188,0x00000006df480000)
 Metaspace       used 6621K, capacity 7286K, committed 7552K, reserved 1056768K
  class space    used 606K, capacity 622K, committed 640K, reserved 1048576K
}
Event: 11.779 GC heap before
{Heap before GC invocations=18 (full 3):
 PSYoungGen      total 859648K, used 859623K [0x000000076ab00000, 0x00000007b1400000, 0x00000007c0000000)
  eden space 692224K, 100% used [0x000000076ab00000,0x0000000794f00000,0x0000000794f00000)
  from space 167424K, 99% used [0x00000007a1700000,0x00000007aba79f98,0x00000007aba80000)
  to   space 204800K, 0% used [0x0000000794f00000,0x0000000794f00000,0x00000007a1700000)
 ParOldGen       total 512512K, used 407964K [0x00000006c0000000, 0x00000006df480000, 0x000000076ab00000)
  object space 512512K, 79% used [0x00000006c0000000,0x00000006d8e67188,0x00000006df480000)
 Metaspace       used 6628K, capacity 7286K, committed 7552K, reserved 1056768K
  class space    used 607K, capacity 622K, committed 640K, reserved 1048576K
Event: 12.024 GC heap after
Heap after GC invocations=18 (full 3):
 PSYoungGen      total 897024K, used 102840K [0x000000076ab00000, 0x00000007b6780000, 0x00000007c0000000)
  eden space 692224K, 0% used [0x000000076ab00000,0x000000076ab00000,0x0000000794f00000)
  from space 204800K, 50% used [0x0000000794f00000,0x000000079b36e1e0,0x00000007a1700000)
  to   space 202240K, 0% used [0x00000007aa200000,0x00000007aa200000,0x00000007b6780000)
 ParOldGen       total 576512K, used 575693K [0x00000006c0000000, 0x00000006e3300000, 0x000000076ab00000)
  object space 576512K, 99% used [0x00000006c0000000,0x00000006e3233768,0x00000006e3300000)
 Metaspace       used 6628K, capacity 7286K, committed 7552K, reserved 1056768K
  class space    used 607K, capacity 622K, committed 640K, reserved 1048576K
}
Event: 12.024 GC heap before
{Heap before GC invocations=19 (full 4):
 PSYoungGen      total 897024K, used 102840K [0x000000076ab00000, 0x00000007b6780000, 0x00000007c0000000)
  eden space 692224K, 0% used [0x000000076ab00000,0x000000076ab00000,0x0000000794f00000)
  from space 204800K, 50% used [0x0000000794f00000,0x000000079b36e1e0,0x00000007a1700000)
  to   space 202240K, 0% used [0x00000007aa200000,0x00000007aa200000,0x00000007b6780000)
 ParOldGen       total 576512K, used 575693K [0x00000006c0000000, 0x00000006e3300000, 0x000000076ab00000)
  object space 576512K, 99% used [0x00000006c0000000,0x00000006e3233768,0x00000006e3300000)
 Metaspace       used 6628K, capacity 7286K, committed 7552K, reserved 1056768K
  class space    used 607K, capacity 622K, committed 640K, reserved 1048576K
Event: 14.333 GC heap after
Heap after GC invocations=19 (full 4):
 PSYoungGen      total 897024K, used 91466K [0x000000076ab00000, 0x00000007b6780000, 0x00000007c0000000)
  eden space 692224K, 0% used [0x000000076ab00000,0x000000076ab00000,0x0000000794f00000)
  from space 204800K, 44% used [0x0000000794f00000,0x000000079a852b00,0x00000007a1700000)
  to   space 202240K, 0% used [0x00000007aa200000,0x00000007aa200000,0x00000007b6780000)
 ParOldGen       total 890368K, used 576385K [0x00000006c0000000, 0x00000006f6580000, 0x000000076ab00000)
  object space 890368K, 64% used [0x00000006c0000000,0x00000006e32e0548,0x00000006f6580000)
 Metaspace       used 6628K, capacity 7286K, committed 7552K, reserved 1056768K
  class space    used 607K, capacity 622K, committed 640K, reserved 1048576K
}
Event: 15.192 GC heap before
{Heap before GC invocations=20 (full 4):
 PSYoungGen      total 897024K, used 783690K [0x000000076ab00000, 0x00000007b6780000, 0x00000007c0000000)
  eden space 692224K, 100% used [0x000000076ab00000,0x0000000794f00000,0x0000000794f00000)
  from space 204800K, 44% used [0x0000000794f00000,0x000000079a852b00,0x00000007a1700000)
  to   space 202240K, 0% used [0x00000007aa200000,0x00000007aa200000,0x00000007b6780000)
 ParOldGen       total 890368K, used 576385K [0x00000006c0000000, 0x00000006f6580000, 0x000000076ab00000)
  object space 890368K, 64% used [0x00000006c0000000,0x00000006e32e0548,0x00000006f6580000)
 Metaspace       used 6629K, capacity 7286K, committed 7552K, reserved 1056768K
  class space    used 607K, capacity 622K, committed 640K, reserved 1048576K
Event: 15.501 GC heap after
Heap after GC invocations=20 (full 4):
 PSYoungGen      total 1009664K, used 192104K [0x000000076ab00000, 0x00000007b8e00000, 0x00000007c0000000)
  eden space 807424K, 0% used [0x000000076ab00000,0x000000076ab00000,0x000000079bf80000)
  from space 202240K, 94% used [0x00000007aa200000,0x00000007b5d9a240,0x00000007b6780000)
  to   space 231936K, 0% used [0x000000079bf80000,0x000000079bf80000,0x00000007aa200000)
 ParOldGen       total 890368K, used 576385K [0x00000006c0000000, 0x00000006f6580000, 0x000000076ab00000)
  object space 890368K, 64% used [0x00000006c0000000,0x00000006e32e0548,0x00000006f6580000)
 Metaspace       used 6629K, capacity 7286K, committed 7552K, reserved 1056768K
  class space    used 607K, capacity 622K, committed 640K, reserved 1048576K
}

