# JRE version: OpenJDK Runtime Environment (8.0_152-b01) (build 1.8.0_152-release-915-b01)
# Java VM: OpenJDK 64-Bit Server VM (25.152-b01 mixed mode windows-amd64 compressed oops)
Heap:
 PSYoungGen      total 662016K, used 500224K [0x000000076ab00000, 0x00000007a7100000, 0x00000007c0000000)
  eden space 500224K, 100% used [0x000000076ab00000,0x0000000789380000,0x0000000789380000)
  from space 161792K, 0% used [0x0000000789380000,0x0000000789380000,0x0000000793180000)
  to   space 187904K, 0% used [0x000000079b980000,0x000000079b980000,0x00000007a7100000)
 ParOldGen       total 308736K, used 308281K [0x00000006c0000000, 0x00000006d2d80000, 0x000000076ab00000)
  object space 308736K, 99% used [0x00000006c0000000,0x00000006d2d0e528,0x00000006d2d80000)
 Metaspace       used 6627K, capacity 7286K, committed 7552K, reserved 1056768K
  class space    used 606K, capacity 622K, committed 640K, reserved 1048576K
GC Heap History (10 events):
Event: 29.952 GC heap after
Heap after GC invocations=30 (full 17):
 PSYoungGen      total 662016K, used 454017K [0x000000076ab00000, 0x00000007a7100000, 0x00000007c0000000)
  eden space 500224K, 90% used [0x000000076ab00000,0x0000000786660668,0x0000000789380000)
  from space 161792K, 0% used [0x0000000789380000,0x0000000789380000,0x0000000793180000)
  to   space 187904K, 0% used [0x000000079b980000,0x000000079b980000,0x00000007a7100000)
 ParOldGen       total 308736K, used 308281K [0x00000006c0000000, 0x00000006d2d80000, 0x000000076ab00000)
  object space 308736K, 99% used [0x00000006c0000000,0x00000006d2d0e728,0x00000006d2d80000)
 Metaspace       used 6627K, capacity 7286K, committed 7552K, reserved 1056768K
  class space    used 606K, capacity 622K, committed 640K, reserved 1048576K
}
Event: 30.031 GC heap before
{Heap before GC invocations=31 (full 18):
 PSYoungGen      total 662016K, used 500224K [0x000000076ab00000, 0x00000007a7100000, 0x00000007c0000000)
  eden space 500224K, 100% used [0x000000076ab00000,0x0000000789380000,0x0000000789380000)
  from space 161792K, 0% used [0x0000000789380000,0x0000000789380000,0x0000000793180000)
  to   space 187904K, 0% used [0x000000079b980000,0x000000079b980000,0x00000007a7100000)
 ParOldGen       total 308736K, used 308281K [0x00000006c0000000, 0x00000006d2d80000, 0x000000076ab00000)
  object space 308736K, 99% used [0x00000006c0000000,0x00000006d2d0e728,0x00000006d2d80000)
 Metaspace       used 6627K, capacity 7286K, committed 7552K, reserved 1056768K
  class space    used 606K, capacity 622K, committed 640K, reserved 1048576K
Event: 31.140 GC heap after
Heap after GC invocations=31 (full 18):
 PSYoungGen      total 662016K, used 461456K [0x000000076ab00000, 0x00000007a7100000, 0x00000007c0000000)
  eden space 500224K, 92% used [0x000000076ab00000,0x0000000786da4190,0x0000000789380000)
  from space 161792K, 0% used [0x0000000789380000,0x0000000789380000,0x0000000793180000)
  to   space 187904K, 0% used [0x000000079b980000,0x000000079b980000,0x00000007a7100000)
 ParOldGen       total 308736K, used 308281K [0x00000006c0000000, 0x00000006d2d80000, 0x000000076ab00000)
  object space 308736K, 99% used [0x00000006c0000000,0x00000006d2d0e5a8,0x00000006d2d80000)
 Metaspace       used 6627K, capacity 7286K, committed 7552K, reserved 1056768K
  class space    used 606K, capacity 622K, committed 640K, reserved 1048576K
}
Event: 31.180 GC heap before
{Heap before GC invocations=32 (full 19):
 PSYoungGen      total 662016K, used 500224K [0x000000076ab00000, 0x00000007a7100000, 0x00000007c0000000)
  eden space 500224K, 100% used [0x000000076ab00000,0x0000000789380000,0x0000000789380000)
  from space 161792K, 0% used [0x0000000789380000,0x0000000789380000,0x0000000793180000)
  to   space 187904K, 0% used [0x000000079b980000,0x000000079b980000,0x00000007a7100000)
 ParOldGen       total 308736K, used 308281K [0x00000006c0000000, 0x00000006d2d80000, 0x000000076ab00000)
  object space 308736K, 99% used [0x00000006c0000000,0x00000006d2d0e5a8,0x00000006d2d80000)
 Metaspace       used 6627K, capacity 7286K, committed 7552K, reserved 1056768K
  class space    used 606K, capacity 622K, committed 640K, reserved 1048576K
Event: 31.877 GC heap after
Heap after GC invocations=32 (full 19):
 PSYoungGen      total 662016K, used 467723K [0x000000076ab00000, 0x00000007a7100000, 0x00000007c0000000)
  eden space 500224K, 93% used [0x000000076ab00000,0x00000007873c2fe0,0x0000000789380000)
  from space 161792K, 0% used [0x0000000789380000,0x0000000789380000,0x0000000793180000)
  to   space 187904K, 0% used [0x000000079b980000,0x000000079b980000,0x00000007a7100000)
 ParOldGen       total 308736K, used 308281K [0x00000006c0000000, 0x00000006d2d80000, 0x000000076ab00000)
  object space 308736K, 99% used [0x00000006c0000000,0x00000006d2d0e5a8,0x00000006d2d80000)
 Metaspace       used 6627K, capacity 7286K, committed 7552K, reserved 1056768K
  class space    used 606K, capacity 622K, committed 640K, reserved 1048576K
}
Event: 31.933 GC heap before
{Heap before GC invocations=33 (full 20):
 PSYoungGen      total 662016K, used 500224K [0x000000076ab00000, 0x00000007a7100000, 0x00000007c0000000)
  eden space 500224K, 100% used [0x000000076ab00000,0x0000000789380000,0x0000000789380000)
  from space 161792K, 0% used [0x0000000789380000,0x0000000789380000,0x0000000793180000)
  to   space 187904K, 0% used [0x000000079b980000,0x000000079b980000,0x00000007a7100000)
 ParOldGen       total 308736K, used 308281K [0x00000006c0000000, 0x00000006d2d80000, 0x000000076ab00000)
  object space 308736K, 99% used [0x00000006c0000000,0x00000006d2d0e5a8,0x00000006d2d80000)
 Metaspace       used 6627K, capacity 7286K, committed 7552K, reserved 1056768K
  class space    used 606K, capacity 622K, committed 640K, reserved 1048576K
Event: 32.779 GC heap after
Heap after GC invocations=33 (full 20):
 PSYoungGen      total 662016K, used 472520K [0x000000076ab00000, 0x00000007a7100000, 0x00000007c0000000)
  eden space 500224K, 94% used [0x000000076ab00000,0x0000000787872340,0x0000000789380000)
  from space 161792K, 0% used [0x0000000789380000,0x0000000789380000,0x0000000793180000)
  to   space 187904K, 0% used [0x000000079b980000,0x000000079b980000,0x00000007a7100000)
 ParOldGen       total 308736K, used 308281K [0x00000006c0000000, 0x00000006d2d80000, 0x000000076ab00000)
  object space 308736K, 99% used [0x00000006c0000000,0x00000006d2d0e548,0x00000006d2d80000)
 Metaspace       used 6627K, capacity 7286K, committed 7552K, reserved 1056768K
  class space    used 606K, capacity 622K, committed 640K, reserved 1048576K
}
Event: 32.814 GC heap before
{Heap before GC invocations=34 (full 21):
 PSYoungGen      total 662016K, used 500224K [0x000000076ab00000, 0x00000007a7100000, 0x00000007c0000000)
  eden space 500224K, 100% used [0x000000076ab00000,0x0000000789380000,0x0000000789380000)
  from space 161792K, 0% used [0x0000000789380000,0x0000000789380000,0x0000000793180000)
  to   space 187904K, 0% used [0x000000079b980000,0x000000079b980000,0x00000007a7100000)
 ParOldGen       total 308736K, used 308281K [0x00000006c0000000, 0x00000006d2d80000, 0x000000076ab00000)
  object space 308736K, 99% used [0x00000006c0000000,0x00000006d2d0e548,0x00000006d2d80000)
 Metaspace       used 6627K, capacity 7286K, committed 7552K, reserved 1056768K
  class space    used 606K, capacity 622K, committed 640K, reserved 1048576K
Event: 33.902 GC heap after
Heap after GC invocations=34 (full 21):
 PSYoungGen      total 662016K, used 476930K [0x000000076ab00000, 0x00000007a7100000, 0x00000007c0000000)
  eden space 500224K, 95% used [0x000000076ab00000,0x0000000787cc08c0,0x0000000789380000)
  from space 161792K, 0% used [0x0000000789380000,0x0000000789380000,0x0000000793180000)
  to   space 187904K, 0% used [0x000000079b980000,0x000000079b980000,0x00000007a7100000)
 ParOldGen       total 308736K, used 308281K [0x00000006c0000000, 0x00000006d2d80000, 0x000000076ab00000)
  object space 308736K, 99% used [0x00000006c0000000,0x00000006d2d0e528,0x00000006d2d80000)
 Metaspace       used 6627K, capacity 7286K, committed 7552K, reserved 1056768K
  class space    used 606K, capacity 622K, committed 640K, reserved 1048576K
}
Event: 33.941 GC heap before
{Heap before GC invocations=35 (full 22):
 PSYoungGen      total 662016K, used 500224K [0x000000076ab00000, 0x00000007a7100000, 0x00000007c0000000)
  eden space 500224K, 100% used [0x000000076ab00000,0x0000000789380000,0x0000000789380000)
  from space 161792K, 0% used [0x0000000789380000,0x0000000789380000,0x0000000793180000)
  to   space 187904K, 0% used [0x000000079b980000,0x000000079b980000,0x00000007a7100000)
 ParOldGen       total 308736K, used 308281K [0x00000006c0000000, 0x00000006d2d80000, 0x000000076ab00000)
  object space 308736K, 99% used [0x00000006c0000000,0x00000006d2d0e528,0x00000006d2d80000)
 Metaspace       used 6627K, capacity 7286K, committed 7552K, reserved 1056768K
  class space    used 606K, capacity 622K, committed 640K, reserved 1048576K

