# JRE version: OpenJDK Runtime Environment (8.0_152-b01) (build 1.8.0_152-release-915-b01)
# Java VM: OpenJDK 64-Bit Server VM (25.152-b01 mixed mode windows-amd64 compressed oops)
Heap:
 PSYoungGen      total 941056K, used 253695K [0x000000076ab00000, 0x00000007c0000000, 0x00000007c0000000)
  eden space 484352K, 37% used [0x000000076ab00000,0x0000000775c8e290,0x0000000788400000)
  from space 456704K, 15% used [0x0000000788400000,0x000000078ca31a50,0x00000007a4200000)
  to   space 444416K, 0% used [0x00000007a4e00000,0x00000007a4e00000,0x00000007c0000000)
 ParOldGen       total 1122304K, used 775700K [0x00000006c0000000, 0x0000000704800000, 0x000000076ab00000)
  object space 1122304K, 69% used [0x00000006c0000000,0x00000006ef585348,0x0000000704800000)
 Metaspace       used 7088K, capacity 7736K, committed 7936K, reserved 1056768K
  class space    used 628K, capacity 688K, committed 768K, reserved 1048576K
GC Heap History (10 events):
Event: 15.789 GC heap before
{Heap before GC invocations=22 (full 4):
 PSYoungGen      total 951296K, used 882337K [0x000000076ab00000, 0x00000007bb700000, 0x00000007c0000000)
  eden space 699392K, 100% used [0x000000076ab00000,0x0000000795600000,0x0000000795600000)
  from space 251904K, 72% used [0x0000000795600000,0x00000007a08a86c8,0x00000007a4c00000)
  to   space 269312K, 0% used [0x00000007ab000000,0x00000007ab000000,0x00000007bb700000)
 ParOldGen       total 849408K, used 564703K [0x00000006c0000000, 0x00000006f3d80000, 0x000000076ab00000)
  object space 849408K, 66% used [0x00000006c0000000,0x00000006e2777e68,0x00000006f3d80000)
 Metaspace       used 6726K, capacity 7384K, committed 7680K, reserved 1056768K
  class space    used 613K, capacity 656K, committed 768K, reserved 1048576K
Event: 15.977 GC heap after
Heap after GC invocations=22 (full 4):
 PSYoungGen      total 1004544K, used 269302K [0x000000076ab00000, 0x00000007c0000000, 0x00000007c0000000)
  eden space 735232K, 0% used [0x000000076ab00000,0x000000076ab00000,0x0000000797900000)
  from space 269312K, 99% used [0x00000007ab000000,0x00000007bb6fdaf8,0x00000007bb700000)
  to   space 318464K, 0% used [0x0000000797900000,0x0000000797900000,0x00000007ab000000)
 ParOldGen       total 849408K, used 576687K [0x00000006c0000000, 0x00000006f3d80000, 0x000000076ab00000)
  object space 849408K, 67% used [0x00000006c0000000,0x00000006e332bed0,0x00000006f3d80000)
 Metaspace       used 6726K, capacity 7384K, committed 7680K, reserved 1056768K
  class space    used 613K, capacity 656K, committed 768K, reserved 1048576K
}
Event: 17.147 GC heap before
{Heap before GC invocations=23 (full 4):
 PSYoungGen      total 1004544K, used 1004534K [0x000000076ab00000, 0x00000007c0000000, 0x00000007c0000000)
  eden space 735232K, 100% used [0x000000076ab00000,0x0000000797900000,0x0000000797900000)
  from space 269312K, 99% used [0x00000007ab000000,0x00000007bb6fdaf8,0x00000007bb700000)
  to   space 318464K, 0% used [0x0000000797900000,0x0000000797900000,0x00000007ab000000)
 ParOldGen       total 849408K, used 576687K [0x00000006c0000000, 0x00000006f3d80000, 0x000000076ab00000)
  object space 849408K, 67% used [0x00000006c0000000,0x00000006e332bed0,0x00000006f3d80000)
 Metaspace       used 6982K, capacity 7640K, committed 7936K, reserved 1056768K
  class space    used 625K, capacity 656K, committed 768K, reserved 1048576K
Event: 17.397 GC heap after
Heap after GC invocations=23 (full 4):
 PSYoungGen      total 1047552K, used 312156K [0x000000076ab00000, 0x00000007c0000000, 0x00000007c0000000)
  eden space 735232K, 0% used [0x000000076ab00000,0x000000076ab00000,0x0000000797900000)
  from space 312320K, 99% used [0x0000000797900000,0x00000007aa9d71b8,0x00000007aaa00000)
  to   space 350208K, 0% used [0x00000007aaa00000,0x00000007aaa00000,0x00000007c0000000)
 ParOldGen       total 849408K, used 651356K [0x00000006c0000000, 0x00000006f3d80000, 0x000000076ab00000)
  object space 849408K, 76% used [0x00000006c0000000,0x00000006e7c17240,0x00000006f3d80000)
 Metaspace       used 6982K, capacity 7640K, committed 7936K, reserved 1056768K
  class space    used 625K, capacity 656K, committed 768K, reserved 1048576K
}
Event: 18.399 GC heap before
{Heap before GC invocations=24 (full 4):
 PSYoungGen      total 1047552K, used 1047388K [0x000000076ab00000, 0x00000007c0000000, 0x00000007c0000000)
  eden space 735232K, 100% used [0x000000076ab00000,0x0000000797900000,0x0000000797900000)
  from space 312320K, 99% used [0x0000000797900000,0x00000007aa9d71b8,0x00000007aaa00000)
  to   space 350208K, 0% used [0x00000007aaa00000,0x00000007aaa00000,0x00000007c0000000)
 ParOldGen       total 849408K, used 651356K [0x00000006c0000000, 0x00000006f3d80000, 0x000000076ab00000)
  object space 849408K, 76% used [0x00000006c0000000,0x00000006e7c17240,0x00000006f3d80000)
 Metaspace       used 6994K, capacity 7640K, committed 7936K, reserved 1056768K
  class space    used 626K, capacity 656K, committed 768K, reserved 1048576K
Event: 18.667 GC heap after
Heap after GC invocations=24 (full 4):
 PSYoungGen      total 834560K, used 350180K [0x000000076ab00000, 0x00000007c0000000, 0x00000007c0000000)
  eden space 484352K, 0% used [0x000000076ab00000,0x000000076ab00000,0x0000000788400000)
  from space 350208K, 99% used [0x00000007aaa00000,0x00000007bfff9138,0x00000007c0000000)
  to   space 456704K, 0% used [0x0000000788400000,0x0000000788400000,0x00000007a4200000)
 ParOldGen       total 849408K, used 737358K [0x00000006c0000000, 0x00000006f3d80000, 0x000000076ab00000)
  object space 849408K, 86% used [0x00000006c0000000,0x00000006ed013b08,0x00000006f3d80000)
 Metaspace       used 6994K, capacity 7640K, committed 7936K, reserved 1056768K
  class space    used 626K, capacity 656K, committed 768K, reserved 1048576K
}
Event: 18.667 GC heap before
{Heap before GC invocations=25 (full 5):
 PSYoungGen      total 834560K, used 350180K [0x000000076ab00000, 0x00000007c0000000, 0x00000007c0000000)
  eden space 484352K, 0% used [0x000000076ab00000,0x000000076ab00000,0x0000000788400000)
  from space 350208K, 99% used [0x00000007aaa00000,0x00000007bfff9138,0x00000007c0000000)
  to   space 456704K, 0% used [0x0000000788400000,0x0000000788400000,0x00000007a4200000)
 ParOldGen       total 849408K, used 737358K [0x00000006c0000000, 0x00000006f3d80000, 0x000000076ab00000)
  object space 849408K, 86% used [0x00000006c0000000,0x00000006ed013b08,0x00000006f3d80000)
 Metaspace       used 6994K, capacity 7640K, committed 7936K, reserved 1056768K
  class space    used 626K, capacity 656K, committed 768K, reserved 1048576K
Event: 21.474 GC heap after
Heap after GC invocations=25 (full 5):
 PSYoungGen      total 834560K, used 0K [0x000000076ab00000, 0x00000007c0000000, 0x00000007c0000000)
  eden space 484352K, 0% used [0x000000076ab00000,0x000000076ab00000,0x0000000788400000)
  from space 350208K, 0% used [0x00000007aaa00000,0x00000007aaa00000,0x00000007c0000000)
  to   space 456704K, 0% used [0x0000000788400000,0x0000000788400000,0x00000007a4200000)
 ParOldGen       total 1122304K, used 775700K [0x00000006c0000000, 0x0000000704800000, 0x000000076ab00000)
  object space 1122304K, 69% used [0x00000006c0000000,0x00000006ef585348,0x0000000704800000)
 Metaspace       used 6994K, capacity 7640K, committed 7936K, reserved 1056768K
  class space    used 626K, capacity 656K, committed 768K, reserved 1048576K
}
Event: 21.853 GC heap before
{Heap before GC invocations=26 (full 5):
 PSYoungGen      total 834560K, used 484352K [0x000000076ab00000, 0x00000007c0000000, 0x00000007c0000000)
  eden space 484352K, 100% used [0x000000076ab00000,0x0000000788400000,0x0000000788400000)
  from space 350208K, 0% used [0x00000007aaa00000,0x00000007aaa00000,0x00000007c0000000)
  to   space 456704K, 0% used [0x0000000788400000,0x0000000788400000,0x00000007a4200000)
 ParOldGen       total 1122304K, used 775700K [0x00000006c0000000, 0x0000000704800000, 0x000000076ab00000)
  object space 1122304K, 69% used [0x00000006c0000000,0x00000006ef585348,0x0000000704800000)
 Metaspace       used 7052K, capacity 7672K, committed 7936K, reserved 1056768K
  class space    used 628K, capacity 688K, committed 768K, reserved 1048576K
Event: 21.905 GC heap after
Heap after GC invocations=26 (full 5):
 PSYoungGen      total 941056K, used 71878K [0x000000076ab00000, 0x00000007c0000000, 0x00000007c0000000)
  eden space 484352K, 0% used [0x000000076ab00000,0x000000076ab00000,0x0000000788400000)
  from space 456704K, 15% used [0x0000000788400000,0x000000078ca31a50,0x00000007a4200000)
  to   space 444416K, 0% used [0x00000007a4e00000,0x00000007a4e00000,0x00000007c0000000)
 ParOldGen       total 1122304K, used 775700K [0x00000006c0000000, 0x0000000704800000, 0x000000076ab00000)
  object space 1122304K, 69% used [0x00000006c0000000,0x00000006ef585348,0x0000000704800000)
 Metaspace       used 7052K, capacity 7672K, committed 7936K, reserved 1056768K
  class space    used 628K, capacity 688K, committed 768K, reserved 1048576K
}

