# JRE version: Java(TM) SE Runtime Environment (8.0_151-b12) (build 1.8.0_151-b12)
# Java VM: Java HotSpot(TM) 64-Bit Server VM (25.151-b12 mixed mode windows-amd64 compressed oops)
Heap:
 PSYoungGen      total 939008K, used 938998K [0x000000076ab00000, 0x00000007b6f00000, 0x00000007c0000000)
  eden space 734720K, 100% used [0x000000076ab00000,0x0000000797880000,0x0000000797880000)
  from space 204288K, 99% used [0x0000000797880000,0x00000007a3ffd960,0x00000007a4000000)
  to   space 230400K, 32% used [0x00000007a8e00000,0x00000007ad71c3a0,0x00000007b6f00000)
 ParOldGen       total 848896K, used 570376K [0x00000006c0000000, 0x00000006f3d00000, 0x000000076ab00000)
  object space 848896K, 67% used [0x00000006c0000000,0x00000006e2d042f8,0x00000006f3d00000)
 Metaspace       used 7657K, capacity 7960K, committed 8192K, reserved 1056768K
  class space    used 698K, capacity 720K, committed 768K, reserved 1048576K
GC Heap History (10 events):
Event: 27.426 GC heap after
Heap after GC invocations=24 (full 7):
 PSYoungGen      total 865792K, used 0K [0x000000076ab00000, 0x00000007b2e00000, 0x00000007c0000000)
  eden space 677888K, 0% used [0x000000076ab00000,0x000000076ab00000,0x0000000794100000)
  from space 187904K, 0% used [0x0000000794100000,0x0000000794100000,0x000000079f880000)
  to   space 215040K, 0% used [0x00000007a5c00000,0x00000007a5c00000,0x00000007b2e00000)
 ParOldGen       total 848896K, used 254008K [0x00000006c0000000, 0x00000006f3d00000, 0x000000076ab00000)
  object space 848896K, 29% used [0x00000006c0000000,0x00000006cf80e0e0,0x00000006f3d00000)
 Metaspace       used 7626K, capacity 7960K, committed 8192K, reserved 1056768K
  class space    used 696K, capacity 720K, committed 768K, reserved 1048576K
}
Event: 30.336 GC heap before
{Heap before GC invocations=25 (full 7):
 PSYoungGen      total 865792K, used 677888K [0x000000076ab00000, 0x00000007b2e00000, 0x00000007c0000000)
  eden space 677888K, 100% used [0x000000076ab00000,0x0000000794100000,0x0000000794100000)
  from space 187904K, 0% used [0x0000000794100000,0x0000000794100000,0x000000079f880000)
  to   space 215040K, 0% used [0x00000007a5c00000,0x00000007a5c00000,0x00000007b2e00000)
 ParOldGen       total 848896K, used 254014K [0x00000006c0000000, 0x00000006f3d00000, 0x000000076ab00000)
  object space 848896K, 29% used [0x00000006c0000000,0x00000006cf80f8f8,0x00000006f3d00000)
 Metaspace       used 7629K, capacity 7960K, committed 8192K, reserved 1056768K
  class space    used 696K, capacity 720K, committed 768K, reserved 1048576K
Event: 30.415 GC heap after
Heap after GC invocations=25 (full 7):
 PSYoungGen      total 910336K, used 92379K [0x000000076ab00000, 0x00000007b0780000, 0x00000007c0000000)
  eden space 734720K, 0% used [0x000000076ab00000,0x000000076ab00000,0x0000000797880000)
  from space 175616K, 52% used [0x00000007a5c00000,0x00000007ab636d60,0x00000007b0780000)
  to   space 204288K, 0% used [0x0000000797880000,0x0000000797880000,0x00000007a4000000)
 ParOldGen       total 848896K, used 254014K [0x00000006c0000000, 0x00000006f3d00000, 0x000000076ab00000)
  object space 848896K, 29% used [0x00000006c0000000,0x00000006cf80f8f8,0x00000006f3d00000)
 Metaspace       used 7629K, capacity 7960K, committed 8192K, reserved 1056768K
  class space    used 696K, capacity 720K, committed 768K, reserved 1048576K
}
Event: 33.038 GC heap before
{Heap before GC invocations=26 (full 7):
 PSYoungGen      total 910336K, used 827099K [0x000000076ab00000, 0x00000007b0780000, 0x00000007c0000000)
  eden space 734720K, 100% used [0x000000076ab00000,0x0000000797880000,0x0000000797880000)
  from space 175616K, 52% used [0x00000007a5c00000,0x00000007ab636d60,0x00000007b0780000)
  to   space 204288K, 0% used [0x0000000797880000,0x0000000797880000,0x00000007a4000000)
 ParOldGen       total 848896K, used 254015K [0x00000006c0000000, 0x00000006f3d00000, 0x000000076ab00000)
  object space 848896K, 29% used [0x00000006c0000000,0x00000006cf80ff60,0x00000006f3d00000)
 Metaspace       used 7632K, capacity 7960K, committed 8192K, reserved 1056768K
  class space    used 697K, capacity 720K, committed 768K, reserved 1048576K
Event: 33.151 GC heap after
Heap after GC invocations=26 (full 7):
 PSYoungGen      total 939008K, used 189286K [0x000000076ab00000, 0x00000007b6f00000, 0x00000007c0000000)
  eden space 734720K, 0% used [0x000000076ab00000,0x000000076ab00000,0x0000000797880000)
  from space 204288K, 92% used [0x0000000797880000,0x00000007a3159bd8,0x00000007a4000000)
  to   space 230400K, 0% used [0x00000007a8e00000,0x00000007a8e00000,0x00000007b6f00000)
 ParOldGen       total 848896K, used 254015K [0x00000006c0000000, 0x00000006f3d00000, 0x000000076ab00000)
  object space 848896K, 29% used [0x00000006c0000000,0x00000006cf80ff60,0x00000006f3d00000)
 Metaspace       used 7632K, capacity 7960K, committed 8192K, reserved 1056768K
  class space    used 697K, capacity 720K, committed 768K, reserved 1048576K
}
Event: 34.662 GC heap before
{Heap before GC invocations=27 (full 7):
 PSYoungGen      total 939008K, used 924006K [0x000000076ab00000, 0x00000007b6f00000, 0x00000007c0000000)
  eden space 734720K, 100% used [0x000000076ab00000,0x0000000797880000,0x0000000797880000)
  from space 204288K, 92% used [0x0000000797880000,0x00000007a3159bd8,0x00000007a4000000)
  to   space 230400K, 0% used [0x00000007a8e00000,0x00000007a8e00000,0x00000007b6f00000)
 ParOldGen       total 848896K, used 254015K [0x00000006c0000000, 0x00000006f3d00000, 0x000000076ab00000)
  object space 848896K, 29% used [0x00000006c0000000,0x00000006cf80ff60,0x00000006f3d00000)
 Metaspace       used 7633K, capacity 7960K, committed 8192K, reserved 1056768K
  class space    used 697K, capacity 720K, committed 768K, reserved 1048576K
Event: 34.839 GC heap after
Heap after GC invocations=27 (full 7):
 PSYoungGen      total 965120K, used 230377K [0x000000076ab00000, 0x00000007b6f00000, 0x00000007c0000000)
  eden space 734720K, 0% used [0x000000076ab00000,0x000000076ab00000,0x0000000797880000)
  from space 230400K, 99% used [0x00000007a8e00000,0x00000007b6efa440,0x00000007b6f00000)
  to   space 204288K, 0% used [0x0000000797880000,0x0000000797880000,0x00000007a4000000)
 ParOldGen       total 848896K, used 305884K [0x00000006c0000000, 0x00000006f3d00000, 0x000000076ab00000)
  object space 848896K, 36% used [0x00000006c0000000,0x00000006d2ab7258,0x00000006f3d00000)
 Metaspace       used 7633K, capacity 7960K, committed 8192K, reserved 1056768K
  class space    used 697K, capacity 720K, committed 768K, reserved 1048576K
}
Event: 37.404 GC heap before
{Heap before GC invocations=28 (full 7):
 PSYoungGen      total 965120K, used 965097K [0x000000076ab00000, 0x00000007b6f00000, 0x00000007c0000000)
  eden space 734720K, 100% used [0x000000076ab00000,0x0000000797880000,0x0000000797880000)
  from space 230400K, 99% used [0x00000007a8e00000,0x00000007b6efa440,0x00000007b6f00000)
  to   space 204288K, 0% used [0x0000000797880000,0x0000000797880000,0x00000007a4000000)
 ParOldGen       total 848896K, used 305884K [0x00000006c0000000, 0x00000006f3d00000, 0x000000076ab00000)
  object space 848896K, 36% used [0x00000006c0000000,0x00000006d2ab7258,0x00000006f3d00000)
 Metaspace       used 7633K, capacity 7960K, committed 8192K, reserved 1056768K
  class space    used 697K, capacity 720K, committed 768K, reserved 1048576K
Event: 37.612 GC heap after
Heap after GC invocations=28 (full 7):
 PSYoungGen      total 939008K, used 204278K [0x000000076ab00000, 0x00000007b6f00000, 0x00000007c0000000)
  eden space 734720K, 0% used [0x000000076ab00000,0x000000076ab00000,0x0000000797880000)
  from space 204288K, 99% used [0x0000000797880000,0x00000007a3ffd960,0x00000007a4000000)
  to   space 230400K, 0% used [0x00000007a8e00000,0x00000007a8e00000,0x00000007b6f00000)
 ParOldGen       total 848896K, used 463016K [0x00000006c0000000, 0x00000006f3d00000, 0x000000076ab00000)
  object space 848896K, 54% used [0x00000006c0000000,0x00000006dc42a398,0x00000006f3d00000)
 Metaspace       used 7633K, capacity 7960K, committed 8192K, reserved 1056768K
  class space    used 697K, capacity 720K, committed 768K, reserved 1048576K
}
Event: 38.568 GC heap before
{Heap before GC invocations=29 (full 7):
 PSYoungGen      total 939008K, used 938998K [0x000000076ab00000, 0x00000007b6f00000, 0x00000007c0000000)
  eden space 734720K, 100% used [0x000000076ab00000,0x0000000797880000,0x0000000797880000)
  from space 204288K, 99% used [0x0000000797880000,0x00000007a3ffd960,0x00000007a4000000)
  to   space 230400K, 0% used [0x00000007a8e00000,0x00000007a8e00000,0x00000007b6f00000)
 ParOldGen       total 848896K, used 463016K [0x00000006c0000000, 0x00000006f3d00000, 0x000000076ab00000)
  object space 848896K, 54% used [0x00000006c0000000,0x00000006dc42a398,0x00000006f3d00000)
 Metaspace       used 7657K, capacity 7960K, committed 8192K, reserved 1056768K
  class space    used 698K, capacity 720K, committed 768K, reserved 1048576K

