# JRE version: OpenJDK Runtime Environment (8.0_152-b01) (build 1.8.0_152-release-915-b01)
# Java VM: OpenJDK 64-Bit Server VM (25.152-b01 mixed mode windows-amd64 compressed oops)
Heap:
 PSYoungGen      total 903168K, used 460253K [0x000000076ab00000, 0x00000007b4a00000, 0x00000007c0000000)
  eden space 676864K, 58% used [0x000000076ab00000,0x0000000782b008e8,0x0000000794000000)
  from space 226304K, 29% used [0x00000007a2d80000,0x00000007a6ef6ed8,0x00000007b0a80000)
  to   space 243200K, 0% used [0x0000000794000000,0x0000000794000000,0x00000007a2d80000)
 ParOldGen       total 873472K, used 577231K [0x00000006c0000000, 0x00000006f5500000, 0x000000076ab00000)
  object space 873472K, 66% used [0x00000006c0000000,0x00000006e33b3c10,0x00000006f5500000)
 Metaspace       used 6619K, capacity 7286K, committed 7552K, reserved 1056768K
  class space    used 607K, capacity 622K, committed 640K, reserved 1048576K
GC Heap History (10 events):
Event: 12.334 GC heap before
{Heap before GC invocations=16 (full 2):
 PSYoungGen      total 647680K, used 647649K [0x000000076ab00000, 0x00000007a4d00000, 0x00000007c0000000)
  eden space 510464K, 100% used [0x000000076ab00000,0x0000000789d80000,0x0000000789d80000)
  from space 137216K, 99% used [0x0000000789d80000,0x0000000792378508,0x0000000792380000)
  to   space 173568K, 0% used [0x000000079a380000,0x000000079a380000,0x00000007a4d00000)
 ParOldGen       total 352256K, used 262781K [0x00000006c0000000, 0x00000006d5800000, 0x000000076ab00000)
  object space 352256K, 74% used [0x00000006c0000000,0x00000006d009f470,0x00000006d5800000)
 Metaspace       used 6609K, capacity 7286K, committed 7552K, reserved 1056768K
  class space    used 606K, capacity 622K, committed 640K, reserved 1048576K
Event: 12.515 GC heap after
Heap after GC invocations=16 (full 2):
 PSYoungGen      total 766464K, used 124638K [0x000000076ab00000, 0x00000007a6180000, 0x00000007c0000000)
  eden space 592896K, 0% used [0x000000076ab00000,0x000000076ab00000,0x000000078ee00000)
  from space 173568K, 71% used [0x000000079a380000,0x00000007a1d37a48,0x00000007a4d00000)
  to   space 185856K, 0% used [0x000000078ee00000,0x000000078ee00000,0x000000079a380000)
 ParOldGen       total 357376K, used 356695K [0x00000006c0000000, 0x00000006d5d00000, 0x000000076ab00000)
  object space 357376K, 99% used [0x00000006c0000000,0x00000006d5c55c40,0x00000006d5d00000)
 Metaspace       used 6609K, capacity 7286K, committed 7552K, reserved 1056768K
  class space    used 606K, capacity 622K, committed 640K, reserved 1048576K
}
Event: 12.515 GC heap before
{Heap before GC invocations=17 (full 3):
 PSYoungGen      total 766464K, used 124638K [0x000000076ab00000, 0x00000007a6180000, 0x00000007c0000000)
  eden space 592896K, 0% used [0x000000076ab00000,0x000000076ab00000,0x000000078ee00000)
  from space 173568K, 71% used [0x000000079a380000,0x00000007a1d37a48,0x00000007a4d00000)
  to   space 185856K, 0% used [0x000000078ee00000,0x000000078ee00000,0x000000079a380000)
 ParOldGen       total 357376K, used 356695K [0x00000006c0000000, 0x00000006d5d00000, 0x000000076ab00000)
  object space 357376K, 99% used [0x00000006c0000000,0x00000006d5c55c40,0x00000006d5d00000)
 Metaspace       used 6609K, capacity 7286K, committed 7552K, reserved 1056768K
  class space    used 606K, capacity 622K, committed 640K, reserved 1048576K
Event: 14.093 GC heap after
Heap after GC invocations=17 (full 3):
 PSYoungGen      total 766464K, used 117804K [0x000000076ab00000, 0x00000007a6180000, 0x00000007c0000000)
  eden space 592896K, 0% used [0x000000076ab00000,0x000000076ab00000,0x000000078ee00000)
  from space 173568K, 67% used [0x000000079a380000,0x00000007a168b0f8,0x00000007a4d00000)
  to   space 185856K, 0% used [0x000000078ee00000,0x000000078ee00000,0x000000079a380000)
 ParOldGen       total 577536K, used 356907K [0x00000006c0000000, 0x00000006e3400000, 0x000000076ab00000)
  object space 577536K, 61% used [0x00000006c0000000,0x00000006d5c8afc0,0x00000006e3400000)
 Metaspace       used 6609K, capacity 7286K, committed 7552K, reserved 1056768K
  class space    used 606K, capacity 622K, committed 640K, reserved 1048576K
}
Event: 15.422 GC heap before
{Heap before GC invocations=18 (full 3):
 PSYoungGen      total 766464K, used 710700K [0x000000076ab00000, 0x00000007a6180000, 0x00000007c0000000)
  eden space 592896K, 100% used [0x000000076ab00000,0x000000078ee00000,0x000000078ee00000)
  from space 173568K, 67% used [0x000000079a380000,0x00000007a168b0f8,0x00000007a4d00000)
  to   space 185856K, 0% used [0x000000078ee00000,0x000000078ee00000,0x000000079a380000)
 ParOldGen       total 577536K, used 356907K [0x00000006c0000000, 0x00000006e3400000, 0x000000076ab00000)
  object space 577536K, 61% used [0x00000006c0000000,0x00000006d5c8afc0,0x00000006e3400000)
 Metaspace       used 6610K, capacity 7286K, committed 7552K, reserved 1056768K
  class space    used 606K, capacity 622K, committed 640K, reserved 1048576K
Event: 15.577 GC heap after
Heap after GC invocations=18 (full 3):
 PSYoungGen      total 778752K, used 185852K [0x000000076ab00000, 0x00000007b0a80000, 0x00000007c0000000)
  eden space 592896K, 0% used [0x000000076ab00000,0x000000076ab00000,0x000000078ee00000)
  from space 185856K, 99% used [0x000000078ee00000,0x000000079a37f070,0x000000079a380000)
  to   space 226304K, 0% used [0x00000007a2d80000,0x00000007a2d80000,0x00000007b0a80000)
 ParOldGen       total 577536K, used 379673K [0x00000006c0000000, 0x00000006e3400000, 0x000000076ab00000)
  object space 577536K, 65% used [0x00000006c0000000,0x00000006d72c6740,0x00000006e3400000)
 Metaspace       used 6610K, capacity 7286K, committed 7552K, reserved 1056768K
  class space    used 606K, capacity 622K, committed 640K, reserved 1048576K
}
Event: 16.386 GC heap before
{Heap before GC invocations=19 (full 3):
 PSYoungGen      total 778752K, used 778748K [0x000000076ab00000, 0x00000007b0a80000, 0x00000007c0000000)
  eden space 592896K, 100% used [0x000000076ab00000,0x000000078ee00000,0x000000078ee00000)
  from space 185856K, 99% used [0x000000078ee00000,0x000000079a37f070,0x000000079a380000)
  to   space 226304K, 0% used [0x00000007a2d80000,0x00000007a2d80000,0x00000007b0a80000)
 ParOldGen       total 577536K, used 379673K [0x00000006c0000000, 0x00000006e3400000, 0x000000076ab00000)
  object space 577536K, 65% used [0x00000006c0000000,0x00000006d72c6740,0x00000006e3400000)
 Metaspace       used 6619K, capacity 7286K, committed 7552K, reserved 1056768K
  class space    used 607K, capacity 622K, committed 640K, reserved 1048576K
Event: 16.655 GC heap after
Heap after GC invocations=19 (full 3):
 PSYoungGen      total 903168K, used 167332K [0x000000076ab00000, 0x00000007b4a00000, 0x00000007c0000000)
  eden space 676864K, 0% used [0x000000076ab00000,0x000000076ab00000,0x0000000794000000)
  from space 226304K, 73% used [0x00000007a2d80000,0x00000007ad0e9280,0x00000007b0a80000)
  to   space 243200K, 0% used [0x0000000794000000,0x0000000794000000,0x00000007a2d80000)
 ParOldGen       total 577536K, used 488227K [0x00000006c0000000, 0x00000006e3400000, 0x000000076ab00000)
  object space 577536K, 84% used [0x00000006c0000000,0x00000006ddcc8de0,0x00000006e3400000)
 Metaspace       used 6619K, capacity 7286K, committed 7552K, reserved 1056768K
  class space    used 607K, capacity 622K, committed 640K, reserved 1048576K
}
Event: 16.655 GC heap before
{Heap before GC invocations=20 (full 4):
 PSYoungGen      total 903168K, used 167332K [0x000000076ab00000, 0x00000007b4a00000, 0x00000007c0000000)
  eden space 676864K, 0% used [0x000000076ab00000,0x000000076ab00000,0x0000000794000000)
  from space 226304K, 73% used [0x00000007a2d80000,0x00000007ad0e9280,0x00000007b0a80000)
  to   space 243200K, 0% used [0x0000000794000000,0x0000000794000000,0x00000007a2d80000)
 ParOldGen       total 577536K, used 488227K [0x00000006c0000000, 0x00000006e3400000, 0x000000076ab00000)
  object space 577536K, 84% used [0x00000006c0000000,0x00000006ddcc8de0,0x00000006e3400000)
 Metaspace       used 6619K, capacity 7286K, committed 7552K, reserved 1056768K
  class space    used 607K, capacity 622K, committed 640K, reserved 1048576K
Event: 18.390 GC heap after
Heap after GC invocations=20 (full 4):
 PSYoungGen      total 903168K, used 67035K [0x000000076ab00000, 0x00000007b4a00000, 0x00000007c0000000)
  eden space 676864K, 0% used [0x000000076ab00000,0x000000076ab00000,0x0000000794000000)
  from space 226304K, 29% used [0x00000007a2d80000,0x00000007a6ef6ed8,0x00000007b0a80000)
  to   space 243200K, 0% used [0x0000000794000000,0x0000000794000000,0x00000007a2d80000)
 ParOldGen       total 873472K, used 577231K [0x00000006c0000000, 0x00000006f5500000, 0x000000076ab00000)
  object space 873472K, 66% used [0x00000006c0000000,0x00000006e33b3c10,0x00000006f5500000)
 Metaspace       used 6619K, capacity 7286K, committed 7552K, reserved 1056768K
  class space    used 607K, capacity 622K, committed 640K, reserved 1048576K
}

