# JRE version: OpenJDK Runtime Environment (8.0_152-b01) (build 1.8.0_152-release-915-b01)
# Java VM: OpenJDK 64-Bit Server VM (25.152-b01 mixed mode windows-amd64 compressed oops)
Heap:
 PSYoungGen      total 919040K, used 91986K [0x000000076ab00000, 0x00000007c0000000, 0x00000007c0000000)
  eden space 594944K, 15% used [0x000000076ab00000,0x00000007704d4888,0x000000078f000000)
  from space 324096K, 0% used [0x00000007ac380000,0x00000007ac380000,0x00000007c0000000)
  to   space 401408K, 0% used [0x000000078f000000,0x000000078f000000,0x00000007a7800000)
 ParOldGen       total 1159680K, used 804819K [0x00000006c0000000, 0x0000000706c80000, 0x000000076ab00000)
  object space 1159680K, 69% used [0x00000006c0000000,0x00000006f11f4fb0,0x0000000706c80000)
 Metaspace       used 7012K, capacity 7640K, committed 7936K, reserved 1056768K
  class space    used 626K, capacity 656K, committed 768K, reserved 1048576K
GC Heap History (10 events):
Event: 12.737 GC heap before
{Heap before GC invocations=21 (full 4):
 PSYoungGen      total 929792K, used 238054K [0x000000076ab00000, 0x00000007be700000, 0x00000007c0000000)
  eden space 691712K, 0% used [0x000000076ab00000,0x000000076ab00000,0x0000000794e80000)
  from space 238080K, 99% used [0x0000000794e80000,0x00000007a36f9b08,0x00000007a3700000)
  to   space 290304K, 0% used [0x00000007acb80000,0x00000007acb80000,0x00000007be700000)
 ParOldGen       total 576000K, used 502257K [0x00000006c0000000, 0x00000006e3280000, 0x000000076ab00000)
  object space 576000K, 87% used [0x00000006c0000000,0x00000006dea7c540,0x00000006e3280000)
 Metaspace       used 6628K, capacity 7286K, committed 7552K, reserved 1056768K
  class space    used 607K, capacity 622K, committed 640K, reserved 1048576K
Event: 14.565 GC heap after
Heap after GC invocations=21 (full 4):
 PSYoungGen      total 929792K, used 155495K [0x000000076ab00000, 0x00000007be700000, 0x00000007c0000000)
  eden space 691712K, 0% used [0x000000076ab00000,0x000000076ab00000,0x0000000794e80000)
  from space 238080K, 65% used [0x0000000794e80000,0x000000079e659f88,0x00000007a3700000)
  to   space 290304K, 0% used [0x00000007acb80000,0x00000007acb80000,0x00000007be700000)
 ParOldGen       total 856576K, used 575965K [0x00000006c0000000, 0x00000006f4480000, 0x000000076ab00000)
  object space 856576K, 67% used [0x00000006c0000000,0x00000006e3277640,0x00000006f4480000)
 Metaspace       used 6628K, capacity 7286K, committed 7552K, reserved 1056768K
  class space    used 607K, capacity 622K, committed 640K, reserved 1048576K
}
Event: 15.477 GC heap before
{Heap before GC invocations=22 (full 4):
 PSYoungGen      total 929792K, used 847207K [0x000000076ab00000, 0x00000007be700000, 0x00000007c0000000)
  eden space 691712K, 100% used [0x000000076ab00000,0x0000000794e80000,0x0000000794e80000)
  from space 238080K, 65% used [0x0000000794e80000,0x000000079e659f88,0x00000007a3700000)
  to   space 290304K, 0% used [0x00000007acb80000,0x00000007acb80000,0x00000007be700000)
 ParOldGen       total 856576K, used 575965K [0x00000006c0000000, 0x00000006f4480000, 0x000000076ab00000)
  object space 856576K, 67% used [0x00000006c0000000,0x00000006e3277640,0x00000006f4480000)
 Metaspace       used 6733K, capacity 7384K, committed 7680K, reserved 1056768K
  class space    used 613K, capacity 656K, committed 768K, reserved 1048576K
Event: 15.809 GC heap after
Heap after GC invocations=22 (full 4):
 PSYoungGen      total 1052160K, used 143909K [0x000000076ab00000, 0x00000007bd400000, 0x00000007c0000000)
  eden space 781312K, 0% used [0x000000076ab00000,0x000000076ab00000,0x000000079a600000)
  from space 270848K, 53% used [0x00000007acb80000,0x00000007b5809450,0x00000007bd400000)
  to   space 285696K, 0% used [0x000000079a600000,0x000000079a600000,0x00000007abd00000)
 ParOldGen       total 856576K, used 690169K [0x00000006c0000000, 0x00000006f4480000, 0x000000076ab00000)
  object space 856576K, 80% used [0x00000006c0000000,0x00000006ea1fe7e8,0x00000006f4480000)
 Metaspace       used 6733K, capacity 7384K, committed 7680K, reserved 1056768K
  class space    used 613K, capacity 656K, committed 768K, reserved 1048576K
}
Event: 17.070 GC heap before
{Heap before GC invocations=23 (full 4):
 PSYoungGen      total 1052160K, used 925221K [0x000000076ab00000, 0x00000007bd400000, 0x00000007c0000000)
  eden space 781312K, 100% used [0x000000076ab00000,0x000000079a600000,0x000000079a600000)
  from space 270848K, 53% used [0x00000007acb80000,0x00000007b5809450,0x00000007bd400000)
  to   space 285696K, 0% used [0x000000079a600000,0x000000079a600000,0x00000007abd00000)
 ParOldGen       total 856576K, used 690169K [0x00000006c0000000, 0x00000006f4480000, 0x000000076ab00000)
  object space 856576K, 80% used [0x00000006c0000000,0x00000006ea1fe7e8,0x00000006f4480000)
 Metaspace       used 7000K, capacity 7640K, committed 7936K, reserved 1056768K
  class space    used 625K, capacity 656K, committed 768K, reserved 1048576K
Event: 17.292 GC heap after
Heap after GC invocations=23 (full 4):
 PSYoungGen      total 1067008K, used 261635K [0x000000076ab00000, 0x00000007c0000000, 0x00000007c0000000)
  eden space 781312K, 0% used [0x000000076ab00000,0x000000076ab00000,0x000000079a600000)
  from space 285696K, 91% used [0x000000079a600000,0x00000007aa580f68,0x00000007abd00000)
  to   space 324096K, 0% used [0x00000007ac380000,0x00000007ac380000,0x00000007c0000000)
 ParOldGen       total 856576K, used 690177K [0x00000006c0000000, 0x00000006f4480000, 0x000000076ab00000)
  object space 856576K, 80% used [0x00000006c0000000,0x00000006ea2007e8,0x00000006f4480000)
 Metaspace       used 7000K, capacity 7640K, committed 7936K, reserved 1056768K
  class space    used 625K, capacity 656K, committed 768K, reserved 1048576K
}
Event: 18.337 GC heap before
{Heap before GC invocations=24 (full 4):
 PSYoungGen      total 1067008K, used 1042947K [0x000000076ab00000, 0x00000007c0000000, 0x00000007c0000000)
  eden space 781312K, 100% used [0x000000076ab00000,0x000000079a600000,0x000000079a600000)
  from space 285696K, 91% used [0x000000079a600000,0x00000007aa580f68,0x00000007abd00000)
  to   space 324096K, 0% used [0x00000007ac380000,0x00000007ac380000,0x00000007c0000000)
 ParOldGen       total 856576K, used 690177K [0x00000006c0000000, 0x00000006f4480000, 0x000000076ab00000)
  object space 856576K, 80% used [0x00000006c0000000,0x00000006ea2007e8,0x00000006f4480000)
 Metaspace       used 7012K, capacity 7640K, committed 7936K, reserved 1056768K
  class space    used 626K, capacity 656K, committed 768K, reserved 1048576K
Event: 18.664 GC heap after
Heap after GC invocations=24 (full 4):
 PSYoungGen      total 919040K, used 324088K [0x000000076ab00000, 0x00000007c0000000, 0x00000007c0000000)
  eden space 594944K, 0% used [0x000000076ab00000,0x000000076ab00000,0x000000078f000000)
  from space 324096K, 99% used [0x00000007ac380000,0x00000007bfffe0e8,0x00000007c0000000)
  to   space 401408K, 0% used [0x000000078f000000,0x000000078f000000,0x00000007a7800000)
 ParOldGen       total 856576K, used 755100K [0x00000006c0000000, 0x00000006f4480000, 0x000000076ab00000)
  object space 856576K, 88% used [0x00000006c0000000,0x00000006ee167308,0x00000006f4480000)
 Metaspace       used 7012K, capacity 7640K, committed 7936K, reserved 1056768K
  class space    used 626K, capacity 656K, committed 768K, reserved 1048576K
}
Event: 18.664 GC heap before
{Heap before GC invocations=25 (full 5):
 PSYoungGen      total 919040K, used 324088K [0x000000076ab00000, 0x00000007c0000000, 0x00000007c0000000)
  eden space 594944K, 0% used [0x000000076ab00000,0x000000076ab00000,0x000000078f000000)
  from space 324096K, 99% used [0x00000007ac380000,0x00000007bfffe0e8,0x00000007c0000000)
  to   space 401408K, 0% used [0x000000078f000000,0x000000078f000000,0x00000007a7800000)
 ParOldGen       total 856576K, used 755100K [0x00000006c0000000, 0x00000006f4480000, 0x000000076ab00000)
  object space 856576K, 88% used [0x00000006c0000000,0x00000006ee167308,0x00000006f4480000)
 Metaspace       used 7012K, capacity 7640K, committed 7936K, reserved 1056768K
  class space    used 626K, capacity 656K, committed 768K, reserved 1048576K
Event: 22.534 GC heap after
Heap after GC invocations=25 (full 5):
 PSYoungGen      total 919040K, used 0K [0x000000076ab00000, 0x00000007c0000000, 0x00000007c0000000)
  eden space 594944K, 0% used [0x000000076ab00000,0x000000076ab00000,0x000000078f000000)
  from space 324096K, 0% used [0x00000007ac380000,0x00000007ac380000,0x00000007c0000000)
  to   space 401408K, 0% used [0x000000078f000000,0x000000078f000000,0x00000007a7800000)
 ParOldGen       total 1159680K, used 804819K [0x00000006c0000000, 0x0000000706c80000, 0x000000076ab00000)
  object space 1159680K, 69% used [0x00000006c0000000,0x00000006f11f4fb0,0x0000000706c80000)
 Metaspace       used 7012K, capacity 7640K, committed 7936K, reserved 1056768K
  class space    used 626K, capacity 656K, committed 768K, reserved 1048576K
}

