# JRE version: Java(TM) SE Runtime Environment (8.0_151-b12) (build 1.8.0_151-b12)
# Java VM: Java HotSpot(TM) 64-Bit Server VM (25.151-b12 mixed mode windows-amd64 compressed oops)
Heap:
 PSYoungGen      total 1096704K, used 664216K [0x000000076ab00000, 0x00000007bf500000, 0x00000007c0000000)
  eden space 813056K, 47% used [0x000000076ab00000,0x000000078228cd00,0x000000079c500000)
  from space 283648K, 98% used [0x000000079c500000,0x00000007ad619360,0x00000007ada00000)
  to   space 272896K, 0% used [0x00000007ada00000,0x00000007ada00000,0x00000007be480000)
 ParOldGen       total 777216K, used 609694K [0x00000006c0000000, 0x00000006ef700000, 0x000000076ab00000)
  object space 777216K, 78% used [0x00000006c0000000,0x00000006e5367a88,0x00000006ef700000)
 Metaspace       used 6984K, capacity 7544K, committed 7680K, reserved 1056768K
  class space    used 653K, capacity 688K, committed 768K, reserved 1048576K
GC Heap History (10 events):
Event: 11.116 GC heap before
{Heap before GC invocations=17 (full 3):
 PSYoungGen      total 826368K, used 733448K [0x000000076ab00000, 0x00000007adc00000, 0x00000007c0000000)
  eden space 645632K, 100% used [0x000000076ab00000,0x0000000792180000,0x0000000792180000)
  from space 180736K, 48% used [0x0000000792180000,0x0000000797742068,0x000000079d200000)
  to   space 178688K, 0% used [0x00000007a2d80000,0x00000007a2d80000,0x00000007adc00000)
 ParOldGen       total 488448K, used 390951K [0x00000006c0000000, 0x00000006ddd00000, 0x000000076ab00000)
  object space 488448K, 80% used [0x00000006c0000000,0x00000006d7dc9d90,0x00000006ddd00000)
 Metaspace       used 6833K, capacity 7384K, committed 7680K, reserved 1056768K
  class space    used 644K, capacity 656K, committed 768K, reserved 1048576K
Event: 11.241 GC heap after
Heap after GC invocations=17 (full 3):
 PSYoungGen      total 892416K, used 170657K [0x000000076ab00000, 0x00000007b1200000, 0x00000007c0000000)
  eden space 713728K, 0% used [0x000000076ab00000,0x000000076ab00000,0x0000000796400000)
  from space 178688K, 95% used [0x00000007a2d80000,0x00000007ad428680,0x00000007adc00000)
  to   space 206336K, 0% used [0x0000000796400000,0x0000000796400000,0x00000007a2d80000)
 ParOldGen       total 488448K, used 390951K [0x00000006c0000000, 0x00000006ddd00000, 0x000000076ab00000)
  object space 488448K, 80% used [0x00000006c0000000,0x00000006d7dc9d90,0x00000006ddd00000)
 Metaspace       used 6833K, capacity 7384K, committed 7680K, reserved 1056768K
  class space    used 644K, capacity 656K, committed 768K, reserved 1048576K
}
Event: 12.513 GC heap before
{Heap before GC invocations=18 (full 3):
 PSYoungGen      total 892416K, used 884385K [0x000000076ab00000, 0x00000007b1200000, 0x00000007c0000000)
  eden space 713728K, 100% used [0x000000076ab00000,0x0000000796400000,0x0000000796400000)
  from space 178688K, 95% used [0x00000007a2d80000,0x00000007ad428680,0x00000007adc00000)
  to   space 206336K, 0% used [0x0000000796400000,0x0000000796400000,0x00000007a2d80000)
 ParOldGen       total 488448K, used 390951K [0x00000006c0000000, 0x00000006ddd00000, 0x000000076ab00000)
  object space 488448K, 80% used [0x00000006c0000000,0x00000006d7dc9d90,0x00000006ddd00000)
 Metaspace       used 6836K, capacity 7384K, committed 7680K, reserved 1056768K
  class space    used 644K, capacity 656K, committed 768K, reserved 1048576K
Event: 12.700 GC heap after
Heap after GC invocations=18 (full 3):
 PSYoungGen      total 920064K, used 206313K [0x000000076ab00000, 0x00000007be480000, 0x00000007c0000000)
  eden space 713728K, 0% used [0x000000076ab00000,0x000000076ab00000,0x0000000796400000)
  from space 206336K, 99% used [0x0000000796400000,0x00000007a2d7a6b0,0x00000007a2d80000)
  to   space 272896K, 0% used [0x00000007ada00000,0x00000007ada00000,0x00000007be480000)
 ParOldGen       total 488448K, used 474784K [0x00000006c0000000, 0x00000006ddd00000, 0x000000076ab00000)
  object space 488448K, 97% used [0x00000006c0000000,0x00000006dcfa8098,0x00000006ddd00000)
 Metaspace       used 6836K, capacity 7384K, committed 7680K, reserved 1056768K
  class space    used 644K, capacity 656K, committed 768K, reserved 1048576K
}
Event: 12.700 GC heap before
{Heap before GC invocations=19 (full 4):
 PSYoungGen      total 920064K, used 206313K [0x000000076ab00000, 0x00000007be480000, 0x00000007c0000000)
  eden space 713728K, 0% used [0x000000076ab00000,0x000000076ab00000,0x0000000796400000)
  from space 206336K, 99% used [0x0000000796400000,0x00000007a2d7a6b0,0x00000007a2d80000)
  to   space 272896K, 0% used [0x00000007ada00000,0x00000007ada00000,0x00000007be480000)
 ParOldGen       total 488448K, used 474784K [0x00000006c0000000, 0x00000006ddd00000, 0x000000076ab00000)
  object space 488448K, 97% used [0x00000006c0000000,0x00000006dcfa8098,0x00000006ddd00000)
 Metaspace       used 6836K, capacity 7384K, committed 7680K, reserved 1056768K
  class space    used 644K, capacity 656K, committed 768K, reserved 1048576K
Event: 14.463 GC heap after
Heap after GC invocations=19 (full 4):
 PSYoungGen      total 920064K, used 184484K [0x000000076ab00000, 0x00000007be480000, 0x00000007c0000000)
  eden space 713728K, 0% used [0x000000076ab00000,0x000000076ab00000,0x0000000796400000)
  from space 206336K, 89% used [0x0000000796400000,0x00000007a1829160,0x00000007a2d80000)
  to   space 272896K, 0% used [0x00000007ada00000,0x00000007ada00000,0x00000007be480000)
 ParOldGen       total 777216K, used 488177K [0x00000006c0000000, 0x00000006ef700000, 0x000000076ab00000)
  object space 777216K, 62% used [0x00000006c0000000,0x00000006ddcbc518,0x00000006ef700000)
 Metaspace       used 6836K, capacity 7384K, committed 7680K, reserved 1056768K
  class space    used 644K, capacity 656K, committed 768K, reserved 1048576K
}
Event: 15.612 GC heap before
{Heap before GC invocations=20 (full 4):
 PSYoungGen      total 920064K, used 898212K [0x000000076ab00000, 0x00000007be480000, 0x00000007c0000000)
  eden space 713728K, 100% used [0x000000076ab00000,0x0000000796400000,0x0000000796400000)
  from space 206336K, 89% used [0x0000000796400000,0x00000007a1829160,0x00000007a2d80000)
  to   space 272896K, 0% used [0x00000007ada00000,0x00000007ada00000,0x00000007be480000)
 ParOldGen       total 777216K, used 488177K [0x00000006c0000000, 0x00000006ef700000, 0x000000076ab00000)
  object space 777216K, 62% used [0x00000006c0000000,0x00000006ddcbc518,0x00000006ef700000)
 Metaspace       used 6836K, capacity 7384K, committed 7680K, reserved 1056768K
  class space    used 644K, capacity 656K, committed 768K, reserved 1048576K
Event: 15.873 GC heap after
Heap after GC invocations=20 (full 4):
 PSYoungGen      total 1085952K, used 174388K [0x000000076ab00000, 0x00000007bf500000, 0x00000007c0000000)
  eden space 813056K, 0% used [0x000000076ab00000,0x000000076ab00000,0x000000079c500000)
  from space 272896K, 63% used [0x00000007ada00000,0x00000007b844d360,0x00000007be480000)
  to   space 283648K, 0% used [0x000000079c500000,0x000000079c500000,0x00000007ada00000)
 ParOldGen       total 777216K, used 609694K [0x00000006c0000000, 0x00000006ef700000, 0x000000076ab00000)
  object space 777216K, 78% used [0x00000006c0000000,0x00000006e5367a88,0x00000006ef700000)
 Metaspace       used 6836K, capacity 7384K, committed 7680K, reserved 1056768K
  class space    used 644K, capacity 656K, committed 768K, reserved 1048576K
}
Event: 17.072 GC heap before
{Heap before GC invocations=21 (full 4):
 PSYoungGen      total 1085952K, used 987444K [0x000000076ab00000, 0x00000007bf500000, 0x00000007c0000000)
  eden space 813056K, 100% used [0x000000076ab00000,0x000000079c500000,0x000000079c500000)
  from space 272896K, 63% used [0x00000007ada00000,0x00000007b844d360,0x00000007be480000)
  to   space 283648K, 0% used [0x000000079c500000,0x000000079c500000,0x00000007ada00000)
 ParOldGen       total 777216K, used 609694K [0x00000006c0000000, 0x00000006ef700000, 0x000000076ab00000)
  object space 777216K, 78% used [0x00000006c0000000,0x00000006e5367a88,0x00000006ef700000)
 Metaspace       used 6947K, capacity 7480K, committed 7680K, reserved 1056768K
  class space    used 651K, capacity 688K, committed 768K, reserved 1048576K
Event: 17.251 GC heap after
Heap after GC invocations=21 (full 4):
 PSYoungGen      total 1096704K, used 279652K [0x000000076ab00000, 0x00000007bf500000, 0x00000007c0000000)
  eden space 813056K, 0% used [0x000000076ab00000,0x000000076ab00000,0x000000079c500000)
  from space 283648K, 98% used [0x000000079c500000,0x00000007ad619360,0x00000007ada00000)
  to   space 272896K, 0% used [0x00000007ada00000,0x00000007ada00000,0x00000007be480000)
 ParOldGen       total 777216K, used 609694K [0x00000006c0000000, 0x00000006ef700000, 0x000000076ab00000)
  object space 777216K, 78% used [0x00000006c0000000,0x00000006e5367a88,0x00000006ef700000)
 Metaspace       used 6947K, capacity 7480K, committed 7680K, reserved 1056768K
  class space    used 651K, capacity 688K, committed 768K, reserved 1048576K
}

