# JRE version: Java(TM) SE Runtime Environment (8.0_151-b12) (build 1.8.0_151-b12)
# Java VM: Java HotSpot(TM) 64-Bit Server VM (25.151-b12 mixed mode windows-amd64 compressed oops)
Heap:
 PSYoungGen      total 986624K, used 898948K [0x000000076ab00000, 0x00000007c0000000, 0x00000007c0000000)
  eden space 724480K, 100% used [0x000000076ab00000,0x0000000796e80000,0x0000000796e80000)
  from space 262144K, 66% used [0x0000000796e80000,0x00000007a18e12b0,0x00000007a6e80000)
  to   space 279040K, 27% used [0x00000007aef80000,0x00000007b3a9ccc0,0x00000007c0000000)
 ParOldGen       total 884224K, used 601613K [0x00000006c0000000, 0x00000006f5f80000, 0x000000076ab00000)
  object space 884224K, 68% used [0x00000006c0000000,0x00000006e4b83650,0x00000006f5f80000)
 Metaspace       used 6871K, capacity 7448K, committed 7680K, reserved 1056768K
  class space    used 644K, capacity 656K, committed 768K, reserved 1048576K
GC Heap History (10 events):
Event: 15.770 GC heap after
Heap after GC invocations=17 (full 3):
 PSYoungGen      total 833536K, used 96475K [0x000000076ab00000, 0x00000007ab200000, 0x00000007c0000000)
  eden space 649216K, 0% used [0x000000076ab00000,0x000000076ab00000,0x0000000792500000)
  from space 184320K, 52% used [0x000000079de00000,0x00000007a3c36e68,0x00000007a9200000)
  to   space 189440K, 0% used [0x0000000792500000,0x0000000792500000,0x000000079de00000)
 ParOldGen       total 597504K, used 382934K [0x00000006c0000000, 0x00000006e4780000, 0x000000076ab00000)
  object space 597504K, 64% used [0x00000006c0000000,0x00000006d75f5b48,0x00000006e4780000)
 Metaspace       used 6725K, capacity 7384K, committed 7680K, reserved 1056768K
  class space    used 637K, capacity 656K, committed 768K, reserved 1048576K
}
Event: 18.327 GC heap before
{Heap before GC invocations=18 (full 3):
 PSYoungGen      total 833536K, used 745691K [0x000000076ab00000, 0x00000007ab200000, 0x00000007c0000000)
  eden space 649216K, 100% used [0x000000076ab00000,0x0000000792500000,0x0000000792500000)
  from space 184320K, 52% used [0x000000079de00000,0x00000007a3c36e68,0x00000007a9200000)
  to   space 189440K, 0% used [0x0000000792500000,0x0000000792500000,0x000000079de00000)
 ParOldGen       total 597504K, used 382934K [0x00000006c0000000, 0x00000006e4780000, 0x000000076ab00000)
  object space 597504K, 64% used [0x00000006c0000000,0x00000006d75f5b48,0x00000006e4780000)
 Metaspace       used 6737K, capacity 7384K, committed 7680K, reserved 1056768K
  class space    used 637K, capacity 656K, committed 768K, reserved 1048576K
Event: 18.628 GC heap after
Heap after GC invocations=18 (full 3):
 PSYoungGen      total 838656K, used 155327K [0x000000076ab00000, 0x00000007b3a80000, 0x00000007c0000000)
  eden space 649216K, 0% used [0x000000076ab00000,0x000000076ab00000,0x0000000792500000)
  from space 189440K, 81% used [0x0000000792500000,0x000000079bcafd88,0x000000079de00000)
  to   space 208896K, 0% used [0x00000007a6e80000,0x00000007a6e80000,0x00000007b3a80000)
 ParOldGen       total 597504K, used 421008K [0x00000006c0000000, 0x00000006e4780000, 0x000000076ab00000)
  object space 597504K, 70% used [0x00000006c0000000,0x00000006d9b24088,0x00000006e4780000)
 Metaspace       used 6737K, capacity 7384K, committed 7680K, reserved 1056768K
  class space    used 637K, capacity 656K, committed 768K, reserved 1048576K
}
Event: 19.168 GC heap before
{Heap before GC invocations=19 (full 3):
 PSYoungGen      total 838656K, used 804543K [0x000000076ab00000, 0x00000007b3a80000, 0x00000007c0000000)
  eden space 649216K, 100% used [0x000000076ab00000,0x0000000792500000,0x0000000792500000)
  from space 189440K, 81% used [0x0000000792500000,0x000000079bcafd88,0x000000079de00000)
  to   space 208896K, 0% used [0x00000007a6e80000,0x00000007a6e80000,0x00000007b3a80000)
 ParOldGen       total 597504K, used 421008K [0x00000006c0000000, 0x00000006e4780000, 0x000000076ab00000)
  object space 597504K, 70% used [0x00000006c0000000,0x00000006d9b24088,0x00000006e4780000)
 Metaspace       used 6741K, capacity 7384K, committed 7680K, reserved 1056768K
  class space    used 637K, capacity 656K, committed 768K, reserved 1048576K
Event: 19.437 GC heap after
Heap after GC invocations=19 (full 3):
 PSYoungGen      total 933376K, used 208867K [0x000000076ab00000, 0x00000007bc980000, 0x00000007c0000000)
  eden space 724480K, 0% used [0x000000076ab00000,0x000000076ab00000,0x0000000796e80000)
  from space 208896K, 99% used [0x00000007a6e80000,0x00000007b3a78d10,0x00000007b3a80000)
  to   space 262144K, 0% used [0x0000000796e80000,0x0000000796e80000,0x00000007a6e80000)
 ParOldGen       total 597504K, used 469440K [0x00000006c0000000, 0x00000006e4780000, 0x000000076ab00000)
  object space 597504K, 78% used [0x00000006c0000000,0x00000006dca70200,0x00000006e4780000)
 Metaspace       used 6741K, capacity 7384K, committed 7680K, reserved 1056768K
  class space    used 637K, capacity 656K, committed 768K, reserved 1048576K
}
Event: 19.995 GC heap before
{Heap before GC invocations=20 (full 3):
 PSYoungGen      total 933376K, used 933347K [0x000000076ab00000, 0x00000007bc980000, 0x00000007c0000000)
  eden space 724480K, 100% used [0x000000076ab00000,0x0000000796e80000,0x0000000796e80000)
  from space 208896K, 99% used [0x00000007a6e80000,0x00000007b3a78d10,0x00000007b3a80000)
  to   space 262144K, 0% used [0x0000000796e80000,0x0000000796e80000,0x00000007a6e80000)
 ParOldGen       total 597504K, used 469440K [0x00000006c0000000, 0x00000006e4780000, 0x000000076ab00000)
  object space 597504K, 78% used [0x00000006c0000000,0x00000006dca70200,0x00000006e4780000)
 Metaspace       used 6744K, capacity 7384K, committed 7680K, reserved 1056768K
  class space    used 638K, capacity 656K, committed 768K, reserved 1048576K
Event: 20.288 GC heap after
Heap after GC invocations=20 (full 3):
 PSYoungGen      total 986624K, used 185711K [0x000000076ab00000, 0x00000007c0000000, 0x00000007c0000000)
  eden space 724480K, 0% used [0x000000076ab00000,0x000000076ab00000,0x0000000796e80000)
  from space 262144K, 70% used [0x0000000796e80000,0x00000007a23dbe18,0x00000007a6e80000)
  to   space 279040K, 0% used [0x00000007aef80000,0x00000007aef80000,0x00000007c0000000)
 ParOldGen       total 599040K, used 598656K [0x00000006c0000000, 0x00000006e4900000, 0x000000076ab00000)
  object space 599040K, 99% used [0x00000006c0000000,0x00000006e48a0088,0x00000006e4900000)
 Metaspace       used 6744K, capacity 7384K, committed 7680K, reserved 1056768K
  class space    used 638K, capacity 656K, committed 768K, reserved 1048576K
}
Event: 20.288 GC heap before
{Heap before GC invocations=21 (full 4):
 PSYoungGen      total 986624K, used 185711K [0x000000076ab00000, 0x00000007c0000000, 0x00000007c0000000)
  eden space 724480K, 0% used [0x000000076ab00000,0x000000076ab00000,0x0000000796e80000)
  from space 262144K, 70% used [0x0000000796e80000,0x00000007a23dbe18,0x00000007a6e80000)
  to   space 279040K, 0% used [0x00000007aef80000,0x00000007aef80000,0x00000007c0000000)
 ParOldGen       total 599040K, used 598656K [0x00000006c0000000, 0x00000006e4900000, 0x000000076ab00000)
  object space 599040K, 99% used [0x00000006c0000000,0x00000006e48a0088,0x00000006e4900000)
 Metaspace       used 6744K, capacity 7384K, committed 7680K, reserved 1056768K
  class space    used 638K, capacity 656K, committed 768K, reserved 1048576K
Event: 24.405 GC heap after
Heap after GC invocations=21 (full 4):
 PSYoungGen      total 986624K, used 174468K [0x000000076ab00000, 0x00000007c0000000, 0x00000007c0000000)
  eden space 724480K, 0% used [0x000000076ab00000,0x000000076ab00000,0x0000000796e80000)
  from space 262144K, 66% used [0x0000000796e80000,0x00000007a18e12b0,0x00000007a6e80000)
  to   space 279040K, 0% used [0x00000007aef80000,0x00000007aef80000,0x00000007c0000000)
 ParOldGen       total 884224K, used 598609K [0x00000006c0000000, 0x00000006f5f80000, 0x000000076ab00000)
  object space 884224K, 67% used [0x00000006c0000000,0x00000006e4894670,0x00000006f5f80000)
 Metaspace       used 6744K, capacity 7384K, committed 7680K, reserved 1056768K
  class space    used 638K, capacity 656K, committed 768K, reserved 1048576K
}
Event: 26.173 GC heap before
{Heap before GC invocations=22 (full 4):
 PSYoungGen      total 986624K, used 898948K [0x000000076ab00000, 0x00000007c0000000, 0x00000007c0000000)
  eden space 724480K, 100% used [0x000000076ab00000,0x0000000796e80000,0x0000000796e80000)
  from space 262144K, 66% used [0x0000000796e80000,0x00000007a18e12b0,0x00000007a6e80000)
  to   space 279040K, 0% used [0x00000007aef80000,0x00000007aef80000,0x00000007c0000000)
 ParOldGen       total 884224K, used 598609K [0x00000006c0000000, 0x00000006f5f80000, 0x000000076ab00000)
  object space 884224K, 67% used [0x00000006c0000000,0x00000006e4894670,0x00000006f5f80000)
 Metaspace       used 6871K, capacity 7448K, committed 7680K, reserved 1056768K
  class space    used 644K, capacity 656K, committed 768K, reserved 1048576K

