# JRE version: OpenJDK Runtime Environment (8.0_152-b01) (build 1.8.0_152-release-915-b01)
# Java VM: OpenJDK 64-Bit Server VM (25.152-b01 mixed mode windows-amd64 compressed oops)
Heap:
 PSYoungGen      total 946688K, used 120059K [0x000000076ab00000, 0x00000007c0000000, 0x00000007c0000000)
  eden space 484864K, 8% used [0x000000076ab00000,0x000000076d57eb30,0x0000000788480000)
  from space 461824K, 16% used [0x00000007a3d00000,0x00000007a87c0350,0x00000007c0000000)
  to   space 451072K, 0% used [0x0000000788480000,0x0000000788480000,0x00000007a3d00000)
 ParOldGen       total 1078784K, used 731077K [0x00000006c0000000, 0x0000000701d80000, 0x000000076ab00000)
  object space 1078784K, 67% used [0x00000006c0000000,0x00000006ec9f14f8,0x0000000701d80000)
 Metaspace       used 7425K, capacity 7864K, committed 8192K, reserved 1056768K
  class space    used 657K, capacity 688K, committed 768K, reserved 1048576K
GC Heap History (10 events):
Event: 16.656 GC heap before
{Heap before GC invocations=23 (full 4):
 PSYoungGen      total 1013248K, used 1013221K [0x000000076ab00000, 0x00000007c0000000, 0x00000007c0000000)
  eden space 737280K, 100% used [0x000000076ab00000,0x0000000797b00000,0x0000000797b00000)
  from space 275968K, 99% used [0x00000007ad880000,0x00000007be5f9748,0x00000007be600000)
  to   space 330240K, 0% used [0x0000000797b00000,0x0000000797b00000,0x00000007abd80000)
 ParOldGen       total 839680K, used 579924K [0x00000006c0000000, 0x00000006f3400000, 0x000000076ab00000)
  object space 839680K, 69% used [0x00000006c0000000,0x00000006e3655390,0x00000006f3400000)
 Metaspace       used 7005K, capacity 7640K, committed 7936K, reserved 1056768K
  class space    used 626K, capacity 656K, committed 768K, reserved 1048576K
Event: 16.905 GC heap after
Heap after GC invocations=23 (full 4):
 PSYoungGen      total 1046016K, used 308492K [0x000000076ab00000, 0x00000007c0000000, 0x00000007c0000000)
  eden space 737280K, 0% used [0x000000076ab00000,0x000000076ab00000,0x0000000797b00000)
  from space 308736K, 99% used [0x0000000797b00000,0x00000007aa8433a0,0x00000007aa880000)
  to   space 351744K, 0% used [0x00000007aa880000,0x00000007aa880000,0x00000007c0000000)
 ParOldGen       total 839680K, used 666165K [0x00000006c0000000, 0x00000006f3400000, 0x000000076ab00000)
  object space 839680K, 79% used [0x00000006c0000000,0x00000006e8a8d680,0x00000006f3400000)
 Metaspace       used 7005K, capacity 7640K, committed 7936K, reserved 1056768K
  class space    used 626K, capacity 656K, committed 768K, reserved 1048576K
}
Event: 18.014 GC heap before
{Heap before GC invocations=24 (full 4):
 PSYoungGen      total 1046016K, used 1045772K [0x000000076ab00000, 0x00000007c0000000, 0x00000007c0000000)
  eden space 737280K, 100% used [0x000000076ab00000,0x0000000797b00000,0x0000000797b00000)
  from space 308736K, 99% used [0x0000000797b00000,0x00000007aa8433a0,0x00000007aa880000)
  to   space 351744K, 0% used [0x00000007aa880000,0x00000007aa880000,0x00000007c0000000)
 ParOldGen       total 839680K, used 666165K [0x00000006c0000000, 0x00000006f3400000, 0x000000076ab00000)
  object space 839680K, 79% used [0x00000006c0000000,0x00000006e8a8d680,0x00000006f3400000)
 Metaspace       used 7012K, capacity 7640K, committed 7936K, reserved 1056768K
  class space    used 626K, capacity 656K, committed 768K, reserved 1048576K
Event: 18.230 GC heap after
Heap after GC invocations=24 (full 4):
 PSYoungGen      total 883200K, used 351733K [0x000000076ab00000, 0x00000007c0000000, 0x00000007c0000000)
  eden space 531456K, 0% used [0x000000076ab00000,0x000000076ab00000,0x000000078b200000)
  from space 351744K, 99% used [0x00000007aa880000,0x00000007bfffd458,0x00000007c0000000)
  to   space 433152K, 0% used [0x000000078b200000,0x000000078b200000,0x00000007a5900000)
 ParOldGen       total 839680K, used 669070K [0x00000006c0000000, 0x00000006f3400000, 0x000000076ab00000)
  object space 839680K, 79% used [0x00000006c0000000,0x00000006e8d63b70,0x00000006f3400000)
 Metaspace       used 7012K, capacity 7640K, committed 7936K, reserved 1056768K
  class space    used 626K, capacity 656K, committed 768K, reserved 1048576K
}
Event: 19.041 GC heap before
{Heap before GC invocations=25 (full 4):
 PSYoungGen      total 883200K, used 883189K [0x000000076ab00000, 0x00000007c0000000, 0x00000007c0000000)
  eden space 531456K, 100% used [0x000000076ab00000,0x000000078b200000,0x000000078b200000)
  from space 351744K, 99% used [0x00000007aa880000,0x00000007bfffd458,0x00000007c0000000)
  to   space 433152K, 0% used [0x000000078b200000,0x000000078b200000,0x00000007a5900000)
 ParOldGen       total 839680K, used 669070K [0x00000006c0000000, 0x00000006f3400000, 0x000000076ab00000)
  object space 839680K, 79% used [0x00000006c0000000,0x00000006e8d63b70,0x00000006f3400000)
 Metaspace       used 7199K, capacity 7800K, committed 7936K, reserved 1056768K
  class space    used 629K, capacity 688K, committed 768K, reserved 1048576K
Event: 19.324 GC heap after
Heap after GC invocations=25 (full 4):
 PSYoungGen      total 846848K, used 314924K [0x000000076ab00000, 0x00000007c0000000, 0x00000007c0000000)
  eden space 531456K, 0% used [0x000000076ab00000,0x000000076ab00000,0x000000078b200000)
  from space 315392K, 99% used [0x000000078b200000,0x000000079e58b368,0x000000079e600000)
  to   space 461824K, 0% used [0x00000007a3d00000,0x00000007a3d00000,0x00000007c0000000)
 ParOldGen       total 839680K, used 774480K [0x00000006c0000000, 0x00000006f3400000, 0x000000076ab00000)
  object space 839680K, 92% used [0x00000006c0000000,0x00000006ef454000,0x00000006f3400000)
 Metaspace       used 7199K, capacity 7800K, committed 7936K, reserved 1056768K
  class space    used 629K, capacity 688K, committed 768K, reserved 1048576K
}
Event: 19.324 GC heap before
{Heap before GC invocations=26 (full 5):
 PSYoungGen      total 846848K, used 314924K [0x000000076ab00000, 0x00000007c0000000, 0x00000007c0000000)
  eden space 531456K, 0% used [0x000000076ab00000,0x000000076ab00000,0x000000078b200000)
  from space 315392K, 99% used [0x000000078b200000,0x000000079e58b368,0x000000079e600000)
  to   space 461824K, 0% used [0x00000007a3d00000,0x00000007a3d00000,0x00000007c0000000)
 ParOldGen       total 839680K, used 774480K [0x00000006c0000000, 0x00000006f3400000, 0x000000076ab00000)
  object space 839680K, 92% used [0x00000006c0000000,0x00000006ef454000,0x00000006f3400000)
 Metaspace       used 7199K, capacity 7800K, committed 7936K, reserved 1056768K
  class space    used 629K, capacity 688K, committed 768K, reserved 1048576K
Event: 22.307 GC heap after
Heap after GC invocations=26 (full 5):
 PSYoungGen      total 846848K, used 0K [0x000000076ab00000, 0x00000007c0000000, 0x00000007c0000000)
  eden space 531456K, 0% used [0x000000076ab00000,0x000000076ab00000,0x000000078b200000)
  from space 315392K, 0% used [0x000000078b200000,0x000000078b200000,0x000000079e600000)
  to   space 461824K, 0% used [0x00000007a3d00000,0x00000007a3d00000,0x00000007c0000000)
 ParOldGen       total 1078784K, used 731069K [0x00000006c0000000, 0x0000000701d80000, 0x000000076ab00000)
  object space 1078784K, 67% used [0x00000006c0000000,0x00000006ec9ef4f8,0x0000000701d80000)
 Metaspace       used 7199K, capacity 7800K, committed 7936K, reserved 1056768K
  class space    used 629K, capacity 688K, committed 768K, reserved 1048576K
}
Event: 22.899 GC heap before
{Heap before GC invocations=27 (full 5):
 PSYoungGen      total 846848K, used 531456K [0x000000076ab00000, 0x00000007c0000000, 0x00000007c0000000)
  eden space 531456K, 100% used [0x000000076ab00000,0x000000078b200000,0x000000078b200000)
  from space 315392K, 0% used [0x000000078b200000,0x000000078b200000,0x000000079e600000)
  to   space 461824K, 0% used [0x00000007a3d00000,0x00000007a3d00000,0x00000007c0000000)
 ParOldGen       total 1078784K, used 731069K [0x00000006c0000000, 0x0000000701d80000, 0x000000076ab00000)
  object space 1078784K, 67% used [0x00000006c0000000,0x00000006ec9ef4f8,0x0000000701d80000)
 Metaspace       used 7425K, capacity 7864K, committed 8192K, reserved 1056768K
  class space    used 657K, capacity 688K, committed 768K, reserved 1048576K
Event: 22.976 GC heap after
Heap after GC invocations=27 (full 5):
 PSYoungGen      total 946688K, used 76544K [0x000000076ab00000, 0x00000007c0000000, 0x00000007c0000000)
  eden space 484864K, 0% used [0x000000076ab00000,0x000000076ab00000,0x0000000788480000)
  from space 461824K, 16% used [0x00000007a3d00000,0x00000007a87c0350,0x00000007c0000000)
  to   space 451072K, 0% used [0x0000000788480000,0x0000000788480000,0x00000007a3d00000)
 ParOldGen       total 1078784K, used 731077K [0x00000006c0000000, 0x0000000701d80000, 0x000000076ab00000)
  object space 1078784K, 67% used [0x00000006c0000000,0x00000006ec9f14f8,0x0000000701d80000)
 Metaspace       used 7425K, capacity 7864K, committed 8192K, reserved 1056768K
  class space    used 657K, capacity 688K, committed 768K, reserved 1048576K
}

