# JRE version: OpenJDK Runtime Environment (8.0_152-b01) (build 1.8.0_152-release-915-b01)
# Java VM: OpenJDK 64-Bit Server VM (25.152-b01 mixed mode windows-amd64 compressed oops)
Heap:
 PSYoungGen      total 856576K, used 197794K [0x000000076ab00000, 0x00000007add00000, 0x00000007c0000000)
  eden space 694272K, 5% used [0x000000076ab00000,0x000000076cdaae10,0x0000000795100000)
  from space 162304K, 99% used [0x00000007a0f80000,0x00000007aadfdac0,0x00000007aae00000)
  to   space 195072K, 0% used [0x0000000795100000,0x0000000795100000,0x00000007a0f80000)
 ParOldGen       total 623616K, used 399566K [0x00000006c0000000, 0x00000006e6100000, 0x000000076ab00000)
  object space 623616K, 64% used [0x00000006c0000000,0x00000006d8633898,0x00000006e6100000)
 Metaspace       used 6632K, capacity 7288K, committed 7552K, reserved 1056768K
  class space    used 607K, capacity 624K, committed 640K, reserved 1048576K
GC Heap History (10 events):
Event: 8.012 GC heap before
{Heap before GC invocations=13 (full 2):
 PSYoungGen      total 649728K, used 628988K [0x000000076ab00000, 0x000000079e880000, 0x00000007c0000000)
  eden space 560128K, 100% used [0x000000076ab00000,0x000000078ce00000,0x000000078ce00000)
  from space 89600K, 76% used [0x0000000794880000,0x0000000798bbf028,0x000000079a000000)
  to   space 125440K, 0% used [0x000000078ce00000,0x000000078ce00000,0x0000000794880000)
 ParOldGen       total 316416K, used 173381K [0x00000006c0000000, 0x00000006d3500000, 0x000000076ab00000)
  object space 316416K, 54% used [0x00000006c0000000,0x00000006ca951638,0x00000006d3500000)
 Metaspace       used 6584K, capacity 7288K, committed 7552K, reserved 1056768K
  class space    used 606K, capacity 624K, committed 640K, reserved 1048576K
Event: 8.149 GC heap after
Heap after GC invocations=13 (full 2):
 PSYoungGen      total 685568K, used 83382K [0x000000076ab00000, 0x00000007a2300000, 0x00000007c0000000)
  eden space 560128K, 0% used [0x000000076ab00000,0x000000076ab00000,0x000000078ce00000)
  from space 125440K, 66% used [0x000000078ce00000,0x0000000791f6d858,0x0000000794880000)
  to   space 132096K, 0% used [0x000000079a200000,0x000000079a200000,0x00000007a2300000)
 ParOldGen       total 316416K, used 241838K [0x00000006c0000000, 0x00000006d3500000, 0x000000076ab00000)
  object space 316416K, 76% used [0x00000006c0000000,0x00000006cec2bbb0,0x00000006d3500000)
 Metaspace       used 6584K, capacity 7288K, committed 7552K, reserved 1056768K
  class space    used 606K, capacity 624K, committed 640K, reserved 1048576K
}
Event: 9.395 GC heap before
{Heap before GC invocations=14 (full 2):
 PSYoungGen      total 685568K, used 643510K [0x000000076ab00000, 0x00000007a2300000, 0x00000007c0000000)
  eden space 560128K, 100% used [0x000000076ab00000,0x000000078ce00000,0x000000078ce00000)
  from space 125440K, 66% used [0x000000078ce00000,0x0000000791f6d858,0x0000000794880000)
  to   space 132096K, 0% used [0x000000079a200000,0x000000079a200000,0x00000007a2300000)
 ParOldGen       total 316416K, used 241838K [0x00000006c0000000, 0x00000006d3500000, 0x000000076ab00000)
  object space 316416K, 76% used [0x00000006c0000000,0x00000006cec2bbb0,0x00000006d3500000)
 Metaspace       used 6615K, capacity 7288K, committed 7552K, reserved 1056768K
  class space    used 607K, capacity 624K, committed 640K, reserved 1048576K
Event: 9.499 GC heap after
Heap after GC invocations=14 (full 2):
 PSYoungGen      total 750080K, used 132080K [0x000000076ab00000, 0x00000007a5700000, 0x00000007c0000000)
  eden space 617984K, 0% used [0x000000076ab00000,0x000000076ab00000,0x0000000790680000)
  from space 132096K, 99% used [0x000000079a200000,0x00000007a22fc238,0x00000007a2300000)
  to   space 159232K, 0% used [0x0000000790680000,0x0000000790680000,0x000000079a200000)
 ParOldGen       total 316416K, used 253249K [0x00000006c0000000, 0x00000006d3500000, 0x000000076ab00000)
  object space 316416K, 80% used [0x00000006c0000000,0x00000006cf750428,0x00000006d3500000)
 Metaspace       used 6615K, capacity 7288K, committed 7552K, reserved 1056768K
  class space    used 607K, capacity 624K, committed 640K, reserved 1048576K
}
Event: 10.709 GC heap before
{Heap before GC invocations=15 (full 2):
 PSYoungGen      total 750080K, used 750064K [0x000000076ab00000, 0x00000007a5700000, 0x00000007c0000000)
  eden space 617984K, 100% used [0x000000076ab00000,0x0000000790680000,0x0000000790680000)
  from space 132096K, 99% used [0x000000079a200000,0x00000007a22fc238,0x00000007a2300000)
  to   space 159232K, 0% used [0x0000000790680000,0x0000000790680000,0x000000079a200000)
 ParOldGen       total 316416K, used 253249K [0x00000006c0000000, 0x00000006d3500000, 0x000000076ab00000)
  object space 316416K, 80% used [0x00000006c0000000,0x00000006cf750428,0x00000006d3500000)
 Metaspace       used 6630K, capacity 7288K, committed 7552K, reserved 1056768K
  class space    used 607K, capacity 624K, committed 640K, reserved 1048576K
Event: 10.942 GC heap after
Heap after GC invocations=15 (full 2):
 PSYoungGen      total 777216K, used 93442K [0x000000076ab00000, 0x00000007aae00000, 0x00000007c0000000)
  eden space 617984K, 0% used [0x000000076ab00000,0x000000076ab00000,0x0000000790680000)
  from space 159232K, 58% used [0x0000000790680000,0x00000007961c0980,0x000000079a200000)
  to   space 162304K, 0% used [0x00000007a0f80000,0x00000007a0f80000,0x00000007aae00000)
 ParOldGen       total 386048K, used 385877K [0x00000006c0000000, 0x00000006d7900000, 0x000000076ab00000)
  object space 386048K, 99% used [0x00000006c0000000,0x00000006d78d5698,0x00000006d7900000)
 Metaspace       used 6630K, capacity 7288K, committed 7552K, reserved 1056768K
  class space    used 607K, capacity 624K, committed 640K, reserved 1048576K
}
Event: 10.942 GC heap before
{Heap before GC invocations=16 (full 3):
 PSYoungGen      total 777216K, used 93442K [0x000000076ab00000, 0x00000007aae00000, 0x00000007c0000000)
  eden space 617984K, 0% used [0x000000076ab00000,0x000000076ab00000,0x0000000790680000)
  from space 159232K, 58% used [0x0000000790680000,0x00000007961c0980,0x000000079a200000)
  to   space 162304K, 0% used [0x00000007a0f80000,0x00000007a0f80000,0x00000007aae00000)
 ParOldGen       total 386048K, used 385877K [0x00000006c0000000, 0x00000006d7900000, 0x000000076ab00000)
  object space 386048K, 99% used [0x00000006c0000000,0x00000006d78d5698,0x00000006d7900000)
 Metaspace       used 6630K, capacity 7288K, committed 7552K, reserved 1056768K
  class space    used 607K, capacity 624K, committed 640K, reserved 1048576K
Event: 13.045 GC heap after
Heap after GC invocations=16 (full 3):
 PSYoungGen      total 777216K, used 85691K [0x000000076ab00000, 0x00000007aae00000, 0x00000007c0000000)
  eden space 617984K, 0% used [0x000000076ab00000,0x000000076ab00000,0x0000000790680000)
  from space 159232K, 53% used [0x0000000790680000,0x0000000795a2ecf0,0x000000079a200000)
  to   space 162304K, 0% used [0x00000007a0f80000,0x00000007a0f80000,0x00000007aae00000)
 ParOldGen       total 623616K, used 385697K [0x00000006c0000000, 0x00000006e6100000, 0x000000076ab00000)
  object space 623616K, 61% used [0x00000006c0000000,0x00000006d78a85f0,0x00000006e6100000)
 Metaspace       used 6630K, capacity 7288K, committed 7552K, reserved 1056768K
  class space    used 607K, capacity 624K, committed 640K, reserved 1048576K
}
Event: 14.160 GC heap before
{Heap before GC invocations=17 (full 3):
 PSYoungGen      total 777216K, used 703675K [0x000000076ab00000, 0x00000007aae00000, 0x00000007c0000000)
  eden space 617984K, 100% used [0x000000076ab00000,0x0000000790680000,0x0000000790680000)
  from space 159232K, 53% used [0x0000000790680000,0x0000000795a2ecf0,0x000000079a200000)
  to   space 162304K, 0% used [0x00000007a0f80000,0x00000007a0f80000,0x00000007aae00000)
 ParOldGen       total 623616K, used 385697K [0x00000006c0000000, 0x00000006e6100000, 0x000000076ab00000)
  object space 623616K, 61% used [0x00000006c0000000,0x00000006d78a85f0,0x00000006e6100000)
 Metaspace       used 6632K, capacity 7288K, committed 7552K, reserved 1056768K
  class space    used 607K, capacity 624K, committed 640K, reserved 1048576K
Event: 14.336 GC heap after
Heap after GC invocations=17 (full 3):
 PSYoungGen      total 856576K, used 162294K [0x000000076ab00000, 0x00000007add00000, 0x00000007c0000000)
  eden space 694272K, 0% used [0x000000076ab00000,0x000000076ab00000,0x0000000795100000)
  from space 162304K, 99% used [0x00000007a0f80000,0x00000007aadfdac0,0x00000007aae00000)
  to   space 195072K, 0% used [0x0000000795100000,0x0000000795100000,0x00000007a0f80000)
 ParOldGen       total 623616K, used 399566K [0x00000006c0000000, 0x00000006e6100000, 0x000000076ab00000)
  object space 623616K, 64% used [0x00000006c0000000,0x00000006d8633898,0x00000006e6100000)
 Metaspace       used 6632K, capacity 7288K, committed 7552K, reserved 1056768K
  class space    used 607K, capacity 624K, committed 640K, reserved 1048576K
}

