# JRE version: Java(TM) SE Runtime Environment (8.0_151-b12) (build 1.8.0_151-b12)
# Java VM: Java HotSpot(TM) 64-Bit Server VM (25.151-b12 mixed mode windows-amd64 compressed oops)
Heap:
 PSYoungGen      total 953856K, used 160947K [0x000000076ab00000, 0x00000007c0000000, 0x00000007c0000000)
  eden space 667648K, 24% used [0x000000076ab00000,0x000000077482ccb8,0x0000000793700000)
  from space 286208K, 0% used [0x00000007ae880000,0x00000007ae880000,0x00000007c0000000)
  to   space 365056K, 0% used [0x0000000793700000,0x0000000793700000,0x00000007a9b80000)
 ParOldGen       total 1201664K, used 798575K [0x00000006c0000000, 0x0000000709580000, 0x000000076ab00000)
  object space 1201664K, 66% used [0x00000006c0000000,0x00000006f0bdbe10,0x0000000709580000)
 Metaspace       used 7152K, capacity 7672K, committed 7936K, reserved 1056768K
  class space    used 660K, capacity 688K, committed 768K, reserved 1048576K
GC Heap History (10 events):
Event: 13.020 GC heap before
{Heap before GC invocations=19 (full 4):
 PSYoungGen      total 965632K, used 119771K [0x000000076ab00000, 0x00000007bbd00000, 0x00000007c0000000)
  eden space 749056K, 0% used [0x000000076ab00000,0x000000076ab00000,0x0000000798680000)
  from space 216576K, 55% used [0x0000000798680000,0x000000079fb76c88,0x00000007a5a00000)
  to   space 217600K, 0% used [0x00000007ae880000,0x00000007ae880000,0x00000007bbd00000)
 ParOldGen       total 585216K, used 584876K [0x00000006c0000000, 0x00000006e3b80000, 0x000000076ab00000)
  object space 585216K, 99% used [0x00000006c0000000,0x00000006e3b2b200,0x00000006e3b80000)
 Metaspace       used 6767K, capacity 7384K, committed 7680K, reserved 1056768K
  class space    used 640K, capacity 656K, committed 768K, reserved 1048576K
Event: 15.554 GC heap after
Heap after GC invocations=19 (full 4):
 PSYoungGen      total 965632K, used 109758K [0x000000076ab00000, 0x00000007bbd00000, 0x00000007c0000000)
  eden space 749056K, 0% used [0x000000076ab00000,0x000000076ab00000,0x0000000798680000)
  from space 216576K, 50% used [0x0000000798680000,0x000000079f1afbc0,0x00000007a5a00000)
  to   space 217600K, 0% used [0x00000007ae880000,0x00000007ae880000,0x00000007bbd00000)
 ParOldGen       total 906752K, used 584944K [0x00000006c0000000, 0x00000006f7580000, 0x000000076ab00000)
  object space 906752K, 64% used [0x00000006c0000000,0x00000006e3b3c168,0x00000006f7580000)
 Metaspace       used 6767K, capacity 7384K, committed 7680K, reserved 1056768K
  class space    used 640K, capacity 656K, committed 768K, reserved 1048576K
}
Event: 16.613 GC heap before
{Heap before GC invocations=20 (full 4):
 PSYoungGen      total 965632K, used 858814K [0x000000076ab00000, 0x00000007bbd00000, 0x00000007c0000000)
  eden space 749056K, 100% used [0x000000076ab00000,0x0000000798680000,0x0000000798680000)
  from space 216576K, 50% used [0x0000000798680000,0x000000079f1afbc0,0x00000007a5a00000)
  to   space 217600K, 0% used [0x00000007ae880000,0x00000007ae880000,0x00000007bbd00000)
 ParOldGen       total 906752K, used 584944K [0x00000006c0000000, 0x00000006f7580000, 0x000000076ab00000)
  object space 906752K, 64% used [0x00000006c0000000,0x00000006e3b3c168,0x00000006f7580000)
 Metaspace       used 6770K, capacity 7384K, committed 7680K, reserved 1056768K
  class space    used 640K, capacity 656K, committed 768K, reserved 1048576K
Event: 16.909 GC heap after
Heap after GC invocations=20 (full 4):
 PSYoungGen      total 1077248K, used 211367K [0x000000076ab00000, 0x00000007bec80000, 0x00000007c0000000)
  eden space 859648K, 0% used [0x000000076ab00000,0x000000076ab00000,0x000000079f280000)
  from space 217600K, 97% used [0x00000007ae880000,0x00000007bb6e9e38,0x00000007bbd00000)
  to   space 251904K, 0% used [0x000000079f280000,0x000000079f280000,0x00000007ae880000)
 ParOldGen       total 906752K, used 584944K [0x00000006c0000000, 0x00000006f7580000, 0x000000076ab00000)
  object space 906752K, 64% used [0x00000006c0000000,0x00000006e3b3c168,0x00000006f7580000)
 Metaspace       used 6770K, capacity 7384K, committed 7680K, reserved 1056768K
  class space    used 640K, capacity 656K, committed 768K, reserved 1048576K
}
Event: 18.277 GC heap before
{Heap before GC invocations=21 (full 4):
 PSYoungGen      total 1077248K, used 1071015K [0x000000076ab00000, 0x00000007bec80000, 0x00000007c0000000)
  eden space 859648K, 100% used [0x000000076ab00000,0x000000079f280000,0x000000079f280000)
  from space 217600K, 97% used [0x00000007ae880000,0x00000007bb6e9e38,0x00000007bbd00000)
  to   space 251904K, 0% used [0x000000079f280000,0x000000079f280000,0x00000007ae880000)
 ParOldGen       total 906752K, used 584944K [0x00000006c0000000, 0x00000006f7580000, 0x000000076ab00000)
  object space 906752K, 64% used [0x00000006c0000000,0x00000006e3b3c168,0x00000006f7580000)
 Metaspace       used 6897K, capacity 7448K, committed 7680K, reserved 1056768K
  class space    used 647K, capacity 656K, committed 768K, reserved 1048576K
Event: 18.494 GC heap after
Heap after GC invocations=21 (full 4):
 PSYoungGen      total 1111552K, used 251880K [0x000000076ab00000, 0x00000007c0000000, 0x00000007c0000000)
  eden space 859648K, 0% used [0x000000076ab00000,0x000000076ab00000,0x000000079f280000)
  from space 251904K, 99% used [0x000000079f280000,0x00000007ae87a0f0,0x00000007ae880000)
  to   space 286208K, 0% used [0x00000007ae880000,0x00000007ae880000,0x00000007c0000000)
 ParOldGen       total 906752K, used 666810K [0x00000006c0000000, 0x00000006f7580000, 0x000000076ab00000)
  object space 906752K, 73% used [0x00000006c0000000,0x00000006e8b2e910,0x00000006f7580000)
 Metaspace       used 6897K, capacity 7448K, committed 7680K, reserved 1056768K
  class space    used 647K, capacity 656K, committed 768K, reserved 1048576K
}
Event: 19.877 GC heap before
{Heap before GC invocations=22 (full 4):
 PSYoungGen      total 1111552K, used 1111528K [0x000000076ab00000, 0x00000007c0000000, 0x00000007c0000000)
  eden space 859648K, 100% used [0x000000076ab00000,0x000000079f280000,0x000000079f280000)
  from space 251904K, 99% used [0x000000079f280000,0x00000007ae87a0f0,0x00000007ae880000)
  to   space 286208K, 0% used [0x00000007ae880000,0x00000007ae880000,0x00000007c0000000)
 ParOldGen       total 906752K, used 666810K [0x00000006c0000000, 0x00000006f7580000, 0x000000076ab00000)
  object space 906752K, 73% used [0x00000006c0000000,0x00000006e8b2e910,0x00000006f7580000)
 Metaspace       used 7152K, capacity 7672K, committed 7936K, reserved 1056768K
  class space    used 660K, capacity 688K, committed 768K, reserved 1048576K
Event: 20.190 GC heap after
Heap after GC invocations=22 (full 4):
 PSYoungGen      total 953856K, used 285565K [0x000000076ab00000, 0x00000007c0000000, 0x00000007c0000000)
  eden space 667648K, 0% used [0x000000076ab00000,0x000000076ab00000,0x0000000793700000)
  from space 286208K, 99% used [0x00000007ae880000,0x00000007bff5f610,0x00000007c0000000)
  to   space 365056K, 0% used [0x0000000793700000,0x0000000793700000,0x00000007a9b80000)
 ParOldGen       total 906752K, used 802650K [0x00000006c0000000, 0x00000006f7580000, 0x000000076ab00000)
  object space 906752K, 88% used [0x00000006c0000000,0x00000006f0fd6a98,0x00000006f7580000)
 Metaspace       used 7152K, capacity 7672K, committed 7936K, reserved 1056768K
  class space    used 660K, capacity 688K, committed 768K, reserved 1048576K
}
Event: 20.190 GC heap before
{Heap before GC invocations=23 (full 5):
 PSYoungGen      total 953856K, used 285565K [0x000000076ab00000, 0x00000007c0000000, 0x00000007c0000000)
  eden space 667648K, 0% used [0x000000076ab00000,0x000000076ab00000,0x0000000793700000)
  from space 286208K, 99% used [0x00000007ae880000,0x00000007bff5f610,0x00000007c0000000)
  to   space 365056K, 0% used [0x0000000793700000,0x0000000793700000,0x00000007a9b80000)
 ParOldGen       total 906752K, used 802650K [0x00000006c0000000, 0x00000006f7580000, 0x000000076ab00000)
  object space 906752K, 88% used [0x00000006c0000000,0x00000006f0fd6a98,0x00000006f7580000)
 Metaspace       used 7152K, capacity 7672K, committed 7936K, reserved 1056768K
  class space    used 660K, capacity 688K, committed 768K, reserved 1048576K
Event: 23.177 GC heap after
Heap after GC invocations=23 (full 5):
 PSYoungGen      total 953856K, used 0K [0x000000076ab00000, 0x00000007c0000000, 0x00000007c0000000)
  eden space 667648K, 0% used [0x000000076ab00000,0x000000076ab00000,0x0000000793700000)
  from space 286208K, 0% used [0x00000007ae880000,0x00000007ae880000,0x00000007c0000000)
  to   space 365056K, 0% used [0x0000000793700000,0x0000000793700000,0x00000007a9b80000)
 ParOldGen       total 1201664K, used 798575K [0x00000006c0000000, 0x0000000709580000, 0x000000076ab00000)
  object space 1201664K, 66% used [0x00000006c0000000,0x00000006f0bdbe10,0x0000000709580000)
 Metaspace       used 7152K, capacity 7672K, committed 7936K, reserved 1056768K
  class space    used 660K, capacity 688K, committed 768K, reserved 1048576K
}

