# JRE version: Java(TM) SE Runtime Environment (8.0_151-b12) (build 1.8.0_151-b12)
# Java VM: Java HotSpot(TM) 64-Bit Server VM (25.151-b12 mixed mode windows-amd64 compressed oops)
Heap:
 PSYoungGen      total 931328K, used 351019K [0x000000076ab00000, 0x00000007c0000000, 0x00000007c0000000)
  eden space 720896K, 23% used [0x000000076ab00000,0x00000007750184c0,0x0000000796b00000)
  from space 210432K, 86% used [0x0000000796b00000,0x00000007a1cb2948,0x00000007a3880000)
  to   space 274432K, 0% used [0x00000007af400000,0x00000007af400000,0x00000007c0000000)
 ParOldGen       total 775168K, used 492255K [0x00000006c0000000, 0x00000006ef500000, 0x000000076ab00000)
  object space 775168K, 63% used [0x00000006c0000000,0x00000006de0b7db0,0x00000006ef500000)
 Metaspace       used 6802K, capacity 7384K, committed 7680K, reserved 1056768K
  class space    used 640K, capacity 656K, committed 768K, reserved 1048576K
GC Heap History (10 events):
Event: 7.073 GC heap before
{Heap before GC invocations=15 (full 3):
 PSYoungGen      total 787968K, used 141806K [0x000000076ab00000, 0x00000007abc80000, 0x00000007c0000000)
  eden space 646144K, 0% used [0x000000076ab00000,0x000000076ab00000,0x0000000792200000)
  from space 141824K, 99% used [0x000000079d680000,0x00000007a60fb888,0x00000007a6100000)
  to   space 184832K, 0% used [0x0000000792200000,0x0000000792200000,0x000000079d680000)
 ParOldGen       total 301568K, used 260400K [0x00000006c0000000, 0x00000006d2680000, 0x000000076ab00000)
  object space 301568K, 86% used [0x00000006c0000000,0x00000006cfe4c300,0x00000006d2680000)
 Metaspace       used 6754K, capacity 7384K, committed 7680K, reserved 1056768K
  class space    used 638K, capacity 656K, committed 768K, reserved 1048576K
Event: 8.273 GC heap after
Heap after GC invocations=15 (full 3):
 PSYoungGen      total 787968K, used 94416K [0x000000076ab00000, 0x00000007abc80000, 0x00000007c0000000)
  eden space 646144K, 0% used [0x000000076ab00000,0x000000076ab00000,0x0000000792200000)
  from space 141824K, 66% used [0x000000079d680000,0x00000007a32b4020,0x00000007a6100000)
  to   space 184832K, 0% used [0x0000000792200000,0x0000000792200000,0x000000079d680000)
 ParOldGen       total 492544K, used 301315K [0x00000006c0000000, 0x00000006de100000, 0x000000076ab00000)
  object space 492544K, 61% used [0x00000006c0000000,0x00000006d2640f10,0x00000006de100000)
 Metaspace       used 6754K, capacity 7384K, committed 7680K, reserved 1056768K
  class space    used 638K, capacity 656K, committed 768K, reserved 1048576K
}
Event: 9.260 GC heap before
{Heap before GC invocations=16 (full 3):
 PSYoungGen      total 787968K, used 740560K [0x000000076ab00000, 0x00000007abc80000, 0x00000007c0000000)
  eden space 646144K, 100% used [0x000000076ab00000,0x0000000792200000,0x0000000792200000)
  from space 141824K, 66% used [0x000000079d680000,0x00000007a32b4020,0x00000007a6100000)
  to   space 184832K, 0% used [0x0000000792200000,0x0000000792200000,0x000000079d680000)
 ParOldGen       total 492544K, used 301315K [0x00000006c0000000, 0x00000006de100000, 0x000000076ab00000)
  object space 492544K, 61% used [0x00000006c0000000,0x00000006d2640f10,0x00000006de100000)
 Metaspace       used 6770K, capacity 7384K, committed 7680K, reserved 1056768K
  class space    used 639K, capacity 656K, committed 768K, reserved 1048576K
Event: 9.438 GC heap after
Heap after GC invocations=16 (full 3):
 PSYoungGen      total 830976K, used 89819K [0x000000076ab00000, 0x00000007aea80000, 0x00000007c0000000)
  eden space 646144K, 0% used [0x000000076ab00000,0x000000076ab00000,0x0000000792200000)
  from space 184832K, 48% used [0x0000000792200000,0x00000007979b6ed0,0x000000079d680000)
  to   space 182272K, 0% used [0x00000007a3880000,0x00000007a3880000,0x00000007aea80000)
 ParOldGen       total 492544K, used 396321K [0x00000006c0000000, 0x00000006de100000, 0x000000076ab00000)
  object space 492544K, 80% used [0x00000006c0000000,0x00000006d83085d0,0x00000006de100000)
 Metaspace       used 6770K, capacity 7384K, committed 7680K, reserved 1056768K
  class space    used 639K, capacity 656K, committed 768K, reserved 1048576K
}
Event: 10.343 GC heap before
{Heap before GC invocations=17 (full 3):
 PSYoungGen      total 830976K, used 735963K [0x000000076ab00000, 0x00000007aea80000, 0x00000007c0000000)
  eden space 646144K, 100% used [0x000000076ab00000,0x0000000792200000,0x0000000792200000)
  from space 184832K, 48% used [0x0000000792200000,0x00000007979b6ed0,0x000000079d680000)
  to   space 182272K, 0% used [0x00000007a3880000,0x00000007a3880000,0x00000007aea80000)
 ParOldGen       total 492544K, used 396321K [0x00000006c0000000, 0x00000006de100000, 0x000000076ab00000)
  object space 492544K, 80% used [0x00000006c0000000,0x00000006d83085d0,0x00000006de100000)
 Metaspace       used 6798K, capacity 7384K, committed 7680K, reserved 1056768K
  class space    used 639K, capacity 656K, committed 768K, reserved 1048576K
Event: 10.487 GC heap after
Heap after GC invocations=17 (full 3):
 PSYoungGen      total 903168K, used 173405K [0x000000076ab00000, 0x00000007b2600000, 0x00000007c0000000)
  eden space 720896K, 0% used [0x000000076ab00000,0x000000076ab00000,0x0000000796b00000)
  from space 182272K, 95% used [0x00000007a3880000,0x00000007ae1d76d8,0x00000007aea80000)
  to   space 210432K, 0% used [0x0000000796b00000,0x0000000796b00000,0x00000007a3880000)
 ParOldGen       total 492544K, used 396321K [0x00000006c0000000, 0x00000006de100000, 0x000000076ab00000)
  object space 492544K, 80% used [0x00000006c0000000,0x00000006d83085d0,0x00000006de100000)
 Metaspace       used 6798K, capacity 7384K, committed 7680K, reserved 1056768K
  class space    used 639K, capacity 656K, committed 768K, reserved 1048576K
}
Event: 11.517 GC heap before
{Heap before GC invocations=18 (full 3):
 PSYoungGen      total 903168K, used 894301K [0x000000076ab00000, 0x00000007b2600000, 0x00000007c0000000)
  eden space 720896K, 100% used [0x000000076ab00000,0x0000000796b00000,0x0000000796b00000)
  from space 182272K, 95% used [0x00000007a3880000,0x00000007ae1d76d8,0x00000007aea80000)
  to   space 210432K, 0% used [0x0000000796b00000,0x0000000796b00000,0x00000007a3880000)
 ParOldGen       total 492544K, used 396321K [0x00000006c0000000, 0x00000006de100000, 0x000000076ab00000)
  object space 492544K, 80% used [0x00000006c0000000,0x00000006d83085d0,0x00000006de100000)
 Metaspace       used 6802K, capacity 7384K, committed 7680K, reserved 1056768K
  class space    used 640K, capacity 656K, committed 768K, reserved 1048576K
Event: 11.753 GC heap after
Heap after GC invocations=18 (full 3):
 PSYoungGen      total 931328K, used 210400K [0x000000076ab00000, 0x00000007c0000000, 0x00000007c0000000)
  eden space 720896K, 0% used [0x000000076ab00000,0x000000076ab00000,0x0000000796b00000)
  from space 210432K, 99% used [0x0000000796b00000,0x00000007a38780d0,0x00000007a3880000)
  to   space 274432K, 0% used [0x00000007af400000,0x00000007af400000,0x00000007c0000000)
 ParOldGen       total 492544K, used 471793K [0x00000006c0000000, 0x00000006de100000, 0x000000076ab00000)
  object space 492544K, 95% used [0x00000006c0000000,0x00000006dccbc798,0x00000006de100000)
 Metaspace       used 6802K, capacity 7384K, committed 7680K, reserved 1056768K
  class space    used 640K, capacity 656K, committed 768K, reserved 1048576K
}
Event: 11.753 GC heap before
{Heap before GC invocations=19 (full 4):
 PSYoungGen      total 931328K, used 210400K [0x000000076ab00000, 0x00000007c0000000, 0x00000007c0000000)
  eden space 720896K, 0% used [0x000000076ab00000,0x000000076ab00000,0x0000000796b00000)
  from space 210432K, 99% used [0x0000000796b00000,0x00000007a38780d0,0x00000007a3880000)
  to   space 274432K, 0% used [0x00000007af400000,0x00000007af400000,0x00000007c0000000)
 ParOldGen       total 492544K, used 471793K [0x00000006c0000000, 0x00000006de100000, 0x000000076ab00000)
  object space 492544K, 95% used [0x00000006c0000000,0x00000006dccbc798,0x00000006de100000)
 Metaspace       used 6802K, capacity 7384K, committed 7680K, reserved 1056768K
  class space    used 640K, capacity 656K, committed 768K, reserved 1048576K
Event: 13.448 GC heap after
Heap after GC invocations=19 (full 4):
 PSYoungGen      total 931328K, used 181962K [0x000000076ab00000, 0x00000007c0000000, 0x00000007c0000000)
  eden space 720896K, 0% used [0x000000076ab00000,0x000000076ab00000,0x0000000796b00000)
  from space 210432K, 86% used [0x0000000796b00000,0x00000007a1cb2948,0x00000007a3880000)
  to   space 274432K, 0% used [0x00000007af400000,0x00000007af400000,0x00000007c0000000)
 ParOldGen       total 775168K, used 492255K [0x00000006c0000000, 0x00000006ef500000, 0x000000076ab00000)
  object space 775168K, 63% used [0x00000006c0000000,0x00000006de0b7db0,0x00000006ef500000)
 Metaspace       used 6802K, capacity 7384K, committed 7680K, reserved 1056768K
  class space    used 640K, capacity 656K, committed 768K, reserved 1048576K
}

