# JRE version: Java(TM) SE Runtime Environment (8.0_151-b12) (build 1.8.0_151-b12)
# Java VM: Java HotSpot(TM) 64-Bit Server VM (25.151-b12 mixed mode windows-amd64 compressed oops)
Heap:
 PSYoungGen      total 884224K, used 884213K [0x000000076ab00000, 0x00000007ba200000, 0x00000007c0000000)
  eden space 648704K, 100% used [0x000000076ab00000,0x0000000792480000,0x0000000792480000)
  from space 235520K, 99% used [0x0000000792480000,0x00000007a0a7d4d8,0x00000007a0a80000)
  to   space 283648K, 14% used [0x00000007a8d00000,0x00000007ab485db8,0x00000007ba200000)
 ParOldGen       total 785408K, used 785403K [0x00000006c0000000, 0x00000006eff00000, 0x000000076ab00000)
  object space 785408K, 99% used [0x00000006c0000000,0x00000006efefef50,0x00000006eff00000)
 Metaspace       used 7050K, capacity 7672K, committed 7936K, reserved 1056768K
  class space    used 653K, capacity 688K, committed 768K, reserved 1048576K
GC Heap History (10 events):
Event: 13.189 GC heap after
Heap after GC invocations=21 (full 4):
 PSYoungGen      total 692224K, used 61207K [0x000000076ab00000, 0x00000007a2380000, 0x00000007c0000000)
  eden space 545792K, 0% used [0x000000076ab00000,0x000000076ab00000,0x000000078c000000)
  from space 146432K, 41% used [0x000000078c000000,0x000000078fbc5e18,0x0000000794f00000)
  to   space 146432K, 0% used [0x0000000799480000,0x0000000799480000,0x00000007a2380000)
 ParOldGen       total 769024K, used 485753K [0x00000006c0000000, 0x00000006eef00000, 0x000000076ab00000)
  object space 769024K, 63% used [0x00000006c0000000,0x00000006dda5e7a0,0x00000006eef00000)
 Metaspace       used 6662K, capacity 7320K, committed 7680K, reserved 1056768K
  class space    used 633K, capacity 656K, committed 768K, reserved 1048576K
}
Event: 14.202 GC heap before
{Heap before GC invocations=22 (full 4):
 PSYoungGen      total 692224K, used 606999K [0x000000076ab00000, 0x00000007a2380000, 0x00000007c0000000)
  eden space 545792K, 100% used [0x000000076ab00000,0x000000078c000000,0x000000078c000000)
  from space 146432K, 41% used [0x000000078c000000,0x000000078fbc5e18,0x0000000794f00000)
  to   space 146432K, 0% used [0x0000000799480000,0x0000000799480000,0x00000007a2380000)
 ParOldGen       total 769024K, used 485753K [0x00000006c0000000, 0x00000006eef00000, 0x000000076ab00000)
  object space 769024K, 63% used [0x00000006c0000000,0x00000006dda5e7a0,0x00000006eef00000)
 Metaspace       used 6668K, capacity 7320K, committed 7680K, reserved 1056768K
  class space    used 633K, capacity 656K, committed 768K, reserved 1048576K
Event: 14.394 GC heap after
Heap after GC invocations=22 (full 4):
 PSYoungGen      total 741376K, used 141830K [0x000000076ab00000, 0x00000007a4500000, 0x00000007c0000000)
  eden space 594944K, 0% used [0x000000076ab00000,0x000000076ab00000,0x000000078f000000)
  from space 146432K, 96% used [0x0000000799480000,0x00000007a1f01920,0x00000007a2380000)
  to   space 168448K, 0% used [0x000000078f000000,0x000000078f000000,0x0000000799480000)
 ParOldGen       total 769024K, used 485753K [0x00000006c0000000, 0x00000006eef00000, 0x000000076ab00000)
  object space 769024K, 63% used [0x00000006c0000000,0x00000006dda5e7a0,0x00000006eef00000)
 Metaspace       used 6668K, capacity 7320K, committed 7680K, reserved 1056768K
  class space    used 633K, capacity 656K, committed 768K, reserved 1048576K
}
Event: 15.195 GC heap before
{Heap before GC invocations=23 (full 4):
 PSYoungGen      total 741376K, used 736774K [0x000000076ab00000, 0x00000007a4500000, 0x00000007c0000000)
  eden space 594944K, 100% used [0x000000076ab00000,0x000000078f000000,0x000000078f000000)
  from space 146432K, 96% used [0x0000000799480000,0x00000007a1f01920,0x00000007a2380000)
  to   space 168448K, 0% used [0x000000078f000000,0x000000078f000000,0x0000000799480000)
 ParOldGen       total 769024K, used 485753K [0x00000006c0000000, 0x00000006eef00000, 0x000000076ab00000)
  object space 769024K, 63% used [0x00000006c0000000,0x00000006dda5e7a0,0x00000006eef00000)
 Metaspace       used 6671K, capacity 7320K, committed 7680K, reserved 1056768K
  class space    used 634K, capacity 656K, committed 768K, reserved 1048576K
Event: 15.370 GC heap after
Heap after GC invocations=23 (full 4):
 PSYoungGen      total 763392K, used 168445K [0x000000076ab00000, 0x00000007ade00000, 0x00000007c0000000)
  eden space 594944K, 0% used [0x000000076ab00000,0x000000076ab00000,0x000000078f000000)
  from space 168448K, 99% used [0x000000078f000000,0x000000079947f4d0,0x0000000799480000)
  to   space 216576K, 0% used [0x00000007a0a80000,0x00000007a0a80000,0x00000007ade00000)
 ParOldGen       total 769024K, used 539867K [0x00000006c0000000, 0x00000006eef00000, 0x000000076ab00000)
  object space 769024K, 70% used [0x00000006c0000000,0x00000006e0f36dd0,0x00000006eef00000)
 Metaspace       used 6671K, capacity 7320K, committed 7680K, reserved 1056768K
  class space    used 634K, capacity 656K, committed 768K, reserved 1048576K
}
Event: 16.172 GC heap before
{Heap before GC invocations=24 (full 4):
 PSYoungGen      total 763392K, used 763389K [0x000000076ab00000, 0x00000007ade00000, 0x00000007c0000000)
  eden space 594944K, 100% used [0x000000076ab00000,0x000000078f000000,0x000000078f000000)
  from space 168448K, 99% used [0x000000078f000000,0x000000079947f4d0,0x0000000799480000)
  to   space 216576K, 0% used [0x00000007a0a80000,0x00000007a0a80000,0x00000007ade00000)
 ParOldGen       total 769024K, used 539867K [0x00000006c0000000, 0x00000006eef00000, 0x000000076ab00000)
  object space 769024K, 70% used [0x00000006c0000000,0x00000006e0f36dd0,0x00000006eef00000)
 Metaspace       used 6672K, capacity 7320K, committed 7680K, reserved 1056768K
  class space    used 634K, capacity 656K, committed 768K, reserved 1048576K
Event: 16.392 GC heap after
Heap after GC invocations=24 (full 4):
 PSYoungGen      total 865280K, used 169255K [0x000000076ab00000, 0x00000007b0a80000, 0x00000007c0000000)
  eden space 648704K, 0% used [0x000000076ab00000,0x000000076ab00000,0x0000000792480000)
  from space 216576K, 78% used [0x00000007a0a80000,0x00000007aafc9d40,0x00000007ade00000)
  to   space 235520K, 0% used [0x0000000792480000,0x0000000792480000,0x00000007a0a80000)
 ParOldGen       total 769024K, used 629099K [0x00000006c0000000, 0x00000006eef00000, 0x000000076ab00000)
  object space 769024K, 81% used [0x00000006c0000000,0x00000006e665acf0,0x00000006eef00000)
 Metaspace       used 6672K, capacity 7320K, committed 7680K, reserved 1056768K
  class space    used 634K, capacity 656K, committed 768K, reserved 1048576K
}
Event: 17.740 GC heap before
{Heap before GC invocations=25 (full 4):
 PSYoungGen      total 865280K, used 817959K [0x000000076ab00000, 0x00000007b0a80000, 0x00000007c0000000)
  eden space 648704K, 100% used [0x000000076ab00000,0x0000000792480000,0x0000000792480000)
  from space 216576K, 78% used [0x00000007a0a80000,0x00000007aafc9d40,0x00000007ade00000)
  to   space 235520K, 0% used [0x0000000792480000,0x0000000792480000,0x00000007a0a80000)
 ParOldGen       total 769024K, used 629099K [0x00000006c0000000, 0x00000006eef00000, 0x000000076ab00000)
  object space 769024K, 81% used [0x00000006c0000000,0x00000006e665acf0,0x00000006eef00000)
 Metaspace       used 6800K, capacity 7384K, committed 7680K, reserved 1056768K
  class space    used 641K, capacity 656K, committed 768K, reserved 1048576K
Event: 17.944 GC heap after
Heap after GC invocations=25 (full 4):
 PSYoungGen      total 884224K, used 235509K [0x000000076ab00000, 0x00000007ba200000, 0x00000007c0000000)
  eden space 648704K, 0% used [0x000000076ab00000,0x000000076ab00000,0x0000000792480000)
  from space 235520K, 99% used [0x0000000792480000,0x00000007a0a7d4d8,0x00000007a0a80000)
  to   space 283648K, 0% used [0x00000007a8d00000,0x00000007a8d00000,0x00000007ba200000)
 ParOldGen       total 769024K, used 653339K [0x00000006c0000000, 0x00000006eef00000, 0x000000076ab00000)
  object space 769024K, 84% used [0x00000006c0000000,0x00000006e7e06cb8,0x00000006eef00000)
 Metaspace       used 6800K, capacity 7384K, committed 7680K, reserved 1056768K
  class space    used 641K, capacity 656K, committed 768K, reserved 1048576K
}
Event: 19.257 GC heap before
{Heap before GC invocations=26 (full 4):
 PSYoungGen      total 884224K, used 884213K [0x000000076ab00000, 0x00000007ba200000, 0x00000007c0000000)
  eden space 648704K, 100% used [0x000000076ab00000,0x0000000792480000,0x0000000792480000)
  from space 235520K, 99% used [0x0000000792480000,0x00000007a0a7d4d8,0x00000007a0a80000)
  to   space 283648K, 0% used [0x00000007a8d00000,0x00000007a8d00000,0x00000007ba200000)
 ParOldGen       total 769024K, used 653339K [0x00000006c0000000, 0x00000006eef00000, 0x000000076ab00000)
  object space 769024K, 84% used [0x00000006c0000000,0x00000006e7e06cb8,0x00000006eef00000)
 Metaspace       used 7050K, capacity 7672K, committed 7936K, reserved 1056768K
  class space    used 653K, capacity 688K, committed 768K, reserved 1048576K

