# JRE version: OpenJDK Runtime Environment (8.0_152-b01) (build 1.8.0_152-release-915-b01)
# Java VM: OpenJDK 64-Bit Server VM (25.152-b01 mixed mode windows-amd64 compressed oops)
Heap:
 PSYoungGen      total 1072640K, used 447587K [0x000000076ab00000, 0x00000007c0000000, 0x00000007c0000000)
  eden space 804864K, 22% used [0x000000076ab00000,0x0000000775a9f3a0,0x000000079bd00000)
  from space 267776K, 99% used [0x000000079bd00000,0x00000007ac279960,0x00000007ac280000)
  to   space 325120K, 0% used [0x00000007ac280000,0x00000007ac280000,0x00000007c0000000)
 ParOldGen       total 1160192K, used 1012658K [0x00000006c0000000, 0x0000000706d00000, 0x000000076ab00000)
  object space 1160192K, 87% used [0x00000006c0000000,0x00000006fdceca60,0x0000000706d00000)
 Metaspace       used 7429K, capacity 7864K, committed 8192K, reserved 1056768K
  class space    used 659K, capacity 688K, committed 768K, reserved 1048576K
GC Heap History (10 events):
Event: 14.759 GC heap before
{Heap before GC invocations=21 (full 5):
 PSYoungGen      total 878592K, used 102295K [0x000000076ab00000, 0x00000007b3d00000, 0x00000007c0000000)
  eden space 682496K, 0% used [0x000000076ab00000,0x000000076ab00000,0x0000000794580000)
  from space 196096K, 52% used [0x0000000794580000,0x000000079a965e78,0x00000007a0500000)
  to   space 194560K, 0% used [0x00000007a7f00000,0x00000007a7f00000,0x00000007b3d00000)
 ParOldGen       total 809984K, used 739558K [0x00000006c0000000, 0x00000006f1700000, 0x000000076ab00000)
  object space 809984K, 91% used [0x00000006c0000000,0x00000006ed239a80,0x00000006f1700000)
 Metaspace       used 6719K, capacity 7384K, committed 7680K, reserved 1056768K
  class space    used 613K, capacity 656K, committed 768K, reserved 1048576K
Event: 18.667 GC heap after
Heap after GC invocations=21 (full 5):
 PSYoungGen      total 878592K, used 15494K [0x000000076ab00000, 0x00000007b3d00000, 0x00000007c0000000)
  eden space 682496K, 0% used [0x000000076ab00000,0x000000076ab00000,0x0000000794580000)
  from space 196096K, 7% used [0x0000000794580000,0x00000007954a18b0,0x00000007a0500000)
  to   space 194560K, 0% used [0x00000007a7f00000,0x00000007a7f00000,0x00000007b3d00000)
 ParOldGen       total 1160192K, used 809489K [0x00000006c0000000, 0x0000000706d00000, 0x000000076ab00000)
  object space 1160192K, 69% used [0x00000006c0000000,0x00000006f16847f8,0x0000000706d00000)
 Metaspace       used 6719K, capacity 7384K, committed 7680K, reserved 1056768K
  class space    used 613K, capacity 656K, committed 768K, reserved 1048576K
}
Event: 19.834 GC heap before
{Heap before GC invocations=22 (full 5):
 PSYoungGen      total 878592K, used 697990K [0x000000076ab00000, 0x00000007b3d00000, 0x00000007c0000000)
  eden space 682496K, 100% used [0x000000076ab00000,0x0000000794580000,0x0000000794580000)
  from space 196096K, 7% used [0x0000000794580000,0x00000007954a18b0,0x00000007a0500000)
  to   space 194560K, 0% used [0x00000007a7f00000,0x00000007a7f00000,0x00000007b3d00000)
 ParOldGen       total 1160192K, used 809489K [0x00000006c0000000, 0x0000000706d00000, 0x000000076ab00000)
  object space 1160192K, 69% used [0x00000006c0000000,0x00000006f16847f8,0x0000000706d00000)
 Metaspace       used 6962K, capacity 7576K, committed 7936K, reserved 1056768K
  class space    used 625K, capacity 656K, committed 768K, reserved 1048576K
Event: 20.123 GC heap after
Heap after GC invocations=22 (full 5):
 PSYoungGen      total 886784K, used 111628K [0x000000076ab00000, 0x00000007b0580000, 0x00000007c0000000)
  eden space 749056K, 0% used [0x000000076ab00000,0x000000076ab00000,0x0000000798680000)
  from space 137728K, 81% used [0x00000007a7f00000,0x00000007aec03230,0x00000007b0580000)
  to   space 196096K, 0% used [0x0000000798680000,0x0000000798680000,0x00000007a4600000)
 ParOldGen       total 1160192K, used 809489K [0x00000006c0000000, 0x0000000706d00000, 0x000000076ab00000)
  object space 1160192K, 69% used [0x00000006c0000000,0x00000006f16847f8,0x0000000706d00000)
 Metaspace       used 6962K, capacity 7576K, committed 7936K, reserved 1056768K
  class space    used 625K, capacity 656K, committed 768K, reserved 1048576K
}
Event: 21.163 GC heap before
{Heap before GC invocations=23 (full 5):
 PSYoungGen      total 886784K, used 860684K [0x000000076ab00000, 0x00000007b0580000, 0x00000007c0000000)
  eden space 749056K, 100% used [0x000000076ab00000,0x0000000798680000,0x0000000798680000)
  from space 137728K, 81% used [0x00000007a7f00000,0x00000007aec03230,0x00000007b0580000)
  to   space 196096K, 0% used [0x0000000798680000,0x0000000798680000,0x00000007a4600000)
 ParOldGen       total 1160192K, used 809489K [0x00000006c0000000, 0x0000000706d00000, 0x000000076ab00000)
  object space 1160192K, 69% used [0x00000006c0000000,0x00000006f16847f8,0x0000000706d00000)
 Metaspace       used 6983K, capacity 7640K, committed 7936K, reserved 1056768K
  class space    used 626K, capacity 656K, committed 768K, reserved 1048576K
Event: 21.442 GC heap after
Heap after GC invocations=23 (full 5):
 PSYoungGen      total 945152K, used 196085K [0x000000076ab00000, 0x00000007baf00000, 0x00000007c0000000)
  eden space 749056K, 0% used [0x000000076ab00000,0x000000076ab00000,0x0000000798680000)
  from space 196096K, 99% used [0x0000000798680000,0x00000007a45fd428,0x00000007a4600000)
  to   space 242176K, 0% used [0x00000007ac280000,0x00000007ac280000,0x00000007baf00000)
 ParOldGen       total 1160192K, used 847681K [0x00000006c0000000, 0x0000000706d00000, 0x000000076ab00000)
  object space 1160192K, 73% used [0x00000006c0000000,0x00000006f3bd0570,0x0000000706d00000)
 Metaspace       used 6983K, capacity 7640K, committed 7936K, reserved 1056768K
  class space    used 626K, capacity 656K, committed 768K, reserved 1048576K
}
Event: 22.424 GC heap before
{Heap before GC invocations=24 (full 5):
 PSYoungGen      total 945152K, used 945141K [0x000000076ab00000, 0x00000007baf00000, 0x00000007c0000000)
  eden space 749056K, 100% used [0x000000076ab00000,0x0000000798680000,0x0000000798680000)
  from space 196096K, 99% used [0x0000000798680000,0x00000007a45fd428,0x00000007a4600000)
  to   space 242176K, 0% used [0x00000007ac280000,0x00000007ac280000,0x00000007baf00000)
 ParOldGen       total 1160192K, used 847681K [0x00000006c0000000, 0x0000000706d00000, 0x000000076ab00000)
  object space 1160192K, 73% used [0x00000006c0000000,0x00000006f3bd0570,0x0000000706d00000)
 Metaspace       used 7048K, capacity 7672K, committed 7936K, reserved 1056768K
  class space    used 628K, capacity 688K, committed 768K, reserved 1048576K
Event: 22.788 GC heap after
Heap after GC invocations=24 (full 5):
 PSYoungGen      total 1047040K, used 203613K [0x000000076ab00000, 0x00000007bec80000, 0x00000007c0000000)
  eden space 804864K, 0% used [0x000000076ab00000,0x000000076ab00000,0x000000079bd00000)
  from space 242176K, 84% used [0x00000007ac280000,0x00000007b8957740,0x00000007baf00000)
  to   space 267776K, 0% used [0x000000079bd00000,0x000000079bd00000,0x00000007ac280000)
 ParOldGen       total 1160192K, used 957243K [0x00000006c0000000, 0x0000000706d00000, 0x000000076ab00000)
  object space 1160192K, 82% used [0x00000006c0000000,0x00000006fa6cef58,0x0000000706d00000)
 Metaspace       used 7048K, capacity 7672K, committed 7936K, reserved 1056768K
  class space    used 628K, capacity 688K, committed 768K, reserved 1048576K
}
Event: 25.458 GC heap before
{Heap before GC invocations=25 (full 5):
 PSYoungGen      total 1047040K, used 1008477K [0x000000076ab00000, 0x00000007bec80000, 0x00000007c0000000)
  eden space 804864K, 100% used [0x000000076ab00000,0x000000079bd00000,0x000000079bd00000)
  from space 242176K, 84% used [0x00000007ac280000,0x00000007b8957740,0x00000007baf00000)
  to   space 267776K, 0% used [0x000000079bd00000,0x000000079bd00000,0x00000007ac280000)
 ParOldGen       total 1160192K, used 957243K [0x00000006c0000000, 0x0000000706d00000, 0x000000076ab00000)
  object space 1160192K, 82% used [0x00000006c0000000,0x00000006fa6cef58,0x0000000706d00000)
 Metaspace       used 7429K, capacity 7864K, committed 8192K, reserved 1056768K
  class space    used 659K, capacity 688K, committed 768K, reserved 1048576K
Event: 25.683 GC heap after
Heap after GC invocations=25 (full 5):
 PSYoungGen      total 1072640K, used 267750K [0x000000076ab00000, 0x00000007c0000000, 0x00000007c0000000)
  eden space 804864K, 0% used [0x000000076ab00000,0x000000076ab00000,0x000000079bd00000)
  from space 267776K, 99% used [0x000000079bd00000,0x00000007ac279960,0x00000007ac280000)
  to   space 325120K, 0% used [0x00000007ac280000,0x00000007ac280000,0x00000007c0000000)
 ParOldGen       total 1160192K, used 1012658K [0x00000006c0000000, 0x0000000706d00000, 0x000000076ab00000)
  object space 1160192K, 87% used [0x00000006c0000000,0x00000006fdceca60,0x0000000706d00000)
 Metaspace       used 7429K, capacity 7864K, committed 8192K, reserved 1056768K
  class space    used 659K, capacity 688K, committed 768K, reserved 1048576K
}

