# JRE version: Java(TM) SE Runtime Environment (8.0_151-b12) (build 1.8.0_151-b12)
# Java VM: Java HotSpot(TM) 64-Bit Server VM (25.151-b12 mixed mode windows-amd64 compressed oops)
Heap:
 PSYoungGen      total 944640K, used 73164K [0x000000076ab00000, 0x00000007c0000000, 0x00000007c0000000)
  eden space 614400K, 11% used [0x000000076ab00000,0x000000076f273078,0x0000000790300000)
  from space 330240K, 0% used [0x00000007abd80000,0x00000007abd80000,0x00000007c0000000)
  to   space 391680K, 0% used [0x0000000790300000,0x0000000790300000,0x00000007a8180000)
 ParOldGen       total 1300480K, used 812616K [0x00000006c0000000, 0x000000070f600000, 0x000000076ab00000)
  object space 1300480K, 62% used [0x00000006c0000000,0x00000006f1992148,0x000000070f600000)
 Metaspace       used 7333K, capacity 7864K, committed 8192K, reserved 1056768K
  class space    used 663K, capacity 688K, committed 768K, reserved 1048576K
GC Heap History (10 events):
Event: 20.070 GC heap before
{Heap before GC invocations=22 (full 5):
 PSYoungGen      total 1117696K, used 855898K [0x000000076ab00000, 0x00000007c0000000, 0x00000007c0000000)
  eden space 837120K, 100% used [0x000000076ab00000,0x000000079dc80000,0x000000079dc80000)
  from space 280576K, 6% used [0x00000007aee00000,0x00000007b0056ac0,0x00000007c0000000)
  to   space 280064K, 0% used [0x000000079dc80000,0x000000079dc80000,0x00000007aee00000)
 ParOldGen       total 1152512K, used 768903K [0x00000006c0000000, 0x0000000706580000, 0x000000076ab00000)
  object space 1152512K, 66% used [0x00000006c0000000,0x00000006eeee1e48,0x0000000706580000)
 Metaspace       used 6867K, capacity 7448K, committed 7680K, reserved 1056768K
  class space    used 645K, capacity 656K, committed 768K, reserved 1048576K
Event: 20.331 GC heap after
Heap after GC invocations=22 (full 5):
 PSYoungGen      total 977920K, used 140427K [0x000000076ab00000, 0x00000007bf680000, 0x00000007c0000000)
  eden space 837120K, 0% used [0x000000076ab00000,0x000000076ab00000,0x000000079dc80000)
  from space 140800K, 99% used [0x000000079dc80000,0x00000007a65a2cd8,0x00000007a6600000)
  to   space 275456K, 0% used [0x00000007ae980000,0x00000007ae980000,0x00000007bf680000)
 ParOldGen       total 1152512K, used 768903K [0x00000006c0000000, 0x0000000706580000, 0x000000076ab00000)
  object space 1152512K, 66% used [0x00000006c0000000,0x00000006eeee1e48,0x0000000706580000)
 Metaspace       used 6867K, capacity 7448K, committed 7680K, reserved 1056768K
  class space    used 645K, capacity 656K, committed 768K, reserved 1048576K
}
Event: 21.666 GC heap before
{Heap before GC invocations=23 (full 5):
 PSYoungGen      total 977920K, used 977547K [0x000000076ab00000, 0x00000007bf680000, 0x00000007c0000000)
  eden space 837120K, 100% used [0x000000076ab00000,0x000000079dc80000,0x000000079dc80000)
  from space 140800K, 99% used [0x000000079dc80000,0x00000007a65a2cd8,0x00000007a6600000)
  to   space 275456K, 0% used [0x00000007ae980000,0x00000007ae980000,0x00000007bf680000)
 ParOldGen       total 1152512K, used 768903K [0x00000006c0000000, 0x0000000706580000, 0x000000076ab00000)
  object space 1152512K, 66% used [0x00000006c0000000,0x00000006eeee1e48,0x0000000706580000)
 Metaspace       used 7158K, capacity 7672K, committed 7936K, reserved 1056768K
  class space    used 659K, capacity 688K, committed 768K, reserved 1048576K
Event: 21.880 GC heap after
Heap after GC invocations=23 (full 5):
 PSYoungGen      total 1012736K, used 275438K [0x000000076ab00000, 0x00000007c0000000, 0x00000007c0000000)
  eden space 737280K, 0% used [0x000000076ab00000,0x000000076ab00000,0x0000000797b00000)
  from space 275456K, 99% used [0x00000007ae980000,0x00000007bf67ba78,0x00000007bf680000)
  to   space 330240K, 0% used [0x0000000797b00000,0x0000000797b00000,0x00000007abd80000)
 ParOldGen       total 1152512K, used 794569K [0x00000006c0000000, 0x0000000706580000, 0x000000076ab00000)
  object space 1152512K, 68% used [0x00000006c0000000,0x00000006f07f27d8,0x0000000706580000)
 Metaspace       used 7158K, capacity 7672K, committed 7936K, reserved 1056768K
  class space    used 659K, capacity 688K, committed 768K, reserved 1048576K
}
Event: 22.558 GC heap before
{Heap before GC invocations=24 (full 5):
 PSYoungGen      total 1012736K, used 1012718K [0x000000076ab00000, 0x00000007c0000000, 0x00000007c0000000)
  eden space 737280K, 100% used [0x000000076ab00000,0x0000000797b00000,0x0000000797b00000)
  from space 275456K, 99% used [0x00000007ae980000,0x00000007bf67ba78,0x00000007bf680000)
  to   space 330240K, 0% used [0x0000000797b00000,0x0000000797b00000,0x00000007abd80000)
 ParOldGen       total 1152512K, used 794569K [0x00000006c0000000, 0x0000000706580000, 0x000000076ab00000)
  object space 1152512K, 68% used [0x00000006c0000000,0x00000006f07f27d8,0x0000000706580000)
 Metaspace       used 7159K, capacity 7672K, committed 7936K, reserved 1056768K
  class space    used 659K, capacity 688K, committed 768K, reserved 1048576K
Event: 22.792 GC heap after
Heap after GC invocations=24 (full 5):
 PSYoungGen      total 1067520K, used 330225K [0x000000076ab00000, 0x00000007c0000000, 0x00000007c0000000)
  eden space 737280K, 0% used [0x000000076ab00000,0x000000076ab00000,0x0000000797b00000)
  from space 330240K, 99% used [0x0000000797b00000,0x00000007abd7c588,0x00000007abd80000)
  to   space 330240K, 0% used [0x00000007abd80000,0x00000007abd80000,0x00000007c0000000)
 ParOldGen       total 1152512K, used 835702K [0x00000006c0000000, 0x0000000706580000, 0x000000076ab00000)
  object space 1152512K, 72% used [0x00000006c0000000,0x00000006f301d9a0,0x0000000706580000)
 Metaspace       used 7159K, capacity 7672K, committed 7936K, reserved 1056768K
  class space    used 659K, capacity 688K, committed 768K, reserved 1048576K
}
Event: 23.736 GC heap before
{Heap before GC invocations=25 (full 5):
 PSYoungGen      total 1067520K, used 1067505K [0x000000076ab00000, 0x00000007c0000000, 0x00000007c0000000)
  eden space 737280K, 100% used [0x000000076ab00000,0x0000000797b00000,0x0000000797b00000)
  from space 330240K, 99% used [0x0000000797b00000,0x00000007abd7c588,0x00000007abd80000)
  to   space 330240K, 0% used [0x00000007abd80000,0x00000007abd80000,0x00000007c0000000)
 ParOldGen       total 1152512K, used 835702K [0x00000006c0000000, 0x0000000706580000, 0x000000076ab00000)
  object space 1152512K, 72% used [0x00000006c0000000,0x00000006f301d9a0,0x0000000706580000)
 Metaspace       used 7331K, capacity 7864K, committed 8192K, reserved 1056768K
  class space    used 663K, capacity 688K, committed 768K, reserved 1048576K
Event: 24.036 GC heap after
Heap after GC invocations=25 (full 5):
 PSYoungGen      total 944640K, used 195942K [0x000000076ab00000, 0x00000007c0000000, 0x00000007c0000000)
  eden space 614400K, 0% used [0x000000076ab00000,0x000000076ab00000,0x0000000790300000)
  from space 330240K, 59% used [0x00000007abd80000,0x00000007b7cd98c8,0x00000007c0000000)
  to   space 391680K, 0% used [0x0000000790300000,0x0000000790300000,0x00000007a8180000)
 ParOldGen       total 1152512K, used 1043797K [0x00000006c0000000, 0x0000000706580000, 0x000000076ab00000)
  object space 1152512K, 90% used [0x00000006c0000000,0x00000006ffb554c0,0x0000000706580000)
 Metaspace       used 7331K, capacity 7864K, committed 8192K, reserved 1056768K
  class space    used 663K, capacity 688K, committed 768K, reserved 1048576K
}
Event: 24.036 GC heap before
{Heap before GC invocations=26 (full 6):
 PSYoungGen      total 944640K, used 195942K [0x000000076ab00000, 0x00000007c0000000, 0x00000007c0000000)
  eden space 614400K, 0% used [0x000000076ab00000,0x000000076ab00000,0x0000000790300000)
  from space 330240K, 59% used [0x00000007abd80000,0x00000007b7cd98c8,0x00000007c0000000)
  to   space 391680K, 0% used [0x0000000790300000,0x0000000790300000,0x00000007a8180000)
 ParOldGen       total 1152512K, used 1043797K [0x00000006c0000000, 0x0000000706580000, 0x000000076ab00000)
  object space 1152512K, 90% used [0x00000006c0000000,0x00000006ffb554c0,0x0000000706580000)
 Metaspace       used 7331K, capacity 7864K, committed 8192K, reserved 1056768K
  class space    used 663K, capacity 688K, committed 768K, reserved 1048576K
Event: 27.006 GC heap after
Heap after GC invocations=26 (full 6):
 PSYoungGen      total 944640K, used 0K [0x000000076ab00000, 0x00000007c0000000, 0x00000007c0000000)
  eden space 614400K, 0% used [0x000000076ab00000,0x000000076ab00000,0x0000000790300000)
  from space 330240K, 0% used [0x00000007abd80000,0x00000007abd80000,0x00000007c0000000)
  to   space 391680K, 0% used [0x0000000790300000,0x0000000790300000,0x00000007a8180000)
 ParOldGen       total 1300480K, used 812616K [0x00000006c0000000, 0x000000070f600000, 0x000000076ab00000)
  object space 1300480K, 62% used [0x00000006c0000000,0x00000006f1992148,0x000000070f600000)
 Metaspace       used 7331K, capacity 7864K, committed 8192K, reserved 1056768K
  class space    used 663K, capacity 688K, committed 768K, reserved 1048576K
}

