# JRE version: Java(TM) SE Runtime Environment (8.0_151-b12) (build 1.8.0_151-b12)
# Java VM: Java HotSpot(TM) 64-Bit Server VM (25.151-b12 mixed mode windows-amd64 compressed oops)
Heap:
 PSYoungGen      total 841216K, used 151287K [0x000000076ab00000, 0x00000007c0000000, 0x00000007c0000000)
  eden space 584192K, 25% used [0x000000076ab00000,0x0000000773ebdda8,0x000000078e580000)
  from space 257024K, 0% used [0x00000007a4700000,0x00000007a4700000,0x00000007b4200000)
  to   space 361984K, 0% used [0x000000078e580000,0x000000078e580000,0x00000007a4700000)
 ParOldGen       total 1001984K, used 731838K [0x00000006c0000000, 0x00000006fd280000, 0x000000076ab00000)
  object space 1001984K, 73% used [0x00000006c0000000,0x00000006ecaaf8f8,0x00000006fd280000)
 Metaspace       used 7543K, capacity 7896K, committed 8192K, reserved 1056768K
  class space    used 690K, capacity 720K, committed 768K, reserved 1048576K
GC Heap History (10 events):
Event: 20.178 GC heap before
{Heap before GC invocations=23 (full 5):
 PSYoungGen      total 844800K, used 702332K [0x000000076ab00000, 0x00000007ae280000, 0x00000007c0000000)
  eden space 622080K, 100% used [0x000000076ab00000,0x0000000790a80000,0x0000000790a80000)
  from space 222720K, 36% used [0x00000007a0900000,0x00000007a575f0c8,0x00000007ae280000)
  to   space 241664K, 0% used [0x0000000790a80000,0x0000000790a80000,0x000000079f680000)
 ParOldGen       total 1001984K, used 696250K [0x00000006c0000000, 0x00000006fd280000, 0x000000076ab00000)
  object space 1001984K, 69% used [0x00000006c0000000,0x00000006ea7ee990,0x00000006fd280000)
 Metaspace       used 6855K, capacity 7448K, committed 7680K, reserved 1056768K
  class space    used 643K, capacity 656K, committed 768K, reserved 1048576K
Event: 20.368 GC heap after
Heap after GC invocations=23 (full 5):
 PSYoungGen      total 863744K, used 173740K [0x000000076ab00000, 0x00000007b4200000, 0x00000007c0000000)
  eden space 622080K, 0% used [0x000000076ab00000,0x000000076ab00000,0x0000000790a80000)
  from space 241664K, 71% used [0x0000000790a80000,0x000000079b42b258,0x000000079f680000)
  to   space 257024K, 0% used [0x00000007a4700000,0x00000007a4700000,0x00000007b4200000)
 ParOldGen       total 1001984K, used 696250K [0x00000006c0000000, 0x00000006fd280000, 0x000000076ab00000)
  object space 1001984K, 69% used [0x00000006c0000000,0x00000006ea7ee990,0x00000006fd280000)
 Metaspace       used 6855K, capacity 7448K, committed 7680K, reserved 1056768K
  class space    used 643K, capacity 656K, committed 768K, reserved 1048576K
}
Event: 21.701 GC heap before
{Heap before GC invocations=24 (full 5):
 PSYoungGen      total 863744K, used 795820K [0x000000076ab00000, 0x00000007b4200000, 0x00000007c0000000)
  eden space 622080K, 100% used [0x000000076ab00000,0x0000000790a80000,0x0000000790a80000)
  from space 241664K, 71% used [0x0000000790a80000,0x000000079b42b258,0x000000079f680000)
  to   space 257024K, 0% used [0x00000007a4700000,0x00000007a4700000,0x00000007b4200000)
 ParOldGen       total 1001984K, used 696250K [0x00000006c0000000, 0x00000006fd280000, 0x000000076ab00000)
  object space 1001984K, 69% used [0x00000006c0000000,0x00000006ea7ee990,0x00000006fd280000)
 Metaspace       used 7123K, capacity 7672K, committed 7936K, reserved 1056768K
  class space    used 657K, capacity 688K, committed 768K, reserved 1048576K
Event: 21.914 GC heap after
Heap after GC invocations=24 (full 5):
 PSYoungGen      total 879104K, used 256993K [0x000000076ab00000, 0x00000007b4200000, 0x00000007c0000000)
  eden space 622080K, 0% used [0x000000076ab00000,0x000000076ab00000,0x0000000790a80000)
  from space 257024K, 99% used [0x00000007a4700000,0x00000007b41f87c0,0x00000007b4200000)
  to   space 241664K, 0% used [0x0000000790a80000,0x0000000790a80000,0x000000079f680000)
 ParOldGen       total 1001984K, used 717208K [0x00000006c0000000, 0x00000006fd280000, 0x000000076ab00000)
  object space 1001984K, 71% used [0x00000006c0000000,0x00000006ebc66238,0x00000006fd280000)
 Metaspace       used 7123K, capacity 7672K, committed 7936K, reserved 1056768K
  class space    used 657K, capacity 688K, committed 768K, reserved 1048576K
}
Event: 22.916 GC heap before
{Heap before GC invocations=25 (full 5):
 PSYoungGen      total 879104K, used 879073K [0x000000076ab00000, 0x00000007b4200000, 0x00000007c0000000)
  eden space 622080K, 100% used [0x000000076ab00000,0x0000000790a80000,0x0000000790a80000)
  from space 257024K, 99% used [0x00000007a4700000,0x00000007b41f87c0,0x00000007b4200000)
  to   space 241664K, 0% used [0x0000000790a80000,0x0000000790a80000,0x000000079f680000)
 ParOldGen       total 1001984K, used 717208K [0x00000006c0000000, 0x00000006fd280000, 0x000000076ab00000)
  object space 1001984K, 71% used [0x00000006c0000000,0x00000006ebc66238,0x00000006fd280000)
 Metaspace       used 7129K, capacity 7672K, committed 7936K, reserved 1056768K
  class space    used 657K, capacity 688K, committed 768K, reserved 1048576K
Event: 23.182 GC heap after
Heap after GC invocations=25 (full 5):
 PSYoungGen      total 863744K, used 241661K [0x000000076ab00000, 0x00000007b4200000, 0x00000007c0000000)
  eden space 622080K, 0% used [0x000000076ab00000,0x000000076ab00000,0x0000000790a80000)
  from space 241664K, 99% used [0x0000000790a80000,0x000000079f67f498,0x000000079f680000)
  to   space 257024K, 0% used [0x00000007a4700000,0x00000007a4700000,0x00000007b4200000)
 ParOldGen       total 1001984K, used 819738K [0x00000006c0000000, 0x00000006fd280000, 0x000000076ab00000)
  object space 1001984K, 81% used [0x00000006c0000000,0x00000006f2086b68,0x00000006fd280000)
 Metaspace       used 7129K, capacity 7672K, committed 7936K, reserved 1056768K
  class space    used 657K, capacity 688K, committed 768K, reserved 1048576K
}
Event: 24.249 GC heap before
{Heap before GC invocations=26 (full 5):
 PSYoungGen      total 863744K, used 863741K [0x000000076ab00000, 0x00000007b4200000, 0x00000007c0000000)
  eden space 622080K, 100% used [0x000000076ab00000,0x0000000790a80000,0x0000000790a80000)
  from space 241664K, 99% used [0x0000000790a80000,0x000000079f67f498,0x000000079f680000)
  to   space 257024K, 0% used [0x00000007a4700000,0x00000007a4700000,0x00000007b4200000)
 ParOldGen       total 1001984K, used 819738K [0x00000006c0000000, 0x00000006fd280000, 0x000000076ab00000)
  object space 1001984K, 81% used [0x00000006c0000000,0x00000006f2086b68,0x00000006fd280000)
 Metaspace       used 7301K, capacity 7864K, committed 8192K, reserved 1056768K
  class space    used 660K, capacity 688K, committed 768K, reserved 1048576K
Event: 24.467 GC heap after
Heap after GC invocations=26 (full 5):
 PSYoungGen      total 841216K, used 175190K [0x000000076ab00000, 0x00000007c0000000, 0x00000007c0000000)
  eden space 584192K, 0% used [0x000000076ab00000,0x000000076ab00000,0x000000078e580000)
  from space 257024K, 68% used [0x00000007a4700000,0x00000007af2158f0,0x00000007b4200000)
  to   space 361984K, 0% used [0x000000078e580000,0x000000078e580000,0x00000007a4700000)
 ParOldGen       total 1001984K, used 958081K [0x00000006c0000000, 0x00000006fd280000, 0x000000076ab00000)
  object space 1001984K, 95% used [0x00000006c0000000,0x00000006fa7a07f0,0x00000006fd280000)
 Metaspace       used 7301K, capacity 7864K, committed 8192K, reserved 1056768K
  class space    used 660K, capacity 688K, committed 768K, reserved 1048576K
}
Event: 24.467 GC heap before
{Heap before GC invocations=27 (full 6):
 PSYoungGen      total 841216K, used 175190K [0x000000076ab00000, 0x00000007c0000000, 0x00000007c0000000)
  eden space 584192K, 0% used [0x000000076ab00000,0x000000076ab00000,0x000000078e580000)
  from space 257024K, 68% used [0x00000007a4700000,0x00000007af2158f0,0x00000007b4200000)
  to   space 361984K, 0% used [0x000000078e580000,0x000000078e580000,0x00000007a4700000)
 ParOldGen       total 1001984K, used 958081K [0x00000006c0000000, 0x00000006fd280000, 0x000000076ab00000)
  object space 1001984K, 95% used [0x00000006c0000000,0x00000006fa7a07f0,0x00000006fd280000)
 Metaspace       used 7301K, capacity 7864K, committed 8192K, reserved 1056768K
  class space    used 660K, capacity 688K, committed 768K, reserved 1048576K
Event: 27.200 GC heap after
Heap after GC invocations=27 (full 6):
 PSYoungGen      total 841216K, used 0K [0x000000076ab00000, 0x00000007c0000000, 0x00000007c0000000)
  eden space 584192K, 0% used [0x000000076ab00000,0x000000076ab00000,0x000000078e580000)
  from space 257024K, 0% used [0x00000007a4700000,0x00000007a4700000,0x00000007b4200000)
  to   space 361984K, 0% used [0x000000078e580000,0x000000078e580000,0x00000007a4700000)
 ParOldGen       total 1001984K, used 731838K [0x00000006c0000000, 0x00000006fd280000, 0x000000076ab00000)
  object space 1001984K, 73% used [0x00000006c0000000,0x00000006ecaaf8f8,0x00000006fd280000)
 Metaspace       used 7301K, capacity 7864K, committed 8192K, reserved 1056768K
  class space    used 660K, capacity 688K, committed 768K, reserved 1048576K
}

