# JRE version: Java(TM) SE Runtime Environment (8.0_151-b12) (build 1.8.0_151-b12)
# Java VM: Java HotSpot(TM) 64-Bit Server VM (25.151-b12 mixed mode windows-amd64 compressed oops)
Heap:
 PSYoungGen      total 1035264K, used 205136K [0x000000076ab00000, 0x00000007c0000000, 0x00000007c0000000)
  eden space 796160K, 25% used [0x000000076ab00000,0x00000007773542d0,0x000000079b480000)
  from space 239104K, 0% used [0x000000079b480000,0x000000079b480000,0x00000007a9e00000)
  to   space 235520K, 0% used [0x00000007b1a00000,0x00000007b1a00000,0x00000007c0000000)
 ParOldGen       total 791040K, used 728521K [0x00000006c0000000, 0x00000006f0480000, 0x000000076ab00000)
  object space 791040K, 92% used [0x00000006c0000000,0x00000006ec772718,0x00000006f0480000)
 Metaspace       used 7587K, capacity 7960K, committed 8192K, reserved 1056768K
  class space    used 693K, capacity 720K, committed 768K, reserved 1048576K
GC Heap History (10 events):
Event: 15.630 GC heap before
{Heap before GC invocations=20 (full 4):
 PSYoungGen      total 924160K, used 832167K [0x000000076ab00000, 0x00000007b6480000, 0x00000007c0000000)
  eden space 721408K, 100% used [0x000000076ab00000,0x0000000796b80000,0x0000000796b80000)
  from space 202752K, 54% used [0x0000000796b80000,0x000000079d7a9c78,0x00000007a3180000)
  to   space 203264K, 0% used [0x00000007a9e00000,0x00000007a9e00000,0x00000007b6480000)
 ParOldGen       total 768000K, used 583411K [0x00000006c0000000, 0x00000006eee00000, 0x000000076ab00000)
  object space 768000K, 75% used [0x00000006c0000000,0x00000006e39bccd0,0x00000006eee00000)
 Metaspace       used 6819K, capacity 7384K, committed 7680K, reserved 1056768K
  class space    used 642K, capacity 656K, committed 768K, reserved 1048576K
Event: 16.028 GC heap after
Heap after GC invocations=20 (full 4):
 PSYoungGen      total 999424K, used 203245K [0x000000076ab00000, 0x00000007bbf80000, 0x00000007c0000000)
  eden space 796160K, 0% used [0x000000076ab00000,0x000000076ab00000,0x000000079b480000)
  from space 203264K, 99% used [0x00000007a9e00000,0x00000007b647b7a0,0x00000007b6480000)
  to   space 239104K, 0% used [0x000000079b480000,0x000000079b480000,0x00000007a9e00000)
 ParOldGen       total 768000K, used 588207K [0x00000006c0000000, 0x00000006eee00000, 0x000000076ab00000)
  object space 768000K, 76% used [0x00000006c0000000,0x00000006e3e6bfb8,0x00000006eee00000)
 Metaspace       used 6819K, capacity 7384K, committed 7680K, reserved 1056768K
  class space    used 642K, capacity 656K, committed 768K, reserved 1048576K
}
Event: 18.937 GC heap before
{Heap before GC invocations=21 (full 4):
 PSYoungGen      total 999424K, used 999405K [0x000000076ab00000, 0x00000007bbf80000, 0x00000007c0000000)
  eden space 796160K, 100% used [0x000000076ab00000,0x000000079b480000,0x000000079b480000)
  from space 203264K, 99% used [0x00000007a9e00000,0x00000007b647b7a0,0x00000007b6480000)
  to   space 239104K, 0% used [0x000000079b480000,0x000000079b480000,0x00000007a9e00000)
 ParOldGen       total 768000K, used 588207K [0x00000006c0000000, 0x00000006eee00000, 0x000000076ab00000)
  object space 768000K, 76% used [0x00000006c0000000,0x00000006e3e6bfb8,0x00000006eee00000)
 Metaspace       used 6925K, capacity 7480K, committed 7680K, reserved 1056768K
  class space    used 648K, capacity 688K, committed 768K, reserved 1048576K
Event: 39.833 GC heap after
Heap after GC invocations=21 (full 4):
 PSYoungGen      total 1035264K, used 121430K [0x000000076ab00000, 0x00000007c0000000, 0x00000007c0000000)
  eden space 796160K, 0% used [0x000000076ab00000,0x000000076ab00000,0x000000079b480000)
  from space 239104K, 50% used [0x000000079b480000,0x00000007a2b15a38,0x00000007a9e00000)
  to   space 235520K, 0% used [0x00000007b1a00000,0x00000007b1a00000,0x00000007c0000000)
 ParOldGen       total 791040K, used 790643K [0x00000006c0000000, 0x00000006f0480000, 0x000000076ab00000)
  object space 791040K, 99% used [0x00000006c0000000,0x00000006f041ce58,0x00000006f0480000)
 Metaspace       used 6925K, capacity 7480K, committed 7680K, reserved 1056768K
  class space    used 648K, capacity 688K, committed 768K, reserved 1048576K
}
Event: 39.841 GC heap before
{Heap before GC invocations=22 (full 5):
 PSYoungGen      total 1035264K, used 121430K [0x000000076ab00000, 0x00000007c0000000, 0x00000007c0000000)
  eden space 796160K, 0% used [0x000000076ab00000,0x000000076ab00000,0x000000079b480000)
  from space 239104K, 50% used [0x000000079b480000,0x00000007a2b15a38,0x00000007a9e00000)
  to   space 235520K, 0% used [0x00000007b1a00000,0x00000007b1a00000,0x00000007c0000000)
 ParOldGen       total 791040K, used 790643K [0x00000006c0000000, 0x00000006f0480000, 0x000000076ab00000)
  object space 791040K, 99% used [0x00000006c0000000,0x00000006f041ce58,0x00000006f0480000)
 Metaspace       used 6925K, capacity 7480K, committed 7680K, reserved 1056768K
  class space    used 648K, capacity 688K, committed 768K, reserved 1048576K
Event: 84.158 GC heap after
Heap after GC invocations=22 (full 5):
 PSYoungGen      total 1035264K, used 101539K [0x000000076ab00000, 0x00000007c0000000, 0x00000007c0000000)
  eden space 796160K, 0% used [0x000000076ab00000,0x000000076ab00000,0x000000079b480000)
  from space 239104K, 42% used [0x000000079b480000,0x00000007a17a8c40,0x00000007a9e00000)
  to   space 235520K, 0% used [0x00000007b1a00000,0x00000007b1a00000,0x00000007c0000000)
 ParOldGen       total 791040K, used 791017K [0x00000006c0000000, 0x00000006f0480000, 0x000000076ab00000)
  object space 791040K, 99% used [0x00000006c0000000,0x00000006f047a440,0x00000006f0480000)
 Metaspace       used 6925K, capacity 7480K, committed 7680K, reserved 1056768K
  class space    used 648K, capacity 688K, committed 768K, reserved 1048576K
}
Event: 91.996 GC heap before
{Heap before GC invocations=23 (full 6):
 PSYoungGen      total 1035264K, used 897699K [0x000000076ab00000, 0x00000007c0000000, 0x00000007c0000000)
  eden space 796160K, 100% used [0x000000076ab00000,0x000000079b480000,0x000000079b480000)
  from space 239104K, 42% used [0x000000079b480000,0x00000007a17a8c40,0x00000007a9e00000)
  to   space 235520K, 0% used [0x00000007b1a00000,0x00000007b1a00000,0x00000007c0000000)
 ParOldGen       total 791040K, used 791017K [0x00000006c0000000, 0x00000006f0480000, 0x000000076ab00000)
  object space 791040K, 99% used [0x00000006c0000000,0x00000006f047a440,0x00000006f0480000)
 Metaspace       used 7177K, capacity 7736K, committed 7936K, reserved 1056768K
  class space    used 661K, capacity 688K, committed 768K, reserved 1048576K
Event: 100.473 GC heap after
Heap after GC invocations=23 (full 6):
 PSYoungGen      total 1035264K, used 0K [0x000000076ab00000, 0x00000007c0000000, 0x00000007c0000000)
  eden space 796160K, 0% used [0x000000076ab00000,0x000000076ab00000,0x000000079b480000)
  from space 239104K, 0% used [0x000000079b480000,0x000000079b480000,0x00000007a9e00000)
  to   space 235520K, 0% used [0x00000007b1a00000,0x00000007b1a00000,0x00000007c0000000)
 ParOldGen       total 791040K, used 637375K [0x00000006c0000000, 0x00000006f0480000, 0x000000076ab00000)
  object space 791040K, 80% used [0x00000006c0000000,0x00000006e6e6ff98,0x00000006f0480000)
 Metaspace       used 7177K, capacity 7736K, committed 7936K, reserved 1056768K
  class space    used 661K, capacity 688K, committed 768K, reserved 1048576K
}
Event: 106.402 GC heap before
{Heap before GC invocations=24 (full 7):
 PSYoungGen      total 1035264K, used 796160K [0x000000076ab00000, 0x00000007c0000000, 0x00000007c0000000)
  eden space 796160K, 100% used [0x000000076ab00000,0x000000079b480000,0x000000079b480000)
  from space 239104K, 0% used [0x000000079b480000,0x000000079b480000,0x00000007a9e00000)
  to   space 235520K, 0% used [0x00000007b1a00000,0x00000007b1a00000,0x00000007c0000000)
 ParOldGen       total 791040K, used 637375K [0x00000006c0000000, 0x00000006f0480000, 0x000000076ab00000)
  object space 791040K, 80% used [0x00000006c0000000,0x00000006e6e6ff98,0x00000006f0480000)
 Metaspace       used 7556K, capacity 7960K, committed 8192K, reserved 1056768K
  class space    used 690K, capacity 720K, committed 768K, reserved 1048576K
Event: 107.492 GC heap after
Heap after GC invocations=24 (full 7):
 PSYoungGen      total 1035264K, used 0K [0x000000076ab00000, 0x00000007c0000000, 0x00000007c0000000)
  eden space 796160K, 0% used [0x000000076ab00000,0x000000076ab00000,0x000000079b480000)
  from space 239104K, 0% used [0x000000079b480000,0x000000079b480000,0x00000007a9e00000)
  to   space 235520K, 0% used [0x00000007b1a00000,0x00000007b1a00000,0x00000007c0000000)
 ParOldGen       total 791040K, used 728521K [0x00000006c0000000, 0x00000006f0480000, 0x000000076ab00000)
  object space 791040K, 92% used [0x00000006c0000000,0x00000006ec772718,0x00000006f0480000)
 Metaspace       used 7556K, capacity 7960K, committed 8192K, reserved 1056768K
  class space    used 690K, capacity 720K, committed 768K, reserved 1048576K
}

